[ 2013-03-01T00:03:46+08:00 ] /thinkmao/Admin.php/Index/index | INFO: Tag[ route_check ] --START--
[ 2013-03-01T00:03:46+08:00 ] /thinkmao/Admin.php/Index/index | INFO: Run CheckRoute Behavior [ RunTime:0.001240s ]
[ 2013-03-01T00:03:46+08:00 ] /thinkmao/Admin.php/Index/index | INFO: Tag[ route_check ] --END-- [ RunTime:0.001417s ]
[ 2013-03-01T00:03:46+08:00 ] /thinkmao/Admin.php/Index/index | INFO: Tag[ app_begin ] --START--
[ 2013-03-01T00:03:46+08:00 ] /thinkmao/Admin.php/Index/index | INFO: Run ReadHtmlCache Behavior [ RunTime:0.000940s ]
[ 2013-03-01T00:03:46+08:00 ] /thinkmao/Admin.php/Index/index | INFO: Tag[ app_begin ] --END-- [ RunTime:0.001081s ]
[ 2013-03-01T00:03:46+08:00 ] /thinkmao/Admin.php/Index/index | INFO: Tag[ view_template ] --START--
[ 2013-03-01T00:03:46+08:00 ] /thinkmao/Admin.php/Index/index | INFO: Run LocationTemplate Behavior [ RunTime:0.000950s ]
[ 2013-03-01T00:03:46+08:00 ] /thinkmao/Admin.php/Index/index | INFO: Tag[ view_template ] --END-- [ RunTime:0.001080s ]
[ 2013-03-01T00:03:46+08:00 ] /thinkmao/Admin.php/Index/index | INFO: Tag[ view_parse ] --START--
[ 2013-03-01T00:03:46+08:00 ] /thinkmao/Admin.php/Index/index | INFO: Run ParseTemplate Behavior [ RunTime:0.023039s ]
[ 2013-03-01T00:03:46+08:00 ] /thinkmao/Admin.php/Index/index | INFO: Tag[ view_parse ] --END-- [ RunTime:0.023177s ]
[ 2013-03-01T00:03:46+08:00 ] /thinkmao/Admin.php/Index/index | INFO: Tag[ view_filter ] --START--
[ 2013-03-01T00:03:46+08:00 ] /thinkmao/Admin.php/Index/index | INFO: Run ContentReplace Behavior [ RunTime:0.000888s ]
[ 2013-03-01T00:03:46+08:00 ] /thinkmao/Admin.php/Index/index | INFO: Run TokenBuild Behavior [ RunTime:0.000694s ]
[ 2013-03-01T00:03:46+08:00 ] /thinkmao/Admin.php/Index/index | INFO: Run WriteHtmlCache Behavior [ RunTime:0.000480s ]
[ 2013-03-01T00:03:46+08:00 ] /thinkmao/Admin.php/Index/index | INFO: Run ShowRuntime Behavior [ RunTime:0.000857s ]
[ 2013-03-01T00:03:46+08:00 ] /thinkmao/Admin.php/Index/index | INFO: Tag[ view_filter ] --END-- [ RunTime:0.003252s ]
[ 2013-03-01T00:03:46+08:00 ] /thinkmao/Admin.php/Index/index | INFO: Tag[ view_end ] --START--
[ 2013-03-01T00:03:46+08:00 ] /thinkmao/Admin.php/Index/index | INFO: Run ShowPageTrace Behavior [ RunTime:0.000828s ]
[ 2013-03-01T00:03:46+08:00 ] /thinkmao/Admin.php/Index/index | INFO: Tag[ view_end ] --END-- [ RunTime:0.000934s ]
[ 2013-03-01T00:03:47+08:00 ] /thinkmao/Admin.php/Index/welcome | INFO: Tag[ route_check ] --START--
[ 2013-03-01T00:03:47+08:00 ] /thinkmao/Admin.php/Index/welcome | INFO: Run CheckRoute Behavior [ RunTime:0.001218s ]
[ 2013-03-01T00:03:47+08:00 ] /thinkmao/Admin.php/Index/welcome | INFO: Tag[ route_check ] --END-- [ RunTime:0.001361s ]
[ 2013-03-01T00:03:47+08:00 ] /thinkmao/Admin.php/Index/welcome | INFO: Tag[ app_begin ] --START--
[ 2013-03-01T00:03:47+08:00 ] /thinkmao/Admin.php/Index/welcome | INFO: Run ReadHtmlCache Behavior [ RunTime:0.000838s ]
[ 2013-03-01T00:03:47+08:00 ] /thinkmao/Admin.php/Index/welcome | INFO: Tag[ app_begin ] --END-- [ RunTime:0.000948s ]
[ 2013-03-01T00:03:47+08:00 ] /thinkmao/Admin.php/Index/welcome | INFO: Tag[ view_template ] --START--
[ 2013-03-01T00:03:47+08:00 ] /thinkmao/Admin.php/Index/welcome | INFO: Run LocationTemplate Behavior [ RunTime:0.001067s ]
[ 2013-03-01T00:03:47+08:00 ] /thinkmao/Admin.php/Index/welcome | INFO: Tag[ view_template ] --END-- [ RunTime:0.001220s ]
[ 2013-03-01T00:03:47+08:00 ] /thinkmao/Admin.php/Index/welcome | INFO: Tag[ view_parse ] --START--
[ 2013-03-01T00:03:47+08:00 ] /thinkmao/Admin.php/Index/welcome | INFO: Run ParseTemplate Behavior [ RunTime:0.020859s ]
[ 2013-03-01T00:03:47+08:00 ] /thinkmao/Admin.php/Index/welcome | INFO: Tag[ view_parse ] --END-- [ RunTime:0.021011s ]
[ 2013-03-01T00:03:47+08:00 ] /thinkmao/Admin.php/Index/welcome | INFO: Tag[ view_filter ] --START--
[ 2013-03-01T00:03:47+08:00 ] /thinkmao/Admin.php/Index/welcome | INFO: Run ContentReplace Behavior [ RunTime:0.000792s ]
[ 2013-03-01T00:03:47+08:00 ] /thinkmao/Admin.php/Index/welcome | INFO: Run TokenBuild Behavior [ RunTime:0.000608s ]
[ 2013-03-01T00:03:47+08:00 ] /thinkmao/Admin.php/Index/welcome | INFO: Run WriteHtmlCache Behavior [ RunTime:0.000379s ]
[ 2013-03-01T00:03:47+08:00 ] /thinkmao/Admin.php/Index/welcome | INFO: Run ShowRuntime Behavior [ RunTime:0.000720s ]
[ 2013-03-01T00:03:47+08:00 ] /thinkmao/Admin.php/Index/welcome | INFO: Tag[ view_filter ] --END-- [ RunTime:0.002763s ]
[ 2013-03-01T00:03:47+08:00 ] /thinkmao/Admin.php/Index/welcome | INFO: Tag[ view_end ] --START--
[ 2013-03-01T00:03:47+08:00 ] /thinkmao/Admin.php/Index/welcome | INFO: Run ShowPageTrace Behavior [ RunTime:0.000604s ]
[ 2013-03-01T00:03:47+08:00 ] /thinkmao/Admin.php/Index/welcome | INFO: Tag[ view_end ] --END-- [ RunTime:0.000698s ]
[ 2013-03-01T00:04:28+08:00 ] /thinkmao/Admin.php/Index/index | INFO: Tag[ route_check ] --START--
[ 2013-03-01T00:04:28+08:00 ] /thinkmao/Admin.php/Index/index | INFO: Run CheckRoute Behavior [ RunTime:0.001260s ]
[ 2013-03-01T00:04:28+08:00 ] /thinkmao/Admin.php/Index/index | INFO: Tag[ route_check ] --END-- [ RunTime:0.001417s ]
[ 2013-03-01T00:04:28+08:00 ] /thinkmao/Admin.php/Index/index | INFO: Tag[ app_begin ] --START--
[ 2013-03-01T00:04:28+08:00 ] /thinkmao/Admin.php/Index/index | INFO: Run ReadHtmlCache Behavior [ RunTime:0.000987s ]
[ 2013-03-01T00:04:28+08:00 ] /thinkmao/Admin.php/Index/index | INFO: Tag[ app_begin ] --END-- [ RunTime:0.001105s ]
[ 2013-03-01T00:04:28+08:00 ] /thinkmao/Admin.php/Index/index | INFO: Tag[ view_template ] --START--
[ 2013-03-01T00:04:28+08:00 ] /thinkmao/Admin.php/Index/index | INFO: Run LocationTemplate Behavior [ RunTime:0.001324s ]
[ 2013-03-01T00:04:28+08:00 ] /thinkmao/Admin.php/Index/index | INFO: Tag[ view_template ] --END-- [ RunTime:0.001477s ]
[ 2013-03-01T00:04:28+08:00 ] /thinkmao/Admin.php/Index/index | INFO: Tag[ view_parse ] --START--
[ 2013-03-01T00:04:28+08:00 ] /thinkmao/Admin.php/Index/index | INFO: Run ParseTemplate Behavior [ RunTime:0.018946s ]
[ 2013-03-01T00:04:28+08:00 ] /thinkmao/Admin.php/Index/index | INFO: Tag[ view_parse ] --END-- [ RunTime:0.019082s ]
[ 2013-03-01T00:04:28+08:00 ] /thinkmao/Admin.php/Index/index | INFO: Tag[ view_filter ] --START--
[ 2013-03-01T00:04:28+08:00 ] /thinkmao/Admin.php/Index/index | INFO: Run ContentReplace Behavior [ RunTime:0.000806s ]
[ 2013-03-01T00:04:28+08:00 ] /thinkmao/Admin.php/Index/index | INFO: Run TokenBuild Behavior [ RunTime:0.000852s ]
[ 2013-03-01T00:04:28+08:00 ] /thinkmao/Admin.php/Index/index | INFO: Run WriteHtmlCache Behavior [ RunTime:0.000477s ]
[ 2013-03-01T00:04:28+08:00 ] /thinkmao/Admin.php/Index/index | INFO: Run ShowRuntime Behavior [ RunTime:0.000812s ]
[ 2013-03-01T00:04:28+08:00 ] /thinkmao/Admin.php/Index/index | INFO: Tag[ view_filter ] --END-- [ RunTime:0.003365s ]
[ 2013-03-01T00:04:28+08:00 ] /thinkmao/Admin.php/Index/index | INFO: Tag[ view_end ] --START--
[ 2013-03-01T00:04:28+08:00 ] /thinkmao/Admin.php/Index/index | INFO: Run ShowPageTrace Behavior [ RunTime:0.000884s ]
[ 2013-03-01T00:04:28+08:00 ] /thinkmao/Admin.php/Index/index | INFO: Tag[ view_end ] --END-- [ RunTime:0.001039s ]
[ 2013-03-01T00:04:28+08:00 ] /thinkmao/Admin.php/Index/welcome | INFO: Tag[ route_check ] --START--
[ 2013-03-01T00:04:28+08:00 ] /thinkmao/Admin.php/Index/welcome | INFO: Run CheckRoute Behavior [ RunTime:0.000953s ]
[ 2013-03-01T00:04:28+08:00 ] /thinkmao/Admin.php/Index/welcome | INFO: Tag[ route_check ] --END-- [ RunTime:0.001091s ]
[ 2013-03-01T00:04:28+08:00 ] /thinkmao/Admin.php/Index/welcome | INFO: Tag[ app_begin ] --START--
[ 2013-03-01T00:04:28+08:00 ] /thinkmao/Admin.php/Index/welcome | INFO: Run ReadHtmlCache Behavior [ RunTime:0.000687s ]
[ 2013-03-01T00:04:28+08:00 ] /thinkmao/Admin.php/Index/welcome | INFO: Tag[ app_begin ] --END-- [ RunTime:0.000785s ]
[ 2013-03-01T00:04:28+08:00 ] /thinkmao/Admin.php/Index/welcome | INFO: Tag[ view_template ] --START--
[ 2013-03-01T00:04:28+08:00 ] /thinkmao/Admin.php/Index/welcome | INFO: Run LocationTemplate Behavior [ RunTime:0.000492s ]
[ 2013-03-01T00:04:28+08:00 ] /thinkmao/Admin.php/Index/welcome | INFO: Tag[ view_template ] --END-- [ RunTime:0.000644s ]
[ 2013-03-01T00:04:28+08:00 ] /thinkmao/Admin.php/Index/welcome | INFO: Tag[ view_parse ] --START--
[ 2013-03-01T00:04:28+08:00 ] /thinkmao/Admin.php/Index/welcome | INFO: Run ParseTemplate Behavior [ RunTime:0.016914s ]
[ 2013-03-01T00:04:28+08:00 ] /thinkmao/Admin.php/Index/welcome | INFO: Tag[ view_parse ] --END-- [ RunTime:0.017059s ]
[ 2013-03-01T00:04:28+08:00 ] /thinkmao/Admin.php/Index/welcome | INFO: Tag[ view_filter ] --START--
[ 2013-03-01T00:04:28+08:00 ] /thinkmao/Admin.php/Index/welcome | INFO: Run ContentReplace Behavior [ RunTime:0.000692s ]
[ 2013-03-01T00:04:28+08:00 ] /thinkmao/Admin.php/Index/welcome | INFO: Run TokenBuild Behavior [ RunTime:0.000493s ]
[ 2013-03-01T00:04:28+08:00 ] /thinkmao/Admin.php/Index/welcome | INFO: Run WriteHtmlCache Behavior [ RunTime:0.000288s ]
[ 2013-03-01T00:04:28+08:00 ] /thinkmao/Admin.php/Index/welcome | INFO: Run ShowRuntime Behavior [ RunTime:0.000565s ]
[ 2013-03-01T00:04:28+08:00 ] /thinkmao/Admin.php/Index/welcome | INFO: Tag[ view_filter ] --END-- [ RunTime:0.002298s ]
[ 2013-03-01T00:04:28+08:00 ] /thinkmao/Admin.php/Index/welcome | INFO: Tag[ view_end ] --START--
[ 2013-03-01T00:04:28+08:00 ] /thinkmao/Admin.php/Index/welcome | INFO: Run ShowPageTrace Behavior [ RunTime:0.000534s ]
[ 2013-03-01T00:04:28+08:00 ] /thinkmao/Admin.php/Index/welcome | INFO: Tag[ view_end ] --END-- [ RunTime:0.000624s ]
[ 2013-03-01T00:05:36+08:00 ] /thinkmao/Admin.php/Index/index | INFO: Tag[ route_check ] --START--
[ 2013-03-01T00:05:36+08:00 ] /thinkmao/Admin.php/Index/index | INFO: Run CheckRoute Behavior [ RunTime:0.001380s ]
[ 2013-03-01T00:05:36+08:00 ] /thinkmao/Admin.php/Index/index | INFO: Tag[ route_check ] --END-- [ RunTime:0.001533s ]
[ 2013-03-01T00:05:36+08:00 ] /thinkmao/Admin.php/Index/index | INFO: Tag[ app_begin ] --START--
[ 2013-03-01T00:05:36+08:00 ] /thinkmao/Admin.php/Index/index | INFO: Run ReadHtmlCache Behavior [ RunTime:0.001070s ]
[ 2013-03-01T00:05:36+08:00 ] /thinkmao/Admin.php/Index/index | INFO: Tag[ app_begin ] --END-- [ RunTime:0.001170s ]
[ 2013-03-01T00:05:36+08:00 ] /thinkmao/Admin.php/Index/index | INFO: Tag[ view_template ] --START--
[ 2013-03-01T00:05:36+08:00 ] /thinkmao/Admin.php/Index/index | INFO: Run LocationTemplate Behavior [ RunTime:0.001138s ]
[ 2013-03-01T00:05:36+08:00 ] /thinkmao/Admin.php/Index/index | INFO: Tag[ view_template ] --END-- [ RunTime:0.001274s ]
[ 2013-03-01T00:05:36+08:00 ] /thinkmao/Admin.php/Index/index | INFO: Tag[ view_parse ] --START--
[ 2013-03-01T00:05:36+08:00 ] /thinkmao/Admin.php/Index/index | INFO: Run ParseTemplate Behavior [ RunTime:0.021161s ]
[ 2013-03-01T00:05:36+08:00 ] /thinkmao/Admin.php/Index/index | INFO: Tag[ view_parse ] --END-- [ RunTime:0.021302s ]
[ 2013-03-01T00:05:36+08:00 ] /thinkmao/Admin.php/Index/index | INFO: Tag[ view_filter ] --START--
[ 2013-03-01T00:05:36+08:00 ] /thinkmao/Admin.php/Index/index | INFO: Run ContentReplace Behavior [ RunTime:0.001033s ]
[ 2013-03-01T00:05:36+08:00 ] /thinkmao/Admin.php/Index/index | INFO: Run TokenBuild Behavior [ RunTime:0.000829s ]
[ 2013-03-01T00:05:36+08:00 ] /thinkmao/Admin.php/Index/index | INFO: Run WriteHtmlCache Behavior [ RunTime:0.000628s ]
[ 2013-03-01T00:05:36+08:00 ] /thinkmao/Admin.php/Index/index | INFO: Run ShowRuntime Behavior [ RunTime:0.000956s ]
[ 2013-03-01T00:05:36+08:00 ] /thinkmao/Admin.php/Index/index | INFO: Tag[ view_filter ] --END-- [ RunTime:0.003741s ]
[ 2013-03-01T00:05:36+08:00 ] /thinkmao/Admin.php/Index/index | INFO: Tag[ view_end ] --START--
[ 2013-03-01T00:05:36+08:00 ] /thinkmao/Admin.php/Index/index | INFO: Run ShowPageTrace Behavior [ RunTime:0.000881s ]
[ 2013-03-01T00:05:36+08:00 ] /thinkmao/Admin.php/Index/index | INFO: Tag[ view_end ] --END-- [ RunTime:0.000978s ]
[ 2013-03-01T00:05:36+08:00 ] /thinkmao/Admin.php/Index/welcome | INFO: Tag[ route_check ] --START--
[ 2013-03-01T00:05:36+08:00 ] /thinkmao/Admin.php/Index/welcome | INFO: Run CheckRoute Behavior [ RunTime:0.001366s ]
[ 2013-03-01T00:05:36+08:00 ] /thinkmao/Admin.php/Index/welcome | INFO: Tag[ route_check ] --END-- [ RunTime:0.001518s ]
[ 2013-03-01T00:05:36+08:00 ] /thinkmao/Admin.php/Index/welcome | INFO: Tag[ app_begin ] --START--
[ 2013-03-01T00:05:36+08:00 ] /thinkmao/Admin.php/Index/welcome | INFO: Run ReadHtmlCache Behavior [ RunTime:0.001179s ]
[ 2013-03-01T00:05:36+08:00 ] /thinkmao/Admin.php/Index/welcome | INFO: Tag[ app_begin ] --END-- [ RunTime:0.001289s ]
[ 2013-03-01T00:05:36+08:00 ] /thinkmao/Admin.php/Index/welcome | INFO: Tag[ view_template ] --START--
[ 2013-03-01T00:05:36+08:00 ] /thinkmao/Admin.php/Index/welcome | INFO: Run LocationTemplate Behavior [ RunTime:0.001098s ]
[ 2013-03-01T00:05:36+08:00 ] /thinkmao/Admin.php/Index/welcome | INFO: Tag[ view_template ] --END-- [ RunTime:0.001231s ]
[ 2013-03-01T00:05:36+08:00 ] /thinkmao/Admin.php/Index/welcome | INFO: Tag[ view_parse ] --START--
[ 2013-03-01T00:05:36+08:00 ] /thinkmao/Admin.php/Index/welcome | INFO: Run ParseTemplate Behavior [ RunTime:0.019552s ]
[ 2013-03-01T00:05:36+08:00 ] /thinkmao/Admin.php/Index/welcome | INFO: Tag[ view_parse ] --END-- [ RunTime:0.019700s ]
[ 2013-03-01T00:05:36+08:00 ] /thinkmao/Admin.php/Index/welcome | INFO: Tag[ view_filter ] --START--
[ 2013-03-01T00:05:36+08:00 ] /thinkmao/Admin.php/Index/welcome | INFO: Run ContentReplace Behavior [ RunTime:0.001057s ]
[ 2013-03-01T00:05:36+08:00 ] /thinkmao/Admin.php/Index/welcome | INFO: Run TokenBuild Behavior [ RunTime:0.000804s ]
[ 2013-03-01T00:05:36+08:00 ] /thinkmao/Admin.php/Index/welcome | INFO: Run WriteHtmlCache Behavior [ RunTime:0.000608s ]
[ 2013-03-01T00:05:36+08:00 ] /thinkmao/Admin.php/Index/welcome | INFO: Run ShowRuntime Behavior [ RunTime:0.000951s ]
[ 2013-03-01T00:05:36+08:00 ] /thinkmao/Admin.php/Index/welcome | INFO: Tag[ view_filter ] --END-- [ RunTime:0.003711s ]
[ 2013-03-01T00:05:36+08:00 ] /thinkmao/Admin.php/Index/welcome | INFO: Tag[ view_end ] --START--
[ 2013-03-01T00:05:36+08:00 ] /thinkmao/Admin.php/Index/welcome | INFO: Run ShowPageTrace Behavior [ RunTime:0.000976s ]
[ 2013-03-01T00:05:36+08:00 ] /thinkmao/Admin.php/Index/welcome | INFO: Tag[ view_end ] --END-- [ RunTime:0.001081s ]
[ 2013-03-01T00:07:08+08:00 ] /thinkmao/Admin.php/Index/index | INFO: Tag[ route_check ] --START--
[ 2013-03-01T00:07:08+08:00 ] /thinkmao/Admin.php/Index/index | INFO: Run CheckRoute Behavior [ RunTime:0.001227s ]
[ 2013-03-01T00:07:08+08:00 ] /thinkmao/Admin.php/Index/index | INFO: Tag[ route_check ] --END-- [ RunTime:0.001365s ]
[ 2013-03-01T00:07:08+08:00 ] /thinkmao/Admin.php/Index/index | INFO: Tag[ app_begin ] --START--
[ 2013-03-01T00:07:08+08:00 ] /thinkmao/Admin.php/Index/index | INFO: Run ReadHtmlCache Behavior [ RunTime:0.000932s ]
[ 2013-03-01T00:07:08+08:00 ] /thinkmao/Admin.php/Index/index | INFO: Tag[ app_begin ] --END-- [ RunTime:0.001035s ]
[ 2013-03-01T00:07:08+08:00 ] /thinkmao/Admin.php/Index/index | INFO: Tag[ view_template ] --START--
[ 2013-03-01T00:07:08+08:00 ] /thinkmao/Admin.php/Index/index | INFO: Run LocationTemplate Behavior [ RunTime:0.000929s ]
[ 2013-03-01T00:07:08+08:00 ] /thinkmao/Admin.php/Index/index | INFO: Tag[ view_template ] --END-- [ RunTime:0.001048s ]
[ 2013-03-01T00:07:08+08:00 ] /thinkmao/Admin.php/Index/index | INFO: Tag[ view_parse ] --START--
[ 2013-03-01T00:07:08+08:00 ] /thinkmao/Admin.php/Index/index | INFO: Run ParseTemplate Behavior [ RunTime:0.021973s ]
[ 2013-03-01T00:07:08+08:00 ] /thinkmao/Admin.php/Index/index | INFO: Tag[ view_parse ] --END-- [ RunTime:0.022099s ]
[ 2013-03-01T00:07:08+08:00 ] /thinkmao/Admin.php/Index/index | INFO: Tag[ view_filter ] --START--
[ 2013-03-01T00:07:08+08:00 ] /thinkmao/Admin.php/Index/index | INFO: Run ContentReplace Behavior [ RunTime:0.001063s ]
[ 2013-03-01T00:07:08+08:00 ] /thinkmao/Admin.php/Index/index | INFO: Run TokenBuild Behavior [ RunTime:0.000637s ]
[ 2013-03-01T00:07:08+08:00 ] /thinkmao/Admin.php/Index/index | INFO: Run WriteHtmlCache Behavior [ RunTime:0.000618s ]
[ 2013-03-01T00:07:08+08:00 ] /thinkmao/Admin.php/Index/index | INFO: Run ShowRuntime Behavior [ RunTime:0.001128s ]
[ 2013-03-01T00:07:08+08:00 ] /thinkmao/Admin.php/Index/index | INFO: Tag[ view_filter ] --END-- [ RunTime:0.003794s ]
[ 2013-03-01T00:07:08+08:00 ] /thinkmao/Admin.php/Index/index | INFO: Tag[ view_end ] --START--
[ 2013-03-01T00:07:08+08:00 ] /thinkmao/Admin.php/Index/index | INFO: Run ShowPageTrace Behavior [ RunTime:0.000864s ]
[ 2013-03-01T00:07:08+08:00 ] /thinkmao/Admin.php/Index/index | INFO: Tag[ view_end ] --END-- [ RunTime:0.000962s ]
[ 2013-03-01T00:07:08+08:00 ] /thinkmao/Admin.php/Index/welcome | INFO: Tag[ route_check ] --START--
[ 2013-03-01T00:07:08+08:00 ] /thinkmao/Admin.php/Index/welcome | INFO: Run CheckRoute Behavior [ RunTime:0.001081s ]
[ 2013-03-01T00:07:08+08:00 ] /thinkmao/Admin.php/Index/welcome | INFO: Tag[ route_check ] --END-- [ RunTime:0.001221s ]
[ 2013-03-01T00:07:08+08:00 ] /thinkmao/Admin.php/Index/welcome | INFO: Tag[ app_begin ] --START--
[ 2013-03-01T00:07:08+08:00 ] /thinkmao/Admin.php/Index/welcome | INFO: Run ReadHtmlCache Behavior [ RunTime:0.000864s ]
[ 2013-03-01T00:07:08+08:00 ] /thinkmao/Admin.php/Index/welcome | INFO: Tag[ app_begin ] --END-- [ RunTime:0.000962s ]
[ 2013-03-01T00:07:08+08:00 ] /thinkmao/Admin.php/Index/welcome | INFO: Tag[ view_template ] --START--
[ 2013-03-01T00:07:08+08:00 ] /thinkmao/Admin.php/Index/welcome | INFO: Run LocationTemplate Behavior [ RunTime:0.003028s ]
[ 2013-03-01T00:07:08+08:00 ] /thinkmao/Admin.php/Index/welcome | INFO: Tag[ view_template ] --END-- [ RunTime:0.003167s ]
[ 2013-03-01T00:07:08+08:00 ] /thinkmao/Admin.php/Index/welcome | INFO: Tag[ view_parse ] --START--
[ 2013-03-01T00:07:08+08:00 ] /thinkmao/Admin.php/Index/welcome | INFO: Run ParseTemplate Behavior [ RunTime:0.017340s ]
[ 2013-03-01T00:07:08+08:00 ] /thinkmao/Admin.php/Index/welcome | INFO: Tag[ view_parse ] --END-- [ RunTime:0.017486s ]
[ 2013-03-01T00:07:08+08:00 ] /thinkmao/Admin.php/Index/welcome | INFO: Tag[ view_filter ] --START--
[ 2013-03-01T00:07:08+08:00 ] /thinkmao/Admin.php/Index/welcome | INFO: Run ContentReplace Behavior [ RunTime:0.000839s ]
[ 2013-03-01T00:07:08+08:00 ] /thinkmao/Admin.php/Index/welcome | INFO: Run TokenBuild Behavior [ RunTime:0.000733s ]
[ 2013-03-01T00:07:08+08:00 ] /thinkmao/Admin.php/Index/welcome | INFO: Run WriteHtmlCache Behavior [ RunTime:0.000459s ]
[ 2013-03-01T00:07:08+08:00 ] /thinkmao/Admin.php/Index/welcome | INFO: Run ShowRuntime Behavior [ RunTime:0.000725s ]
[ 2013-03-01T00:07:08+08:00 ] /thinkmao/Admin.php/Index/welcome | INFO: Tag[ view_filter ] --END-- [ RunTime:0.003071s ]
[ 2013-03-01T00:07:08+08:00 ] /thinkmao/Admin.php/Index/welcome | INFO: Tag[ view_end ] --START--
[ 2013-03-01T00:07:08+08:00 ] /thinkmao/Admin.php/Index/welcome | INFO: Run ShowPageTrace Behavior [ RunTime:0.000685s ]
[ 2013-03-01T00:07:08+08:00 ] /thinkmao/Admin.php/Index/welcome | INFO: Tag[ view_end ] --END-- [ RunTime:0.000779s ]
[ 2013-03-01T00:08:08+08:00 ] /thinkmao/Admin.php/Index/index | INFO: Tag[ route_check ] --START--
[ 2013-03-01T00:08:08+08:00 ] /thinkmao/Admin.php/Index/index | INFO: Run CheckRoute Behavior [ RunTime:0.001144s ]
[ 2013-03-01T00:08:08+08:00 ] /thinkmao/Admin.php/Index/index | INFO: Tag[ route_check ] --END-- [ RunTime:0.001288s ]
[ 2013-03-01T00:08:08+08:00 ] /thinkmao/Admin.php/Index/index | INFO: Tag[ app_begin ] --START--
[ 2013-03-01T00:08:08+08:00 ] /thinkmao/Admin.php/Index/index | INFO: Run ReadHtmlCache Behavior [ RunTime:0.000833s ]
[ 2013-03-01T00:08:08+08:00 ] /thinkmao/Admin.php/Index/index | INFO: Tag[ app_begin ] --END-- [ RunTime:0.000949s ]
[ 2013-03-01T00:08:08+08:00 ] /thinkmao/Admin.php/Index/index | INFO: Tag[ view_template ] --START--
[ 2013-03-01T00:08:08+08:00 ] /thinkmao/Admin.php/Index/index | INFO: Run LocationTemplate Behavior [ RunTime:0.000774s ]
[ 2013-03-01T00:08:08+08:00 ] /thinkmao/Admin.php/Index/index | INFO: Tag[ view_template ] --END-- [ RunTime:0.000911s ]
[ 2013-03-01T00:08:08+08:00 ] /thinkmao/Admin.php/Index/index | INFO: Tag[ view_parse ] --START--
[ 2013-03-01T00:08:08+08:00 ] /thinkmao/Admin.php/Index/index | INFO: Run ParseTemplate Behavior [ RunTime:0.021985s ]
[ 2013-03-01T00:08:08+08:00 ] /thinkmao/Admin.php/Index/index | INFO: Tag[ view_parse ] --END-- [ RunTime:0.022112s ]
[ 2013-03-01T00:08:08+08:00 ] /thinkmao/Admin.php/Index/index | INFO: Tag[ view_filter ] --START--
[ 2013-03-01T00:08:08+08:00 ] /thinkmao/Admin.php/Index/index | INFO: Run ContentReplace Behavior [ RunTime:0.000878s ]
[ 2013-03-01T00:08:08+08:00 ] /thinkmao/Admin.php/Index/index | INFO: Run TokenBuild Behavior [ RunTime:0.000629s ]
[ 2013-03-01T00:08:08+08:00 ] /thinkmao/Admin.php/Index/index | INFO: Run WriteHtmlCache Behavior [ RunTime:0.000393s ]
[ 2013-03-01T00:08:08+08:00 ] /thinkmao/Admin.php/Index/index | INFO: Run ShowRuntime Behavior [ RunTime:0.000713s ]
[ 2013-03-01T00:08:08+08:00 ] /thinkmao/Admin.php/Index/index | INFO: Tag[ view_filter ] --END-- [ RunTime:0.002901s ]
[ 2013-03-01T00:08:08+08:00 ] /thinkmao/Admin.php/Index/index | INFO: Tag[ view_end ] --START--
[ 2013-03-01T00:08:08+08:00 ] /thinkmao/Admin.php/Index/index | INFO: Run ShowPageTrace Behavior [ RunTime:0.000609s ]
[ 2013-03-01T00:08:08+08:00 ] /thinkmao/Admin.php/Index/index | INFO: Tag[ view_end ] --END-- [ RunTime:0.000705s ]
[ 2013-03-01T00:08:09+08:00 ] /thinkmao/Admin.php/Index/welcome | INFO: Tag[ route_check ] --START--
[ 2013-03-01T00:08:09+08:00 ] /thinkmao/Admin.php/Index/welcome | INFO: Run CheckRoute Behavior [ RunTime:0.001115s ]
[ 2013-03-01T00:08:09+08:00 ] /thinkmao/Admin.php/Index/welcome | INFO: Tag[ route_check ] --END-- [ RunTime:0.001255s ]
[ 2013-03-01T00:08:09+08:00 ] /thinkmao/Admin.php/Index/welcome | INFO: Tag[ app_begin ] --START--
[ 2013-03-01T00:08:09+08:00 ] /thinkmao/Admin.php/Index/welcome | INFO: Run ReadHtmlCache Behavior [ RunTime:0.000859s ]
[ 2013-03-01T00:08:09+08:00 ] /thinkmao/Admin.php/Index/welcome | INFO: Tag[ app_begin ] --END-- [ RunTime:0.000958s ]
[ 2013-03-01T00:08:09+08:00 ] /thinkmao/Admin.php/Index/welcome | INFO: Tag[ view_template ] --START--
[ 2013-03-01T00:08:09+08:00 ] /thinkmao/Admin.php/Index/welcome | INFO: Run LocationTemplate Behavior [ RunTime:0.000908s ]
[ 2013-03-01T00:08:09+08:00 ] /thinkmao/Admin.php/Index/welcome | INFO: Tag[ view_template ] --END-- [ RunTime:0.001029s ]
[ 2013-03-01T00:08:09+08:00 ] /thinkmao/Admin.php/Index/welcome | INFO: Tag[ view_parse ] --START--
[ 2013-03-01T00:08:09+08:00 ] /thinkmao/Admin.php/Index/welcome | INFO: Run ParseTemplate Behavior [ RunTime:0.018050s ]
[ 2013-03-01T00:08:09+08:00 ] /thinkmao/Admin.php/Index/welcome | INFO: Tag[ view_parse ] --END-- [ RunTime:0.018196s ]
[ 2013-03-01T00:08:09+08:00 ] /thinkmao/Admin.php/Index/welcome | INFO: Tag[ view_filter ] --START--
[ 2013-03-01T00:08:09+08:00 ] /thinkmao/Admin.php/Index/welcome | INFO: Run ContentReplace Behavior [ RunTime:0.000846s ]
[ 2013-03-01T00:08:09+08:00 ] /thinkmao/Admin.php/Index/welcome | INFO: Run TokenBuild Behavior [ RunTime:0.000617s ]
[ 2013-03-01T00:08:09+08:00 ] /thinkmao/Admin.php/Index/welcome | INFO: Run WriteHtmlCache Behavior [ RunTime:0.000443s ]
[ 2013-03-01T00:08:09+08:00 ] /thinkmao/Admin.php/Index/welcome | INFO: Run ShowRuntime Behavior [ RunTime:0.000722s ]
[ 2013-03-01T00:08:09+08:00 ] /thinkmao/Admin.php/Index/welcome | INFO: Tag[ view_filter ] --END-- [ RunTime:0.002888s ]
[ 2013-03-01T00:08:09+08:00 ] /thinkmao/Admin.php/Index/welcome | INFO: Tag[ view_end ] --START--
[ 2013-03-01T00:08:09+08:00 ] /thinkmao/Admin.php/Index/welcome | INFO: Run ShowPageTrace Behavior [ RunTime:0.000688s ]
[ 2013-03-01T00:08:09+08:00 ] /thinkmao/Admin.php/Index/welcome | INFO: Tag[ view_end ] --END-- [ RunTime:0.000781s ]
[ 2013-03-01T00:08:18+08:00 ] /thinkmao/Admin.php/Index/index | INFO: Tag[ route_check ] --START--
[ 2013-03-01T00:08:18+08:00 ] /thinkmao/Admin.php/Index/index | INFO: Run CheckRoute Behavior [ RunTime:0.001152s ]
[ 2013-03-01T00:08:18+08:00 ] /thinkmao/Admin.php/Index/index | INFO: Tag[ route_check ] --END-- [ RunTime:0.001312s ]
[ 2013-03-01T00:08:18+08:00 ] /thinkmao/Admin.php/Index/index | INFO: Tag[ app_begin ] --START--
[ 2013-03-01T00:08:18+08:00 ] /thinkmao/Admin.php/Index/index | INFO: Run ReadHtmlCache Behavior [ RunTime:0.001021s ]
[ 2013-03-01T00:08:18+08:00 ] /thinkmao/Admin.php/Index/index | INFO: Tag[ app_begin ] --END-- [ RunTime:0.001119s ]
[ 2013-03-01T00:08:18+08:00 ] /thinkmao/Admin.php/Index/index | INFO: Tag[ view_template ] --START--
[ 2013-03-01T00:08:18+08:00 ] /thinkmao/Admin.php/Index/index | INFO: Run LocationTemplate Behavior [ RunTime:0.000886s ]
[ 2013-03-01T00:08:18+08:00 ] /thinkmao/Admin.php/Index/index | INFO: Tag[ view_template ] --END-- [ RunTime:0.001002s ]
[ 2013-03-01T00:08:18+08:00 ] /thinkmao/Admin.php/Index/index | INFO: Tag[ view_parse ] --START--
[ 2013-03-01T00:08:18+08:00 ] /thinkmao/Admin.php/Index/index | INFO: Run ParseTemplate Behavior [ RunTime:0.018847s ]
[ 2013-03-01T00:08:18+08:00 ] /thinkmao/Admin.php/Index/index | INFO: Tag[ view_parse ] --END-- [ RunTime:0.018973s ]
[ 2013-03-01T00:08:18+08:00 ] /thinkmao/Admin.php/Index/index | INFO: Tag[ view_filter ] --START--
[ 2013-03-01T00:08:18+08:00 ] /thinkmao/Admin.php/Index/index | INFO: Run ContentReplace Behavior [ RunTime:0.000799s ]
[ 2013-03-01T00:08:18+08:00 ] /thinkmao/Admin.php/Index/index | INFO: Run TokenBuild Behavior [ RunTime:0.000598s ]
[ 2013-03-01T00:08:18+08:00 ] /thinkmao/Admin.php/Index/index | INFO: Run WriteHtmlCache Behavior [ RunTime:0.000441s ]
[ 2013-03-01T00:08:18+08:00 ] /thinkmao/Admin.php/Index/index | INFO: Run ShowRuntime Behavior [ RunTime:0.000757s ]
[ 2013-03-01T00:08:18+08:00 ] /thinkmao/Admin.php/Index/index | INFO: Tag[ view_filter ] --END-- [ RunTime:0.002847s ]
[ 2013-03-01T00:08:18+08:00 ] /thinkmao/Admin.php/Index/index | INFO: Tag[ view_end ] --START--
[ 2013-03-01T00:08:18+08:00 ] /thinkmao/Admin.php/Index/index | INFO: Run ShowPageTrace Behavior [ RunTime:0.000681s ]
[ 2013-03-01T00:08:18+08:00 ] /thinkmao/Admin.php/Index/index | INFO: Tag[ view_end ] --END-- [ RunTime:0.000824s ]
[ 2013-03-01T00:08:18+08:00 ] /thinkmao/Admin.php/Index/welcome | INFO: Tag[ route_check ] --START--
[ 2013-03-01T00:08:18+08:00 ] /thinkmao/Admin.php/Index/welcome | INFO: Run CheckRoute Behavior [ RunTime:0.001424s ]
[ 2013-03-01T00:08:18+08:00 ] /thinkmao/Admin.php/Index/welcome | INFO: Tag[ route_check ] --END-- [ RunTime:0.001577s ]
[ 2013-03-01T00:08:18+08:00 ] /thinkmao/Admin.php/Index/welcome | INFO: Tag[ app_begin ] --START--
[ 2013-03-01T00:08:18+08:00 ] /thinkmao/Admin.php/Index/welcome | INFO: Run ReadHtmlCache Behavior [ RunTime:0.000927s ]
[ 2013-03-01T00:08:18+08:00 ] /thinkmao/Admin.php/Index/welcome | INFO: Tag[ app_begin ] --END-- [ RunTime:0.001032s ]
[ 2013-03-01T00:08:18+08:00 ] /thinkmao/Admin.php/Index/welcome | INFO: Tag[ view_template ] --START--
[ 2013-03-01T00:08:18+08:00 ] /thinkmao/Admin.php/Index/welcome | INFO: Run LocationTemplate Behavior [ RunTime:0.000936s ]
[ 2013-03-01T00:08:18+08:00 ] /thinkmao/Admin.php/Index/welcome | INFO: Tag[ view_template ] --END-- [ RunTime:0.001056s ]
[ 2013-03-01T00:08:18+08:00 ] /thinkmao/Admin.php/Index/welcome | INFO: Tag[ view_parse ] --START--
[ 2013-03-01T00:08:18+08:00 ] /thinkmao/Admin.php/Index/welcome | INFO: Run ParseTemplate Behavior [ RunTime:0.018845s ]
[ 2013-03-01T00:08:18+08:00 ] /thinkmao/Admin.php/Index/welcome | INFO: Tag[ view_parse ] --END-- [ RunTime:0.018992s ]
[ 2013-03-01T00:08:18+08:00 ] /thinkmao/Admin.php/Index/welcome | INFO: Tag[ view_filter ] --START--
[ 2013-03-01T00:08:18+08:00 ] /thinkmao/Admin.php/Index/welcome | INFO: Run ContentReplace Behavior [ RunTime:0.000893s ]
[ 2013-03-01T00:08:18+08:00 ] /thinkmao/Admin.php/Index/welcome | INFO: Run TokenBuild Behavior [ RunTime:0.001589s ]
[ 2013-03-01T00:08:18+08:00 ] /thinkmao/Admin.php/Index/welcome | INFO: Run WriteHtmlCache Behavior [ RunTime:0.000547s ]
[ 2013-03-01T00:08:18+08:00 ] /thinkmao/Admin.php/Index/welcome | INFO: Run ShowRuntime Behavior [ RunTime:0.000776s ]
[ 2013-03-01T00:08:18+08:00 ] /thinkmao/Admin.php/Index/welcome | INFO: Tag[ view_filter ] --END-- [ RunTime:0.004102s ]
[ 2013-03-01T00:08:18+08:00 ] /thinkmao/Admin.php/Index/welcome | INFO: Tag[ view_end ] --START--
[ 2013-03-01T00:08:18+08:00 ] /thinkmao/Admin.php/Index/welcome | INFO: Run ShowPageTrace Behavior [ RunTime:0.000686s ]
[ 2013-03-01T00:08:18+08:00 ] /thinkmao/Admin.php/Index/welcome | INFO: Tag[ view_end ] --END-- [ RunTime:0.000780s ]
