[ 2013-02-28T20:30:36+08:00 ] /thinkmao/Admin.php/Login/index | INFO: Tag[ route_check ] --START--
[ 2013-02-28T20:30:36+08:00 ] /thinkmao/Admin.php/Login/index | INFO: Run CheckRoute Behavior [ RunTime:0.008530s ]
[ 2013-02-28T20:30:36+08:00 ] /thinkmao/Admin.php/Login/index | INFO: Tag[ route_check ] --END-- [ RunTime:0.008677s ]
[ 2013-02-28T20:30:36+08:00 ] /thinkmao/Admin.php/Login/index | INFO: Tag[ app_begin ] --START--
[ 2013-02-28T20:30:36+08:00 ] /thinkmao/Admin.php/Login/index | INFO: Run ReadHtmlCache Behavior [ RunTime:0.000842s ]
[ 2013-02-28T20:30:36+08:00 ] /thinkmao/Admin.php/Login/index | INFO: Tag[ app_begin ] --END-- [ RunTime:0.000959s ]
[ 2013-02-28T20:30:36+08:00 ] /thinkmao/Admin.php/Login/index | INFO: Tag[ view_template ] --START--
[ 2013-02-28T20:30:36+08:00 ] /thinkmao/Admin.php/Login/index | INFO: Run LocationTemplate Behavior [ RunTime:0.033874s ]
[ 2013-02-28T20:30:36+08:00 ] /thinkmao/Admin.php/Login/index | INFO: Tag[ view_template ] --END-- [ RunTime:0.034021s ]
[ 2013-02-28T20:30:36+08:00 ] /thinkmao/Admin.php/Login/index | INFO: Tag[ view_parse ] --START--
[ 2013-02-28T20:30:36+08:00 ] /thinkmao/Admin.php/Login/index | INFO: Run ParseTemplate Behavior [ RunTime:0.168403s ]
[ 2013-02-28T20:30:36+08:00 ] /thinkmao/Admin.php/Login/index | INFO: Tag[ view_parse ] --END-- [ RunTime:0.168533s ]
[ 2013-02-28T20:30:36+08:00 ] /thinkmao/Admin.php/Login/index | INFO: Tag[ view_filter ] --START--
[ 2013-02-28T20:30:36+08:00 ] /thinkmao/Admin.php/Login/index | INFO: Run ContentReplace Behavior [ RunTime:0.005121s ]
[ 2013-02-28T20:30:37+08:00 ] /thinkmao/Admin.php/Login/index | INFO: Run TokenBuild Behavior [ RunTime:0.037960s ]
[ 2013-02-28T20:30:37+08:00 ] /thinkmao/Admin.php/Login/index | INFO: Run WriteHtmlCache Behavior [ RunTime:0.004236s ]
[ 2013-02-28T20:30:37+08:00 ] /thinkmao/Admin.php/Login/index | INFO: Run ShowRuntime Behavior [ RunTime:0.006264s ]
[ 2013-02-28T20:30:37+08:00 ] /thinkmao/Admin.php/Login/index | INFO: Tag[ view_filter ] --END-- [ RunTime:0.053963s ]
[ 2013-02-28T20:30:37+08:00 ] /thinkmao/Admin.php/Login/index | INFO: Tag[ view_end ] --START--
[ 2013-02-28T20:30:37+08:00 ] /thinkmao/Admin.php/Login/index | INFO: Run ShowPageTrace Behavior [ RunTime:0.004860s ]
[ 2013-02-28T20:30:37+08:00 ] /thinkmao/Admin.php/Login/index | INFO: Tag[ view_end ] --END-- [ RunTime:0.004976s ]
[ 2013-02-28T20:30:37+08:00 ] /thinkmao/Admin.php/Login/code | INFO: Tag[ route_check ] --START--
[ 2013-02-28T20:30:37+08:00 ] /thinkmao/Admin.php/Login/code | INFO: Run CheckRoute Behavior [ RunTime:0.004147s ]
[ 2013-02-28T20:30:37+08:00 ] /thinkmao/Admin.php/Login/code | INFO: Tag[ route_check ] --END-- [ RunTime:0.004303s ]
[ 2013-02-28T20:30:37+08:00 ] /thinkmao/Admin.php/Login/code | INFO: Tag[ app_begin ] --START--
[ 2013-02-28T20:30:37+08:00 ] /thinkmao/Admin.php/Login/code | INFO: Run ReadHtmlCache Behavior [ RunTime:0.001063s ]
[ 2013-02-28T20:30:37+08:00 ] /thinkmao/Admin.php/Login/code | INFO: Tag[ app_begin ] --END-- [ RunTime:0.001231s ]
[ 2013-02-28T20:31:02+08:00 ] /thinkmao/Admin.php/Index/index | INFO: Tag[ route_check ] --START--
[ 2013-02-28T20:31:02+08:00 ] /thinkmao/Admin.php/Index/index | INFO: Run CheckRoute Behavior [ RunTime:0.001191s ]
[ 2013-02-28T20:31:02+08:00 ] /thinkmao/Admin.php/Index/index | INFO: Tag[ route_check ] --END-- [ RunTime:0.001343s ]
[ 2013-02-28T20:31:02+08:00 ] /thinkmao/Admin.php/Index/index | INFO: Tag[ app_begin ] --START--
[ 2013-02-28T20:31:02+08:00 ] /thinkmao/Admin.php/Index/index | INFO: Run ReadHtmlCache Behavior [ RunTime:0.000728s ]
[ 2013-02-28T20:31:02+08:00 ] /thinkmao/Admin.php/Index/index | INFO: Tag[ app_begin ] --END-- [ RunTime:0.000914s ]
[ 2013-02-28T20:31:02+08:00 ] /thinkmao/Admin.php/Index/index | INFO: Tag[ view_template ] --START--
[ 2013-02-28T20:31:02+08:00 ] /thinkmao/Admin.php/Index/index | INFO: Run LocationTemplate Behavior [ RunTime:0.022979s ]
[ 2013-02-28T20:31:02+08:00 ] /thinkmao/Admin.php/Index/index | INFO: Tag[ view_template ] --END-- [ RunTime:0.023115s ]
[ 2013-02-28T20:31:02+08:00 ] /thinkmao/Admin.php/Index/index | INFO: Tag[ view_parse ] --START--
[ 2013-02-28T20:31:02+08:00 ] /thinkmao/Admin.php/Index/index | INFO: Run ParseTemplate Behavior [ RunTime:0.033578s ]
[ 2013-02-28T20:31:02+08:00 ] /thinkmao/Admin.php/Index/index | INFO: Tag[ view_parse ] --END-- [ RunTime:0.033701s ]
[ 2013-02-28T20:31:02+08:00 ] /thinkmao/Admin.php/Index/index | INFO: Tag[ view_filter ] --START--
[ 2013-02-28T20:31:02+08:00 ] /thinkmao/Admin.php/Index/index | INFO: Run ContentReplace Behavior [ RunTime:0.000790s ]
[ 2013-02-28T20:31:02+08:00 ] /thinkmao/Admin.php/Index/index | INFO: Run TokenBuild Behavior [ RunTime:0.000588s ]
[ 2013-02-28T20:31:02+08:00 ] /thinkmao/Admin.php/Index/index | INFO: Run WriteHtmlCache Behavior [ RunTime:0.000439s ]
[ 2013-02-28T20:31:02+08:00 ] /thinkmao/Admin.php/Index/index | INFO: Run ShowRuntime Behavior [ RunTime:0.000737s ]
[ 2013-02-28T20:31:02+08:00 ] /thinkmao/Admin.php/Index/index | INFO: Tag[ view_filter ] --END-- [ RunTime:0.002830s ]
[ 2013-02-28T20:31:02+08:00 ] /thinkmao/Admin.php/Index/index | INFO: Tag[ view_end ] --START--
[ 2013-02-28T20:31:02+08:00 ] /thinkmao/Admin.php/Index/index | INFO: Run ShowPageTrace Behavior [ RunTime:0.000674s ]
[ 2013-02-28T20:31:02+08:00 ] /thinkmao/Admin.php/Index/index | INFO: Tag[ view_end ] --END-- [ RunTime:0.000767s ]
[ 2013-02-28T20:31:02+08:00 ] /thinkmao/Admin.php/Index/welcome | INFO: Tag[ route_check ] --START--
[ 2013-02-28T20:31:02+08:00 ] /thinkmao/Admin.php/Index/welcome | INFO: Run CheckRoute Behavior [ RunTime:0.001305s ]
[ 2013-02-28T20:31:02+08:00 ] /thinkmao/Admin.php/Index/welcome | INFO: Tag[ route_check ] --END-- [ RunTime:0.001466s ]
[ 2013-02-28T20:31:02+08:00 ] /thinkmao/Admin.php/Index/welcome | INFO: Tag[ app_begin ] --START--
[ 2013-02-28T20:31:02+08:00 ] /thinkmao/Admin.php/Index/welcome | INFO: Run ReadHtmlCache Behavior [ RunTime:0.000917s ]
[ 2013-02-28T20:31:02+08:00 ] /thinkmao/Admin.php/Index/welcome | INFO: Tag[ app_begin ] --END-- [ RunTime:0.001140s ]
[ 2013-02-28T20:31:02+08:00 ] /thinkmao/Admin.php/Index/welcome | INFO: Tag[ view_template ] --START--
[ 2013-02-28T20:31:02+08:00 ] /thinkmao/Admin.php/Index/welcome | INFO: Run LocationTemplate Behavior [ RunTime:0.000860s ]
[ 2013-02-28T20:31:02+08:00 ] /thinkmao/Admin.php/Index/welcome | INFO: Tag[ view_template ] --END-- [ RunTime:0.000989s ]
[ 2013-02-28T20:31:02+08:00 ] /thinkmao/Admin.php/Index/welcome | INFO: Tag[ view_parse ] --START--
[ 2013-02-28T20:31:02+08:00 ] /thinkmao/Admin.php/Index/welcome | INFO: Run ParseTemplate Behavior [ RunTime:0.052178s ]
[ 2013-02-28T20:31:02+08:00 ] /thinkmao/Admin.php/Index/welcome | INFO: Tag[ view_parse ] --END-- [ RunTime:0.052318s ]
[ 2013-02-28T20:31:02+08:00 ] /thinkmao/Admin.php/Index/welcome | INFO: Tag[ view_filter ] --START--
[ 2013-02-28T20:31:02+08:00 ] /thinkmao/Admin.php/Index/welcome | INFO: Run ContentReplace Behavior [ RunTime:0.000938s ]
[ 2013-02-28T20:31:02+08:00 ] /thinkmao/Admin.php/Index/welcome | INFO: Run TokenBuild Behavior [ RunTime:0.000697s ]
[ 2013-02-28T20:31:02+08:00 ] /thinkmao/Admin.php/Index/welcome | INFO: Run WriteHtmlCache Behavior [ RunTime:0.000426s ]
[ 2013-02-28T20:31:02+08:00 ] /thinkmao/Admin.php/Index/welcome | INFO: Run ShowRuntime Behavior [ RunTime:0.000722s ]
[ 2013-02-28T20:31:02+08:00 ] /thinkmao/Admin.php/Index/welcome | INFO: Tag[ view_filter ] --END-- [ RunTime:0.003076s ]
[ 2013-02-28T20:31:02+08:00 ] /thinkmao/Admin.php/Index/welcome | INFO: Tag[ view_end ] --START--
[ 2013-02-28T20:31:02+08:00 ] /thinkmao/Admin.php/Index/welcome | INFO: Run ShowPageTrace Behavior [ RunTime:0.000642s ]
[ 2013-02-28T20:31:02+08:00 ] /thinkmao/Admin.php/Index/welcome | INFO: Tag[ view_end ] --END-- [ RunTime:0.000740s ]
[ 2013-02-28T20:35:08+08:00 ] /thinkmao/Admin.php/Login/index | INFO: Tag[ route_check ] --START--
[ 2013-02-28T20:35:08+08:00 ] /thinkmao/Admin.php/Login/index | INFO: Run CheckRoute Behavior [ RunTime:0.001056s ]
[ 2013-02-28T20:35:08+08:00 ] /thinkmao/Admin.php/Login/index | INFO: Tag[ route_check ] --END-- [ RunTime:0.001213s ]
[ 2013-02-28T20:35:08+08:00 ] /thinkmao/Admin.php/Login/index | INFO: Tag[ app_begin ] --START--
[ 2013-02-28T20:35:08+08:00 ] /thinkmao/Admin.php/Login/index | INFO: Run ReadHtmlCache Behavior [ RunTime:0.001455s ]
[ 2013-02-28T20:35:08+08:00 ] /thinkmao/Admin.php/Login/index | INFO: Tag[ app_begin ] --END-- [ RunTime:0.001687s ]
[ 2013-02-28T20:35:08+08:00 ] /thinkmao/Admin.php/Login/index | INFO: Tag[ view_template ] --START--
[ 2013-02-28T20:35:08+08:00 ] /thinkmao/Admin.php/Login/index | INFO: Run LocationTemplate Behavior [ RunTime:0.000835s ]
[ 2013-02-28T20:35:08+08:00 ] /thinkmao/Admin.php/Login/index | INFO: Tag[ view_template ] --END-- [ RunTime:0.000960s ]
[ 2013-02-28T20:35:08+08:00 ] /thinkmao/Admin.php/Login/index | INFO: Tag[ view_parse ] --START--
[ 2013-02-28T20:35:08+08:00 ] /thinkmao/Admin.php/Login/index | INFO: Run ParseTemplate Behavior [ RunTime:0.014189s ]
[ 2013-02-28T20:35:08+08:00 ] /thinkmao/Admin.php/Login/index | INFO: Tag[ view_parse ] --END-- [ RunTime:0.014369s ]
[ 2013-02-28T20:35:08+08:00 ] /thinkmao/Admin.php/Login/index | INFO: Tag[ view_filter ] --START--
[ 2013-02-28T20:35:08+08:00 ] /thinkmao/Admin.php/Login/index | INFO: Run ContentReplace Behavior [ RunTime:0.000928s ]
[ 2013-02-28T20:35:08+08:00 ] /thinkmao/Admin.php/Login/index | INFO: Run TokenBuild Behavior [ RunTime:0.000887s ]
[ 2013-02-28T20:35:08+08:00 ] /thinkmao/Admin.php/Login/index | INFO: Run WriteHtmlCache Behavior [ RunTime:0.000662s ]
[ 2013-02-28T20:35:08+08:00 ] /thinkmao/Admin.php/Login/index | INFO: Run ShowRuntime Behavior [ RunTime:0.000814s ]
[ 2013-02-28T20:35:08+08:00 ] /thinkmao/Admin.php/Login/index | INFO: Tag[ view_filter ] --END-- [ RunTime:0.003662s ]
[ 2013-02-28T20:35:08+08:00 ] /thinkmao/Admin.php/Login/index | INFO: Tag[ view_end ] --START--
[ 2013-02-28T20:35:08+08:00 ] /thinkmao/Admin.php/Login/index | INFO: Run ShowPageTrace Behavior [ RunTime:0.000850s ]
[ 2013-02-28T20:35:08+08:00 ] /thinkmao/Admin.php/Login/index | INFO: Tag[ view_end ] --END-- [ RunTime:0.001448s ]
[ 2013-02-28T20:35:09+08:00 ] /thinkmao/Admin.php/Login/code | INFO: Tag[ route_check ] --START--
[ 2013-02-28T20:35:09+08:00 ] /thinkmao/Admin.php/Login/code | INFO: Run CheckRoute Behavior [ RunTime:0.001485s ]
[ 2013-02-28T20:35:09+08:00 ] /thinkmao/Admin.php/Login/code | INFO: Tag[ route_check ] --END-- [ RunTime:0.001640s ]
[ 2013-02-28T20:35:09+08:00 ] /thinkmao/Admin.php/Login/code | INFO: Tag[ app_begin ] --START--
[ 2013-02-28T20:35:09+08:00 ] /thinkmao/Admin.php/Login/code | INFO: Run ReadHtmlCache Behavior [ RunTime:0.000786s ]
[ 2013-02-28T20:35:09+08:00 ] /thinkmao/Admin.php/Login/code | INFO: Tag[ app_begin ] --END-- [ RunTime:0.000893s ]
[ 2013-02-28T20:35:20+08:00 ] /thinkmao/Admin.php/Login/code/0.8947966307517655 | INFO: Tag[ route_check ] --START--
[ 2013-02-28T20:35:20+08:00 ] /thinkmao/Admin.php/Login/code/0.8947966307517655 | INFO: Run CheckRoute Behavior [ RunTime:0.000944s ]
[ 2013-02-28T20:35:20+08:00 ] /thinkmao/Admin.php/Login/code/0.8947966307517655 | INFO: Tag[ route_check ] --END-- [ RunTime:0.001082s ]
[ 2013-02-28T20:35:20+08:00 ] /thinkmao/Admin.php/Login/code/0.8947966307517655 | INFO: Tag[ app_begin ] --START--
[ 2013-02-28T20:35:20+08:00 ] /thinkmao/Admin.php/Login/code/0.8947966307517655 | INFO: Run ReadHtmlCache Behavior [ RunTime:0.000773s ]
[ 2013-02-28T20:35:20+08:00 ] /thinkmao/Admin.php/Login/code/0.8947966307517655 | INFO: Tag[ app_begin ] --END-- [ RunTime:0.000895s ]
[ 2013-02-28T20:35:26+08:00 ] /thinkmao/Admin.php/Index/index | INFO: Tag[ route_check ] --START--
[ 2013-02-28T20:35:26+08:00 ] /thinkmao/Admin.php/Index/index | INFO: Run CheckRoute Behavior [ RunTime:0.000945s ]
[ 2013-02-28T20:35:26+08:00 ] /thinkmao/Admin.php/Index/index | INFO: Tag[ route_check ] --END-- [ RunTime:0.001082s ]
[ 2013-02-28T20:35:26+08:00 ] /thinkmao/Admin.php/Index/index | INFO: Tag[ app_begin ] --START--
[ 2013-02-28T20:35:26+08:00 ] /thinkmao/Admin.php/Index/index | INFO: Run ReadHtmlCache Behavior [ RunTime:0.000841s ]
[ 2013-02-28T20:35:26+08:00 ] /thinkmao/Admin.php/Index/index | INFO: Tag[ app_begin ] --END-- [ RunTime:0.000973s ]
[ 2013-02-28T20:35:26+08:00 ] /thinkmao/Admin.php/Index/index | INFO: Tag[ view_template ] --START--
[ 2013-02-28T20:35:26+08:00 ] /thinkmao/Admin.php/Index/index | INFO: Run LocationTemplate Behavior [ RunTime:0.000659s ]
[ 2013-02-28T20:35:26+08:00 ] /thinkmao/Admin.php/Index/index | INFO: Tag[ view_template ] --END-- [ RunTime:0.000774s ]
[ 2013-02-28T20:35:26+08:00 ] /thinkmao/Admin.php/Index/index | INFO: Tag[ view_parse ] --START--
[ 2013-02-28T20:35:26+08:00 ] /thinkmao/Admin.php/Index/index | INFO: Run ParseTemplate Behavior [ RunTime:0.017223s ]
[ 2013-02-28T20:35:26+08:00 ] /thinkmao/Admin.php/Index/index | INFO: Tag[ view_parse ] --END-- [ RunTime:0.017375s ]
[ 2013-02-28T20:35:26+08:00 ] /thinkmao/Admin.php/Index/index | INFO: Tag[ view_filter ] --START--
[ 2013-02-28T20:35:26+08:00 ] /thinkmao/Admin.php/Index/index | INFO: Run ContentReplace Behavior [ RunTime:0.000821s ]
[ 2013-02-28T20:35:26+08:00 ] /thinkmao/Admin.php/Index/index | INFO: Run TokenBuild Behavior [ RunTime:0.000608s ]
[ 2013-02-28T20:35:26+08:00 ] /thinkmao/Admin.php/Index/index | INFO: Run WriteHtmlCache Behavior [ RunTime:0.000317s ]
[ 2013-02-28T20:35:26+08:00 ] /thinkmao/Admin.php/Index/index | INFO: Run ShowRuntime Behavior [ RunTime:0.000623s ]
[ 2013-02-28T20:35:26+08:00 ] /thinkmao/Admin.php/Index/index | INFO: Tag[ view_filter ] --END-- [ RunTime:0.002703s ]
[ 2013-02-28T20:35:26+08:00 ] /thinkmao/Admin.php/Index/index | INFO: Tag[ view_end ] --START--
[ 2013-02-28T20:35:26+08:00 ] /thinkmao/Admin.php/Index/index | INFO: Run ShowPageTrace Behavior [ RunTime:0.000684s ]
[ 2013-02-28T20:35:26+08:00 ] /thinkmao/Admin.php/Index/index | INFO: Tag[ view_end ] --END-- [ RunTime:0.000781s ]
[ 2013-02-28T20:35:26+08:00 ] /thinkmao/Admin.php/Index/welcome | INFO: Tag[ route_check ] --START--
[ 2013-02-28T20:35:26+08:00 ] /thinkmao/Admin.php/Index/welcome | INFO: Run CheckRoute Behavior [ RunTime:0.001182s ]
[ 2013-02-28T20:35:26+08:00 ] /thinkmao/Admin.php/Index/welcome | INFO: Tag[ route_check ] --END-- [ RunTime:0.001371s ]
[ 2013-02-28T20:35:26+08:00 ] /thinkmao/Admin.php/Index/welcome | INFO: Tag[ app_begin ] --START--
[ 2013-02-28T20:35:26+08:00 ] /thinkmao/Admin.php/Index/welcome | INFO: Run ReadHtmlCache Behavior [ RunTime:0.000861s ]
[ 2013-02-28T20:35:26+08:00 ] /thinkmao/Admin.php/Index/welcome | INFO: Tag[ app_begin ] --END-- [ RunTime:0.000958s ]
[ 2013-02-28T20:35:26+08:00 ] /thinkmao/Admin.php/Index/welcome | INFO: Tag[ view_template ] --START--
[ 2013-02-28T20:35:26+08:00 ] /thinkmao/Admin.php/Index/welcome | INFO: Run LocationTemplate Behavior [ RunTime:0.000792s ]
[ 2013-02-28T20:35:26+08:00 ] /thinkmao/Admin.php/Index/welcome | INFO: Tag[ view_template ] --END-- [ RunTime:0.000914s ]
[ 2013-02-28T20:35:26+08:00 ] /thinkmao/Admin.php/Index/welcome | INFO: Tag[ view_parse ] --START--
[ 2013-02-28T20:35:26+08:00 ] /thinkmao/Admin.php/Index/welcome | INFO: Run ParseTemplate Behavior [ RunTime:0.016763s ]
[ 2013-02-28T20:35:26+08:00 ] /thinkmao/Admin.php/Index/welcome | INFO: Tag[ view_parse ] --END-- [ RunTime:0.016899s ]
[ 2013-02-28T20:35:26+08:00 ] /thinkmao/Admin.php/Index/welcome | INFO: Tag[ view_filter ] --START--
[ 2013-02-28T20:35:26+08:00 ] /thinkmao/Admin.php/Index/welcome | INFO: Run ContentReplace Behavior [ RunTime:0.000792s ]
[ 2013-02-28T20:35:26+08:00 ] /thinkmao/Admin.php/Index/welcome | INFO: Run TokenBuild Behavior [ RunTime:0.000568s ]
[ 2013-02-28T20:35:26+08:00 ] /thinkmao/Admin.php/Index/welcome | INFO: Run WriteHtmlCache Behavior [ RunTime:0.000364s ]
[ 2013-02-28T20:35:26+08:00 ] /thinkmao/Admin.php/Index/welcome | INFO: Run ShowRuntime Behavior [ RunTime:0.000681s ]
[ 2013-02-28T20:35:26+08:00 ] /thinkmao/Admin.php/Index/welcome | INFO: Tag[ view_filter ] --END-- [ RunTime:0.002664s ]
[ 2013-02-28T20:35:26+08:00 ] /thinkmao/Admin.php/Index/welcome | INFO: Tag[ view_end ] --START--
[ 2013-02-28T20:35:26+08:00 ] /thinkmao/Admin.php/Index/welcome | INFO: Run ShowPageTrace Behavior [ RunTime:0.000602s ]
[ 2013-02-28T20:35:26+08:00 ] /thinkmao/Admin.php/Index/welcome | INFO: Tag[ view_end ] --END-- [ RunTime:0.000697s ]
