[ 2013-02-02T11:07:10+08:00 ] /thinkmao/Admin.php/Login/index | INFO: Tag[ route_check ] --START--
[ 2013-02-02T11:07:10+08:00 ] /thinkmao/Admin.php/Login/index | INFO: Run CheckRoute Behavior [ RunTime:0.010524s ]
[ 2013-02-02T11:07:10+08:00 ] /thinkmao/Admin.php/Login/index | INFO: Tag[ route_check ] --END-- [ RunTime:0.010783s ]
[ 2013-02-02T11:07:10+08:00 ] /thinkmao/Admin.php/Login/index | INFO: Tag[ app_begin ] --START--
[ 2013-02-02T11:07:10+08:00 ] /thinkmao/Admin.php/Login/index | INFO: Run ReadHtmlCache Behavior [ RunTime:0.000205s ]
[ 2013-02-02T11:07:10+08:00 ] /thinkmao/Admin.php/Login/index | INFO: Tag[ app_begin ] --END-- [ RunTime:0.000320s ]
[ 2013-02-02T11:07:10+08:00 ] /thinkmao/Admin.php/Login/index | INFO: Tag[ view_template ] --START--
[ 2013-02-02T11:07:10+08:00 ] /thinkmao/Admin.php/Login/index | INFO: Run LocationTemplate Behavior [ RunTime:0.001002s ]
[ 2013-02-02T11:07:10+08:00 ] /thinkmao/Admin.php/Login/index | INFO: Tag[ view_template ] --END-- [ RunTime:0.001155s ]
[ 2013-02-02T11:07:10+08:00 ] /thinkmao/Admin.php/Login/index | INFO: Tag[ view_parse ] --START--
[ 2013-02-02T11:07:10+08:00 ] /thinkmao/Admin.php/Login/index | INFO: Run ParseTemplate Behavior [ RunTime:0.113278s ]
[ 2013-02-02T11:07:10+08:00 ] /thinkmao/Admin.php/Login/index | INFO: Tag[ view_parse ] --END-- [ RunTime:0.113414s ]
[ 2013-02-02T11:07:10+08:00 ] /thinkmao/Admin.php/Login/index | INFO: Tag[ view_filter ] --START--
[ 2013-02-02T11:07:10+08:00 ] /thinkmao/Admin.php/Login/index | INFO: Run ContentReplace Behavior [ RunTime:0.001029s ]
[ 2013-02-02T11:07:10+08:00 ] /thinkmao/Admin.php/Login/index | INFO: Run TokenBuild Behavior [ RunTime:0.000881s ]
[ 2013-02-02T11:07:10+08:00 ] /thinkmao/Admin.php/Login/index | INFO: Run WriteHtmlCache Behavior [ RunTime:0.000508s ]
[ 2013-02-02T11:07:10+08:00 ] /thinkmao/Admin.php/Login/index | INFO: Run ShowRuntime Behavior [ RunTime:0.001021s ]
[ 2013-02-02T11:07:10+08:00 ] /thinkmao/Admin.php/Login/index | INFO: Tag[ view_filter ] --END-- [ RunTime:0.003723s ]
[ 2013-02-02T11:07:10+08:00 ] /thinkmao/Admin.php/Login/index | INFO: Tag[ view_end ] --START--
[ 2013-02-02T11:07:10+08:00 ] /thinkmao/Admin.php/Login/index | INFO: Run ShowPageTrace Behavior [ RunTime:0.001159s ]
[ 2013-02-02T11:07:10+08:00 ] /thinkmao/Admin.php/Login/index | INFO: Tag[ view_end ] --END-- [ RunTime:0.001260s ]
[ 2013-02-02T11:07:10+08:00 ] /thinkmao/Admin.php/Login/code | INFO: Tag[ route_check ] --START--
[ 2013-02-02T11:07:10+08:00 ] /thinkmao/Admin.php/Login/code | INFO: Run CheckRoute Behavior [ RunTime:0.000111s ]
[ 2013-02-02T11:07:10+08:00 ] /thinkmao/Admin.php/Login/code | INFO: Tag[ route_check ] --END-- [ RunTime:0.000236s ]
[ 2013-02-02T11:07:10+08:00 ] /thinkmao/Admin.php/Login/code | INFO: Tag[ app_begin ] --START--
[ 2013-02-02T11:07:10+08:00 ] /thinkmao/Admin.php/Login/code | INFO: Run ReadHtmlCache Behavior [ RunTime:0.000094s ]
[ 2013-02-02T11:07:10+08:00 ] /thinkmao/Admin.php/Login/code | INFO: Tag[ app_begin ] --END-- [ RunTime:0.000124s ]
[ 2013-02-02T12:30:52+08:00 ] /thinkmao/Admin.php/Login/index | INFO: Tag[ route_check ] --START--
[ 2013-02-02T12:30:52+08:00 ] /thinkmao/Admin.php/Login/index | INFO: Run CheckRoute Behavior [ RunTime:0.000806s ]
[ 2013-02-02T12:30:52+08:00 ] /thinkmao/Admin.php/Login/index | INFO: Tag[ route_check ] --END-- [ RunTime:0.000916s ]
[ 2013-02-02T12:30:52+08:00 ] /thinkmao/Admin.php/Login/index | INFO: Tag[ app_begin ] --START--
[ 2013-02-02T12:30:52+08:00 ] /thinkmao/Admin.php/Login/index | INFO: Run ReadHtmlCache Behavior [ RunTime:0.000073s ]
[ 2013-02-02T12:30:52+08:00 ] /thinkmao/Admin.php/Login/index | INFO: Tag[ app_begin ] --END-- [ RunTime:0.000105s ]
[ 2013-02-02T12:30:52+08:00 ] /thinkmao/Admin.php/Login/index | INFO: Tag[ view_template ] --START--
[ 2013-02-02T12:30:52+08:00 ] /thinkmao/Admin.php/Login/index | INFO: Run LocationTemplate Behavior [ RunTime:0.000211s ]
[ 2013-02-02T12:30:52+08:00 ] /thinkmao/Admin.php/Login/index | INFO: Tag[ view_template ] --END-- [ RunTime:0.000250s ]
[ 2013-02-02T12:30:52+08:00 ] /thinkmao/Admin.php/Login/index | INFO: Tag[ view_parse ] --START--
[ 2013-02-02T12:30:52+08:00 ] /thinkmao/Admin.php/Login/index | INFO: Run ParseTemplate Behavior [ RunTime:0.007576s ]
[ 2013-02-02T12:30:52+08:00 ] /thinkmao/Admin.php/Login/index | INFO: Tag[ view_parse ] --END-- [ RunTime:0.007644s ]
[ 2013-02-02T12:30:52+08:00 ] /thinkmao/Admin.php/Login/index | INFO: Tag[ view_filter ] --START--
[ 2013-02-02T12:30:52+08:00 ] /thinkmao/Admin.php/Login/index | INFO: Run ContentReplace Behavior [ RunTime:0.000371s ]
[ 2013-02-02T12:30:52+08:00 ] /thinkmao/Admin.php/Login/index | INFO: Run TokenBuild Behavior [ RunTime:0.000224s ]
[ 2013-02-02T12:30:52+08:00 ] /thinkmao/Admin.php/Login/index | INFO: Run WriteHtmlCache Behavior [ RunTime:0.000174s ]
[ 2013-02-02T12:30:52+08:00 ] /thinkmao/Admin.php/Login/index | INFO: Run ShowRuntime Behavior [ RunTime:0.000339s ]
[ 2013-02-02T12:30:52+08:00 ] /thinkmao/Admin.php/Login/index | INFO: Tag[ view_filter ] --END-- [ RunTime:0.001203s ]
[ 2013-02-02T12:30:52+08:00 ] /thinkmao/Admin.php/Login/index | INFO: Tag[ view_end ] --START--
[ 2013-02-02T12:30:52+08:00 ] /thinkmao/Admin.php/Login/index | INFO: Run ShowPageTrace Behavior [ RunTime:0.000344s ]
[ 2013-02-02T12:30:52+08:00 ] /thinkmao/Admin.php/Login/index | INFO: Tag[ view_end ] --END-- [ RunTime:0.000377s ]
[ 2013-02-02T12:30:52+08:00 ] /thinkmao/Admin.php/Login/code | INFO: Tag[ route_check ] --START--
[ 2013-02-02T12:30:52+08:00 ] /thinkmao/Admin.php/Login/code | INFO: Run CheckRoute Behavior [ RunTime:0.000065s ]
[ 2013-02-02T12:30:52+08:00 ] /thinkmao/Admin.php/Login/code | INFO: Tag[ route_check ] --END-- [ RunTime:0.000177s ]
[ 2013-02-02T12:30:52+08:00 ] /thinkmao/Admin.php/Login/code | INFO: Tag[ app_begin ] --START--
[ 2013-02-02T12:30:52+08:00 ] /thinkmao/Admin.php/Login/code | INFO: Run ReadHtmlCache Behavior [ RunTime:0.000055s ]
[ 2013-02-02T12:30:52+08:00 ] /thinkmao/Admin.php/Login/code | INFO: Tag[ app_begin ] --END-- [ RunTime:0.000086s ]
[ 2013-02-02T12:30:59+08:00 ] /thinkmao/Admin.php/List | ERR: (ThinkException) 无法加载模块List
