[ 2013-02-03T12:19:47+08:00 ] /thinkmao/Admin.php/Login/index | INFO: Tag[ route_check ] --START--
[ 2013-02-03T12:19:47+08:00 ] /thinkmao/Admin.php/Login/index | INFO: Run CheckRoute Behavior [ RunTime:0.000080s ]
[ 2013-02-03T12:19:47+08:00 ] /thinkmao/Admin.php/Login/index | INFO: Tag[ route_check ] --END-- [ RunTime:0.000211s ]
[ 2013-02-03T12:19:47+08:00 ] /thinkmao/Admin.php/Login/index | INFO: Tag[ app_begin ] --START--
[ 2013-02-03T12:19:47+08:00 ] /thinkmao/Admin.php/Login/index | INFO: Run ReadHtmlCache Behavior [ RunTime:0.000070s ]
[ 2013-02-03T12:19:47+08:00 ] /thinkmao/Admin.php/Login/index | INFO: Tag[ app_begin ] --END-- [ RunTime:0.000109s ]
[ 2013-02-03T12:19:47+08:00 ] /thinkmao/Admin.php/Login/index | INFO: Tag[ view_template ] --START--
[ 2013-02-03T12:19:47+08:00 ] /thinkmao/Admin.php/Login/index | INFO: Run LocationTemplate Behavior [ RunTime:0.000283s ]
[ 2013-02-03T12:19:47+08:00 ] /thinkmao/Admin.php/Login/index | INFO: Tag[ view_template ] --END-- [ RunTime:0.000337s ]
[ 2013-02-03T12:19:47+08:00 ] /thinkmao/Admin.php/Login/index | INFO: Tag[ view_parse ] --START--
[ 2013-02-03T12:19:47+08:00 ] /thinkmao/Admin.php/Login/index | INFO: Run ParseTemplate Behavior [ RunTime:0.009210s ]
[ 2013-02-03T12:19:47+08:00 ] /thinkmao/Admin.php/Login/index | INFO: Tag[ view_parse ] --END-- [ RunTime:0.009277s ]
[ 2013-02-03T12:19:47+08:00 ] /thinkmao/Admin.php/Login/index | INFO: Tag[ view_filter ] --START--
[ 2013-02-03T12:19:47+08:00 ] /thinkmao/Admin.php/Login/index | INFO: Run ContentReplace Behavior [ RunTime:0.000334s ]
[ 2013-02-03T12:19:47+08:00 ] /thinkmao/Admin.php/Login/index | INFO: Run TokenBuild Behavior [ RunTime:0.000257s ]
[ 2013-02-03T12:19:47+08:00 ] /thinkmao/Admin.php/Login/index | INFO: Run WriteHtmlCache Behavior [ RunTime:0.000131s ]
[ 2013-02-03T12:19:47+08:00 ] /thinkmao/Admin.php/Login/index | INFO: Run ShowRuntime Behavior [ RunTime:0.000330s ]
[ 2013-02-03T12:19:47+08:00 ] /thinkmao/Admin.php/Login/index | INFO: Tag[ view_filter ] --END-- [ RunTime:0.001146s ]
[ 2013-02-03T12:19:47+08:00 ] /thinkmao/Admin.php/Login/index | INFO: Tag[ view_end ] --START--
[ 2013-02-03T12:19:47+08:00 ] /thinkmao/Admin.php/Login/index | INFO: Run ShowPageTrace Behavior [ RunTime:0.000365s ]
[ 2013-02-03T12:19:47+08:00 ] /thinkmao/Admin.php/Login/index | INFO: Tag[ view_end ] --END-- [ RunTime:0.000445s ]
[ 2013-02-03T12:19:47+08:00 ] /thinkmao/Admin.php/Login/code | INFO: Tag[ route_check ] --START--
[ 2013-02-03T12:19:47+08:00 ] /thinkmao/Admin.php/Login/code | INFO: Run CheckRoute Behavior [ RunTime:0.000115s ]
[ 2013-02-03T12:19:47+08:00 ] /thinkmao/Admin.php/Login/code | INFO: Tag[ route_check ] --END-- [ RunTime:0.000243s ]
[ 2013-02-03T12:19:47+08:00 ] /thinkmao/Admin.php/Login/code | INFO: Tag[ app_begin ] --START--
[ 2013-02-03T12:19:47+08:00 ] /thinkmao/Admin.php/Login/code | INFO: Run ReadHtmlCache Behavior [ RunTime:0.000085s ]
[ 2013-02-03T12:19:47+08:00 ] /thinkmao/Admin.php/Login/code | INFO: Tag[ app_begin ] --END-- [ RunTime:0.000116s ]
[ 2013-02-03T12:19:52+08:00 ] /thinkmao/Admin.php/Index/index | INFO: Tag[ route_check ] --START--
[ 2013-02-03T12:19:52+08:00 ] /thinkmao/Admin.php/Index/index | INFO: Run CheckRoute Behavior [ RunTime:0.000154s ]
[ 2013-02-03T12:19:52+08:00 ] /thinkmao/Admin.php/Index/index | INFO: Tag[ route_check ] --END-- [ RunTime:0.000405s ]
[ 2013-02-03T12:19:52+08:00 ] /thinkmao/Admin.php/Index/index | INFO: Tag[ app_begin ] --START--
[ 2013-02-03T12:19:52+08:00 ] /thinkmao/Admin.php/Index/index | INFO: Run ReadHtmlCache Behavior [ RunTime:0.000147s ]
[ 2013-02-03T12:19:52+08:00 ] /thinkmao/Admin.php/Index/index | INFO: Tag[ app_begin ] --END-- [ RunTime:0.000228s ]
[ 2013-02-03T12:19:52+08:00 ] /thinkmao/Admin.php/Index/index | INFO: Tag[ view_template ] --START--
[ 2013-02-03T12:19:52+08:00 ] /thinkmao/Admin.php/Index/index | INFO: Run LocationTemplate Behavior [ RunTime:0.000115s ]
[ 2013-02-03T12:19:52+08:00 ] /thinkmao/Admin.php/Index/index | INFO: Tag[ view_template ] --END-- [ RunTime:0.000204s ]
[ 2013-02-03T12:19:52+08:00 ] /thinkmao/Admin.php/Index/index | INFO: Tag[ view_parse ] --START--
[ 2013-02-03T12:19:52+08:00 ] /thinkmao/Admin.php/Index/index | INFO: Run ParseTemplate Behavior [ RunTime:0.004606s ]
[ 2013-02-03T12:19:52+08:00 ] /thinkmao/Admin.php/Index/index | INFO: Tag[ view_parse ] --END-- [ RunTime:0.004682s ]
[ 2013-02-03T12:19:52+08:00 ] /thinkmao/Admin.php/Index/index | INFO: Tag[ view_filter ] --START--
[ 2013-02-03T12:19:52+08:00 ] /thinkmao/Admin.php/Index/index | INFO: Run ContentReplace Behavior [ RunTime:0.000117s ]
[ 2013-02-03T12:19:52+08:00 ] /thinkmao/Admin.php/Index/index | INFO: Run TokenBuild Behavior [ RunTime:0.000061s ]
[ 2013-02-03T12:19:52+08:00 ] /thinkmao/Admin.php/Index/index | INFO: Run WriteHtmlCache Behavior [ RunTime:0.000033s ]
[ 2013-02-03T12:19:52+08:00 ] /thinkmao/Admin.php/Index/index | INFO: Run ShowRuntime Behavior [ RunTime:0.000074s ]
[ 2013-02-03T12:19:52+08:00 ] /thinkmao/Admin.php/Index/index | INFO: Tag[ view_filter ] --END-- [ RunTime:0.000367s ]
[ 2013-02-03T12:19:52+08:00 ] /thinkmao/Admin.php/Index/index | INFO: Tag[ view_end ] --START--
[ 2013-02-03T12:19:52+08:00 ] /thinkmao/Admin.php/Index/index | INFO: Run ShowPageTrace Behavior [ RunTime:0.000044s ]
[ 2013-02-03T12:19:52+08:00 ] /thinkmao/Admin.php/Index/index | INFO: Tag[ view_end ] --END-- [ RunTime:0.000071s ]
[ 2013-02-03T12:19:53+08:00 ] /thinkmao/Admin.php/Index/welcome | INFO: Tag[ route_check ] --START--
[ 2013-02-03T12:19:53+08:00 ] /thinkmao/Admin.php/Index/welcome | INFO: Run CheckRoute Behavior [ RunTime:0.000066s ]
[ 2013-02-03T12:19:53+08:00 ] /thinkmao/Admin.php/Index/welcome | INFO: Tag[ route_check ] --END-- [ RunTime:0.000194s ]
[ 2013-02-03T12:19:53+08:00 ] /thinkmao/Admin.php/Index/welcome | INFO: Tag[ app_begin ] --START--
[ 2013-02-03T12:19:53+08:00 ] /thinkmao/Admin.php/Index/welcome | INFO: Run ReadHtmlCache Behavior [ RunTime:0.000056s ]
[ 2013-02-03T12:19:53+08:00 ] /thinkmao/Admin.php/Index/welcome | INFO: Tag[ app_begin ] --END-- [ RunTime:0.000086s ]
[ 2013-02-03T12:19:53+08:00 ] /thinkmao/Admin.php/Index/welcome | INFO: Tag[ view_template ] --START--
[ 2013-02-03T12:19:53+08:00 ] /thinkmao/Admin.php/Index/welcome | INFO: Run LocationTemplate Behavior [ RunTime:0.000040s ]
[ 2013-02-03T12:19:53+08:00 ] /thinkmao/Admin.php/Index/welcome | INFO: Tag[ view_template ] --END-- [ RunTime:0.000072s ]
[ 2013-02-03T12:19:53+08:00 ] /thinkmao/Admin.php/Index/welcome | INFO: Tag[ view_parse ] --START--
[ 2013-02-03T12:19:53+08:00 ] /thinkmao/Admin.php/Index/welcome | INFO: Run ParseTemplate Behavior [ RunTime:0.001513s ]
[ 2013-02-03T12:19:53+08:00 ] /thinkmao/Admin.php/Index/welcome | INFO: Tag[ view_parse ] --END-- [ RunTime:0.001566s ]
[ 2013-02-03T12:19:53+08:00 ] /thinkmao/Admin.php/Index/welcome | INFO: Tag[ view_filter ] --START--
[ 2013-02-03T12:19:53+08:00 ] /thinkmao/Admin.php/Index/welcome | INFO: Run ContentReplace Behavior [ RunTime:0.000085s ]
[ 2013-02-03T12:19:53+08:00 ] /thinkmao/Admin.php/Index/welcome | INFO: Run TokenBuild Behavior [ RunTime:0.000055s ]
[ 2013-02-03T12:19:53+08:00 ] /thinkmao/Admin.php/Index/welcome | INFO: Run WriteHtmlCache Behavior [ RunTime:0.000030s ]
[ 2013-02-03T12:19:53+08:00 ] /thinkmao/Admin.php/Index/welcome | INFO: Run ShowRuntime Behavior [ RunTime:0.000069s ]
[ 2013-02-03T12:19:53+08:00 ] /thinkmao/Admin.php/Index/welcome | INFO: Tag[ view_filter ] --END-- [ RunTime:0.000322s ]
[ 2013-02-03T12:19:53+08:00 ] /thinkmao/Admin.php/Index/welcome | INFO: Tag[ view_end ] --START--
[ 2013-02-03T12:19:53+08:00 ] /thinkmao/Admin.php/Index/welcome | INFO: Run ShowPageTrace Behavior [ RunTime:0.000039s ]
[ 2013-02-03T12:19:53+08:00 ] /thinkmao/Admin.php/Index/welcome | INFO: Tag[ view_end ] --END-- [ RunTime:0.000068s ]
[ 2013-02-03T12:19:55+08:00 ] /thinkmao/Admin.php/AddGood/index | INFO: Tag[ route_check ] --START--
[ 2013-02-03T12:19:55+08:00 ] /thinkmao/Admin.php/AddGood/index | INFO: Run CheckRoute Behavior [ RunTime:0.000065s ]
[ 2013-02-03T12:19:55+08:00 ] /thinkmao/Admin.php/AddGood/index | INFO: Tag[ route_check ] --END-- [ RunTime:0.000172s ]
[ 2013-02-03T12:19:55+08:00 ] /thinkmao/Admin.php/AddGood/index | INFO: Tag[ app_begin ] --START--
[ 2013-02-03T12:19:55+08:00 ] /thinkmao/Admin.php/AddGood/index | INFO: Run ReadHtmlCache Behavior [ RunTime:0.000055s ]
[ 2013-02-03T12:19:55+08:00 ] /thinkmao/Admin.php/AddGood/index | INFO: Tag[ app_begin ] --END-- [ RunTime:0.000085s ]
[ 2013-02-03T12:19:55+08:00 ] /thinkmao/Admin.php/AddGood/index | SQL: SHOW COLUMNS FROM `hd_category` [ RunTime:0.000454s ]
[ 2013-02-03T12:19:55+08:00 ] /thinkmao/Admin.php/AddGood/index | SQL: SELECT * FROM `hd_category`  [ RunTime:0.000207s ]
[ 2013-02-03T12:19:55+08:00 ] /thinkmao/Admin.php/AddGood/index | SQL: SHOW COLUMNS FROM `hd_goods_type` [ RunTime:0.000483s ]
[ 2013-02-03T12:19:55+08:00 ] /thinkmao/Admin.php/AddGood/index | SQL: SELECT * FROM `hd_goods_type`  [ RunTime:0.000126s ]
[ 2013-02-03T12:19:55+08:00 ] /thinkmao/Admin.php/AddGood/index | INFO: Tag[ view_template ] --START--
[ 2013-02-03T12:19:55+08:00 ] /thinkmao/Admin.php/AddGood/index | INFO: Run LocationTemplate Behavior [ RunTime:0.000100s ]
[ 2013-02-03T12:19:55+08:00 ] /thinkmao/Admin.php/AddGood/index | INFO: Tag[ view_template ] --END-- [ RunTime:0.000137s ]
[ 2013-02-03T12:19:55+08:00 ] /thinkmao/Admin.php/AddGood/index | INFO: Tag[ view_parse ] --START--
[ 2013-02-03T12:19:55+08:00 ] /thinkmao/Admin.php/AddGood/index | NOTIC: [2] Missing argument 2 for TagLib::parseXmlAttr(), called in /var/www/html/thinkmao/Admin/Lib/TagLib/TagLibPic.class.php on line 17 and defined TagLib.class.php 第 111 行.
[ 2013-02-03T12:19:55+08:00 ] /thinkmao/Admin.php/AddGood/index | NOTIC: [8] Undefined variable: tag TagLib.class.php 第 122 行.
[ 2013-02-03T12:19:55+08:00 ] /thinkmao/Admin.php/AddGood/index | NOTIC: [8] Undefined index:  TagLib.class.php 第 122 行.
[ 2013-02-03T12:19:55+08:00 ] /thinkmao/Admin.php/AddGood/index | NOTIC: [8] Undefined variable: str TagLibPic.class.php 第 50 行.
[ 2013-02-03T12:19:55+08:00 ] /thinkmao/Admin.php/AddGood/index | NOTIC: [2] Missing argument 2 for TagLib::parseXmlAttr(), called in /var/www/html/thinkmao/Admin/Lib/TagLib/TagLibPic.class.php on line 17 and defined TagLib.class.php 第 111 行.
[ 2013-02-03T12:19:55+08:00 ] /thinkmao/Admin.php/AddGood/index | NOTIC: [8] Undefined variable: tag TagLib.class.php 第 122 行.
[ 2013-02-03T12:19:55+08:00 ] /thinkmao/Admin.php/AddGood/index | NOTIC: [8] Undefined index:  TagLib.class.php 第 122 行.
[ 2013-02-03T12:19:55+08:00 ] /thinkmao/Admin.php/AddGood/index | NOTIC: [8] Undefined variable: str TagLibPic.class.php 第 67 行.
[ 2013-02-03T12:19:55+08:00 ] /thinkmao/Admin.php/AddGood/index | NOTIC: [2] Missing argument 2 for TagLib::parseXmlAttr(), called in /var/www/html/thinkmao/Admin/Lib/TagLib/TagLibPic.class.php on line 78 and defined TagLib.class.php 第 111 行.
[ 2013-02-03T12:19:55+08:00 ] /thinkmao/Admin.php/AddGood/index | NOTIC: [8] Undefined variable: tag TagLib.class.php 第 122 行.
[ 2013-02-03T12:19:55+08:00 ] /thinkmao/Admin.php/AddGood/index | NOTIC: [8] Undefined index:  TagLib.class.php 第 122 行.
[ 2013-02-03T12:19:55+08:00 ] /thinkmao/Admin.php/AddGood/index | NOTIC: [2] Missing argument 2 for TagLib::parseXmlAttr(), called in /var/www/html/thinkmao/Admin/Lib/TagLib/TagLibPic.class.php on line 78 and defined TagLib.class.php 第 111 行.
[ 2013-02-03T12:19:55+08:00 ] /thinkmao/Admin.php/AddGood/index | NOTIC: [8] Undefined variable: tag TagLib.class.php 第 122 行.
[ 2013-02-03T12:19:55+08:00 ] /thinkmao/Admin.php/AddGood/index | NOTIC: [8] Undefined index:  TagLib.class.php 第 122 行.
[ 2013-02-03T12:19:55+08:00 ] /thinkmao/Admin.php/AddGood/index | INFO: Run ParseTemplate Behavior [ RunTime:0.007107s ]
[ 2013-02-03T12:19:55+08:00 ] /thinkmao/Admin.php/AddGood/index | INFO: Tag[ view_parse ] --END-- [ RunTime:0.007166s ]
[ 2013-02-03T12:19:55+08:00 ] /thinkmao/Admin.php/AddGood/index | INFO: Tag[ view_filter ] --START--
[ 2013-02-03T12:19:55+08:00 ] /thinkmao/Admin.php/AddGood/index | INFO: Run ContentReplace Behavior [ RunTime:0.000241s ]
[ 2013-02-03T12:19:55+08:00 ] /thinkmao/Admin.php/AddGood/index | INFO: Run TokenBuild Behavior [ RunTime:0.000060s ]
[ 2013-02-03T12:19:55+08:00 ] /thinkmao/Admin.php/AddGood/index | INFO: Run WriteHtmlCache Behavior [ RunTime:0.000030s ]
[ 2013-02-03T12:19:55+08:00 ] /thinkmao/Admin.php/AddGood/index | INFO: Run ShowRuntime Behavior [ RunTime:0.000088s ]
[ 2013-02-03T12:19:55+08:00 ] /thinkmao/Admin.php/AddGood/index | INFO: Tag[ view_filter ] --END-- [ RunTime:0.000505s ]
[ 2013-02-03T12:19:55+08:00 ] /thinkmao/Admin.php/AddGood/index | INFO: Tag[ view_end ] --START--
[ 2013-02-03T12:19:55+08:00 ] /thinkmao/Admin.php/AddGood/index | INFO: Run ShowPageTrace Behavior [ RunTime:0.000060s ]
[ 2013-02-03T12:19:55+08:00 ] /thinkmao/Admin.php/AddGood/index | INFO: Tag[ view_end ] --END-- [ RunTime:0.000104s ]
[ 2013-02-03T12:19:59+08:00 ] /thinkmao/Admin.php/AddGood/ | INFO: Tag[ route_check ] --START--
[ 2013-02-03T12:19:59+08:00 ] /thinkmao/Admin.php/AddGood/ | INFO: Run CheckRoute Behavior [ RunTime:0.000113s ]
[ 2013-02-03T12:19:59+08:00 ] /thinkmao/Admin.php/AddGood/ | INFO: Tag[ route_check ] --END-- [ RunTime:0.000266s ]
[ 2013-02-03T12:19:59+08:00 ] /thinkmao/Admin.php/AddGood/ | INFO: Tag[ app_begin ] --START--
[ 2013-02-03T12:19:59+08:00 ] /thinkmao/Admin.php/AddGood/ | INFO: Run ReadHtmlCache Behavior [ RunTime:0.000075s ]
[ 2013-02-03T12:19:59+08:00 ] /thinkmao/Admin.php/AddGood/ | INFO: Tag[ app_begin ] --END-- [ RunTime:0.000108s ]
[ 2013-02-03T12:19:59+08:00 ] /thinkmao/Admin.php/AddGood/ | SQL: SHOW COLUMNS FROM `hd_category` [ RunTime:0.000440s ]
[ 2013-02-03T12:19:59+08:00 ] /thinkmao/Admin.php/AddGood/ | SQL: SELECT * FROM `hd_category`  [ RunTime:0.000233s ]
[ 2013-02-03T12:19:59+08:00 ] /thinkmao/Admin.php/AddGood/ | SQL: SHOW COLUMNS FROM `hd_goods_type` [ RunTime:0.000439s ]
[ 2013-02-03T12:19:59+08:00 ] /thinkmao/Admin.php/AddGood/ | SQL: SELECT * FROM `hd_goods_type`  [ RunTime:0.000129s ]
[ 2013-02-03T12:19:59+08:00 ] /thinkmao/Admin.php/AddGood/ | INFO: Tag[ view_template ] --START--
[ 2013-02-03T12:19:59+08:00 ] /thinkmao/Admin.php/AddGood/ | INFO: Run LocationTemplate Behavior [ RunTime:0.000103s ]
[ 2013-02-03T12:19:59+08:00 ] /thinkmao/Admin.php/AddGood/ | INFO: Tag[ view_template ] --END-- [ RunTime:0.000142s ]
[ 2013-02-03T12:19:59+08:00 ] /thinkmao/Admin.php/AddGood/ | INFO: Tag[ view_parse ] --START--
[ 2013-02-03T12:19:59+08:00 ] /thinkmao/Admin.php/AddGood/ | NOTIC: [2] Missing argument 2 for TagLib::parseXmlAttr(), called in /var/www/html/thinkmao/Admin/Lib/TagLib/TagLibPic.class.php on line 17 and defined TagLib.class.php 第 111 行.
[ 2013-02-03T12:19:59+08:00 ] /thinkmao/Admin.php/AddGood/ | NOTIC: [8] Undefined variable: tag TagLib.class.php 第 122 行.
[ 2013-02-03T12:19:59+08:00 ] /thinkmao/Admin.php/AddGood/ | NOTIC: [8] Undefined index:  TagLib.class.php 第 122 行.
[ 2013-02-03T12:19:59+08:00 ] /thinkmao/Admin.php/AddGood/ | NOTIC: [8] Undefined variable: str TagLibPic.class.php 第 50 行.
[ 2013-02-03T12:19:59+08:00 ] /thinkmao/Admin.php/AddGood/ | NOTIC: [2] Missing argument 2 for TagLib::parseXmlAttr(), called in /var/www/html/thinkmao/Admin/Lib/TagLib/TagLibPic.class.php on line 17 and defined TagLib.class.php 第 111 行.
[ 2013-02-03T12:19:59+08:00 ] /thinkmao/Admin.php/AddGood/ | NOTIC: [8] Undefined variable: tag TagLib.class.php 第 122 行.
[ 2013-02-03T12:19:59+08:00 ] /thinkmao/Admin.php/AddGood/ | NOTIC: [8] Undefined index:  TagLib.class.php 第 122 行.
[ 2013-02-03T12:19:59+08:00 ] /thinkmao/Admin.php/AddGood/ | NOTIC: [8] Undefined variable: str TagLibPic.class.php 第 67 行.
[ 2013-02-03T12:19:59+08:00 ] /thinkmao/Admin.php/AddGood/ | NOTIC: [2] Missing argument 2 for TagLib::parseXmlAttr(), called in /var/www/html/thinkmao/Admin/Lib/TagLib/TagLibPic.class.php on line 78 and defined TagLib.class.php 第 111 行.
[ 2013-02-03T12:19:59+08:00 ] /thinkmao/Admin.php/AddGood/ | NOTIC: [8] Undefined variable: tag TagLib.class.php 第 122 行.
[ 2013-02-03T12:19:59+08:00 ] /thinkmao/Admin.php/AddGood/ | NOTIC: [8] Undefined index:  TagLib.class.php 第 122 行.
[ 2013-02-03T12:19:59+08:00 ] /thinkmao/Admin.php/AddGood/ | NOTIC: [2] Missing argument 2 for TagLib::parseXmlAttr(), called in /var/www/html/thinkmao/Admin/Lib/TagLib/TagLibPic.class.php on line 78 and defined TagLib.class.php 第 111 行.
[ 2013-02-03T12:19:59+08:00 ] /thinkmao/Admin.php/AddGood/ | NOTIC: [8] Undefined variable: tag TagLib.class.php 第 122 行.
[ 2013-02-03T12:19:59+08:00 ] /thinkmao/Admin.php/AddGood/ | NOTIC: [8] Undefined index:  TagLib.class.php 第 122 行.
[ 2013-02-03T12:19:59+08:00 ] /thinkmao/Admin.php/AddGood/ | INFO: Run ParseTemplate Behavior [ RunTime:0.007568s ]
[ 2013-02-03T12:19:59+08:00 ] /thinkmao/Admin.php/AddGood/ | INFO: Tag[ view_parse ] --END-- [ RunTime:0.007633s ]
[ 2013-02-03T12:19:59+08:00 ] /thinkmao/Admin.php/AddGood/ | INFO: Tag[ view_filter ] --START--
[ 2013-02-03T12:19:59+08:00 ] /thinkmao/Admin.php/AddGood/ | INFO: Run ContentReplace Behavior [ RunTime:0.000300s ]
[ 2013-02-03T12:19:59+08:00 ] /thinkmao/Admin.php/AddGood/ | INFO: Run TokenBuild Behavior [ RunTime:0.000068s ]
[ 2013-02-03T12:19:59+08:00 ] /thinkmao/Admin.php/AddGood/ | INFO: Run WriteHtmlCache Behavior [ RunTime:0.000034s ]
[ 2013-02-03T12:19:59+08:00 ] /thinkmao/Admin.php/AddGood/ | INFO: Run ShowRuntime Behavior [ RunTime:0.000101s ]
[ 2013-02-03T12:19:59+08:00 ] /thinkmao/Admin.php/AddGood/ | INFO: Tag[ view_filter ] --END-- [ RunTime:0.000593s ]
[ 2013-02-03T12:19:59+08:00 ] /thinkmao/Admin.php/AddGood/ | INFO: Tag[ view_end ] --START--
[ 2013-02-03T12:19:59+08:00 ] /thinkmao/Admin.php/AddGood/ | INFO: Run ShowPageTrace Behavior [ RunTime:0.000094s ]
[ 2013-02-03T12:19:59+08:00 ] /thinkmao/Admin.php/AddGood/ | INFO: Tag[ view_end ] --END-- [ RunTime:0.000150s ]
[ 2013-02-03T12:19:59+08:00 ] /thinkmao/Admin.php/AddGood/ | INFO: Tag[ route_check ] --START--
[ 2013-02-03T12:19:59+08:00 ] /thinkmao/Admin.php/AddGood/ | INFO: Run CheckRoute Behavior [ RunTime:0.000154s ]
[ 2013-02-03T12:19:59+08:00 ] /thinkmao/Admin.php/AddGood/ | INFO: Tag[ route_check ] --END-- [ RunTime:0.000380s ]
[ 2013-02-03T12:19:59+08:00 ] /thinkmao/Admin.php/AddGood/ | INFO: Tag[ app_begin ] --START--
[ 2013-02-03T12:19:59+08:00 ] /thinkmao/Admin.php/AddGood/ | INFO: Run ReadHtmlCache Behavior [ RunTime:0.000162s ]
[ 2013-02-03T12:19:59+08:00 ] /thinkmao/Admin.php/AddGood/ | INFO: Tag[ app_begin ] --END-- [ RunTime:0.000245s ]
[ 2013-02-03T12:19:59+08:00 ] /thinkmao/Admin.php/AddGood/ | SQL: SHOW COLUMNS FROM `hd_category` [ RunTime:0.000989s ]
[ 2013-02-03T12:19:59+08:00 ] /thinkmao/Admin.php/AddGood/ | SQL: SELECT * FROM `hd_category`  [ RunTime:0.000523s ]
[ 2013-02-03T12:19:59+08:00 ] /thinkmao/Admin.php/AddGood/ | SQL: SHOW COLUMNS FROM `hd_goods_type` [ RunTime:0.000511s ]
[ 2013-02-03T12:19:59+08:00 ] /thinkmao/Admin.php/AddGood/ | SQL: SELECT * FROM `hd_goods_type`  [ RunTime:0.000101s ]
[ 2013-02-03T12:19:59+08:00 ] /thinkmao/Admin.php/AddGood/ | INFO: Tag[ view_template ] --START--
[ 2013-02-03T12:19:59+08:00 ] /thinkmao/Admin.php/AddGood/ | INFO: Run LocationTemplate Behavior [ RunTime:0.000087s ]
[ 2013-02-03T12:19:59+08:00 ] /thinkmao/Admin.php/AddGood/ | INFO: Tag[ view_template ] --END-- [ RunTime:0.000121s ]
[ 2013-02-03T12:19:59+08:00 ] /thinkmao/Admin.php/AddGood/ | INFO: Tag[ view_parse ] --START--
[ 2013-02-03T12:19:59+08:00 ] /thinkmao/Admin.php/AddGood/ | NOTIC: [2] Missing argument 2 for TagLib::parseXmlAttr(), called in /var/www/html/thinkmao/Admin/Lib/TagLib/TagLibPic.class.php on line 17 and defined TagLib.class.php 第 111 行.
[ 2013-02-03T12:19:59+08:00 ] /thinkmao/Admin.php/AddGood/ | NOTIC: [8] Undefined variable: tag TagLib.class.php 第 122 行.
[ 2013-02-03T12:19:59+08:00 ] /thinkmao/Admin.php/AddGood/ | NOTIC: [8] Undefined index:  TagLib.class.php 第 122 行.
[ 2013-02-03T12:19:59+08:00 ] /thinkmao/Admin.php/AddGood/ | NOTIC: [8] Undefined variable: str TagLibPic.class.php 第 50 行.
[ 2013-02-03T12:19:59+08:00 ] /thinkmao/Admin.php/AddGood/ | NOTIC: [2] Missing argument 2 for TagLib::parseXmlAttr(), called in /var/www/html/thinkmao/Admin/Lib/TagLib/TagLibPic.class.php on line 17 and defined TagLib.class.php 第 111 行.
[ 2013-02-03T12:19:59+08:00 ] /thinkmao/Admin.php/AddGood/ | NOTIC: [8] Undefined variable: tag TagLib.class.php 第 122 行.
[ 2013-02-03T12:19:59+08:00 ] /thinkmao/Admin.php/AddGood/ | NOTIC: [8] Undefined index:  TagLib.class.php 第 122 行.
[ 2013-02-03T12:19:59+08:00 ] /thinkmao/Admin.php/AddGood/ | NOTIC: [8] Undefined variable: str TagLibPic.class.php 第 67 行.
[ 2013-02-03T12:19:59+08:00 ] /thinkmao/Admin.php/AddGood/ | NOTIC: [2] Missing argument 2 for TagLib::parseXmlAttr(), called in /var/www/html/thinkmao/Admin/Lib/TagLib/TagLibPic.class.php on line 78 and defined TagLib.class.php 第 111 行.
[ 2013-02-03T12:19:59+08:00 ] /thinkmao/Admin.php/AddGood/ | NOTIC: [8] Undefined variable: tag TagLib.class.php 第 122 行.
[ 2013-02-03T12:19:59+08:00 ] /thinkmao/Admin.php/AddGood/ | NOTIC: [8] Undefined index:  TagLib.class.php 第 122 行.
[ 2013-02-03T12:19:59+08:00 ] /thinkmao/Admin.php/AddGood/ | NOTIC: [2] Missing argument 2 for TagLib::parseXmlAttr(), called in /var/www/html/thinkmao/Admin/Lib/TagLib/TagLibPic.class.php on line 78 and defined TagLib.class.php 第 111 行.
[ 2013-02-03T12:19:59+08:00 ] /thinkmao/Admin.php/AddGood/ | NOTIC: [8] Undefined variable: tag TagLib.class.php 第 122 行.
[ 2013-02-03T12:19:59+08:00 ] /thinkmao/Admin.php/AddGood/ | NOTIC: [8] Undefined index:  TagLib.class.php 第 122 行.
[ 2013-02-03T12:19:59+08:00 ] /thinkmao/Admin.php/AddGood/ | INFO: Run ParseTemplate Behavior [ RunTime:0.006768s ]
[ 2013-02-03T12:19:59+08:00 ] /thinkmao/Admin.php/AddGood/ | INFO: Tag[ view_parse ] --END-- [ RunTime:0.006827s ]
[ 2013-02-03T12:19:59+08:00 ] /thinkmao/Admin.php/AddGood/ | INFO: Tag[ view_filter ] --START--
[ 2013-02-03T12:19:59+08:00 ] /thinkmao/Admin.php/AddGood/ | INFO: Run ContentReplace Behavior [ RunTime:0.000205s ]
[ 2013-02-03T12:19:59+08:00 ] /thinkmao/Admin.php/AddGood/ | INFO: Run TokenBuild Behavior [ RunTime:0.000060s ]
[ 2013-02-03T12:19:59+08:00 ] /thinkmao/Admin.php/AddGood/ | INFO: Run WriteHtmlCache Behavior [ RunTime:0.000031s ]
[ 2013-02-03T12:19:59+08:00 ] /thinkmao/Admin.php/AddGood/ | INFO: Run ShowRuntime Behavior [ RunTime:0.000088s ]
[ 2013-02-03T12:19:59+08:00 ] /thinkmao/Admin.php/AddGood/ | INFO: Tag[ view_filter ] --END-- [ RunTime:0.000469s ]
[ 2013-02-03T12:19:59+08:00 ] /thinkmao/Admin.php/AddGood/ | INFO: Tag[ view_end ] --START--
[ 2013-02-03T12:19:59+08:00 ] /thinkmao/Admin.php/AddGood/ | INFO: Run ShowPageTrace Behavior [ RunTime:0.000061s ]
[ 2013-02-03T12:19:59+08:00 ] /thinkmao/Admin.php/AddGood/ | INFO: Tag[ view_end ] --END-- [ RunTime:0.000102s ]
