[ 2013-01-29T12:23:31+08:00 ] /thinkmao/Index.php/Good/ajaxx | INFO: Tag[ route_check ] --START--
[ 2013-01-29T12:23:31+08:00 ] /thinkmao/Index.php/Good/ajaxx | INFO: Run CheckRoute Behavior [ RunTime:0.000102s ]
[ 2013-01-29T12:23:31+08:00 ] /thinkmao/Index.php/Good/ajaxx | INFO: Tag[ route_check ] --END-- [ RunTime:0.000326s ]
[ 2013-01-29T12:23:31+08:00 ] /thinkmao/Index.php/Good/ajaxx | INFO: Tag[ app_begin ] --START--
[ 2013-01-29T12:23:31+08:00 ] /thinkmao/Index.php/Good/ajaxx | INFO: Run ReadHtmlCache Behavior [ RunTime:0.000053s ]
[ 2013-01-29T12:23:31+08:00 ] /thinkmao/Index.php/Good/ajaxx | INFO: Tag[ app_begin ] --END-- [ RunTime:0.000079s ]
[ 2013-01-29T12:23:31+08:00 ] /thinkmao/Index.php/Good/ajaxx | SQL: SHOW COLUMNS FROM `hd_goods` [ RunTime:0.000698s ]
[ 2013-01-29T12:23:31+08:00 ] /thinkmao/Index.php/Good/ajaxx | SQL: SELECT * FROM `hd_goods` WHERE ( `id` = '11' ) LIMIT 1   [ RunTime:0.000229s ]
[ 2013-01-29T12:23:31+08:00 ] /thinkmao/Index.php/Good/ajaxx | SQL: SHOW COLUMNS FROM `hd_goods_attr` [ RunTime:0.000398s ]
[ 2013-01-29T12:23:31+08:00 ] /thinkmao/Index.php/Good/ajaxx | SQL: SELECT * FROM `hd_goods_attr` WHERE ( `gid` = '11' )  [ RunTime:0.000262s ]
[ 2013-01-29T12:23:33+08:00 ] /thinkmao/Index.php/Good/ajaxx | INFO: Tag[ route_check ] --START--
[ 2013-01-29T12:23:33+08:00 ] /thinkmao/Index.php/Good/ajaxx | INFO: Run CheckRoute Behavior [ RunTime:0.000158s ]
[ 2013-01-29T12:23:33+08:00 ] /thinkmao/Index.php/Good/ajaxx | INFO: Tag[ route_check ] --END-- [ RunTime:0.000391s ]
[ 2013-01-29T12:23:33+08:00 ] /thinkmao/Index.php/Good/ajaxx | INFO: Tag[ app_begin ] --START--
[ 2013-01-29T12:23:33+08:00 ] /thinkmao/Index.php/Good/ajaxx | INFO: Run ReadHtmlCache Behavior [ RunTime:0.000146s ]
[ 2013-01-29T12:23:33+08:00 ] /thinkmao/Index.php/Good/ajaxx | INFO: Tag[ app_begin ] --END-- [ RunTime:0.000225s ]
[ 2013-01-29T12:23:33+08:00 ] /thinkmao/Index.php/Good/ajaxx | SQL: SHOW COLUMNS FROM `hd_goods` [ RunTime:0.001515s ]
[ 2013-01-29T12:23:33+08:00 ] /thinkmao/Index.php/Good/ajaxx | SQL: SELECT * FROM `hd_goods` WHERE ( `id` = '11' ) LIMIT 1   [ RunTime:0.000587s ]
[ 2013-01-29T12:23:33+08:00 ] /thinkmao/Index.php/Good/ajaxx | SQL: SHOW COLUMNS FROM `hd_goods_attr` [ RunTime:0.000463s ]
[ 2013-01-29T12:23:33+08:00 ] /thinkmao/Index.php/Good/ajaxx | SQL: SELECT * FROM `hd_goods_attr` WHERE ( `gid` = '11' )  [ RunTime:0.000358s ]
[ 2013-01-29T12:23:35+08:00 ] /thinkmao/Index.php/Good/check_login | INFO: Tag[ route_check ] --START--
[ 2013-01-29T12:23:35+08:00 ] /thinkmao/Index.php/Good/check_login | INFO: Run CheckRoute Behavior [ RunTime:0.000067s ]
[ 2013-01-29T12:23:35+08:00 ] /thinkmao/Index.php/Good/check_login | INFO: Tag[ route_check ] --END-- [ RunTime:0.000170s ]
[ 2013-01-29T12:23:35+08:00 ] /thinkmao/Index.php/Good/check_login | INFO: Tag[ app_begin ] --START--
[ 2013-01-29T12:23:35+08:00 ] /thinkmao/Index.php/Good/check_login | INFO: Run ReadHtmlCache Behavior [ RunTime:0.000056s ]
[ 2013-01-29T12:23:35+08:00 ] /thinkmao/Index.php/Good/check_login | INFO: Tag[ app_begin ] --END-- [ RunTime:0.000085s ]
[ 2013-01-29T12:23:35+08:00 ] /thinkmao/Index.php/Good/check_login | NOTIC: [8] A session had already been started - ignoring session_start() GoodAction.class.php 第 50 行.
[ 2013-01-29T12:23:35+08:00 ] /thinkmao/Index.php/Good/check_login | NOTIC: [8] Use of undefined constant id - assumed 'id' GoodAction.class.php 第 51 行.
[ 2013-01-29T12:23:35+08:00 ] /thinkmao/Index.php/Good/ajaxx | INFO: Tag[ route_check ] --START--
[ 2013-01-29T12:23:35+08:00 ] /thinkmao/Index.php/Good/ajaxx | INFO: Run CheckRoute Behavior [ RunTime:0.000068s ]
[ 2013-01-29T12:23:35+08:00 ] /thinkmao/Index.php/Good/ajaxx | INFO: Tag[ route_check ] --END-- [ RunTime:0.000173s ]
[ 2013-01-29T12:23:35+08:00 ] /thinkmao/Index.php/Good/ajaxx | INFO: Tag[ app_begin ] --START--
[ 2013-01-29T12:23:35+08:00 ] /thinkmao/Index.php/Good/ajaxx | INFO: Run ReadHtmlCache Behavior [ RunTime:0.000047s ]
[ 2013-01-29T12:23:35+08:00 ] /thinkmao/Index.php/Good/ajaxx | INFO: Tag[ app_begin ] --END-- [ RunTime:0.000072s ]
[ 2013-01-29T12:23:35+08:00 ] /thinkmao/Index.php/Good/ajaxx | SQL: SHOW COLUMNS FROM `hd_goods` [ RunTime:0.000727s ]
[ 2013-01-29T12:23:35+08:00 ] /thinkmao/Index.php/Good/ajaxx | SQL: SELECT * FROM `hd_goods` WHERE ( `id` = '11' ) LIMIT 1   [ RunTime:0.000230s ]
[ 2013-01-29T12:23:35+08:00 ] /thinkmao/Index.php/Good/ajaxx | SQL: SHOW COLUMNS FROM `hd_goods_attr` [ RunTime:0.001014s ]
[ 2013-01-29T12:23:35+08:00 ] /thinkmao/Index.php/Good/ajaxx | SQL: SELECT * FROM `hd_goods_attr` WHERE ( `gid` = '11' )  [ RunTime:0.000564s ]
[ 2013-01-29T12:23:35+08:00 ] /thinkmao/Index.php/Good/ajaxx | NOTIC: [8] A session had already been started - ignoring session_start() GoodAction.class.php 第 34 行.
[ 2013-01-29T12:23:35+08:00 ] /thinkmao/Index.php/Good/ajaxx | NOTIC: [8] Use of undefined constant id - assumed 'id' GoodAction.class.php 第 38 行.
[ 2013-01-29T12:24:42+08:00 ] /thinkmao/Index.php/Good?gid=11 | INFO: Tag[ route_check ] --START--
[ 2013-01-29T12:24:42+08:00 ] /thinkmao/Index.php/Good?gid=11 | INFO: Run CheckRoute Behavior [ RunTime:0.000158s ]
[ 2013-01-29T12:24:42+08:00 ] /thinkmao/Index.php/Good?gid=11 | INFO: Tag[ route_check ] --END-- [ RunTime:0.000370s ]
[ 2013-01-29T12:24:42+08:00 ] /thinkmao/Index.php/Good?gid=11 | INFO: Tag[ app_begin ] --START--
[ 2013-01-29T12:24:42+08:00 ] /thinkmao/Index.php/Good?gid=11 | INFO: Run ReadHtmlCache Behavior [ RunTime:0.000165s ]
[ 2013-01-29T12:24:42+08:00 ] /thinkmao/Index.php/Good?gid=11 | INFO: Tag[ app_begin ] --END-- [ RunTime:0.000246s ]
[ 2013-01-29T12:24:42+08:00 ] /thinkmao/Index.php/Good?gid=11 | SQL: SHOW COLUMNS FROM `hd_goods_list` [ RunTime:0.001128s ]
[ 2013-01-29T12:24:42+08:00 ] /thinkmao/Index.php/Good?gid=11 | SQL: SELECT `id`,`inventory`,`attr` FROM `hd_goods_list` WHERE ( `gid` = '11' )  [ RunTime:0.001006s ]
[ 2013-01-29T12:24:42+08:00 ] /thinkmao/Index.php/Good?gid=11 | SQL: SHOW COLUMNS FROM `hd_goods` [ RunTime:0.000688s ]
[ 2013-01-29T12:24:42+08:00 ] /thinkmao/Index.php/Good?gid=11 | SQL: SHOW COLUMNS FROM `hd_goods_attr` [ RunTime:0.000428s ]
[ 2013-01-29T12:24:42+08:00 ] /thinkmao/Index.php/Good?gid=11 | SQL: SHOW COLUMNS FROM `hd_type_attr` [ RunTime:0.000379s ]
[ 2013-01-29T12:24:42+08:00 ] /thinkmao/Index.php/Good?gid=11 | SQL: SHOW COLUMNS FROM `hd_brand` [ RunTime:0.000338s ]
[ 2013-01-29T12:24:42+08:00 ] /thinkmao/Index.php/Good?gid=11 | SQL: SHOW COLUMNS FROM `hd_goods_intro` [ RunTime:0.000403s ]
[ 2013-01-29T12:24:42+08:00 ] /thinkmao/Index.php/Good?gid=11 | SQL: SELECT goods.sell_num AS sell_num,goods.id AS gid,goods.name AS gname,goods.unit AS unit,goods.number AS number,goods.price AS price,goods.pic AS pic,goods.click AS click,goods.recommend AS recommend,goods.hot AS hot,goods.time AS time,goods.cid AS cid,goods.bid AS bid,goods.tid AS tid,goods.mprice AS mprice,goods_attr.id AS attrid,goods_attr.value AS value,goods_attr.price AS attr_price,type_attr.id AS attr_id,type_attr.name AS attr_name,type_attr.type AS type,brand.name AS brand_name,brand.logo AS logo,brand.hot AS hot_brand,goods_intro.mini AS mini,goods_intro.medium AS medium,goods_intro.max AS max,goods_intro.intro AS intro,goods_intro.service AS service,goods_list.id AS in_id,goods_list.inventory AS inventory,goods_list.attr AS attr_com,goods_list.number AS in_number,goods_list.series AS series,goods_list.price AS in_price FROM hd_goods goods LEFT JOIN hd_goods_attr goods_attr ON goods_attr.gid =goods.id LEFT JOIN hd_type_attr type_attr ON goods_attr.aid = type_attr.id  JOIN hd_brand brand ON goods.bid = brand.id  JOIN hd_goods_intro goods_intro ON goods.id = goods_intro.gid  JOIN hd_goods_list goods_list ON goods.id = goods_list.gid WHERE ( goods.id = '11' )  [ RunTime:0.002508s ]
[ 2013-01-29T12:24:42+08:00 ] /thinkmao/Index.php/Good?gid=11 | NOTIC: [8] Undefined offset: 121 common.php 第 119 行.
[ 2013-01-29T12:24:42+08:00 ] /thinkmao/Index.php/Good?gid=11 | NOTIC: [8] Undefined offset: 122 common.php 第 119 行.
[ 2013-01-29T12:24:42+08:00 ] /thinkmao/Index.php/Good?gid=11 | NOTIC: [8] Undefined offset: 123 common.php 第 119 行.
[ 2013-01-29T12:24:42+08:00 ] /thinkmao/Index.php/Good?gid=11 | NOTIC: [8] Undefined offset: 124 common.php 第 119 行.
[ 2013-01-29T12:24:42+08:00 ] /thinkmao/Index.php/Good?gid=11 | NOTIC: [8] Undefined offset: 125 common.php 第 119 行.
[ 2013-01-29T12:24:42+08:00 ] /thinkmao/Index.php/Good?gid=11 | NOTIC: [8] Undefined offset: 126 common.php 第 119 行.
[ 2013-01-29T12:24:42+08:00 ] /thinkmao/Index.php/Good?gid=11 | NOTIC: [8] Undefined offset: 127 common.php 第 119 行.
[ 2013-01-29T12:24:42+08:00 ] /thinkmao/Index.php/Good?gid=11 | NOTIC: [8] Undefined offset: 128 common.php 第 119 行.
[ 2013-01-29T12:24:42+08:00 ] /thinkmao/Index.php/Good?gid=11 | NOTIC: [8] Undefined offset: 129 common.php 第 119 行.
[ 2013-01-29T12:24:42+08:00 ] /thinkmao/Index.php/Good?gid=11 | NOTIC: [8] Undefined offset: 130 common.php 第 119 行.
[ 2013-01-29T12:24:42+08:00 ] /thinkmao/Index.php/Good?gid=11 | NOTIC: [8] Undefined offset: 131 common.php 第 119 行.
[ 2013-01-29T12:24:42+08:00 ] /thinkmao/Index.php/Good?gid=11 | NOTIC: [8] Undefined offset: 132 common.php 第 119 行.
[ 2013-01-29T12:24:42+08:00 ] /thinkmao/Index.php/Good?gid=11 | NOTIC: [8] Undefined offset: 133 common.php 第 119 行.
[ 2013-01-29T12:24:42+08:00 ] /thinkmao/Index.php/Good?gid=11 | NOTIC: [8] Undefined offset: 134 common.php 第 119 行.
[ 2013-01-29T12:24:42+08:00 ] /thinkmao/Index.php/Good?gid=11 | NOTIC: [8] Undefined offset: 135 common.php 第 119 行.
[ 2013-01-29T12:24:42+08:00 ] /thinkmao/Index.php/Good?gid=11 | NOTIC: [8] Undefined offset: 136 common.php 第 119 行.
[ 2013-01-29T12:24:42+08:00 ] /thinkmao/Index.php/Good?gid=11 | NOTIC: [8] Undefined offset: 137 common.php 第 119 行.
[ 2013-01-29T12:24:42+08:00 ] /thinkmao/Index.php/Good?gid=11 | NOTIC: [8] Undefined offset: 138 common.php 第 119 行.
[ 2013-01-29T12:24:42+08:00 ] /thinkmao/Index.php/Good?gid=11 | NOTIC: [8] Undefined offset: 139 common.php 第 119 行.
[ 2013-01-29T12:24:42+08:00 ] /thinkmao/Index.php/Good?gid=11 | NOTIC: [8] Undefined offset: 140 common.php 第 119 行.
[ 2013-01-29T12:24:42+08:00 ] /thinkmao/Index.php/Good?gid=11 | NOTIC: [8] Undefined offset: 141 common.php 第 119 行.
[ 2013-01-29T12:24:42+08:00 ] /thinkmao/Index.php/Good?gid=11 | NOTIC: [8] Undefined offset: 142 common.php 第 119 行.
[ 2013-01-29T12:24:42+08:00 ] /thinkmao/Index.php/Good?gid=11 | NOTIC: [8] Undefined offset: 143 common.php 第 119 行.
[ 2013-01-29T12:24:42+08:00 ] /thinkmao/Index.php/Good?gid=11 | NOTIC: [8] Undefined offset: 144 common.php 第 128 行.
[ 2013-01-29T12:24:42+08:00 ] /thinkmao/Index.php/Good?gid=11 | NOTIC: [8] Undefined offset: 145 common.php 第 128 行.
[ 2013-01-29T12:24:42+08:00 ] /thinkmao/Index.php/Good?gid=11 | NOTIC: [8] Undefined offset: 146 common.php 第 128 行.
[ 2013-01-29T12:24:42+08:00 ] /thinkmao/Index.php/Good?gid=11 | NOTIC: [8] Undefined offset: 147 common.php 第 128 行.
[ 2013-01-29T12:24:42+08:00 ] /thinkmao/Index.php/Good?gid=11 | NOTIC: [8] Undefined offset: 144 common.php 第 203 行.
[ 2013-01-29T12:24:42+08:00 ] /thinkmao/Index.php/Good?gid=11 | NOTIC: [8] Undefined offset: 145 common.php 第 203 行.
[ 2013-01-29T12:24:42+08:00 ] /thinkmao/Index.php/Good?gid=11 | NOTIC: [8] Undefined offset: 146 common.php 第 203 行.
[ 2013-01-29T12:24:42+08:00 ] /thinkmao/Index.php/Good?gid=11 | NOTIC: [8] Undefined offset: 147 common.php 第 203 行.
[ 2013-01-29T12:24:42+08:00 ] /thinkmao/Index.php/Good?gid=11 | INFO: Tag[ view_template ] --START--
[ 2013-01-29T12:24:42+08:00 ] /thinkmao/Index.php/Good?gid=11 | INFO: Run LocationTemplate Behavior [ RunTime:0.000116s ]
[ 2013-01-29T12:24:42+08:00 ] /thinkmao/Index.php/Good?gid=11 | INFO: Tag[ view_template ] --END-- [ RunTime:0.000158s ]
[ 2013-01-29T12:24:42+08:00 ] /thinkmao/Index.php/Good?gid=11 | INFO: Tag[ view_parse ] --START--
[ 2013-01-29T12:24:42+08:00 ] /thinkmao/Index.php/Good?gid=11 | INFO: Run ParseTemplate Behavior [ RunTime:0.002669s ]
[ 2013-01-29T12:24:42+08:00 ] /thinkmao/Index.php/Good?gid=11 | INFO: Tag[ view_parse ] --END-- [ RunTime:0.002730s ]
[ 2013-01-29T12:24:42+08:00 ] /thinkmao/Index.php/Good?gid=11 | INFO: Tag[ view_filter ] --START--
[ 2013-01-29T12:24:42+08:00 ] /thinkmao/Index.php/Good?gid=11 | INFO: Run ContentReplace Behavior [ RunTime:0.000105s ]
[ 2013-01-29T12:24:42+08:00 ] /thinkmao/Index.php/Good?gid=11 | INFO: Run TokenBuild Behavior [ RunTime:0.000057s ]
[ 2013-01-29T12:24:42+08:00 ] /thinkmao/Index.php/Good?gid=11 | INFO: Run WriteHtmlCache Behavior [ RunTime:0.000030s ]
[ 2013-01-29T12:24:42+08:00 ] /thinkmao/Index.php/Good?gid=11 | INFO: Run ShowRuntime Behavior [ RunTime:0.000073s ]
[ 2013-01-29T12:24:42+08:00 ] /thinkmao/Index.php/Good?gid=11 | INFO: Tag[ view_filter ] --END-- [ RunTime:0.000364s ]
[ 2013-01-29T12:24:42+08:00 ] /thinkmao/Index.php/Good?gid=11 | INFO: Tag[ view_end ] --START--
[ 2013-01-29T12:24:42+08:00 ] /thinkmao/Index.php/Good?gid=11 | INFO: Run ShowPageTrace Behavior [ RunTime:0.000041s ]
[ 2013-01-29T12:24:42+08:00 ] /thinkmao/Index.php/Good?gid=11 | INFO: Tag[ view_end ] --END-- [ RunTime:0.000069s ]
[ 2013-01-29T12:24:42+08:00 ] /thinkmao/Index.php/Good?gid=11 | INFO: Tag[ view_template ] --START--
[ 2013-01-29T12:24:42+08:00 ] /thinkmao/Index.php/Good?gid=11 | INFO: Run LocationTemplate Behavior [ RunTime:0.000027s ]
[ 2013-01-29T12:24:42+08:00 ] /thinkmao/Index.php/Good?gid=11 | INFO: Tag[ view_template ] --END-- [ RunTime:-0.003318s ]
[ 2013-01-29T12:24:42+08:00 ] /thinkmao/Index.php/Good?gid=11 | INFO: Tag[ view_parse ] --START--
[ 2013-01-29T12:24:42+08:00 ] /thinkmao/Index.php/Good?gid=11 | NOTIC: [8] Undefined index: @attributes TagLib.class.php 第 120 行.
[ 2013-01-29T12:24:42+08:00 ] /thinkmao/Index.php/Good?gid=11 | NOTIC: [2] array_change_key_case() expects parameter 1 to be array, null given TagLib.class.php 第 120 行.
[ 2013-01-29T12:24:42+08:00 ] /thinkmao/Index.php/Good?gid=11 | NOTIC: [8] Undefined index: @attributes TagLib.class.php 第 120 行.
[ 2013-01-29T12:24:42+08:00 ] /thinkmao/Index.php/Good?gid=11 | NOTIC: [2] array_change_key_case() expects parameter 1 to be array, null given TagLib.class.php 第 120 行.
[ 2013-01-29T12:24:42+08:00 ] /thinkmao/Index.php/Good?gid=11 | NOTIC: [8] Undefined index: gid TagLibList.class.php 第 206 行.
[ 2013-01-29T12:24:42+08:00 ] /thinkmao/Index.php/Good?gid=11 | NOTIC: [8] Undefined variable: str TagLibList.class.php 第 212 行.
[ 2013-01-29T12:24:42+08:00 ] /thinkmao/Index.php/Good?gid=11 | NOTIC: [8] Undefined index: @attributes TagLib.class.php 第 120 行.
[ 2013-01-29T12:24:42+08:00 ] /thinkmao/Index.php/Good?gid=11 | NOTIC: [2] array_change_key_case() expects parameter 1 to be array, null given TagLib.class.php 第 120 行.
[ 2013-01-29T12:24:42+08:00 ] /thinkmao/Index.php/Good?gid=11 | NOTIC: [8] Undefined index: @attributes TagLib.class.php 第 120 行.
[ 2013-01-29T12:24:42+08:00 ] /thinkmao/Index.php/Good?gid=11 | NOTIC: [2] array_change_key_case() expects parameter 1 to be array, null given TagLib.class.php 第 120 行.
[ 2013-01-29T12:24:42+08:00 ] /thinkmao/Index.php/Good?gid=11 | NOTIC: [8] Undefined index: @attributes TagLib.class.php 第 120 行.
[ 2013-01-29T12:24:42+08:00 ] /thinkmao/Index.php/Good?gid=11 | NOTIC: [2] array_change_key_case() expects parameter 1 to be array, null given TagLib.class.php 第 120 行.
[ 2013-01-29T12:24:42+08:00 ] /thinkmao/Index.php/Good?gid=11 | SQL: SELECT * FROM `hd_goods` WHERE ( `id` = 11 )  [ RunTime:0.000568s ]
[ 2013-01-29T12:24:42+08:00 ] /thinkmao/Index.php/Good?gid=11 | SQL: SELECT * FROM `hd_goods` WHERE ( `id` = 11 )  [ RunTime:0.000204s ]
[ 2013-01-29T12:24:42+08:00 ] /thinkmao/Index.php/Good?gid=11 | SQL: SELECT * FROM `hd_goods` WHERE ( `id` = 11 )  [ RunTime:0.000161s ]
[ 2013-01-29T12:24:42+08:00 ] /thinkmao/Index.php/Good?gid=11 | SQL: SELECT goods.sell_num AS sell_num,goods.id AS gid,goods.name AS gname,goods.unit AS unit,goods.number AS number,goods.price AS price,goods.pic AS pic,goods.click AS click,goods.recommend AS recommend,goods.hot AS hot,goods.time AS time,goods.cid AS cid,goods.bid AS bid,goods.tid AS tid,goods.mprice AS mprice,goods_attr.id AS attrid,goods_attr.value AS value,goods_attr.price AS attr_price,type_attr.id AS attr_id,type_attr.name AS attr_name,type_attr.type AS type,brand.name AS brand_name,brand.logo AS logo,brand.hot AS hot_brand,goods_intro.mini AS mini,goods_intro.medium AS medium,goods_intro.max AS max,goods_intro.intro AS intro,goods_intro.service AS service,goods_list.id AS in_id,goods_list.inventory AS inventory,goods_list.attr AS attr_com,goods_list.number AS in_number,goods_list.series AS series,goods_list.price AS in_price FROM hd_goods goods LEFT JOIN hd_goods_attr goods_attr ON goods_attr.gid =goods.id LEFT JOIN hd_type_attr type_attr ON goods_attr.aid = type_attr.id  JOIN hd_brand brand ON goods.bid = brand.id  JOIN hd_goods_intro goods_intro ON goods.id = goods_intro.gid  JOIN hd_goods_list goods_list ON goods.id = goods_list.gid WHERE ( goods.id = 11 )  [ RunTime:0.002854s ]
[ 2013-01-29T12:24:42+08:00 ] /thinkmao/Index.php/Good?gid=11 | NOTIC: [8] Undefined offset: 121 common.php 第 119 行.
[ 2013-01-29T12:24:42+08:00 ] /thinkmao/Index.php/Good?gid=11 | NOTIC: [8] Undefined offset: 122 common.php 第 119 行.
[ 2013-01-29T12:24:42+08:00 ] /thinkmao/Index.php/Good?gid=11 | NOTIC: [8] Undefined offset: 123 common.php 第 119 行.
[ 2013-01-29T12:24:42+08:00 ] /thinkmao/Index.php/Good?gid=11 | NOTIC: [8] Undefined offset: 124 common.php 第 119 行.
[ 2013-01-29T12:24:42+08:00 ] /thinkmao/Index.php/Good?gid=11 | NOTIC: [8] Undefined offset: 125 common.php 第 119 行.
[ 2013-01-29T12:24:42+08:00 ] /thinkmao/Index.php/Good?gid=11 | NOTIC: [8] Undefined offset: 126 common.php 第 119 行.
[ 2013-01-29T12:24:42+08:00 ] /thinkmao/Index.php/Good?gid=11 | NOTIC: [8] Undefined offset: 127 common.php 第 119 行.
[ 2013-01-29T12:24:42+08:00 ] /thinkmao/Index.php/Good?gid=11 | NOTIC: [8] Undefined offset: 128 common.php 第 119 行.
[ 2013-01-29T12:24:42+08:00 ] /thinkmao/Index.php/Good?gid=11 | NOTIC: [8] Undefined offset: 129 common.php 第 119 行.
[ 2013-01-29T12:24:42+08:00 ] /thinkmao/Index.php/Good?gid=11 | NOTIC: [8] Undefined offset: 130 common.php 第 119 行.
[ 2013-01-29T12:24:42+08:00 ] /thinkmao/Index.php/Good?gid=11 | NOTIC: [8] Undefined offset: 131 common.php 第 119 行.
[ 2013-01-29T12:24:42+08:00 ] /thinkmao/Index.php/Good?gid=11 | NOTIC: [8] Undefined offset: 132 common.php 第 119 行.
[ 2013-01-29T12:24:42+08:00 ] /thinkmao/Index.php/Good?gid=11 | NOTIC: [8] Undefined offset: 133 common.php 第 119 行.
[ 2013-01-29T12:24:42+08:00 ] /thinkmao/Index.php/Good?gid=11 | NOTIC: [8] Undefined offset: 134 common.php 第 119 行.
[ 2013-01-29T12:24:42+08:00 ] /thinkmao/Index.php/Good?gid=11 | NOTIC: [8] Undefined offset: 135 common.php 第 119 行.
[ 2013-01-29T12:24:42+08:00 ] /thinkmao/Index.php/Good?gid=11 | NOTIC: [8] Undefined offset: 136 common.php 第 119 行.
[ 2013-01-29T12:24:42+08:00 ] /thinkmao/Index.php/Good?gid=11 | NOTIC: [8] Undefined offset: 137 common.php 第 119 行.
[ 2013-01-29T12:24:42+08:00 ] /thinkmao/Index.php/Good?gid=11 | NOTIC: [8] Undefined offset: 138 common.php 第 119 行.
[ 2013-01-29T12:24:42+08:00 ] /thinkmao/Index.php/Good?gid=11 | NOTIC: [8] Undefined offset: 139 common.php 第 119 行.
[ 2013-01-29T12:24:42+08:00 ] /thinkmao/Index.php/Good?gid=11 | NOTIC: [8] Undefined offset: 140 common.php 第 119 行.
[ 2013-01-29T12:24:42+08:00 ] /thinkmao/Index.php/Good?gid=11 | NOTIC: [8] Undefined offset: 141 common.php 第 119 行.
[ 2013-01-29T12:24:42+08:00 ] /thinkmao/Index.php/Good?gid=11 | NOTIC: [8] Undefined offset: 142 common.php 第 119 行.
[ 2013-01-29T12:24:42+08:00 ] /thinkmao/Index.php/Good?gid=11 | NOTIC: [8] Undefined offset: 143 common.php 第 119 行.
[ 2013-01-29T12:24:42+08:00 ] /thinkmao/Index.php/Good?gid=11 | NOTIC: [8] Undefined offset: 144 common.php 第 128 行.
[ 2013-01-29T12:24:42+08:00 ] /thinkmao/Index.php/Good?gid=11 | NOTIC: [8] Undefined offset: 145 common.php 第 128 行.
[ 2013-01-29T12:24:42+08:00 ] /thinkmao/Index.php/Good?gid=11 | NOTIC: [8] Undefined offset: 146 common.php 第 128 行.
[ 2013-01-29T12:24:42+08:00 ] /thinkmao/Index.php/Good?gid=11 | NOTIC: [8] Undefined offset: 147 common.php 第 128 行.
[ 2013-01-29T12:24:42+08:00 ] /thinkmao/Index.php/Good?gid=11 | NOTIC: [8] Undefined offset: 144 common.php 第 203 行.
[ 2013-01-29T12:24:42+08:00 ] /thinkmao/Index.php/Good?gid=11 | NOTIC: [8] Undefined offset: 145 common.php 第 203 行.
[ 2013-01-29T12:24:42+08:00 ] /thinkmao/Index.php/Good?gid=11 | NOTIC: [8] Undefined offset: 146 common.php 第 203 行.
[ 2013-01-29T12:24:42+08:00 ] /thinkmao/Index.php/Good?gid=11 | NOTIC: [8] Undefined offset: 147 common.php 第 203 行.
[ 2013-01-29T12:24:42+08:00 ] /thinkmao/Index.php/Good?gid=11 | SQL: SELECT goods.sell_num AS sell_num,goods.id AS gid,goods.name AS gname,goods.unit AS unit,goods.number AS number,goods.price AS price,goods.pic AS pic,goods.click AS click,goods.recommend AS recommend,goods.hot AS hot,goods.time AS time,goods.cid AS cid,goods.bid AS bid,goods.tid AS tid,goods.mprice AS mprice,goods_attr.id AS attrid,goods_attr.value AS value,goods_attr.price AS attr_price,type_attr.id AS attr_id,type_attr.name AS attr_name,type_attr.type AS type,brand.name AS brand_name,brand.logo AS logo,brand.hot AS hot_brand,goods_intro.mini AS mini,goods_intro.medium AS medium,goods_intro.max AS max,goods_intro.intro AS intro,goods_intro.service AS service,goods_list.id AS in_id,goods_list.inventory AS inventory,goods_list.attr AS attr_com,goods_list.number AS in_number,goods_list.series AS series,goods_list.price AS in_price FROM hd_goods goods LEFT JOIN hd_goods_attr goods_attr ON goods_attr.gid =goods.id LEFT JOIN hd_type_attr type_attr ON goods_attr.aid = type_attr.id  JOIN hd_brand brand ON goods.bid = brand.id  JOIN hd_goods_intro goods_intro ON goods.id = goods_intro.gid  JOIN hd_goods_list goods_list ON goods.id = goods_list.gid WHERE ( goods.id = 11 )  [ RunTime:0.003348s ]
[ 2013-01-29T12:24:42+08:00 ] /thinkmao/Index.php/Good?gid=11 | NOTIC: [8] Undefined offset: 121 common.php 第 119 行.
[ 2013-01-29T12:24:42+08:00 ] /thinkmao/Index.php/Good?gid=11 | NOTIC: [8] Undefined offset: 122 common.php 第 119 行.
[ 2013-01-29T12:24:42+08:00 ] /thinkmao/Index.php/Good?gid=11 | NOTIC: [8] Undefined offset: 123 common.php 第 119 行.
[ 2013-01-29T12:24:42+08:00 ] /thinkmao/Index.php/Good?gid=11 | NOTIC: [8] Undefined offset: 124 common.php 第 119 行.
[ 2013-01-29T12:24:42+08:00 ] /thinkmao/Index.php/Good?gid=11 | NOTIC: [8] Undefined offset: 125 common.php 第 119 行.
[ 2013-01-29T12:24:42+08:00 ] /thinkmao/Index.php/Good?gid=11 | NOTIC: [8] Undefined offset: 126 common.php 第 119 行.
[ 2013-01-29T12:24:42+08:00 ] /thinkmao/Index.php/Good?gid=11 | NOTIC: [8] Undefined offset: 127 common.php 第 119 行.
[ 2013-01-29T12:24:42+08:00 ] /thinkmao/Index.php/Good?gid=11 | NOTIC: [8] Undefined offset: 128 common.php 第 119 行.
[ 2013-01-29T12:24:42+08:00 ] /thinkmao/Index.php/Good?gid=11 | NOTIC: [8] Undefined offset: 129 common.php 第 119 行.
[ 2013-01-29T12:24:42+08:00 ] /thinkmao/Index.php/Good?gid=11 | NOTIC: [8] Undefined offset: 130 common.php 第 119 行.
[ 2013-01-29T12:24:42+08:00 ] /thinkmao/Index.php/Good?gid=11 | NOTIC: [8] Undefined offset: 131 common.php 第 119 行.
[ 2013-01-29T12:24:42+08:00 ] /thinkmao/Index.php/Good?gid=11 | NOTIC: [8] Undefined offset: 132 common.php 第 119 行.
[ 2013-01-29T12:24:42+08:00 ] /thinkmao/Index.php/Good?gid=11 | NOTIC: [8] Undefined offset: 133 common.php 第 119 行.
[ 2013-01-29T12:24:42+08:00 ] /thinkmao/Index.php/Good?gid=11 | NOTIC: [8] Undefined offset: 134 common.php 第 119 行.
[ 2013-01-29T12:24:42+08:00 ] /thinkmao/Index.php/Good?gid=11 | NOTIC: [8] Undefined offset: 135 common.php 第 119 行.
[ 2013-01-29T12:24:42+08:00 ] /thinkmao/Index.php/Good?gid=11 | NOTIC: [8] Undefined offset: 136 common.php 第 119 行.
[ 2013-01-29T12:24:42+08:00 ] /thinkmao/Index.php/Good?gid=11 | NOTIC: [8] Undefined offset: 137 common.php 第 119 行.
[ 2013-01-29T12:24:42+08:00 ] /thinkmao/Index.php/Good?gid=11 | NOTIC: [8] Undefined offset: 138 common.php 第 119 行.
[ 2013-01-29T12:24:42+08:00 ] /thinkmao/Index.php/Good?gid=11 | NOTIC: [8] Undefined offset: 139 common.php 第 119 行.
[ 2013-01-29T12:24:42+08:00 ] /thinkmao/Index.php/Good?gid=11 | NOTIC: [8] Undefined offset: 140 common.php 第 119 行.
[ 2013-01-29T12:24:42+08:00 ] /thinkmao/Index.php/Good?gid=11 | NOTIC: [8] Undefined offset: 141 common.php 第 119 行.
[ 2013-01-29T12:24:42+08:00 ] /thinkmao/Index.php/Good?gid=11 | NOTIC: [8] Undefined offset: 142 common.php 第 119 行.
[ 2013-01-29T12:24:42+08:00 ] /thinkmao/Index.php/Good?gid=11 | NOTIC: [8] Undefined offset: 143 common.php 第 119 行.
[ 2013-01-29T12:24:42+08:00 ] /thinkmao/Index.php/Good?gid=11 | NOTIC: [8] Undefined offset: 144 common.php 第 128 行.
[ 2013-01-29T12:24:42+08:00 ] /thinkmao/Index.php/Good?gid=11 | NOTIC: [8] Undefined offset: 145 common.php 第 128 行.
[ 2013-01-29T12:24:42+08:00 ] /thinkmao/Index.php/Good?gid=11 | NOTIC: [8] Undefined offset: 146 common.php 第 128 行.
[ 2013-01-29T12:24:42+08:00 ] /thinkmao/Index.php/Good?gid=11 | NOTIC: [8] Undefined offset: 147 common.php 第 128 行.
[ 2013-01-29T12:24:42+08:00 ] /thinkmao/Index.php/Good?gid=11 | NOTIC: [8] Undefined offset: 144 common.php 第 203 行.
[ 2013-01-29T12:24:42+08:00 ] /thinkmao/Index.php/Good?gid=11 | NOTIC: [8] Undefined offset: 145 common.php 第 203 行.
[ 2013-01-29T12:24:42+08:00 ] /thinkmao/Index.php/Good?gid=11 | NOTIC: [8] Undefined offset: 146 common.php 第 203 行.
[ 2013-01-29T12:24:42+08:00 ] /thinkmao/Index.php/Good?gid=11 | NOTIC: [8] Undefined offset: 147 common.php 第 203 行.
[ 2013-01-29T12:24:42+08:00 ] /thinkmao/Index.php/Good?gid=11 | SQL: SELECT goods.sell_num AS sell_num,goods.id AS gid,goods.name AS gname,goods.unit AS unit,goods.number AS number,goods.price AS price,goods.pic AS pic,goods.click AS click,goods.recommend AS recommend,goods.hot AS hot,goods.time AS time,goods.cid AS cid,goods.bid AS bid,goods.tid AS tid,goods.mprice AS mprice,goods_attr.id AS attrid,goods_attr.value AS value,goods_attr.price AS attr_price,type_attr.id AS attr_id,type_attr.name AS attr_name,type_attr.type AS type,brand.name AS brand_name,brand.logo AS logo,brand.hot AS hot_brand,goods_intro.mini AS mini,goods_intro.medium AS medium,goods_intro.max AS max,goods_intro.intro AS intro,goods_intro.service AS service,goods_list.id AS in_id,goods_list.inventory AS inventory,goods_list.attr AS attr_com,goods_list.number AS in_number,goods_list.series AS series,goods_list.price AS in_price FROM hd_goods goods LEFT JOIN hd_goods_attr goods_attr ON goods_attr.gid =goods.id LEFT JOIN hd_type_attr type_attr ON goods_attr.aid = type_attr.id  JOIN hd_brand brand ON goods.bid = brand.id  JOIN hd_goods_intro goods_intro ON goods.id = goods_intro.gid  JOIN hd_goods_list goods_list ON goods.id = goods_list.gid WHERE ( goods.id = 11 )  [ RunTime:0.007895s ]
[ 2013-01-29T12:24:42+08:00 ] /thinkmao/Index.php/Good?gid=11 | NOTIC: [8] Undefined offset: 121 common.php 第 119 行.
[ 2013-01-29T12:24:42+08:00 ] /thinkmao/Index.php/Good?gid=11 | NOTIC: [8] Undefined offset: 122 common.php 第 119 行.
[ 2013-01-29T12:24:42+08:00 ] /thinkmao/Index.php/Good?gid=11 | NOTIC: [8] Undefined offset: 123 common.php 第 119 行.
[ 2013-01-29T12:24:42+08:00 ] /thinkmao/Index.php/Good?gid=11 | NOTIC: [8] Undefined offset: 124 common.php 第 119 行.
[ 2013-01-29T12:24:42+08:00 ] /thinkmao/Index.php/Good?gid=11 | NOTIC: [8] Undefined offset: 125 common.php 第 119 行.
[ 2013-01-29T12:24:42+08:00 ] /thinkmao/Index.php/Good?gid=11 | NOTIC: [8] Undefined offset: 126 common.php 第 119 行.
[ 2013-01-29T12:24:42+08:00 ] /thinkmao/Index.php/Good?gid=11 | NOTIC: [8] Undefined offset: 127 common.php 第 119 行.
[ 2013-01-29T12:24:42+08:00 ] /thinkmao/Index.php/Good?gid=11 | NOTIC: [8] Undefined offset: 128 common.php 第 119 行.
[ 2013-01-29T12:24:42+08:00 ] /thinkmao/Index.php/Good?gid=11 | NOTIC: [8] Undefined offset: 129 common.php 第 119 行.
[ 2013-01-29T12:24:42+08:00 ] /thinkmao/Index.php/Good?gid=11 | NOTIC: [8] Undefined offset: 130 common.php 第 119 行.
[ 2013-01-29T12:24:42+08:00 ] /thinkmao/Index.php/Good?gid=11 | NOTIC: [8] Undefined offset: 131 common.php 第 119 行.
[ 2013-01-29T12:24:42+08:00 ] /thinkmao/Index.php/Good?gid=11 | NOTIC: [8] Undefined offset: 132 common.php 第 119 行.
[ 2013-01-29T12:24:42+08:00 ] /thinkmao/Index.php/Good?gid=11 | NOTIC: [8] Undefined offset: 133 common.php 第 119 行.
[ 2013-01-29T12:24:42+08:00 ] /thinkmao/Index.php/Good?gid=11 | NOTIC: [8] Undefined offset: 134 common.php 第 119 行.
[ 2013-01-29T12:24:42+08:00 ] /thinkmao/Index.php/Good?gid=11 | NOTIC: [8] Undefined offset: 135 common.php 第 119 行.
[ 2013-01-29T12:24:42+08:00 ] /thinkmao/Index.php/Good?gid=11 | NOTIC: [8] Undefined offset: 136 common.php 第 119 行.
[ 2013-01-29T12:24:42+08:00 ] /thinkmao/Index.php/Good?gid=11 | NOTIC: [8] Undefined offset: 137 common.php 第 119 行.
[ 2013-01-29T12:24:42+08:00 ] /thinkmao/Index.php/Good?gid=11 | NOTIC: [8] Undefined offset: 138 common.php 第 119 行.
[ 2013-01-29T12:24:42+08:00 ] /thinkmao/Index.php/Good?gid=11 | NOTIC: [8] Undefined offset: 139 common.php 第 119 行.
[ 2013-01-29T12:24:42+08:00 ] /thinkmao/Index.php/Good?gid=11 | NOTIC: [8] Undefined offset: 140 common.php 第 119 行.
[ 2013-01-29T12:24:42+08:00 ] /thinkmao/Index.php/Good?gid=11 | NOTIC: [8] Undefined offset: 141 common.php 第 119 行.
[ 2013-01-29T12:24:42+08:00 ] /thinkmao/Index.php/Good?gid=11 | NOTIC: [8] Undefined offset: 142 common.php 第 119 行.
[ 2013-01-29T12:24:42+08:00 ] /thinkmao/Index.php/Good?gid=11 | NOTIC: [8] Undefined offset: 143 common.php 第 119 行.
[ 2013-01-29T12:24:42+08:00 ] /thinkmao/Index.php/Good?gid=11 | NOTIC: [8] Undefined offset: 144 common.php 第 128 行.
[ 2013-01-29T12:24:42+08:00 ] /thinkmao/Index.php/Good?gid=11 | NOTIC: [8] Undefined offset: 145 common.php 第 128 行.
[ 2013-01-29T12:24:42+08:00 ] /thinkmao/Index.php/Good?gid=11 | NOTIC: [8] Undefined offset: 146 common.php 第 128 行.
[ 2013-01-29T12:24:42+08:00 ] /thinkmao/Index.php/Good?gid=11 | NOTIC: [8] Undefined offset: 147 common.php 第 128 行.
[ 2013-01-29T12:24:42+08:00 ] /thinkmao/Index.php/Good?gid=11 | NOTIC: [8] Undefined offset: 144 common.php 第 203 行.
[ 2013-01-29T12:24:42+08:00 ] /thinkmao/Index.php/Good?gid=11 | NOTIC: [8] Undefined offset: 145 common.php 第 203 行.
[ 2013-01-29T12:24:42+08:00 ] /thinkmao/Index.php/Good?gid=11 | NOTIC: [8] Undefined offset: 146 common.php 第 203 行.
[ 2013-01-29T12:24:42+08:00 ] /thinkmao/Index.php/Good?gid=11 | NOTIC: [8] Undefined offset: 147 common.php 第 203 行.
[ 2013-01-29T12:24:42+08:00 ] /thinkmao/Index.php/Good?gid=11 | SQL: SELECT goods.sell_num AS sell_num,goods.id AS gid,goods.name AS gname,goods.unit AS unit,goods.number AS number,goods.price AS price,goods.pic AS pic,goods.click AS click,goods.recommend AS recommend,goods.hot AS hot,goods.time AS time,goods.cid AS cid,goods.bid AS bid,goods.tid AS tid,goods.mprice AS mprice,goods_attr.id AS attrid,goods_attr.value AS value,goods_attr.price AS attr_price,type_attr.id AS attr_id,type_attr.name AS attr_name,type_attr.type AS type,brand.name AS brand_name,brand.logo AS logo,brand.hot AS hot_brand,goods_intro.mini AS mini,goods_intro.medium AS medium,goods_intro.max AS max,goods_intro.intro AS intro,goods_intro.service AS service,goods_list.id AS in_id,goods_list.inventory AS inventory,goods_list.attr AS attr_com,goods_list.number AS in_number,goods_list.series AS series,goods_list.price AS in_price FROM hd_goods goods LEFT JOIN hd_goods_attr goods_attr ON goods_attr.gid =goods.id LEFT JOIN hd_type_attr type_attr ON goods_attr.aid = type_attr.id  JOIN hd_brand brand ON goods.bid = brand.id  JOIN hd_goods_intro goods_intro ON goods.id = goods_intro.gid  JOIN hd_goods_list goods_list ON goods.id = goods_list.gid WHERE ( goods.id = 11 )  [ RunTime:0.004560s ]
[ 2013-01-29T12:24:42+08:00 ] /thinkmao/Index.php/Good?gid=11 | NOTIC: [8] Undefined offset: 121 common.php 第 119 行.
[ 2013-01-29T12:24:42+08:00 ] /thinkmao/Index.php/Good?gid=11 | NOTIC: [8] Undefined offset: 122 common.php 第 119 行.
[ 2013-01-29T12:24:42+08:00 ] /thinkmao/Index.php/Good?gid=11 | NOTIC: [8] Undefined offset: 123 common.php 第 119 行.
[ 2013-01-29T12:24:42+08:00 ] /thinkmao/Index.php/Good?gid=11 | NOTIC: [8] Undefined offset: 124 common.php 第 119 行.
[ 2013-01-29T12:24:42+08:00 ] /thinkmao/Index.php/Good?gid=11 | NOTIC: [8] Undefined offset: 125 common.php 第 119 行.
[ 2013-01-29T12:24:42+08:00 ] /thinkmao/Index.php/Good?gid=11 | NOTIC: [8] Undefined offset: 126 common.php 第 119 行.
[ 2013-01-29T12:24:42+08:00 ] /thinkmao/Index.php/Good?gid=11 | NOTIC: [8] Undefined offset: 127 common.php 第 119 行.
[ 2013-01-29T12:24:42+08:00 ] /thinkmao/Index.php/Good?gid=11 | NOTIC: [8] Undefined offset: 128 common.php 第 119 行.
[ 2013-01-29T12:24:42+08:00 ] /thinkmao/Index.php/Good?gid=11 | NOTIC: [8] Undefined offset: 129 common.php 第 119 行.
[ 2013-01-29T12:24:42+08:00 ] /thinkmao/Index.php/Good?gid=11 | NOTIC: [8] Undefined offset: 130 common.php 第 119 行.
[ 2013-01-29T12:24:42+08:00 ] /thinkmao/Index.php/Good?gid=11 | NOTIC: [8] Undefined offset: 131 common.php 第 119 行.
[ 2013-01-29T12:24:42+08:00 ] /thinkmao/Index.php/Good?gid=11 | NOTIC: [8] Undefined offset: 132 common.php 第 119 行.
[ 2013-01-29T12:24:42+08:00 ] /thinkmao/Index.php/Good?gid=11 | NOTIC: [8] Undefined offset: 133 common.php 第 119 行.
[ 2013-01-29T12:24:42+08:00 ] /thinkmao/Index.php/Good?gid=11 | NOTIC: [8] Undefined offset: 134 common.php 第 119 行.
[ 2013-01-29T12:24:42+08:00 ] /thinkmao/Index.php/Good?gid=11 | NOTIC: [8] Undefined offset: 135 common.php 第 119 行.
[ 2013-01-29T12:24:42+08:00 ] /thinkmao/Index.php/Good?gid=11 | NOTIC: [8] Undefined offset: 136 common.php 第 119 行.
[ 2013-01-29T12:24:42+08:00 ] /thinkmao/Index.php/Good?gid=11 | NOTIC: [8] Undefined offset: 137 common.php 第 119 行.
[ 2013-01-29T12:24:42+08:00 ] /thinkmao/Index.php/Good?gid=11 | NOTIC: [8] Undefined offset: 138 common.php 第 119 行.
[ 2013-01-29T12:24:42+08:00 ] /thinkmao/Index.php/Good?gid=11 | NOTIC: [8] Undefined offset: 139 common.php 第 119 行.
[ 2013-01-29T12:24:42+08:00 ] /thinkmao/Index.php/Good?gid=11 | NOTIC: [8] Undefined offset: 140 common.php 第 119 行.
[ 2013-01-29T12:24:42+08:00 ] /thinkmao/Index.php/Good?gid=11 | NOTIC: [8] Undefined offset: 141 common.php 第 119 行.
[ 2013-01-29T12:24:42+08:00 ] /thinkmao/Index.php/Good?gid=11 | NOTIC: [8] Undefined offset: 142 common.php 第 119 行.
[ 2013-01-29T12:24:42+08:00 ] /thinkmao/Index.php/Good?gid=11 | NOTIC: [8] Undefined offset: 143 common.php 第 119 行.
[ 2013-01-29T12:24:42+08:00 ] /thinkmao/Index.php/Good?gid=11 | NOTIC: [8] Undefined offset: 144 common.php 第 128 行.
[ 2013-01-29T12:24:42+08:00 ] /thinkmao/Index.php/Good?gid=11 | NOTIC: [8] Undefined offset: 145 common.php 第 128 行.
[ 2013-01-29T12:24:42+08:00 ] /thinkmao/Index.php/Good?gid=11 | NOTIC: [8] Undefined offset: 146 common.php 第 128 行.
[ 2013-01-29T12:24:42+08:00 ] /thinkmao/Index.php/Good?gid=11 | NOTIC: [8] Undefined offset: 147 common.php 第 128 行.
[ 2013-01-29T12:24:42+08:00 ] /thinkmao/Index.php/Good?gid=11 | NOTIC: [8] Undefined offset: 144 common.php 第 203 行.
[ 2013-01-29T12:24:42+08:00 ] /thinkmao/Index.php/Good?gid=11 | NOTIC: [8] Undefined offset: 145 common.php 第 203 行.
[ 2013-01-29T12:24:42+08:00 ] /thinkmao/Index.php/Good?gid=11 | NOTIC: [8] Undefined offset: 146 common.php 第 203 行.
[ 2013-01-29T12:24:42+08:00 ] /thinkmao/Index.php/Good?gid=11 | NOTIC: [8] Undefined offset: 147 common.php 第 203 行.
[ 2013-01-29T12:24:42+08:00 ] /thinkmao/Index.php/Good?gid=11 | INFO: Run ParseTemplate Behavior [ RunTime:0.056318s ]
[ 2013-01-29T12:24:42+08:00 ] /thinkmao/Index.php/Good?gid=11 | INFO: Tag[ view_parse ] --END-- [ RunTime:-0.000637s ]
[ 2013-01-29T12:24:42+08:00 ] /thinkmao/Index.php/Good?gid=11 | INFO: Tag[ view_filter ] --START--
[ 2013-01-29T12:24:43+08:00 ] /thinkmao/Index.php/Good?gid=11 | INFO: Run ContentReplace Behavior [ RunTime:0.000433s ]
[ 2013-01-29T12:24:43+08:00 ] /thinkmao/Index.php/Good?gid=11 | INFO: Run TokenBuild Behavior [ RunTime:0.000078s ]
[ 2013-01-29T12:24:43+08:00 ] /thinkmao/Index.php/Good?gid=11 | INFO: Run WriteHtmlCache Behavior [ RunTime:0.000018s ]
[ 2013-01-29T12:24:43+08:00 ] /thinkmao/Index.php/Good?gid=11 | INFO: Run ShowRuntime Behavior [ RunTime:0.000189s ]
[ 2013-01-29T12:24:43+08:00 ] /thinkmao/Index.php/Good?gid=11 | INFO: Tag[ view_filter ] --END-- [ RunTime:-0.056756s ]
[ 2013-01-29T12:24:43+08:00 ] /thinkmao/Index.php/Good?gid=11 | INFO: Tag[ view_end ] --START--
[ 2013-01-29T12:24:43+08:00 ] /thinkmao/Index.php/Good?gid=11 | INFO: Run ShowPageTrace Behavior [ RunTime:0.000014s ]
[ 2013-01-29T12:24:43+08:00 ] /thinkmao/Index.php/Good?gid=11 | INFO: Tag[ view_end ] --END-- [ RunTime:-0.058002s ]
[ 2013-01-29T12:24:43+08:00 ] /thinkmao/Index.php/ | INFO: Tag[ route_check ] --START--
[ 2013-01-29T12:24:43+08:00 ] /thinkmao/Index.php/ | INFO: Run CheckRoute Behavior [ RunTime:0.000062s ]
[ 2013-01-29T12:24:43+08:00 ] /thinkmao/Index.php/ | INFO: Tag[ route_check ] --END-- [ RunTime:0.000170s ]
[ 2013-01-29T12:24:43+08:00 ] /thinkmao/Index.php/ | INFO: Tag[ app_begin ] --START--
[ 2013-01-29T12:24:43+08:00 ] /thinkmao/Index.php/ | INFO: Run ReadHtmlCache Behavior [ RunTime:0.000054s ]
[ 2013-01-29T12:24:43+08:00 ] /thinkmao/Index.php/ | INFO: Tag[ app_begin ] --END-- [ RunTime:0.000081s ]
[ 2013-01-29T12:24:43+08:00 ] /thinkmao/Index.php/ | INFO: Tag[ view_template ] --START--
[ 2013-01-29T12:24:43+08:00 ] /thinkmao/Index.php/ | INFO: Run LocationTemplate Behavior [ RunTime:0.000056s ]
[ 2013-01-29T12:24:43+08:00 ] /thinkmao/Index.php/ | INFO: Tag[ view_template ] --END-- [ RunTime:0.000086s ]
[ 2013-01-29T12:24:43+08:00 ] /thinkmao/Index.php/ | INFO: Tag[ view_parse ] --START--
[ 2013-01-29T12:24:43+08:00 ] /thinkmao/Index.php/ | INFO: Run ParseTemplate Behavior [ RunTime:0.002346s ]
[ 2013-01-29T12:24:43+08:00 ] /thinkmao/Index.php/ | INFO: Tag[ view_parse ] --END-- [ RunTime:0.002401s ]
[ 2013-01-29T12:24:43+08:00 ] /thinkmao/Index.php/ | INFO: Tag[ view_filter ] --START--
[ 2013-01-29T12:24:43+08:00 ] /thinkmao/Index.php/ | INFO: Run ContentReplace Behavior [ RunTime:0.000088s ]
[ 2013-01-29T12:24:43+08:00 ] /thinkmao/Index.php/ | INFO: Run TokenBuild Behavior [ RunTime:0.000055s ]
[ 2013-01-29T12:24:43+08:00 ] /thinkmao/Index.php/ | INFO: Run WriteHtmlCache Behavior [ RunTime:0.000033s ]
[ 2013-01-29T12:24:43+08:00 ] /thinkmao/Index.php/ | INFO: Run ShowRuntime Behavior [ RunTime:0.000068s ]
[ 2013-01-29T12:24:43+08:00 ] /thinkmao/Index.php/ | INFO: Tag[ view_filter ] --END-- [ RunTime:0.000327s ]
[ 2013-01-29T12:24:43+08:00 ] /thinkmao/Index.php/ | INFO: Tag[ view_end ] --START--
[ 2013-01-29T12:24:43+08:00 ] /thinkmao/Index.php/ | INFO: Run ShowPageTrace Behavior [ RunTime:0.000039s ]
[ 2013-01-29T12:24:43+08:00 ] /thinkmao/Index.php/ | INFO: Tag[ view_end ] --END-- [ RunTime:0.000067s ]
[ 2013-01-29T12:24:43+08:00 ] /thinkmao/Index.php/ | INFO: Tag[ view_template ] --START--
[ 2013-01-29T12:24:43+08:00 ] /thinkmao/Index.php/ | INFO: Run LocationTemplate Behavior [ RunTime:0.000030s ]
[ 2013-01-29T12:24:43+08:00 ] /thinkmao/Index.php/ | INFO: Tag[ view_template ] --END-- [ RunTime:-0.002958s ]
[ 2013-01-29T12:24:43+08:00 ] /thinkmao/Index.php/ | INFO: Tag[ view_parse ] --START--
[ 2013-01-29T12:24:43+08:00 ] /thinkmao/Index.php/ | INFO: Run ParseTemplate Behavior [ RunTime:0.096952s ]
[ 2013-01-29T12:24:43+08:00 ] /thinkmao/Index.php/ | INFO: Tag[ view_parse ] --END-- [ RunTime:-0.000610s ]
[ 2013-01-29T12:24:43+08:00 ] /thinkmao/Index.php/ | INFO: Tag[ view_filter ] --START--
[ 2013-01-29T12:24:43+08:00 ] /thinkmao/Index.php/ | INFO: Run ContentReplace Behavior [ RunTime:0.000535s ]
[ 2013-01-29T12:24:43+08:00 ] /thinkmao/Index.php/ | INFO: Run TokenBuild Behavior [ RunTime:0.000034s ]
[ 2013-01-29T12:24:43+08:00 ] /thinkmao/Index.php/ | INFO: Run WriteHtmlCache Behavior [ RunTime:0.000008s ]
[ 2013-01-29T12:24:43+08:00 ] /thinkmao/Index.php/ | INFO: Run ShowRuntime Behavior [ RunTime:0.000257s ]
[ 2013-01-29T12:24:43+08:00 ] /thinkmao/Index.php/ | INFO: Tag[ view_filter ] --END-- [ RunTime:-0.097340s ]
[ 2013-01-29T12:24:43+08:00 ] /thinkmao/Index.php/ | INFO: Tag[ view_end ] --START--
[ 2013-01-29T12:24:43+08:00 ] /thinkmao/Index.php/ | INFO: Run ShowPageTrace Behavior [ RunTime:0.000030s ]
[ 2013-01-29T12:24:43+08:00 ] /thinkmao/Index.php/ | INFO: Tag[ view_end ] --END-- [ RunTime:-0.099486s ]
[ 2013-01-29T12:24:43+08:00 ] /thinkmao/Index.php/ | INFO: Tag[ view_template ] --START--
[ 2013-01-29T12:24:43+08:00 ] /thinkmao/Index.php/ | INFO: Run LocationTemplate Behavior [ RunTime:0.000046s ]
[ 2013-01-29T12:24:43+08:00 ] /thinkmao/Index.php/ | INFO: Tag[ view_template ] --END-- [ RunTime:-0.102528s ]
[ 2013-01-29T12:24:43+08:00 ] /thinkmao/Index.php/ | INFO: Tag[ view_parse ] --START--
[ 2013-01-29T12:24:43+08:00 ] /thinkmao/Index.php/ | INFO: Run ParseTemplate Behavior [ RunTime:0.013462s ]
[ 2013-01-29T12:24:43+08:00 ] /thinkmao/Index.php/ | INFO: Tag[ view_parse ] --END-- [ RunTime:-0.100200s ]
[ 2013-01-29T12:24:43+08:00 ] /thinkmao/Index.php/ | INFO: Tag[ view_filter ] --START--
[ 2013-01-29T12:24:43+08:00 ] /thinkmao/Index.php/ | INFO: Run ContentReplace Behavior [ RunTime:0.000057s ]
[ 2013-01-29T12:24:43+08:00 ] /thinkmao/Index.php/ | INFO: Run TokenBuild Behavior [ RunTime:0.000029s ]
[ 2013-01-29T12:24:43+08:00 ] /thinkmao/Index.php/ | INFO: Run WriteHtmlCache Behavior [ RunTime:0.000007s ]
[ 2013-01-29T12:24:43+08:00 ] /thinkmao/Index.php/ | INFO: Run ShowRuntime Behavior [ RunTime:0.000046s ]
[ 2013-01-29T12:24:43+08:00 ] /thinkmao/Index.php/ | INFO: Tag[ view_filter ] --END-- [ RunTime:-0.113400s ]
[ 2013-01-29T12:24:43+08:00 ] /thinkmao/Index.php/ | NOTIC: [2] Cannot modify header information - headers already sent by (output started at /var/www/html/thinkmao/ThinkPHP/Lib/Core/View.class.php:124) View.class.php 第 120 行.
[ 2013-01-29T12:24:43+08:00 ] /thinkmao/Index.php/ | NOTIC: [2] Cannot modify header information - headers already sent by (output started at /var/www/html/thinkmao/ThinkPHP/Lib/Core/View.class.php:124) View.class.php 第 121 行.
[ 2013-01-29T12:24:43+08:00 ] /thinkmao/Index.php/ | NOTIC: [2] Cannot modify header information - headers already sent by (output started at /var/www/html/thinkmao/ThinkPHP/Lib/Core/View.class.php:124) View.class.php 第 122 行.
[ 2013-01-29T12:24:43+08:00 ] /thinkmao/Index.php/ | INFO: Tag[ view_end ] --START--
[ 2013-01-29T12:24:43+08:00 ] /thinkmao/Index.php/ | INFO: Run ShowPageTrace Behavior [ RunTime:0.000014s ]
[ 2013-01-29T12:24:43+08:00 ] /thinkmao/Index.php/ | INFO: Tag[ view_end ] --END-- [ RunTime:-0.113589s ]
[ 2013-01-29T12:24:43+08:00 ] /thinkmao/Index.php/ | INFO: Tag[ view_template ] --START--
[ 2013-01-29T12:24:43+08:00 ] /thinkmao/Index.php/ | INFO: Run LocationTemplate Behavior [ RunTime:0.000029s ]
[ 2013-01-29T12:24:43+08:00 ] /thinkmao/Index.php/ | INFO: Tag[ view_template ] --END-- [ RunTime:-0.116585s ]
[ 2013-01-29T12:24:43+08:00 ] /thinkmao/Index.php/ | INFO: Tag[ view_parse ] --START--
[ 2013-01-29T12:24:43+08:00 ] /thinkmao/Index.php/ | INFO: Run ParseTemplate Behavior [ RunTime:0.028672s ]
[ 2013-01-29T12:24:43+08:00 ] /thinkmao/Index.php/ | INFO: Tag[ view_parse ] --END-- [ RunTime:-0.114238s ]
[ 2013-01-29T12:24:43+08:00 ] /thinkmao/Index.php/ | INFO: Tag[ view_filter ] --START--
[ 2013-01-29T12:24:43+08:00 ] /thinkmao/Index.php/ | INFO: Run ContentReplace Behavior [ RunTime:0.000189s ]
[ 2013-01-29T12:24:43+08:00 ] /thinkmao/Index.php/ | INFO: Run TokenBuild Behavior [ RunTime:0.000030s ]
[ 2013-01-29T12:24:43+08:00 ] /thinkmao/Index.php/ | INFO: Run WriteHtmlCache Behavior [ RunTime:0.000007s ]
[ 2013-01-29T12:24:43+08:00 ] /thinkmao/Index.php/ | INFO: Run ShowRuntime Behavior [ RunTime:0.000089s ]
[ 2013-01-29T12:24:43+08:00 ] /thinkmao/Index.php/ | INFO: Tag[ view_filter ] --END-- [ RunTime:-0.142687s ]
[ 2013-01-29T12:24:43+08:00 ] /thinkmao/Index.php/ | NOTIC: [2] Cannot modify header information - headers already sent by (output started at /var/www/html/thinkmao/ThinkPHP/Lib/Core/View.class.php:124) View.class.php 第 120 行.
[ 2013-01-29T12:24:43+08:00 ] /thinkmao/Index.php/ | NOTIC: [2] Cannot modify header information - headers already sent by (output started at /var/www/html/thinkmao/ThinkPHP/Lib/Core/View.class.php:124) View.class.php 第 121 行.
[ 2013-01-29T12:24:43+08:00 ] /thinkmao/Index.php/ | NOTIC: [2] Cannot modify header information - headers already sent by (output started at /var/www/html/thinkmao/ThinkPHP/Lib/Core/View.class.php:124) View.class.php 第 122 行.
[ 2013-01-29T12:24:43+08:00 ] /thinkmao/Index.php/ | INFO: Tag[ view_end ] --START--
[ 2013-01-29T12:24:43+08:00 ] /thinkmao/Index.php/ | INFO: Run ShowPageTrace Behavior [ RunTime:0.000015s ]
[ 2013-01-29T12:24:43+08:00 ] /thinkmao/Index.php/ | INFO: Tag[ view_end ] --END-- [ RunTime:-0.143179s ]
[ 2013-01-29T12:24:43+08:00 ] /thinkmao/Index.php/ | INFO: Tag[ view_template ] --START--
[ 2013-01-29T12:24:43+08:00 ] /thinkmao/Index.php/ | INFO: Run LocationTemplate Behavior [ RunTime:0.000043s ]
[ 2013-01-29T12:24:43+08:00 ] /thinkmao/Index.php/ | INFO: Tag[ view_template ] --END-- [ RunTime:-0.146180s ]
[ 2013-01-29T12:24:43+08:00 ] /thinkmao/Index.php/ | INFO: Tag[ view_parse ] --START--
[ 2013-01-29T12:24:43+08:00 ] /thinkmao/Index.php/ | INFO: Run ParseTemplate Behavior [ RunTime:0.002943s ]
[ 2013-01-29T12:24:43+08:00 ] /thinkmao/Index.php/ | INFO: Tag[ view_parse ] --END-- [ RunTime:-0.143847s ]
[ 2013-01-29T12:24:43+08:00 ] /thinkmao/Index.php/ | INFO: Tag[ view_filter ] --START--
[ 2013-01-29T12:24:43+08:00 ] /thinkmao/Index.php/ | INFO: Run ContentReplace Behavior [ RunTime:0.000216s ]
[ 2013-01-29T12:24:43+08:00 ] /thinkmao/Index.php/ | INFO: Run TokenBuild Behavior [ RunTime:0.000031s ]
[ 2013-01-29T12:24:43+08:00 ] /thinkmao/Index.php/ | INFO: Run WriteHtmlCache Behavior [ RunTime:0.000008s ]
[ 2013-01-29T12:24:43+08:00 ] /thinkmao/Index.php/ | INFO: Run ShowRuntime Behavior [ RunTime:0.000049s ]
[ 2013-01-29T12:24:43+08:00 ] /thinkmao/Index.php/ | INFO: Tag[ view_filter ] --END-- [ RunTime:-0.146527s ]
[ 2013-01-29T12:24:43+08:00 ] /thinkmao/Index.php/ | NOTIC: [2] Cannot modify header information - headers already sent by (output started at /var/www/html/thinkmao/ThinkPHP/Lib/Core/View.class.php:124) View.class.php 第 120 行.
[ 2013-01-29T12:24:43+08:00 ] /thinkmao/Index.php/ | NOTIC: [2] Cannot modify header information - headers already sent by (output started at /var/www/html/thinkmao/ThinkPHP/Lib/Core/View.class.php:124) View.class.php 第 121 行.
[ 2013-01-29T12:24:43+08:00 ] /thinkmao/Index.php/ | NOTIC: [2] Cannot modify header information - headers already sent by (output started at /var/www/html/thinkmao/ThinkPHP/Lib/Core/View.class.php:124) View.class.php 第 122 行.
[ 2013-01-29T12:24:43+08:00 ] /thinkmao/Index.php/ | INFO: Tag[ view_end ] --START--
[ 2013-01-29T12:24:43+08:00 ] /thinkmao/Index.php/ | INFO: Run ShowPageTrace Behavior [ RunTime:0.000012s ]
[ 2013-01-29T12:24:43+08:00 ] /thinkmao/Index.php/ | INFO: Tag[ view_end ] --END-- [ RunTime:-0.146876s ]
[ 2013-01-29T12:27:44+08:00 ] /thinkmao/Index.php/Good?gid=11 | INFO: Tag[ route_check ] --START--
[ 2013-01-29T12:27:44+08:00 ] /thinkmao/Index.php/Good?gid=11 | INFO: Run CheckRoute Behavior [ RunTime:0.000061s ]
[ 2013-01-29T12:27:44+08:00 ] /thinkmao/Index.php/Good?gid=11 | INFO: Tag[ route_check ] --END-- [ RunTime:0.000155s ]
[ 2013-01-29T12:27:44+08:00 ] /thinkmao/Index.php/Good?gid=11 | INFO: Tag[ app_begin ] --START--
[ 2013-01-29T12:27:44+08:00 ] /thinkmao/Index.php/Good?gid=11 | INFO: Run ReadHtmlCache Behavior [ RunTime:0.000048s ]
[ 2013-01-29T12:27:44+08:00 ] /thinkmao/Index.php/Good?gid=11 | INFO: Tag[ app_begin ] --END-- [ RunTime:0.000072s ]
[ 2013-01-29T12:27:44+08:00 ] /thinkmao/Index.php/Good?gid=11 | SQL: SHOW COLUMNS FROM `hd_goods_list` [ RunTime:0.000548s ]
[ 2013-01-29T12:27:44+08:00 ] /thinkmao/Index.php/Good?gid=11 | SQL: SELECT `id`,`inventory`,`attr` FROM `hd_goods_list` WHERE ( `gid` = '11' )  [ RunTime:0.000440s ]
[ 2013-01-29T12:27:44+08:00 ] /thinkmao/Index.php/Good?gid=11 | SQL: SHOW COLUMNS FROM `hd_goods` [ RunTime:0.000684s ]
[ 2013-01-29T12:27:44+08:00 ] /thinkmao/Index.php/Good?gid=11 | SQL: SHOW COLUMNS FROM `hd_goods_attr` [ RunTime:0.000439s ]
[ 2013-01-29T12:27:44+08:00 ] /thinkmao/Index.php/Good?gid=11 | SQL: SHOW COLUMNS FROM `hd_type_attr` [ RunTime:0.000325s ]
[ 2013-01-29T12:27:44+08:00 ] /thinkmao/Index.php/Good?gid=11 | SQL: SHOW COLUMNS FROM `hd_brand` [ RunTime:0.000364s ]
[ 2013-01-29T12:27:44+08:00 ] /thinkmao/Index.php/Good?gid=11 | SQL: SHOW COLUMNS FROM `hd_goods_intro` [ RunTime:0.000546s ]
[ 2013-01-29T12:27:44+08:00 ] /thinkmao/Index.php/Good?gid=11 | SQL: SELECT goods.sell_num AS sell_num,goods.id AS gid,goods.name AS gname,goods.unit AS unit,goods.number AS number,goods.price AS price,goods.pic AS pic,goods.click AS click,goods.recommend AS recommend,goods.hot AS hot,goods.time AS time,goods.cid AS cid,goods.bid AS bid,goods.tid AS tid,goods.mprice AS mprice,goods_attr.id AS attrid,goods_attr.value AS value,goods_attr.price AS attr_price,type_attr.id AS attr_id,type_attr.name AS attr_name,type_attr.type AS type,brand.name AS brand_name,brand.logo AS logo,brand.hot AS hot_brand,goods_intro.mini AS mini,goods_intro.medium AS medium,goods_intro.max AS max,goods_intro.intro AS intro,goods_intro.service AS service,goods_list.id AS in_id,goods_list.inventory AS inventory,goods_list.attr AS attr_com,goods_list.number AS in_number,goods_list.series AS series,goods_list.price AS in_price FROM hd_goods goods LEFT JOIN hd_goods_attr goods_attr ON goods_attr.gid =goods.id LEFT JOIN hd_type_attr type_attr ON goods_attr.aid = type_attr.id  JOIN hd_brand brand ON goods.bid = brand.id  JOIN hd_goods_intro goods_intro ON goods.id = goods_intro.gid  JOIN hd_goods_list goods_list ON goods.id = goods_list.gid WHERE ( goods.id = '11' )  [ RunTime:0.002853s ]
[ 2013-01-29T12:27:44+08:00 ] /thinkmao/Index.php/Good?gid=11 | NOTIC: [8] Undefined offset: 121 common.php 第 119 行.
[ 2013-01-29T12:27:44+08:00 ] /thinkmao/Index.php/Good?gid=11 | NOTIC: [8] Undefined offset: 122 common.php 第 119 行.
[ 2013-01-29T12:27:44+08:00 ] /thinkmao/Index.php/Good?gid=11 | NOTIC: [8] Undefined offset: 123 common.php 第 119 行.
[ 2013-01-29T12:27:44+08:00 ] /thinkmao/Index.php/Good?gid=11 | NOTIC: [8] Undefined offset: 124 common.php 第 119 行.
[ 2013-01-29T12:27:44+08:00 ] /thinkmao/Index.php/Good?gid=11 | NOTIC: [8] Undefined offset: 125 common.php 第 119 行.
[ 2013-01-29T12:27:44+08:00 ] /thinkmao/Index.php/Good?gid=11 | NOTIC: [8] Undefined offset: 126 common.php 第 119 行.
[ 2013-01-29T12:27:44+08:00 ] /thinkmao/Index.php/Good?gid=11 | NOTIC: [8] Undefined offset: 127 common.php 第 119 行.
[ 2013-01-29T12:27:44+08:00 ] /thinkmao/Index.php/Good?gid=11 | NOTIC: [8] Undefined offset: 128 common.php 第 119 行.
[ 2013-01-29T12:27:44+08:00 ] /thinkmao/Index.php/Good?gid=11 | NOTIC: [8] Undefined offset: 129 common.php 第 119 行.
[ 2013-01-29T12:27:44+08:00 ] /thinkmao/Index.php/Good?gid=11 | NOTIC: [8] Undefined offset: 130 common.php 第 119 行.
[ 2013-01-29T12:27:44+08:00 ] /thinkmao/Index.php/Good?gid=11 | NOTIC: [8] Undefined offset: 131 common.php 第 119 行.
[ 2013-01-29T12:27:44+08:00 ] /thinkmao/Index.php/Good?gid=11 | NOTIC: [8] Undefined offset: 132 common.php 第 119 行.
[ 2013-01-29T12:27:44+08:00 ] /thinkmao/Index.php/Good?gid=11 | NOTIC: [8] Undefined offset: 133 common.php 第 119 行.
[ 2013-01-29T12:27:44+08:00 ] /thinkmao/Index.php/Good?gid=11 | NOTIC: [8] Undefined offset: 134 common.php 第 119 行.
[ 2013-01-29T12:27:44+08:00 ] /thinkmao/Index.php/Good?gid=11 | NOTIC: [8] Undefined offset: 135 common.php 第 119 行.
[ 2013-01-29T12:27:44+08:00 ] /thinkmao/Index.php/Good?gid=11 | NOTIC: [8] Undefined offset: 136 common.php 第 119 行.
[ 2013-01-29T12:27:44+08:00 ] /thinkmao/Index.php/Good?gid=11 | NOTIC: [8] Undefined offset: 137 common.php 第 119 行.
[ 2013-01-29T12:27:44+08:00 ] /thinkmao/Index.php/Good?gid=11 | NOTIC: [8] Undefined offset: 138 common.php 第 119 行.
[ 2013-01-29T12:27:44+08:00 ] /thinkmao/Index.php/Good?gid=11 | NOTIC: [8] Undefined offset: 139 common.php 第 119 行.
[ 2013-01-29T12:27:44+08:00 ] /thinkmao/Index.php/Good?gid=11 | NOTIC: [8] Undefined offset: 140 common.php 第 119 行.
[ 2013-01-29T12:27:44+08:00 ] /thinkmao/Index.php/Good?gid=11 | NOTIC: [8] Undefined offset: 141 common.php 第 119 行.
[ 2013-01-29T12:27:44+08:00 ] /thinkmao/Index.php/Good?gid=11 | NOTIC: [8] Undefined offset: 142 common.php 第 119 行.
[ 2013-01-29T12:27:44+08:00 ] /thinkmao/Index.php/Good?gid=11 | NOTIC: [8] Undefined offset: 143 common.php 第 119 行.
[ 2013-01-29T12:27:44+08:00 ] /thinkmao/Index.php/Good?gid=11 | NOTIC: [8] Undefined offset: 144 common.php 第 128 行.
[ 2013-01-29T12:27:44+08:00 ] /thinkmao/Index.php/Good?gid=11 | NOTIC: [8] Undefined offset: 145 common.php 第 128 行.
[ 2013-01-29T12:27:44+08:00 ] /thinkmao/Index.php/Good?gid=11 | NOTIC: [8] Undefined offset: 146 common.php 第 128 行.
[ 2013-01-29T12:27:44+08:00 ] /thinkmao/Index.php/Good?gid=11 | NOTIC: [8] Undefined offset: 147 common.php 第 128 行.
[ 2013-01-29T12:27:44+08:00 ] /thinkmao/Index.php/Good?gid=11 | NOTIC: [8] Undefined offset: 144 common.php 第 203 行.
[ 2013-01-29T12:27:44+08:00 ] /thinkmao/Index.php/Good?gid=11 | NOTIC: [8] Undefined offset: 145 common.php 第 203 行.
[ 2013-01-29T12:27:44+08:00 ] /thinkmao/Index.php/Good?gid=11 | NOTIC: [8] Undefined offset: 146 common.php 第 203 行.
[ 2013-01-29T12:27:44+08:00 ] /thinkmao/Index.php/Good?gid=11 | NOTIC: [8] Undefined offset: 147 common.php 第 203 行.
[ 2013-01-29T12:27:44+08:00 ] /thinkmao/Index.php/Good?gid=11 | INFO: Tag[ view_template ] --START--
[ 2013-01-29T12:27:44+08:00 ] /thinkmao/Index.php/Good?gid=11 | INFO: Run LocationTemplate Behavior [ RunTime:0.000113s ]
[ 2013-01-29T12:27:44+08:00 ] /thinkmao/Index.php/Good?gid=11 | INFO: Tag[ view_template ] --END-- [ RunTime:0.000158s ]
[ 2013-01-29T12:27:44+08:00 ] /thinkmao/Index.php/Good?gid=11 | INFO: Tag[ view_parse ] --START--
[ 2013-01-29T12:27:44+08:00 ] /thinkmao/Index.php/Good?gid=11 | INFO: Run ParseTemplate Behavior [ RunTime:0.002948s ]
[ 2013-01-29T12:27:44+08:00 ] /thinkmao/Index.php/Good?gid=11 | INFO: Tag[ view_parse ] --END-- [ RunTime:0.003037s ]
[ 2013-01-29T12:27:44+08:00 ] /thinkmao/Index.php/Good?gid=11 | INFO: Tag[ view_filter ] --START--
[ 2013-01-29T12:27:44+08:00 ] /thinkmao/Index.php/Good?gid=11 | INFO: Run ContentReplace Behavior [ RunTime:0.000116s ]
[ 2013-01-29T12:27:44+08:00 ] /thinkmao/Index.php/Good?gid=11 | INFO: Run TokenBuild Behavior [ RunTime:0.000059s ]
[ 2013-01-29T12:27:44+08:00 ] /thinkmao/Index.php/Good?gid=11 | INFO: Run WriteHtmlCache Behavior [ RunTime:0.000031s ]
[ 2013-01-29T12:27:44+08:00 ] /thinkmao/Index.php/Good?gid=11 | INFO: Run ShowRuntime Behavior [ RunTime:0.000073s ]
[ 2013-01-29T12:27:44+08:00 ] /thinkmao/Index.php/Good?gid=11 | INFO: Tag[ view_filter ] --END-- [ RunTime:0.000360s ]
[ 2013-01-29T12:27:44+08:00 ] /thinkmao/Index.php/Good?gid=11 | INFO: Tag[ view_end ] --START--
[ 2013-01-29T12:27:44+08:00 ] /thinkmao/Index.php/Good?gid=11 | INFO: Run ShowPageTrace Behavior [ RunTime:0.000041s ]
[ 2013-01-29T12:27:44+08:00 ] /thinkmao/Index.php/Good?gid=11 | INFO: Tag[ view_end ] --END-- [ RunTime:0.000068s ]
[ 2013-01-29T12:27:44+08:00 ] /thinkmao/Index.php/Good?gid=11 | INFO: Tag[ view_template ] --START--
[ 2013-01-29T12:27:44+08:00 ] /thinkmao/Index.php/Good?gid=11 | INFO: Run LocationTemplate Behavior [ RunTime:0.000026s ]
[ 2013-01-29T12:27:44+08:00 ] /thinkmao/Index.php/Good?gid=11 | INFO: Tag[ view_template ] --END-- [ RunTime:-0.003627s ]
[ 2013-01-29T12:27:44+08:00 ] /thinkmao/Index.php/Good?gid=11 | INFO: Tag[ view_parse ] --START--
[ 2013-01-29T12:27:44+08:00 ] /thinkmao/Index.php/Good?gid=11 | NOTIC: [8] Undefined index: @attributes TagLib.class.php 第 120 行.
[ 2013-01-29T12:27:44+08:00 ] /thinkmao/Index.php/Good?gid=11 | NOTIC: [2] array_change_key_case() expects parameter 1 to be array, null given TagLib.class.php 第 120 行.
[ 2013-01-29T12:27:44+08:00 ] /thinkmao/Index.php/Good?gid=11 | NOTIC: [8] Undefined index: @attributes TagLib.class.php 第 120 行.
[ 2013-01-29T12:27:44+08:00 ] /thinkmao/Index.php/Good?gid=11 | NOTIC: [2] array_change_key_case() expects parameter 1 to be array, null given TagLib.class.php 第 120 行.
[ 2013-01-29T12:27:44+08:00 ] /thinkmao/Index.php/Good?gid=11 | NOTIC: [8] Undefined index: gid TagLibList.class.php 第 206 行.
[ 2013-01-29T12:27:44+08:00 ] /thinkmao/Index.php/Good?gid=11 | NOTIC: [8] Undefined variable: str TagLibList.class.php 第 212 行.
[ 2013-01-29T12:27:44+08:00 ] /thinkmao/Index.php/Good?gid=11 | NOTIC: [8] Undefined index: @attributes TagLib.class.php 第 120 行.
[ 2013-01-29T12:27:44+08:00 ] /thinkmao/Index.php/Good?gid=11 | NOTIC: [2] array_change_key_case() expects parameter 1 to be array, null given TagLib.class.php 第 120 行.
[ 2013-01-29T12:27:44+08:00 ] /thinkmao/Index.php/Good?gid=11 | NOTIC: [8] Undefined index: @attributes TagLib.class.php 第 120 行.
[ 2013-01-29T12:27:44+08:00 ] /thinkmao/Index.php/Good?gid=11 | NOTIC: [2] array_change_key_case() expects parameter 1 to be array, null given TagLib.class.php 第 120 行.
[ 2013-01-29T12:27:44+08:00 ] /thinkmao/Index.php/Good?gid=11 | NOTIC: [8] Undefined index: @attributes TagLib.class.php 第 120 行.
[ 2013-01-29T12:27:44+08:00 ] /thinkmao/Index.php/Good?gid=11 | NOTIC: [2] array_change_key_case() expects parameter 1 to be array, null given TagLib.class.php 第 120 行.
[ 2013-01-29T12:27:44+08:00 ] /thinkmao/Index.php/Good?gid=11 | SQL: SELECT * FROM `hd_goods` WHERE ( `id` = 11 )  [ RunTime:0.000442s ]
[ 2013-01-29T12:27:44+08:00 ] /thinkmao/Index.php/Good?gid=11 | SQL: SELECT * FROM `hd_goods` WHERE ( `id` = 11 )  [ RunTime:0.000304s ]
[ 2013-01-29T12:27:44+08:00 ] /thinkmao/Index.php/Good?gid=11 | SQL: SELECT * FROM `hd_goods` WHERE ( `id` = 11 )  [ RunTime:0.000327s ]
[ 2013-01-29T12:27:44+08:00 ] /thinkmao/Index.php/Good?gid=11 | SQL: SELECT goods.sell_num AS sell_num,goods.id AS gid,goods.name AS gname,goods.unit AS unit,goods.number AS number,goods.price AS price,goods.pic AS pic,goods.click AS click,goods.recommend AS recommend,goods.hot AS hot,goods.time AS time,goods.cid AS cid,goods.bid AS bid,goods.tid AS tid,goods.mprice AS mprice,goods_attr.id AS attrid,goods_attr.value AS value,goods_attr.price AS attr_price,type_attr.id AS attr_id,type_attr.name AS attr_name,type_attr.type AS type,brand.name AS brand_name,brand.logo AS logo,brand.hot AS hot_brand,goods_intro.mini AS mini,goods_intro.medium AS medium,goods_intro.max AS max,goods_intro.intro AS intro,goods_intro.service AS service,goods_list.id AS in_id,goods_list.inventory AS inventory,goods_list.attr AS attr_com,goods_list.number AS in_number,goods_list.series AS series,goods_list.price AS in_price FROM hd_goods goods LEFT JOIN hd_goods_attr goods_attr ON goods_attr.gid =goods.id LEFT JOIN hd_type_attr type_attr ON goods_attr.aid = type_attr.id  JOIN hd_brand brand ON goods.bid = brand.id  JOIN hd_goods_intro goods_intro ON goods.id = goods_intro.gid  JOIN hd_goods_list goods_list ON goods.id = goods_list.gid WHERE ( goods.id = 11 )  [ RunTime:0.004355s ]
[ 2013-01-29T12:27:44+08:00 ] /thinkmao/Index.php/Good?gid=11 | NOTIC: [8] Undefined offset: 121 common.php 第 119 行.
[ 2013-01-29T12:27:44+08:00 ] /thinkmao/Index.php/Good?gid=11 | NOTIC: [8] Undefined offset: 122 common.php 第 119 行.
[ 2013-01-29T12:27:44+08:00 ] /thinkmao/Index.php/Good?gid=11 | NOTIC: [8] Undefined offset: 123 common.php 第 119 行.
[ 2013-01-29T12:27:44+08:00 ] /thinkmao/Index.php/Good?gid=11 | NOTIC: [8] Undefined offset: 124 common.php 第 119 行.
[ 2013-01-29T12:27:44+08:00 ] /thinkmao/Index.php/Good?gid=11 | NOTIC: [8] Undefined offset: 125 common.php 第 119 行.
[ 2013-01-29T12:27:44+08:00 ] /thinkmao/Index.php/Good?gid=11 | NOTIC: [8] Undefined offset: 126 common.php 第 119 行.
[ 2013-01-29T12:27:44+08:00 ] /thinkmao/Index.php/Good?gid=11 | NOTIC: [8] Undefined offset: 127 common.php 第 119 行.
[ 2013-01-29T12:27:44+08:00 ] /thinkmao/Index.php/Good?gid=11 | NOTIC: [8] Undefined offset: 128 common.php 第 119 行.
[ 2013-01-29T12:27:44+08:00 ] /thinkmao/Index.php/Good?gid=11 | NOTIC: [8] Undefined offset: 129 common.php 第 119 行.
[ 2013-01-29T12:27:44+08:00 ] /thinkmao/Index.php/Good?gid=11 | NOTIC: [8] Undefined offset: 130 common.php 第 119 行.
[ 2013-01-29T12:27:44+08:00 ] /thinkmao/Index.php/Good?gid=11 | NOTIC: [8] Undefined offset: 131 common.php 第 119 行.
[ 2013-01-29T12:27:44+08:00 ] /thinkmao/Index.php/Good?gid=11 | NOTIC: [8] Undefined offset: 132 common.php 第 119 行.
[ 2013-01-29T12:27:44+08:00 ] /thinkmao/Index.php/Good?gid=11 | NOTIC: [8] Undefined offset: 133 common.php 第 119 行.
[ 2013-01-29T12:27:44+08:00 ] /thinkmao/Index.php/Good?gid=11 | NOTIC: [8] Undefined offset: 134 common.php 第 119 行.
[ 2013-01-29T12:27:44+08:00 ] /thinkmao/Index.php/Good?gid=11 | NOTIC: [8] Undefined offset: 135 common.php 第 119 行.
[ 2013-01-29T12:27:44+08:00 ] /thinkmao/Index.php/Good?gid=11 | NOTIC: [8] Undefined offset: 136 common.php 第 119 行.
[ 2013-01-29T12:27:44+08:00 ] /thinkmao/Index.php/Good?gid=11 | NOTIC: [8] Undefined offset: 137 common.php 第 119 行.
[ 2013-01-29T12:27:44+08:00 ] /thinkmao/Index.php/Good?gid=11 | NOTIC: [8] Undefined offset: 138 common.php 第 119 行.
[ 2013-01-29T12:27:44+08:00 ] /thinkmao/Index.php/Good?gid=11 | NOTIC: [8] Undefined offset: 139 common.php 第 119 行.
[ 2013-01-29T12:27:44+08:00 ] /thinkmao/Index.php/Good?gid=11 | NOTIC: [8] Undefined offset: 140 common.php 第 119 行.
[ 2013-01-29T12:27:44+08:00 ] /thinkmao/Index.php/Good?gid=11 | NOTIC: [8] Undefined offset: 141 common.php 第 119 行.
[ 2013-01-29T12:27:44+08:00 ] /thinkmao/Index.php/Good?gid=11 | NOTIC: [8] Undefined offset: 142 common.php 第 119 行.
[ 2013-01-29T12:27:44+08:00 ] /thinkmao/Index.php/Good?gid=11 | NOTIC: [8] Undefined offset: 143 common.php 第 119 行.
[ 2013-01-29T12:27:44+08:00 ] /thinkmao/Index.php/Good?gid=11 | NOTIC: [8] Undefined offset: 144 common.php 第 128 行.
[ 2013-01-29T12:27:44+08:00 ] /thinkmao/Index.php/Good?gid=11 | NOTIC: [8] Undefined offset: 145 common.php 第 128 行.
[ 2013-01-29T12:27:44+08:00 ] /thinkmao/Index.php/Good?gid=11 | NOTIC: [8] Undefined offset: 146 common.php 第 128 行.
[ 2013-01-29T12:27:44+08:00 ] /thinkmao/Index.php/Good?gid=11 | NOTIC: [8] Undefined offset: 147 common.php 第 128 行.
[ 2013-01-29T12:27:44+08:00 ] /thinkmao/Index.php/Good?gid=11 | NOTIC: [8] Undefined offset: 144 common.php 第 203 行.
[ 2013-01-29T12:27:44+08:00 ] /thinkmao/Index.php/Good?gid=11 | NOTIC: [8] Undefined offset: 145 common.php 第 203 行.
[ 2013-01-29T12:27:44+08:00 ] /thinkmao/Index.php/Good?gid=11 | NOTIC: [8] Undefined offset: 146 common.php 第 203 行.
[ 2013-01-29T12:27:44+08:00 ] /thinkmao/Index.php/Good?gid=11 | NOTIC: [8] Undefined offset: 147 common.php 第 203 行.
[ 2013-01-29T12:27:44+08:00 ] /thinkmao/Index.php/Good?gid=11 | SQL: SELECT goods.sell_num AS sell_num,goods.id AS gid,goods.name AS gname,goods.unit AS unit,goods.number AS number,goods.price AS price,goods.pic AS pic,goods.click AS click,goods.recommend AS recommend,goods.hot AS hot,goods.time AS time,goods.cid AS cid,goods.bid AS bid,goods.tid AS tid,goods.mprice AS mprice,goods_attr.id AS attrid,goods_attr.value AS value,goods_attr.price AS attr_price,type_attr.id AS attr_id,type_attr.name AS attr_name,type_attr.type AS type,brand.name AS brand_name,brand.logo AS logo,brand.hot AS hot_brand,goods_intro.mini AS mini,goods_intro.medium AS medium,goods_intro.max AS max,goods_intro.intro AS intro,goods_intro.service AS service,goods_list.id AS in_id,goods_list.inventory AS inventory,goods_list.attr AS attr_com,goods_list.number AS in_number,goods_list.series AS series,goods_list.price AS in_price FROM hd_goods goods LEFT JOIN hd_goods_attr goods_attr ON goods_attr.gid =goods.id LEFT JOIN hd_type_attr type_attr ON goods_attr.aid = type_attr.id  JOIN hd_brand brand ON goods.bid = brand.id  JOIN hd_goods_intro goods_intro ON goods.id = goods_intro.gid  JOIN hd_goods_list goods_list ON goods.id = goods_list.gid WHERE ( goods.id = 11 )  [ RunTime:0.004550s ]
[ 2013-01-29T12:27:44+08:00 ] /thinkmao/Index.php/Good?gid=11 | NOTIC: [8] Undefined offset: 121 common.php 第 119 行.
[ 2013-01-29T12:27:44+08:00 ] /thinkmao/Index.php/Good?gid=11 | NOTIC: [8] Undefined offset: 122 common.php 第 119 行.
[ 2013-01-29T12:27:44+08:00 ] /thinkmao/Index.php/Good?gid=11 | NOTIC: [8] Undefined offset: 123 common.php 第 119 行.
[ 2013-01-29T12:27:44+08:00 ] /thinkmao/Index.php/Good?gid=11 | NOTIC: [8] Undefined offset: 124 common.php 第 119 行.
[ 2013-01-29T12:27:44+08:00 ] /thinkmao/Index.php/Good?gid=11 | NOTIC: [8] Undefined offset: 125 common.php 第 119 行.
[ 2013-01-29T12:27:44+08:00 ] /thinkmao/Index.php/Good?gid=11 | NOTIC: [8] Undefined offset: 126 common.php 第 119 行.
[ 2013-01-29T12:27:44+08:00 ] /thinkmao/Index.php/Good?gid=11 | NOTIC: [8] Undefined offset: 127 common.php 第 119 行.
[ 2013-01-29T12:27:44+08:00 ] /thinkmao/Index.php/Good?gid=11 | NOTIC: [8] Undefined offset: 128 common.php 第 119 行.
[ 2013-01-29T12:27:44+08:00 ] /thinkmao/Index.php/Good?gid=11 | NOTIC: [8] Undefined offset: 129 common.php 第 119 行.
[ 2013-01-29T12:27:44+08:00 ] /thinkmao/Index.php/Good?gid=11 | NOTIC: [8] Undefined offset: 130 common.php 第 119 行.
[ 2013-01-29T12:27:44+08:00 ] /thinkmao/Index.php/Good?gid=11 | NOTIC: [8] Undefined offset: 131 common.php 第 119 行.
[ 2013-01-29T12:27:44+08:00 ] /thinkmao/Index.php/Good?gid=11 | NOTIC: [8] Undefined offset: 132 common.php 第 119 行.
[ 2013-01-29T12:27:44+08:00 ] /thinkmao/Index.php/Good?gid=11 | NOTIC: [8] Undefined offset: 133 common.php 第 119 行.
[ 2013-01-29T12:27:44+08:00 ] /thinkmao/Index.php/Good?gid=11 | NOTIC: [8] Undefined offset: 134 common.php 第 119 行.
[ 2013-01-29T12:27:44+08:00 ] /thinkmao/Index.php/Good?gid=11 | NOTIC: [8] Undefined offset: 135 common.php 第 119 行.
[ 2013-01-29T12:27:44+08:00 ] /thinkmao/Index.php/Good?gid=11 | NOTIC: [8] Undefined offset: 136 common.php 第 119 行.
[ 2013-01-29T12:27:44+08:00 ] /thinkmao/Index.php/Good?gid=11 | NOTIC: [8] Undefined offset: 137 common.php 第 119 行.
[ 2013-01-29T12:27:44+08:00 ] /thinkmao/Index.php/Good?gid=11 | NOTIC: [8] Undefined offset: 138 common.php 第 119 行.
[ 2013-01-29T12:27:44+08:00 ] /thinkmao/Index.php/Good?gid=11 | NOTIC: [8] Undefined offset: 139 common.php 第 119 行.
[ 2013-01-29T12:27:44+08:00 ] /thinkmao/Index.php/Good?gid=11 | NOTIC: [8] Undefined offset: 140 common.php 第 119 行.
[ 2013-01-29T12:27:44+08:00 ] /thinkmao/Index.php/Good?gid=11 | NOTIC: [8] Undefined offset: 141 common.php 第 119 行.
[ 2013-01-29T12:27:44+08:00 ] /thinkmao/Index.php/Good?gid=11 | NOTIC: [8] Undefined offset: 142 common.php 第 119 行.
[ 2013-01-29T12:27:44+08:00 ] /thinkmao/Index.php/Good?gid=11 | NOTIC: [8] Undefined offset: 143 common.php 第 119 行.
[ 2013-01-29T12:27:44+08:00 ] /thinkmao/Index.php/Good?gid=11 | NOTIC: [8] Undefined offset: 144 common.php 第 128 行.
[ 2013-01-29T12:27:44+08:00 ] /thinkmao/Index.php/Good?gid=11 | NOTIC: [8] Undefined offset: 145 common.php 第 128 行.
[ 2013-01-29T12:27:44+08:00 ] /thinkmao/Index.php/Good?gid=11 | NOTIC: [8] Undefined offset: 146 common.php 第 128 行.
[ 2013-01-29T12:27:44+08:00 ] /thinkmao/Index.php/Good?gid=11 | NOTIC: [8] Undefined offset: 147 common.php 第 128 行.
[ 2013-01-29T12:27:44+08:00 ] /thinkmao/Index.php/Good?gid=11 | NOTIC: [8] Undefined offset: 144 common.php 第 203 行.
[ 2013-01-29T12:27:44+08:00 ] /thinkmao/Index.php/Good?gid=11 | NOTIC: [8] Undefined offset: 145 common.php 第 203 行.
[ 2013-01-29T12:27:44+08:00 ] /thinkmao/Index.php/Good?gid=11 | NOTIC: [8] Undefined offset: 146 common.php 第 203 行.
[ 2013-01-29T12:27:44+08:00 ] /thinkmao/Index.php/Good?gid=11 | NOTIC: [8] Undefined offset: 147 common.php 第 203 行.
[ 2013-01-29T12:27:44+08:00 ] /thinkmao/Index.php/Good?gid=11 | SQL: SELECT goods.sell_num AS sell_num,goods.id AS gid,goods.name AS gname,goods.unit AS unit,goods.number AS number,goods.price AS price,goods.pic AS pic,goods.click AS click,goods.recommend AS recommend,goods.hot AS hot,goods.time AS time,goods.cid AS cid,goods.bid AS bid,goods.tid AS tid,goods.mprice AS mprice,goods_attr.id AS attrid,goods_attr.value AS value,goods_attr.price AS attr_price,type_attr.id AS attr_id,type_attr.name AS attr_name,type_attr.type AS type,brand.name AS brand_name,brand.logo AS logo,brand.hot AS hot_brand,goods_intro.mini AS mini,goods_intro.medium AS medium,goods_intro.max AS max,goods_intro.intro AS intro,goods_intro.service AS service,goods_list.id AS in_id,goods_list.inventory AS inventory,goods_list.attr AS attr_com,goods_list.number AS in_number,goods_list.series AS series,goods_list.price AS in_price FROM hd_goods goods LEFT JOIN hd_goods_attr goods_attr ON goods_attr.gid =goods.id LEFT JOIN hd_type_attr type_attr ON goods_attr.aid = type_attr.id  JOIN hd_brand brand ON goods.bid = brand.id  JOIN hd_goods_intro goods_intro ON goods.id = goods_intro.gid  JOIN hd_goods_list goods_list ON goods.id = goods_list.gid WHERE ( goods.id = 11 )  [ RunTime:0.008644s ]
[ 2013-01-29T12:27:44+08:00 ] /thinkmao/Index.php/Good?gid=11 | NOTIC: [8] Undefined offset: 121 common.php 第 119 行.
[ 2013-01-29T12:27:44+08:00 ] /thinkmao/Index.php/Good?gid=11 | NOTIC: [8] Undefined offset: 122 common.php 第 119 行.
[ 2013-01-29T12:27:44+08:00 ] /thinkmao/Index.php/Good?gid=11 | NOTIC: [8] Undefined offset: 123 common.php 第 119 行.
[ 2013-01-29T12:27:44+08:00 ] /thinkmao/Index.php/Good?gid=11 | NOTIC: [8] Undefined offset: 124 common.php 第 119 行.
[ 2013-01-29T12:27:44+08:00 ] /thinkmao/Index.php/Good?gid=11 | NOTIC: [8] Undefined offset: 125 common.php 第 119 行.
[ 2013-01-29T12:27:44+08:00 ] /thinkmao/Index.php/Good?gid=11 | NOTIC: [8] Undefined offset: 126 common.php 第 119 行.
[ 2013-01-29T12:27:44+08:00 ] /thinkmao/Index.php/Good?gid=11 | NOTIC: [8] Undefined offset: 127 common.php 第 119 行.
[ 2013-01-29T12:27:44+08:00 ] /thinkmao/Index.php/Good?gid=11 | NOTIC: [8] Undefined offset: 128 common.php 第 119 行.
[ 2013-01-29T12:27:44+08:00 ] /thinkmao/Index.php/Good?gid=11 | NOTIC: [8] Undefined offset: 129 common.php 第 119 行.
[ 2013-01-29T12:27:44+08:00 ] /thinkmao/Index.php/Good?gid=11 | NOTIC: [8] Undefined offset: 130 common.php 第 119 行.
[ 2013-01-29T12:27:44+08:00 ] /thinkmao/Index.php/Good?gid=11 | NOTIC: [8] Undefined offset: 131 common.php 第 119 行.
[ 2013-01-29T12:27:44+08:00 ] /thinkmao/Index.php/Good?gid=11 | NOTIC: [8] Undefined offset: 132 common.php 第 119 行.
[ 2013-01-29T12:27:44+08:00 ] /thinkmao/Index.php/Good?gid=11 | NOTIC: [8] Undefined offset: 133 common.php 第 119 行.
[ 2013-01-29T12:27:44+08:00 ] /thinkmao/Index.php/Good?gid=11 | NOTIC: [8] Undefined offset: 134 common.php 第 119 行.
[ 2013-01-29T12:27:44+08:00 ] /thinkmao/Index.php/Good?gid=11 | NOTIC: [8] Undefined offset: 135 common.php 第 119 行.
[ 2013-01-29T12:27:44+08:00 ] /thinkmao/Index.php/Good?gid=11 | NOTIC: [8] Undefined offset: 136 common.php 第 119 行.
[ 2013-01-29T12:27:44+08:00 ] /thinkmao/Index.php/Good?gid=11 | NOTIC: [8] Undefined offset: 137 common.php 第 119 行.
[ 2013-01-29T12:27:44+08:00 ] /thinkmao/Index.php/Good?gid=11 | NOTIC: [8] Undefined offset: 138 common.php 第 119 行.
[ 2013-01-29T12:27:44+08:00 ] /thinkmao/Index.php/Good?gid=11 | NOTIC: [8] Undefined offset: 139 common.php 第 119 行.
[ 2013-01-29T12:27:44+08:00 ] /thinkmao/Index.php/Good?gid=11 | NOTIC: [8] Undefined offset: 140 common.php 第 119 行.
[ 2013-01-29T12:27:44+08:00 ] /thinkmao/Index.php/Good?gid=11 | NOTIC: [8] Undefined offset: 141 common.php 第 119 行.
[ 2013-01-29T12:27:44+08:00 ] /thinkmao/Index.php/Good?gid=11 | NOTIC: [8] Undefined offset: 142 common.php 第 119 行.
[ 2013-01-29T12:27:44+08:00 ] /thinkmao/Index.php/Good?gid=11 | NOTIC: [8] Undefined offset: 143 common.php 第 119 行.
[ 2013-01-29T12:27:44+08:00 ] /thinkmao/Index.php/Good?gid=11 | NOTIC: [8] Undefined offset: 144 common.php 第 128 行.
[ 2013-01-29T12:27:44+08:00 ] /thinkmao/Index.php/Good?gid=11 | NOTIC: [8] Undefined offset: 145 common.php 第 128 行.
[ 2013-01-29T12:27:44+08:00 ] /thinkmao/Index.php/Good?gid=11 | NOTIC: [8] Undefined offset: 146 common.php 第 128 行.
[ 2013-01-29T12:27:44+08:00 ] /thinkmao/Index.php/Good?gid=11 | NOTIC: [8] Undefined offset: 147 common.php 第 128 行.
[ 2013-01-29T12:27:44+08:00 ] /thinkmao/Index.php/Good?gid=11 | NOTIC: [8] Undefined offset: 144 common.php 第 203 行.
[ 2013-01-29T12:27:44+08:00 ] /thinkmao/Index.php/Good?gid=11 | NOTIC: [8] Undefined offset: 145 common.php 第 203 行.
[ 2013-01-29T12:27:44+08:00 ] /thinkmao/Index.php/Good?gid=11 | NOTIC: [8] Undefined offset: 146 common.php 第 203 行.
[ 2013-01-29T12:27:44+08:00 ] /thinkmao/Index.php/Good?gid=11 | NOTIC: [8] Undefined offset: 147 common.php 第 203 行.
[ 2013-01-29T12:27:44+08:00 ] /thinkmao/Index.php/Good?gid=11 | SQL: SELECT goods.sell_num AS sell_num,goods.id AS gid,goods.name AS gname,goods.unit AS unit,goods.number AS number,goods.price AS price,goods.pic AS pic,goods.click AS click,goods.recommend AS recommend,goods.hot AS hot,goods.time AS time,goods.cid AS cid,goods.bid AS bid,goods.tid AS tid,goods.mprice AS mprice,goods_attr.id AS attrid,goods_attr.value AS value,goods_attr.price AS attr_price,type_attr.id AS attr_id,type_attr.name AS attr_name,type_attr.type AS type,brand.name AS brand_name,brand.logo AS logo,brand.hot AS hot_brand,goods_intro.mini AS mini,goods_intro.medium AS medium,goods_intro.max AS max,goods_intro.intro AS intro,goods_intro.service AS service,goods_list.id AS in_id,goods_list.inventory AS inventory,goods_list.attr AS attr_com,goods_list.number AS in_number,goods_list.series AS series,goods_list.price AS in_price FROM hd_goods goods LEFT JOIN hd_goods_attr goods_attr ON goods_attr.gid =goods.id LEFT JOIN hd_type_attr type_attr ON goods_attr.aid = type_attr.id  JOIN hd_brand brand ON goods.bid = brand.id  JOIN hd_goods_intro goods_intro ON goods.id = goods_intro.gid  JOIN hd_goods_list goods_list ON goods.id = goods_list.gid WHERE ( goods.id = 11 )  [ RunTime:0.002092s ]
[ 2013-01-29T12:27:44+08:00 ] /thinkmao/Index.php/Good?gid=11 | NOTIC: [8] Undefined offset: 121 common.php 第 119 行.
[ 2013-01-29T12:27:44+08:00 ] /thinkmao/Index.php/Good?gid=11 | NOTIC: [8] Undefined offset: 122 common.php 第 119 行.
[ 2013-01-29T12:27:44+08:00 ] /thinkmao/Index.php/Good?gid=11 | NOTIC: [8] Undefined offset: 123 common.php 第 119 行.
[ 2013-01-29T12:27:44+08:00 ] /thinkmao/Index.php/Good?gid=11 | NOTIC: [8] Undefined offset: 124 common.php 第 119 行.
[ 2013-01-29T12:27:44+08:00 ] /thinkmao/Index.php/Good?gid=11 | NOTIC: [8] Undefined offset: 125 common.php 第 119 行.
[ 2013-01-29T12:27:44+08:00 ] /thinkmao/Index.php/Good?gid=11 | NOTIC: [8] Undefined offset: 126 common.php 第 119 行.
[ 2013-01-29T12:27:44+08:00 ] /thinkmao/Index.php/Good?gid=11 | NOTIC: [8] Undefined offset: 127 common.php 第 119 行.
[ 2013-01-29T12:27:44+08:00 ] /thinkmao/Index.php/Good?gid=11 | NOTIC: [8] Undefined offset: 128 common.php 第 119 行.
[ 2013-01-29T12:27:44+08:00 ] /thinkmao/Index.php/Good?gid=11 | NOTIC: [8] Undefined offset: 129 common.php 第 119 行.
[ 2013-01-29T12:27:44+08:00 ] /thinkmao/Index.php/Good?gid=11 | NOTIC: [8] Undefined offset: 130 common.php 第 119 行.
[ 2013-01-29T12:27:44+08:00 ] /thinkmao/Index.php/Good?gid=11 | NOTIC: [8] Undefined offset: 131 common.php 第 119 行.
[ 2013-01-29T12:27:44+08:00 ] /thinkmao/Index.php/Good?gid=11 | NOTIC: [8] Undefined offset: 132 common.php 第 119 行.
[ 2013-01-29T12:27:44+08:00 ] /thinkmao/Index.php/Good?gid=11 | NOTIC: [8] Undefined offset: 133 common.php 第 119 行.
[ 2013-01-29T12:27:44+08:00 ] /thinkmao/Index.php/Good?gid=11 | NOTIC: [8] Undefined offset: 134 common.php 第 119 行.
[ 2013-01-29T12:27:44+08:00 ] /thinkmao/Index.php/Good?gid=11 | NOTIC: [8] Undefined offset: 135 common.php 第 119 行.
[ 2013-01-29T12:27:44+08:00 ] /thinkmao/Index.php/Good?gid=11 | NOTIC: [8] Undefined offset: 136 common.php 第 119 行.
[ 2013-01-29T12:27:44+08:00 ] /thinkmao/Index.php/Good?gid=11 | NOTIC: [8] Undefined offset: 137 common.php 第 119 行.
[ 2013-01-29T12:27:44+08:00 ] /thinkmao/Index.php/Good?gid=11 | NOTIC: [8] Undefined offset: 138 common.php 第 119 行.
[ 2013-01-29T12:27:44+08:00 ] /thinkmao/Index.php/Good?gid=11 | NOTIC: [8] Undefined offset: 139 common.php 第 119 行.
[ 2013-01-29T12:27:44+08:00 ] /thinkmao/Index.php/Good?gid=11 | NOTIC: [8] Undefined offset: 140 common.php 第 119 行.
[ 2013-01-29T12:27:44+08:00 ] /thinkmao/Index.php/Good?gid=11 | NOTIC: [8] Undefined offset: 141 common.php 第 119 行.
[ 2013-01-29T12:27:44+08:00 ] /thinkmao/Index.php/Good?gid=11 | NOTIC: [8] Undefined offset: 142 common.php 第 119 行.
[ 2013-01-29T12:27:44+08:00 ] /thinkmao/Index.php/Good?gid=11 | NOTIC: [8] Undefined offset: 143 common.php 第 119 行.
[ 2013-01-29T12:27:44+08:00 ] /thinkmao/Index.php/Good?gid=11 | NOTIC: [8] Undefined offset: 144 common.php 第 128 行.
[ 2013-01-29T12:27:44+08:00 ] /thinkmao/Index.php/Good?gid=11 | NOTIC: [8] Undefined offset: 145 common.php 第 128 行.
[ 2013-01-29T12:27:44+08:00 ] /thinkmao/Index.php/Good?gid=11 | NOTIC: [8] Undefined offset: 146 common.php 第 128 行.
[ 2013-01-29T12:27:44+08:00 ] /thinkmao/Index.php/Good?gid=11 | NOTIC: [8] Undefined offset: 147 common.php 第 128 行.
[ 2013-01-29T12:27:44+08:00 ] /thinkmao/Index.php/Good?gid=11 | NOTIC: [8] Undefined offset: 144 common.php 第 203 行.
[ 2013-01-29T12:27:44+08:00 ] /thinkmao/Index.php/Good?gid=11 | NOTIC: [8] Undefined offset: 145 common.php 第 203 行.
[ 2013-01-29T12:27:44+08:00 ] /thinkmao/Index.php/Good?gid=11 | NOTIC: [8] Undefined offset: 146 common.php 第 203 行.
[ 2013-01-29T12:27:44+08:00 ] /thinkmao/Index.php/Good?gid=11 | NOTIC: [8] Undefined offset: 147 common.php 第 203 行.
[ 2013-01-29T12:27:44+08:00 ] /thinkmao/Index.php/Good?gid=11 | INFO: Run ParseTemplate Behavior [ RunTime:0.049012s ]
[ 2013-01-29T12:27:44+08:00 ] /thinkmao/Index.php/Good?gid=11 | INFO: Tag[ view_parse ] --END-- [ RunTime:-0.000632s ]
[ 2013-01-29T12:27:44+08:00 ] /thinkmao/Index.php/Good?gid=11 | INFO: Tag[ view_filter ] --START--
[ 2013-01-29T12:27:44+08:00 ] /thinkmao/Index.php/Good?gid=11 | INFO: Run ContentReplace Behavior [ RunTime:0.000338s ]
[ 2013-01-29T12:27:44+08:00 ] /thinkmao/Index.php/Good?gid=11 | INFO: Run TokenBuild Behavior [ RunTime:0.000064s ]
[ 2013-01-29T12:27:44+08:00 ] /thinkmao/Index.php/Good?gid=11 | INFO: Run WriteHtmlCache Behavior [ RunTime:0.000013s ]
[ 2013-01-29T12:27:44+08:00 ] /thinkmao/Index.php/Good?gid=11 | INFO: Run ShowRuntime Behavior [ RunTime:0.000151s ]
[ 2013-01-29T12:27:44+08:00 ] /thinkmao/Index.php/Good?gid=11 | INFO: Tag[ view_filter ] --END-- [ RunTime:-0.049406s ]
[ 2013-01-29T12:27:44+08:00 ] /thinkmao/Index.php/Good?gid=11 | INFO: Tag[ view_end ] --START--
[ 2013-01-29T12:27:44+08:00 ] /thinkmao/Index.php/Good?gid=11 | INFO: Run ShowPageTrace Behavior [ RunTime:0.000041s ]
[ 2013-01-29T12:27:44+08:00 ] /thinkmao/Index.php/Good?gid=11 | INFO: Tag[ view_end ] --END-- [ RunTime:-0.050724s ]
[ 2013-01-29T12:27:44+08:00 ] /thinkmao/Index.php/ | INFO: Tag[ route_check ] --START--
[ 2013-01-29T12:27:44+08:00 ] /thinkmao/Index.php/ | INFO: Run CheckRoute Behavior [ RunTime:0.000095s ]
[ 2013-01-29T12:27:44+08:00 ] /thinkmao/Index.php/ | INFO: Tag[ route_check ] --END-- [ RunTime:0.000201s ]
[ 2013-01-29T12:27:44+08:00 ] /thinkmao/Index.php/ | INFO: Tag[ app_begin ] --START--
[ 2013-01-29T12:27:44+08:00 ] /thinkmao/Index.php/ | INFO: Run ReadHtmlCache Behavior [ RunTime:0.000055s ]
[ 2013-01-29T12:27:44+08:00 ] /thinkmao/Index.php/ | INFO: Tag[ app_begin ] --END-- [ RunTime:0.000084s ]
[ 2013-01-29T12:27:44+08:00 ] /thinkmao/Index.php/ | INFO: Tag[ view_template ] --START--
[ 2013-01-29T12:27:44+08:00 ] /thinkmao/Index.php/ | INFO: Run LocationTemplate Behavior [ RunTime:0.000060s ]
[ 2013-01-29T12:27:44+08:00 ] /thinkmao/Index.php/ | INFO: Tag[ view_template ] --END-- [ RunTime:0.000091s ]
[ 2013-01-29T12:27:44+08:00 ] /thinkmao/Index.php/ | INFO: Tag[ view_parse ] --START--
[ 2013-01-29T12:27:44+08:00 ] /thinkmao/Index.php/ | INFO: Run ParseTemplate Behavior [ RunTime:0.004486s ]
[ 2013-01-29T12:27:44+08:00 ] /thinkmao/Index.php/ | INFO: Tag[ view_parse ] --END-- [ RunTime:0.004569s ]
[ 2013-01-29T12:27:44+08:00 ] /thinkmao/Index.php/ | INFO: Tag[ view_filter ] --START--
[ 2013-01-29T12:27:44+08:00 ] /thinkmao/Index.php/ | INFO: Run ContentReplace Behavior [ RunTime:0.000142s ]
[ 2013-01-29T12:27:44+08:00 ] /thinkmao/Index.php/ | INFO: Run TokenBuild Behavior [ RunTime:0.000066s ]
[ 2013-01-29T12:27:44+08:00 ] /thinkmao/Index.php/ | INFO: Run WriteHtmlCache Behavior [ RunTime:0.000038s ]
[ 2013-01-29T12:27:44+08:00 ] /thinkmao/Index.php/ | INFO: Run ShowRuntime Behavior [ RunTime:0.000075s ]
[ 2013-01-29T12:27:44+08:00 ] /thinkmao/Index.php/ | INFO: Tag[ view_filter ] --END-- [ RunTime:0.000407s ]
[ 2013-01-29T12:27:44+08:00 ] /thinkmao/Index.php/ | INFO: Tag[ view_end ] --START--
[ 2013-01-29T12:27:44+08:00 ] /thinkmao/Index.php/ | INFO: Run ShowPageTrace Behavior [ RunTime:0.000043s ]
[ 2013-01-29T12:27:44+08:00 ] /thinkmao/Index.php/ | INFO: Tag[ view_end ] --END-- [ RunTime:0.000072s ]
[ 2013-01-29T12:27:44+08:00 ] /thinkmao/Index.php/ | INFO: Tag[ view_template ] --START--
[ 2013-01-29T12:27:44+08:00 ] /thinkmao/Index.php/ | INFO: Run LocationTemplate Behavior [ RunTime:0.000029s ]
[ 2013-01-29T12:27:44+08:00 ] /thinkmao/Index.php/ | INFO: Tag[ view_template ] --END-- [ RunTime:-0.005214s ]
[ 2013-01-29T12:27:44+08:00 ] /thinkmao/Index.php/ | INFO: Tag[ view_parse ] --START--
[ 2013-01-29T12:27:45+08:00 ] /thinkmao/Index.php/ | INFO: Run ParseTemplate Behavior [ RunTime:0.138397s ]
[ 2013-01-29T12:27:45+08:00 ] /thinkmao/Index.php/ | INFO: Tag[ view_parse ] --END-- [ RunTime:-0.000704s ]
[ 2013-01-29T12:27:45+08:00 ] /thinkmao/Index.php/ | INFO: Tag[ view_filter ] --START--
[ 2013-01-29T12:27:45+08:00 ] /thinkmao/Index.php/ | INFO: Run ContentReplace Behavior [ RunTime:0.000583s ]
[ 2013-01-29T12:27:45+08:00 ] /thinkmao/Index.php/ | INFO: Run TokenBuild Behavior [ RunTime:0.000036s ]
[ 2013-01-29T12:27:45+08:00 ] /thinkmao/Index.php/ | INFO: Run WriteHtmlCache Behavior [ RunTime:0.000008s ]
[ 2013-01-29T12:27:45+08:00 ] /thinkmao/Index.php/ | INFO: Run ShowRuntime Behavior [ RunTime:0.001001s ]
[ 2013-01-29T12:27:45+08:00 ] /thinkmao/Index.php/ | INFO: Tag[ view_filter ] --END-- [ RunTime:-0.138810s ]
[ 2013-01-29T12:27:45+08:00 ] /thinkmao/Index.php/ | INFO: Tag[ view_end ] --START--
[ 2013-01-29T12:27:45+08:00 ] /thinkmao/Index.php/ | INFO: Run ShowPageTrace Behavior [ RunTime:0.000029s ]
[ 2013-01-29T12:27:45+08:00 ] /thinkmao/Index.php/ | INFO: Tag[ view_end ] --END-- [ RunTime:-0.140766s ]
[ 2013-01-29T12:27:45+08:00 ] /thinkmao/Index.php/ | INFO: Tag[ view_template ] --START--
[ 2013-01-29T12:27:45+08:00 ] /thinkmao/Index.php/ | INFO: Run LocationTemplate Behavior [ RunTime:0.000046s ]
[ 2013-01-29T12:27:45+08:00 ] /thinkmao/Index.php/ | INFO: Tag[ view_template ] --END-- [ RunTime:-0.146056s ]
[ 2013-01-29T12:27:45+08:00 ] /thinkmao/Index.php/ | INFO: Tag[ view_parse ] --START--
[ 2013-01-29T12:27:45+08:00 ] /thinkmao/Index.php/ | INFO: Run ParseTemplate Behavior [ RunTime:0.002333s ]
[ 2013-01-29T12:27:45+08:00 ] /thinkmao/Index.php/ | INFO: Tag[ view_parse ] --END-- [ RunTime:-0.141546s ]
[ 2013-01-29T12:27:45+08:00 ] /thinkmao/Index.php/ | INFO: Tag[ view_filter ] --START--
[ 2013-01-29T12:27:45+08:00 ] /thinkmao/Index.php/ | INFO: Run ContentReplace Behavior [ RunTime:0.000046s ]
[ 2013-01-29T12:27:45+08:00 ] /thinkmao/Index.php/ | INFO: Run TokenBuild Behavior [ RunTime:0.000030s ]
[ 2013-01-29T12:27:45+08:00 ] /thinkmao/Index.php/ | INFO: Run WriteHtmlCache Behavior [ RunTime:0.000007s ]
[ 2013-01-29T12:27:45+08:00 ] /thinkmao/Index.php/ | INFO: Run ShowRuntime Behavior [ RunTime:0.000046s ]
[ 2013-01-29T12:27:45+08:00 ] /thinkmao/Index.php/ | INFO: Tag[ view_filter ] --END-- [ RunTime:-0.143506s ]
[ 2013-01-29T12:27:45+08:00 ] /thinkmao/Index.php/ | NOTIC: [2] Cannot modify header information - headers already sent by (output started at /var/www/html/thinkmao/ThinkPHP/Lib/Core/View.class.php:124) View.class.php 第 120 行.
[ 2013-01-29T12:27:45+08:00 ] /thinkmao/Index.php/ | NOTIC: [2] Cannot modify header information - headers already sent by (output started at /var/www/html/thinkmao/ThinkPHP/Lib/Core/View.class.php:124) View.class.php 第 121 行.
[ 2013-01-29T12:27:45+08:00 ] /thinkmao/Index.php/ | NOTIC: [2] Cannot modify header information - headers already sent by (output started at /var/www/html/thinkmao/ThinkPHP/Lib/Core/View.class.php:124) View.class.php 第 122 行.
[ 2013-01-29T12:27:45+08:00 ] /thinkmao/Index.php/ | INFO: Tag[ view_end ] --START--
[ 2013-01-29T12:27:45+08:00 ] /thinkmao/Index.php/ | INFO: Run ShowPageTrace Behavior [ RunTime:0.000014s ]
[ 2013-01-29T12:27:45+08:00 ] /thinkmao/Index.php/ | INFO: Tag[ view_end ] --END-- [ RunTime:-0.143689s ]
[ 2013-01-29T12:27:45+08:00 ] /thinkmao/Index.php/ | INFO: Tag[ view_template ] --START--
[ 2013-01-29T12:27:45+08:00 ] /thinkmao/Index.php/ | INFO: Run LocationTemplate Behavior [ RunTime:0.000028s ]
[ 2013-01-29T12:27:45+08:00 ] /thinkmao/Index.php/ | INFO: Tag[ view_template ] --END-- [ RunTime:-0.148941s ]
[ 2013-01-29T12:27:45+08:00 ] /thinkmao/Index.php/ | INFO: Tag[ view_parse ] --START--
[ 2013-01-29T12:27:45+08:00 ] /thinkmao/Index.php/ | INFO: Run ParseTemplate Behavior [ RunTime:0.027544s ]
[ 2013-01-29T12:27:45+08:00 ] /thinkmao/Index.php/ | INFO: Tag[ view_parse ] --END-- [ RunTime:-0.144418s ]
[ 2013-01-29T12:27:45+08:00 ] /thinkmao/Index.php/ | INFO: Tag[ view_filter ] --START--
[ 2013-01-29T12:27:45+08:00 ] /thinkmao/Index.php/ | INFO: Run ContentReplace Behavior [ RunTime:0.000226s ]
[ 2013-01-29T12:27:45+08:00 ] /thinkmao/Index.php/ | INFO: Run TokenBuild Behavior [ RunTime:0.000026s ]
[ 2013-01-29T12:27:45+08:00 ] /thinkmao/Index.php/ | INFO: Run WriteHtmlCache Behavior [ RunTime:0.000007s ]
[ 2013-01-29T12:27:45+08:00 ] /thinkmao/Index.php/ | INFO: Run ShowRuntime Behavior [ RunTime:0.000063s ]
[ 2013-01-29T12:27:45+08:00 ] /thinkmao/Index.php/ | INFO: Tag[ view_filter ] --END-- [ RunTime:-0.171639s ]
[ 2013-01-29T12:27:45+08:00 ] /thinkmao/Index.php/ | NOTIC: [2] Cannot modify header information - headers already sent by (output started at /var/www/html/thinkmao/ThinkPHP/Lib/Core/View.class.php:124) View.class.php 第 120 行.
[ 2013-01-29T12:27:45+08:00 ] /thinkmao/Index.php/ | NOTIC: [2] Cannot modify header information - headers already sent by (output started at /var/www/html/thinkmao/ThinkPHP/Lib/Core/View.class.php:124) View.class.php 第 121 行.
[ 2013-01-29T12:27:45+08:00 ] /thinkmao/Index.php/ | NOTIC: [2] Cannot modify header information - headers already sent by (output started at /var/www/html/thinkmao/ThinkPHP/Lib/Core/View.class.php:124) View.class.php 第 122 行.
[ 2013-01-29T12:27:45+08:00 ] /thinkmao/Index.php/ | INFO: Tag[ view_end ] --START--
[ 2013-01-29T12:27:45+08:00 ] /thinkmao/Index.php/ | INFO: Run ShowPageTrace Behavior [ RunTime:0.000015s ]
[ 2013-01-29T12:27:45+08:00 ] /thinkmao/Index.php/ | INFO: Tag[ view_end ] --END-- [ RunTime:-0.172784s ]
[ 2013-01-29T12:27:45+08:00 ] /thinkmao/Index.php/ | INFO: Tag[ view_template ] --START--
[ 2013-01-29T12:27:45+08:00 ] /thinkmao/Index.php/ | INFO: Run LocationTemplate Behavior [ RunTime:0.000043s ]
[ 2013-01-29T12:27:45+08:00 ] /thinkmao/Index.php/ | INFO: Tag[ view_template ] --END-- [ RunTime:-0.178043s ]
[ 2013-01-29T12:27:45+08:00 ] /thinkmao/Index.php/ | INFO: Tag[ view_parse ] --START--
[ 2013-01-29T12:27:45+08:00 ] /thinkmao/Index.php/ | INFO: Run ParseTemplate Behavior [ RunTime:0.002760s ]
[ 2013-01-29T12:27:45+08:00 ] /thinkmao/Index.php/ | INFO: Tag[ view_parse ] --END-- [ RunTime:-0.173538s ]
[ 2013-01-29T12:27:45+08:00 ] /thinkmao/Index.php/ | INFO: Tag[ view_filter ] --START--
[ 2013-01-29T12:27:45+08:00 ] /thinkmao/Index.php/ | INFO: Run ContentReplace Behavior [ RunTime:0.000051s ]
[ 2013-01-29T12:27:45+08:00 ] /thinkmao/Index.php/ | INFO: Run TokenBuild Behavior [ RunTime:0.000029s ]
[ 2013-01-29T12:27:45+08:00 ] /thinkmao/Index.php/ | INFO: Run WriteHtmlCache Behavior [ RunTime:0.000007s ]
[ 2013-01-29T12:27:45+08:00 ] /thinkmao/Index.php/ | INFO: Run ShowRuntime Behavior [ RunTime:0.000048s ]
[ 2013-01-29T12:27:45+08:00 ] /thinkmao/Index.php/ | INFO: Tag[ view_filter ] --END-- [ RunTime:-0.175925s ]
[ 2013-01-29T12:27:45+08:00 ] /thinkmao/Index.php/ | NOTIC: [2] Cannot modify header information - headers already sent by (output started at /var/www/html/thinkmao/ThinkPHP/Lib/Core/View.class.php:124) View.class.php 第 120 行.
[ 2013-01-29T12:27:45+08:00 ] /thinkmao/Index.php/ | NOTIC: [2] Cannot modify header information - headers already sent by (output started at /var/www/html/thinkmao/ThinkPHP/Lib/Core/View.class.php:124) View.class.php 第 121 行.
[ 2013-01-29T12:27:45+08:00 ] /thinkmao/Index.php/ | NOTIC: [2] Cannot modify header information - headers already sent by (output started at /var/www/html/thinkmao/ThinkPHP/Lib/Core/View.class.php:124) View.class.php 第 122 行.
[ 2013-01-29T12:27:45+08:00 ] /thinkmao/Index.php/ | INFO: Tag[ view_end ] --START--
[ 2013-01-29T12:27:45+08:00 ] /thinkmao/Index.php/ | INFO: Run ShowPageTrace Behavior [ RunTime:0.000014s ]
[ 2013-01-29T12:27:45+08:00 ] /thinkmao/Index.php/ | INFO: Tag[ view_end ] --END-- [ RunTime:-0.176110s ]
[ 2013-01-29T12:27:47+08:00 ] /thinkmao/Index.php/Good/ajaxx | INFO: Tag[ route_check ] --START--
[ 2013-01-29T12:27:47+08:00 ] /thinkmao/Index.php/Good/ajaxx | INFO: Run CheckRoute Behavior [ RunTime:0.000155s ]
[ 2013-01-29T12:27:47+08:00 ] /thinkmao/Index.php/Good/ajaxx | INFO: Tag[ route_check ] --END-- [ RunTime:0.000368s ]
[ 2013-01-29T12:27:47+08:00 ] /thinkmao/Index.php/Good/ajaxx | INFO: Tag[ app_begin ] --START--
[ 2013-01-29T12:27:47+08:00 ] /thinkmao/Index.php/Good/ajaxx | INFO: Run ReadHtmlCache Behavior [ RunTime:0.000146s ]
[ 2013-01-29T12:27:47+08:00 ] /thinkmao/Index.php/Good/ajaxx | INFO: Tag[ app_begin ] --END-- [ RunTime:0.000226s ]
[ 2013-01-29T12:27:47+08:00 ] /thinkmao/Index.php/Good/ajaxx | SQL: SHOW COLUMNS FROM `hd_goods` [ RunTime:0.001496s ]
[ 2013-01-29T12:27:47+08:00 ] /thinkmao/Index.php/Good/ajaxx | SQL: SELECT * FROM `hd_goods` WHERE ( `id` = '11' ) LIMIT 1   [ RunTime:0.000314s ]
[ 2013-01-29T12:27:47+08:00 ] /thinkmao/Index.php/Good/ajaxx | SQL: SHOW COLUMNS FROM `hd_goods_attr` [ RunTime:0.000524s ]
[ 2013-01-29T12:27:47+08:00 ] /thinkmao/Index.php/Good/ajaxx | SQL: SELECT * FROM `hd_goods_attr` WHERE ( `gid` = '11' )  [ RunTime:0.000220s ]
[ 2013-01-29T12:27:48+08:00 ] /thinkmao/Index.php/Good/ajaxx | INFO: Tag[ route_check ] --START--
[ 2013-01-29T12:27:48+08:00 ] /thinkmao/Index.php/Good/ajaxx | INFO: Run CheckRoute Behavior [ RunTime:0.000159s ]
[ 2013-01-29T12:27:48+08:00 ] /thinkmao/Index.php/Good/ajaxx | INFO: Tag[ route_check ] --END-- [ RunTime:0.000380s ]
[ 2013-01-29T12:27:48+08:00 ] /thinkmao/Index.php/Good/ajaxx | INFO: Tag[ app_begin ] --START--
[ 2013-01-29T12:27:48+08:00 ] /thinkmao/Index.php/Good/ajaxx | INFO: Run ReadHtmlCache Behavior [ RunTime:0.000148s ]
[ 2013-01-29T12:27:48+08:00 ] /thinkmao/Index.php/Good/ajaxx | INFO: Tag[ app_begin ] --END-- [ RunTime:0.000228s ]
[ 2013-01-29T12:27:48+08:00 ] /thinkmao/Index.php/Good/ajaxx | SQL: SHOW COLUMNS FROM `hd_goods` [ RunTime:0.001552s ]
[ 2013-01-29T12:27:48+08:00 ] /thinkmao/Index.php/Good/ajaxx | SQL: SELECT * FROM `hd_goods` WHERE ( `id` = '11' ) LIMIT 1   [ RunTime:0.000253s ]
[ 2013-01-29T12:27:48+08:00 ] /thinkmao/Index.php/Good/ajaxx | SQL: SHOW COLUMNS FROM `hd_goods_attr` [ RunTime:0.000563s ]
[ 2013-01-29T12:27:48+08:00 ] /thinkmao/Index.php/Good/ajaxx | SQL: SELECT * FROM `hd_goods_attr` WHERE ( `gid` = '11' )  [ RunTime:0.000284s ]
[ 2013-01-29T12:27:48+08:00 ] /thinkmao/Index.php/Good/ajaxx | INFO: Tag[ route_check ] --START--
[ 2013-01-29T12:27:48+08:00 ] /thinkmao/Index.php/Good/ajaxx | INFO: Run CheckRoute Behavior [ RunTime:0.000155s ]
[ 2013-01-29T12:27:48+08:00 ] /thinkmao/Index.php/Good/ajaxx | INFO: Tag[ route_check ] --END-- [ RunTime:0.000392s ]
[ 2013-01-29T12:27:48+08:00 ] /thinkmao/Index.php/Good/ajaxx | INFO: Tag[ app_begin ] --START--
[ 2013-01-29T12:27:48+08:00 ] /thinkmao/Index.php/Good/ajaxx | INFO: Run ReadHtmlCache Behavior [ RunTime:0.000144s ]
[ 2013-01-29T12:27:48+08:00 ] /thinkmao/Index.php/Good/ajaxx | INFO: Tag[ app_begin ] --END-- [ RunTime:0.000223s ]
[ 2013-01-29T12:27:48+08:00 ] /thinkmao/Index.php/Good/ajaxx | SQL: SHOW COLUMNS FROM `hd_goods` [ RunTime:0.001532s ]
[ 2013-01-29T12:27:48+08:00 ] /thinkmao/Index.php/Good/ajaxx | SQL: SELECT * FROM `hd_goods` WHERE ( `id` = '11' ) LIMIT 1   [ RunTime:0.000485s ]
[ 2013-01-29T12:27:48+08:00 ] /thinkmao/Index.php/Good/ajaxx | SQL: SHOW COLUMNS FROM `hd_goods_attr` [ RunTime:0.001167s ]
[ 2013-01-29T12:27:48+08:00 ] /thinkmao/Index.php/Good/ajaxx | SQL: SELECT * FROM `hd_goods_attr` WHERE ( `gid` = '11' )  [ RunTime:0.000574s ]
[ 2013-01-29T12:27:49+08:00 ] /thinkmao/Index.php/Good/check_login | INFO: Tag[ route_check ] --START--
[ 2013-01-29T12:27:49+08:00 ] /thinkmao/Index.php/Good/check_login | INFO: Run CheckRoute Behavior [ RunTime:0.000185s ]
[ 2013-01-29T12:27:49+08:00 ] /thinkmao/Index.php/Good/check_login | INFO: Tag[ route_check ] --END-- [ RunTime:0.000401s ]
[ 2013-01-29T12:27:49+08:00 ] /thinkmao/Index.php/Good/check_login | INFO: Tag[ app_begin ] --START--
[ 2013-01-29T12:27:49+08:00 ] /thinkmao/Index.php/Good/check_login | INFO: Run ReadHtmlCache Behavior [ RunTime:0.000147s ]
[ 2013-01-29T12:27:49+08:00 ] /thinkmao/Index.php/Good/check_login | INFO: Tag[ app_begin ] --END-- [ RunTime:0.000227s ]
[ 2013-01-29T12:27:49+08:00 ] /thinkmao/Index.php/Good/check_login | NOTIC: [8] A session had already been started - ignoring session_start() GoodAction.class.php 第 49 行.
[ 2013-01-29T12:27:49+08:00 ] /thinkmao/Index.php/Good/check_login | NOTIC: [8] Use of undefined constant id - assumed 'id' GoodAction.class.php 第 50 行.
[ 2013-01-29T12:27:49+08:00 ] /thinkmao/Index.php/Good/ajaxx | INFO: Tag[ route_check ] --START--
[ 2013-01-29T12:27:49+08:00 ] /thinkmao/Index.php/Good/ajaxx | INFO: Run CheckRoute Behavior [ RunTime:0.000158s ]
[ 2013-01-29T12:27:49+08:00 ] /thinkmao/Index.php/Good/ajaxx | INFO: Tag[ route_check ] --END-- [ RunTime:0.000421s ]
[ 2013-01-29T12:27:49+08:00 ] /thinkmao/Index.php/Good/ajaxx | INFO: Tag[ app_begin ] --START--
[ 2013-01-29T12:27:49+08:00 ] /thinkmao/Index.php/Good/ajaxx | INFO: Run ReadHtmlCache Behavior [ RunTime:0.000146s ]
[ 2013-01-29T12:27:49+08:00 ] /thinkmao/Index.php/Good/ajaxx | INFO: Tag[ app_begin ] --END-- [ RunTime:0.000224s ]
[ 2013-01-29T12:27:49+08:00 ] /thinkmao/Index.php/Good/ajaxx | SQL: SHOW COLUMNS FROM `hd_goods` [ RunTime:0.001510s ]
[ 2013-01-29T12:27:49+08:00 ] /thinkmao/Index.php/Good/ajaxx | SQL: SELECT * FROM `hd_goods` WHERE ( `id` = '11' ) LIMIT 1   [ RunTime:0.000448s ]
[ 2013-01-29T12:27:49+08:00 ] /thinkmao/Index.php/Good/ajaxx | SQL: SHOW COLUMNS FROM `hd_goods_attr` [ RunTime:0.000970s ]
[ 2013-01-29T12:27:49+08:00 ] /thinkmao/Index.php/Good/ajaxx | SQL: SELECT * FROM `hd_goods_attr` WHERE ( `gid` = '11' )  [ RunTime:0.000530s ]
[ 2013-01-29T12:27:49+08:00 ] /thinkmao/Index.php/Good/ajaxx | NOTIC: [8] A session had already been started - ignoring session_start() GoodAction.class.php 第 34 行.
[ 2013-01-29T12:27:49+08:00 ] /thinkmao/Index.php/Good/ajaxx | NOTIC: [8] Use of undefined constant id - assumed 'id' GoodAction.class.php 第 38 行.
