[ 2013-01-31T10:28:02+08:00 ] /thinkmao/Index.php/Order/put_order | INFO: Tag[ route_check ] --START--
[ 2013-01-31T10:28:02+08:00 ] /thinkmao/Index.php/Order/put_order | INFO: Run CheckRoute Behavior [ RunTime:0.000088s ]
[ 2013-01-31T10:28:02+08:00 ] /thinkmao/Index.php/Order/put_order | INFO: Tag[ route_check ] --END-- [ RunTime:0.000222s ]
[ 2013-01-31T10:28:02+08:00 ] /thinkmao/Index.php/Order/put_order | INFO: Tag[ app_begin ] --START--
[ 2013-01-31T10:28:02+08:00 ] /thinkmao/Index.php/Order/put_order | INFO: Run ReadHtmlCache Behavior [ RunTime:0.000079s ]
[ 2013-01-31T10:28:02+08:00 ] /thinkmao/Index.php/Order/put_order | INFO: Tag[ app_begin ] --END-- [ RunTime:0.000121s ]
[ 2013-01-31T10:31:33+08:00 ] /thinkmao/Index.php/Order/index | INFO: Tag[ route_check ] --START--
[ 2013-01-31T10:31:33+08:00 ] /thinkmao/Index.php/Order/index | INFO: Run CheckRoute Behavior [ RunTime:0.000152s ]
[ 2013-01-31T10:31:33+08:00 ] /thinkmao/Index.php/Order/index | INFO: Tag[ route_check ] --END-- [ RunTime:0.000360s ]
[ 2013-01-31T10:31:33+08:00 ] /thinkmao/Index.php/Order/index | INFO: Tag[ app_begin ] --START--
[ 2013-01-31T10:31:33+08:00 ] /thinkmao/Index.php/Order/index | INFO: Run ReadHtmlCache Behavior [ RunTime:0.000172s ]
[ 2013-01-31T10:31:33+08:00 ] /thinkmao/Index.php/Order/index | INFO: Tag[ app_begin ] --END-- [ RunTime:0.000254s ]
[ 2013-01-31T10:31:33+08:00 ] /thinkmao/Index.php/Order/index | SQL: SHOW COLUMNS FROM `hd_order` [ RunTime:0.000657s ]
[ 2013-01-31T10:31:33+08:00 ] /thinkmao/Index.php/Order/index | SQL: SELECT * FROM `hd_order` WHERE ( `uid` = '1' )  [ RunTime:0.000192s ]
[ 2013-01-31T10:31:33+08:00 ] /thinkmao/Index.php/Order/index | SQL: SHOW COLUMNS FROM `hd_goods` [ RunTime:0.000974s ]
[ 2013-01-31T10:31:33+08:00 ] /thinkmao/Index.php/Order/index | SQL: SHOW COLUMNS FROM `hd_goods_attr` [ RunTime:0.000511s ]
[ 2013-01-31T10:31:33+08:00 ] /thinkmao/Index.php/Order/index | SQL: SHOW COLUMNS FROM `hd_type_attr` [ RunTime:0.000461s ]
[ 2013-01-31T10:31:33+08:00 ] /thinkmao/Index.php/Order/index | SQL: SHOW COLUMNS FROM `hd_brand` [ RunTime:0.000468s ]
[ 2013-01-31T10:31:33+08:00 ] /thinkmao/Index.php/Order/index | SQL: SHOW COLUMNS FROM `hd_goods_intro` [ RunTime:0.000637s ]
[ 2013-01-31T10:31:33+08:00 ] /thinkmao/Index.php/Order/index | SQL: SHOW COLUMNS FROM `hd_goods_list` [ RunTime:0.000440s ]
[ 2013-01-31T10:31:33+08:00 ] /thinkmao/Index.php/Order/index | SQL: SELECT goods.sell_num AS sell_num,goods.id AS gid,goods.name AS gname,goods.unit AS unit,goods.number AS number,goods.price AS price,goods.pic AS pic,goods.click AS click,goods.recommend AS recommend,goods.hot AS hot,goods.time AS time,goods.cid AS cid,goods.bid AS bid,goods.tid AS tid,goods.mprice AS mprice,goods_attr.id AS attrid,goods_attr.value AS value,goods_attr.price AS attr_price,type_attr.id AS attr_id,type_attr.name AS attr_name,type_attr.type AS type,brand.name AS brand_name,brand.logo AS logo,brand.hot AS hot_brand,goods_intro.mini AS mini,goods_intro.medium AS medium,goods_intro.max AS max,goods_intro.intro AS intro,goods_intro.service AS service,goods_list.id AS in_id,goods_list.inventory AS inventory,goods_list.attr AS attr_com,goods_list.number AS in_number,goods_list.series AS series,goods_list.price AS in_price FROM hd_goods goods LEFT JOIN hd_goods_attr goods_attr ON goods_attr.gid =goods.id LEFT JOIN hd_type_attr type_attr ON goods_attr.aid = type_attr.id  JOIN hd_brand brand ON goods.bid = brand.id  JOIN hd_goods_intro goods_intro ON goods.id = goods_intro.gid  JOIN hd_goods_list goods_list ON goods.id = goods_list.gid WHERE ( goods.id = '16' )  [ RunTime:0.000877s ]
[ 2013-01-31T10:31:33+08:00 ] /thinkmao/Index.php/Order/index | NOTIC: [8] Undefined offset: 259 common.php 第 146 行.
[ 2013-01-31T10:31:33+08:00 ] /thinkmao/Index.php/Order/index | NOTIC: [8] Undefined offset: 260 common.php 第 146 行.
[ 2013-01-31T10:31:33+08:00 ] /thinkmao/Index.php/Order/index | NOTIC: [8] Undefined offset: 261 common.php 第 146 行.
[ 2013-01-31T10:31:33+08:00 ] /thinkmao/Index.php/Order/index | NOTIC: [8] Undefined offset: 262 common.php 第 146 行.
[ 2013-01-31T10:31:33+08:00 ] /thinkmao/Index.php/Order/index | NOTIC: [8] Undefined offset: 263 common.php 第 146 行.
[ 2013-01-31T10:31:33+08:00 ] /thinkmao/Index.php/Order/index | NOTIC: [8] Undefined offset: 264 common.php 第 146 行.
[ 2013-01-31T10:31:33+08:00 ] /thinkmao/Index.php/Order/index | NOTIC: [8] Undefined offset: 265 common.php 第 146 行.
[ 2013-01-31T10:31:33+08:00 ] /thinkmao/Index.php/Order/index | NOTIC: [8] Undefined offset: 266 common.php 第 146 行.
[ 2013-01-31T10:31:33+08:00 ] /thinkmao/Index.php/Order/index | NOTIC: [8] Undefined offset: 267 common.php 第 146 行.
[ 2013-01-31T10:31:33+08:00 ] /thinkmao/Index.php/Order/index | NOTIC: [8] Undefined offset: 268 common.php 第 146 行.
[ 2013-01-31T10:31:33+08:00 ] /thinkmao/Index.php/Order/index | NOTIC: [8] Undefined offset: 269 common.php 第 146 行.
[ 2013-01-31T10:31:33+08:00 ] /thinkmao/Index.php/Order/index | NOTIC: [8] Undefined offset: 270 common.php 第 146 行.
[ 2013-01-31T10:31:33+08:00 ] /thinkmao/Index.php/Order/index | NOTIC: [8] Undefined offset: 271 common.php 第 146 行.
[ 2013-01-31T10:31:33+08:00 ] /thinkmao/Index.php/Order/index | NOTIC: [8] Undefined offset: 272 common.php 第 146 行.
[ 2013-01-31T10:31:33+08:00 ] /thinkmao/Index.php/Order/index | NOTIC: [8] Undefined offset: 273 common.php 第 146 行.
[ 2013-01-31T10:31:33+08:00 ] /thinkmao/Index.php/Order/index | NOTIC: [8] Undefined offset: 274 common.php 第 146 行.
[ 2013-01-31T10:31:33+08:00 ] /thinkmao/Index.php/Order/index | NOTIC: [8] Undefined offset: 275 common.php 第 146 行.
[ 2013-01-31T10:31:33+08:00 ] /thinkmao/Index.php/Order/index | NOTIC: [8] Undefined offset: 276 common.php 第 146 行.
[ 2013-01-31T10:31:33+08:00 ] /thinkmao/Index.php/Order/index | NOTIC: [8] Undefined offset: 277 common.php 第 146 行.
[ 2013-01-31T10:31:33+08:00 ] /thinkmao/Index.php/Order/index | NOTIC: [8] Undefined offset: 278 common.php 第 146 行.
[ 2013-01-31T10:31:33+08:00 ] /thinkmao/Index.php/Order/index | NOTIC: [8] Undefined offset: 279 common.php 第 146 行.
[ 2013-01-31T10:31:33+08:00 ] /thinkmao/Index.php/Order/index | NOTIC: [8] Undefined offset: 280 common.php 第 146 行.
[ 2013-01-31T10:31:33+08:00 ] /thinkmao/Index.php/Order/index | NOTIC: [8] Undefined offset: 281 common.php 第 155 行.
[ 2013-01-31T10:31:33+08:00 ] /thinkmao/Index.php/Order/index | NOTIC: [8] Undefined offset: 282 common.php 第 155 行.
[ 2013-01-31T10:31:33+08:00 ] /thinkmao/Index.php/Order/index | NOTIC: [8] Undefined offset: 283 common.php 第 155 行.
[ 2013-01-31T10:31:33+08:00 ] /thinkmao/Index.php/Order/index | NOTIC: [8] Undefined offset: 284 common.php 第 155 行.
[ 2013-01-31T10:31:33+08:00 ] /thinkmao/Index.php/Order/index | NOTIC: [8] Undefined offset: 285 common.php 第 155 行.
[ 2013-01-31T10:31:33+08:00 ] /thinkmao/Index.php/Order/index | NOTIC: [8] Undefined offset: 286 common.php 第 155 行.
[ 2013-01-31T10:31:33+08:00 ] /thinkmao/Index.php/Order/index | NOTIC: [8] Undefined offset: 281 common.php 第 230 行.
[ 2013-01-31T10:31:33+08:00 ] /thinkmao/Index.php/Order/index | NOTIC: [8] Undefined offset: 282 common.php 第 230 行.
[ 2013-01-31T10:31:33+08:00 ] /thinkmao/Index.php/Order/index | NOTIC: [8] Undefined offset: 283 common.php 第 230 行.
[ 2013-01-31T10:31:33+08:00 ] /thinkmao/Index.php/Order/index | NOTIC: [8] Undefined offset: 284 common.php 第 230 行.
[ 2013-01-31T10:31:33+08:00 ] /thinkmao/Index.php/Order/index | NOTIC: [8] Undefined offset: 285 common.php 第 230 行.
[ 2013-01-31T10:31:33+08:00 ] /thinkmao/Index.php/Order/index | NOTIC: [8] Undefined offset: 286 common.php 第 230 行.
[ 2013-01-31T10:31:33+08:00 ] /thinkmao/Index.php/Order/index | SQL: SELECT * FROM `hd_goods_attr` WHERE id in ( 282, 284)  [ RunTime:0.000290s ]
[ 2013-01-31T10:31:33+08:00 ] /thinkmao/Index.php/Order/index | INFO: Tag[ view_template ] --START--
[ 2013-01-31T10:31:33+08:00 ] /thinkmao/Index.php/Order/index | INFO: Run LocationTemplate Behavior [ RunTime:0.000122s ]
[ 2013-01-31T10:31:33+08:00 ] /thinkmao/Index.php/Order/index | INFO: Tag[ view_template ] --END-- [ RunTime:0.000156s ]
[ 2013-01-31T10:31:33+08:00 ] /thinkmao/Index.php/Order/index | INFO: Tag[ view_parse ] --START--
[ 2013-01-31T10:31:33+08:00 ] /thinkmao/Index.php/Order/index | INFO: Run ParseTemplate Behavior [ RunTime:0.002460s ]
[ 2013-01-31T10:31:33+08:00 ] /thinkmao/Index.php/Order/index | INFO: Tag[ view_parse ] --END-- [ RunTime:0.002517s ]
[ 2013-01-31T10:31:33+08:00 ] /thinkmao/Index.php/Order/index | INFO: Tag[ view_filter ] --START--
[ 2013-01-31T10:31:33+08:00 ] /thinkmao/Index.php/Order/index | INFO: Run ContentReplace Behavior [ RunTime:0.000101s ]
[ 2013-01-31T10:31:33+08:00 ] /thinkmao/Index.php/Order/index | INFO: Run TokenBuild Behavior [ RunTime:0.000057s ]
[ 2013-01-31T10:31:33+08:00 ] /thinkmao/Index.php/Order/index | INFO: Run WriteHtmlCache Behavior [ RunTime:0.000030s ]
[ 2013-01-31T10:31:33+08:00 ] /thinkmao/Index.php/Order/index | INFO: Run ShowRuntime Behavior [ RunTime:0.000069s ]
[ 2013-01-31T10:31:33+08:00 ] /thinkmao/Index.php/Order/index | INFO: Tag[ view_filter ] --END-- [ RunTime:0.000337s ]
[ 2013-01-31T10:31:33+08:00 ] /thinkmao/Index.php/Order/index | INFO: Tag[ view_end ] --START--
[ 2013-01-31T10:31:33+08:00 ] /thinkmao/Index.php/Order/index | INFO: Run ShowPageTrace Behavior [ RunTime:0.000060s ]
[ 2013-01-31T10:31:33+08:00 ] /thinkmao/Index.php/Order/index | INFO: Tag[ view_end ] --END-- [ RunTime:0.000088s ]
[ 2013-01-31T10:31:33+08:00 ] /thinkmao/Index.php/Order/index | INFO: Tag[ view_template ] --START--
[ 2013-01-31T10:31:33+08:00 ] /thinkmao/Index.php/Order/index | INFO: Run LocationTemplate Behavior [ RunTime:0.000027s ]
[ 2013-01-31T10:31:33+08:00 ] /thinkmao/Index.php/Order/index | INFO: Tag[ view_template ] --END-- [ RunTime:-0.003270s ]
[ 2013-01-31T10:31:33+08:00 ] /thinkmao/Index.php/Order/index | INFO: Tag[ view_parse ] --START--
[ 2013-01-31T10:31:33+08:00 ] /thinkmao/Index.php/Order/index | NOTIC: [8] Undefined index: cid TagLibList.class.php 第 31 行.
[ 2013-01-31T10:31:33+08:00 ] /thinkmao/Index.php/Order/index | NOTIC: [8] Undefined index: cid TagLibList.class.php 第 31 行.
[ 2013-01-31T10:31:33+08:00 ] /thinkmao/Index.php/Order/index | NOTIC: [8] Undefined index: cid TagLibList.class.php 第 31 行.
[ 2013-01-31T10:31:33+08:00 ] /thinkmao/Index.php/Order/index | NOTIC: [8] Undefined index: cid TagLibList.class.php 第 31 行.
[ 2013-01-31T10:31:33+08:00 ] /thinkmao/Index.php/Order/index | INFO: Run ParseTemplate Behavior [ RunTime:0.009972s ]
[ 2013-01-31T10:31:33+08:00 ] /thinkmao/Index.php/Order/index | INFO: Tag[ view_parse ] --END-- [ RunTime:-0.000634s ]
[ 2013-01-31T10:31:33+08:00 ] /thinkmao/Index.php/Order/index | INFO: Tag[ view_filter ] --START--
[ 2013-01-31T10:31:33+08:00 ] /thinkmao/Index.php/Order/index | INFO: Run ContentReplace Behavior [ RunTime:0.000082s ]
[ 2013-01-31T10:31:33+08:00 ] /thinkmao/Index.php/Order/index | INFO: Run TokenBuild Behavior [ RunTime:0.000025s ]
[ 2013-01-31T10:31:33+08:00 ] /thinkmao/Index.php/Order/index | INFO: Run WriteHtmlCache Behavior [ RunTime:0.000006s ]
[ 2013-01-31T10:31:33+08:00 ] /thinkmao/Index.php/Order/index | INFO: Run ShowRuntime Behavior [ RunTime:0.000047s ]
[ 2013-01-31T10:31:33+08:00 ] /thinkmao/Index.php/Order/index | INFO: Tag[ view_filter ] --END-- [ RunTime:-0.010338s ]
[ 2013-01-31T10:31:33+08:00 ] /thinkmao/Index.php/Order/index | INFO: Tag[ view_end ] --START--
[ 2013-01-31T10:31:33+08:00 ] /thinkmao/Index.php/Order/index | INFO: Run ShowPageTrace Behavior [ RunTime:0.000017s ]
[ 2013-01-31T10:31:33+08:00 ] /thinkmao/Index.php/Order/index | INFO: Tag[ view_end ] --END-- [ RunTime:-0.010777s ]
[ 2013-01-31T10:31:33+08:00 ] /thinkmao/Index.php/Order/index | INFO: Tag[ view_template ] --START--
[ 2013-01-31T10:31:33+08:00 ] /thinkmao/Index.php/Order/index | INFO: Run LocationTemplate Behavior [ RunTime:0.000039s ]
[ 2013-01-31T10:31:33+08:00 ] /thinkmao/Index.php/Order/index | INFO: Tag[ view_template ] --END-- [ RunTime:-0.014095s ]
[ 2013-01-31T10:31:33+08:00 ] /thinkmao/Index.php/Order/index | INFO: Tag[ view_parse ] --START--
[ 2013-01-31T10:31:33+08:00 ] /thinkmao/Index.php/Order/index | INFO: Run ParseTemplate Behavior [ RunTime:0.002873s ]
[ 2013-01-31T10:31:33+08:00 ] /thinkmao/Index.php/Order/index | INFO: Tag[ view_parse ] --END-- [ RunTime:-0.011474s ]
[ 2013-01-31T10:31:33+08:00 ] /thinkmao/Index.php/Order/index | INFO: Tag[ view_filter ] --START--
[ 2013-01-31T10:31:33+08:00 ] /thinkmao/Index.php/Order/index | INFO: Run ContentReplace Behavior [ RunTime:0.000055s ]
[ 2013-01-31T10:31:33+08:00 ] /thinkmao/Index.php/Order/index | INFO: Run TokenBuild Behavior [ RunTime:0.000030s ]
[ 2013-01-31T10:31:33+08:00 ] /thinkmao/Index.php/Order/index | INFO: Run WriteHtmlCache Behavior [ RunTime:0.000008s ]
[ 2013-01-31T10:31:33+08:00 ] /thinkmao/Index.php/Order/index | INFO: Run ShowRuntime Behavior [ RunTime:0.000048s ]
[ 2013-01-31T10:31:33+08:00 ] /thinkmao/Index.php/Order/index | INFO: Tag[ view_filter ] --END-- [ RunTime:-0.014077s ]
[ 2013-01-31T10:31:33+08:00 ] /thinkmao/Index.php/Order/index | NOTIC: [2] Cannot modify header information - headers already sent by (output started at /var/www/html/thinkmao/ThinkPHP/Lib/Core/View.class.php:124) View.class.php 第 120 行.
[ 2013-01-31T10:31:33+08:00 ] /thinkmao/Index.php/Order/index | NOTIC: [2] Cannot modify header information - headers already sent by (output started at /var/www/html/thinkmao/ThinkPHP/Lib/Core/View.class.php:124) View.class.php 第 121 行.
[ 2013-01-31T10:31:33+08:00 ] /thinkmao/Index.php/Order/index | NOTIC: [2] Cannot modify header information - headers already sent by (output started at /var/www/html/thinkmao/ThinkPHP/Lib/Core/View.class.php:124) View.class.php 第 122 行.
[ 2013-01-31T10:31:33+08:00 ] /thinkmao/Index.php/Order/index | INFO: Tag[ view_end ] --START--
[ 2013-01-31T10:31:33+08:00 ] /thinkmao/Index.php/Order/index | INFO: Run ShowPageTrace Behavior [ RunTime:0.000013s ]
[ 2013-01-31T10:31:33+08:00 ] /thinkmao/Index.php/Order/index | INFO: Tag[ view_end ] --END-- [ RunTime:-0.014259s ]
[ 2013-01-31T10:31:38+08:00 ] /thinkmao/Index.php/Order/put_order | INFO: Tag[ route_check ] --START--
[ 2013-01-31T10:31:38+08:00 ] /thinkmao/Index.php/Order/put_order | INFO: Run CheckRoute Behavior [ RunTime:0.000151s ]
[ 2013-01-31T10:31:38+08:00 ] /thinkmao/Index.php/Order/put_order | INFO: Tag[ route_check ] --END-- [ RunTime:0.000436s ]
[ 2013-01-31T10:31:38+08:00 ] /thinkmao/Index.php/Order/put_order | INFO: Tag[ app_begin ] --START--
[ 2013-01-31T10:31:38+08:00 ] /thinkmao/Index.php/Order/put_order | INFO: Run ReadHtmlCache Behavior [ RunTime:0.000149s ]
[ 2013-01-31T10:31:38+08:00 ] /thinkmao/Index.php/Order/put_order | INFO: Tag[ app_begin ] --END-- [ RunTime:0.000256s ]
[ 2013-01-31T10:31:38+08:00 ] /thinkmao/Index.php/Order/put_order | SQL: SHOW COLUMNS FROM `hd_goods` [ RunTime:0.001509s ]
[ 2013-01-31T10:31:38+08:00 ] /thinkmao/Index.php/Order/put_order | SQL: SHOW COLUMNS FROM `hd_goods_attr` [ RunTime:0.000664s ]
[ 2013-01-31T10:31:38+08:00 ] /thinkmao/Index.php/Order/put_order | SQL: SHOW COLUMNS FROM `hd_type_attr` [ RunTime:0.000931s ]
[ 2013-01-31T10:31:38+08:00 ] /thinkmao/Index.php/Order/put_order | SQL: SHOW COLUMNS FROM `hd_brand` [ RunTime:0.000948s ]
[ 2013-01-31T10:31:38+08:00 ] /thinkmao/Index.php/Order/put_order | SQL: SHOW COLUMNS FROM `hd_goods_intro` [ RunTime:0.000926s ]
[ 2013-01-31T10:31:38+08:00 ] /thinkmao/Index.php/Order/put_order | SQL: SHOW COLUMNS FROM `hd_goods_list` [ RunTime:0.000945s ]
[ 2013-01-31T10:31:38+08:00 ] /thinkmao/Index.php/Order/put_order | SQL: SELECT goods.sell_num AS sell_num,goods.id AS gid,goods.name AS gname,goods.unit AS unit,goods.number AS number,goods.price AS price,goods.pic AS pic,goods.click AS click,goods.recommend AS recommend,goods.hot AS hot,goods.time AS time,goods.cid AS cid,goods.bid AS bid,goods.tid AS tid,goods.mprice AS mprice,goods_attr.id AS attrid,goods_attr.value AS value,goods_attr.price AS attr_price,type_attr.id AS attr_id,type_attr.name AS attr_name,type_attr.type AS type,brand.name AS brand_name,brand.logo AS logo,brand.hot AS hot_brand,goods_intro.mini AS mini,goods_intro.medium AS medium,goods_intro.max AS max,goods_intro.intro AS intro,goods_intro.service AS service,goods_list.id AS in_id,goods_list.inventory AS inventory,goods_list.attr AS attr_com,goods_list.number AS in_number,goods_list.series AS series,goods_list.price AS in_price FROM hd_goods goods LEFT JOIN hd_goods_attr goods_attr ON goods_attr.gid =goods.id LEFT JOIN hd_type_attr type_attr ON goods_attr.aid = type_attr.id  JOIN hd_brand brand ON goods.bid = brand.id  JOIN hd_goods_intro goods_intro ON goods.id = goods_intro.gid  JOIN hd_goods_list goods_list ON goods.id = goods_list.gid WHERE ( goods.id = '16' )  [ RunTime:0.002430s ]
[ 2013-01-31T10:31:38+08:00 ] /thinkmao/Index.php/Order/put_order | NOTIC: [8] Undefined offset: 259 common.php 第 146 行.
[ 2013-01-31T10:31:38+08:00 ] /thinkmao/Index.php/Order/put_order | NOTIC: [8] Undefined offset: 260 common.php 第 146 行.
[ 2013-01-31T10:31:38+08:00 ] /thinkmao/Index.php/Order/put_order | NOTIC: [8] Undefined offset: 261 common.php 第 146 行.
[ 2013-01-31T10:31:38+08:00 ] /thinkmao/Index.php/Order/put_order | NOTIC: [8] Undefined offset: 262 common.php 第 146 行.
[ 2013-01-31T10:31:38+08:00 ] /thinkmao/Index.php/Order/put_order | NOTIC: [8] Undefined offset: 263 common.php 第 146 行.
[ 2013-01-31T10:31:38+08:00 ] /thinkmao/Index.php/Order/put_order | NOTIC: [8] Undefined offset: 264 common.php 第 146 行.
[ 2013-01-31T10:31:38+08:00 ] /thinkmao/Index.php/Order/put_order | NOTIC: [8] Undefined offset: 265 common.php 第 146 行.
[ 2013-01-31T10:31:38+08:00 ] /thinkmao/Index.php/Order/put_order | NOTIC: [8] Undefined offset: 266 common.php 第 146 行.
[ 2013-01-31T10:31:38+08:00 ] /thinkmao/Index.php/Order/put_order | NOTIC: [8] Undefined offset: 267 common.php 第 146 行.
[ 2013-01-31T10:31:38+08:00 ] /thinkmao/Index.php/Order/put_order | NOTIC: [8] Undefined offset: 268 common.php 第 146 行.
[ 2013-01-31T10:31:38+08:00 ] /thinkmao/Index.php/Order/put_order | NOTIC: [8] Undefined offset: 269 common.php 第 146 行.
[ 2013-01-31T10:31:38+08:00 ] /thinkmao/Index.php/Order/put_order | NOTIC: [8] Undefined offset: 270 common.php 第 146 行.
[ 2013-01-31T10:31:38+08:00 ] /thinkmao/Index.php/Order/put_order | NOTIC: [8] Undefined offset: 271 common.php 第 146 行.
[ 2013-01-31T10:31:38+08:00 ] /thinkmao/Index.php/Order/put_order | NOTIC: [8] Undefined offset: 272 common.php 第 146 行.
[ 2013-01-31T10:31:38+08:00 ] /thinkmao/Index.php/Order/put_order | NOTIC: [8] Undefined offset: 273 common.php 第 146 行.
[ 2013-01-31T10:31:38+08:00 ] /thinkmao/Index.php/Order/put_order | NOTIC: [8] Undefined offset: 274 common.php 第 146 行.
[ 2013-01-31T10:31:38+08:00 ] /thinkmao/Index.php/Order/put_order | NOTIC: [8] Undefined offset: 275 common.php 第 146 行.
[ 2013-01-31T10:31:38+08:00 ] /thinkmao/Index.php/Order/put_order | NOTIC: [8] Undefined offset: 276 common.php 第 146 行.
[ 2013-01-31T10:31:38+08:00 ] /thinkmao/Index.php/Order/put_order | NOTIC: [8] Undefined offset: 277 common.php 第 146 行.
[ 2013-01-31T10:31:38+08:00 ] /thinkmao/Index.php/Order/put_order | NOTIC: [8] Undefined offset: 278 common.php 第 146 行.
[ 2013-01-31T10:31:38+08:00 ] /thinkmao/Index.php/Order/put_order | NOTIC: [8] Undefined offset: 279 common.php 第 146 行.
[ 2013-01-31T10:31:38+08:00 ] /thinkmao/Index.php/Order/put_order | NOTIC: [8] Undefined offset: 280 common.php 第 146 行.
[ 2013-01-31T10:31:38+08:00 ] /thinkmao/Index.php/Order/put_order | NOTIC: [8] Undefined offset: 281 common.php 第 155 行.
[ 2013-01-31T10:31:38+08:00 ] /thinkmao/Index.php/Order/put_order | NOTIC: [8] Undefined offset: 282 common.php 第 155 行.
[ 2013-01-31T10:31:38+08:00 ] /thinkmao/Index.php/Order/put_order | NOTIC: [8] Undefined offset: 283 common.php 第 155 行.
[ 2013-01-31T10:31:38+08:00 ] /thinkmao/Index.php/Order/put_order | NOTIC: [8] Undefined offset: 284 common.php 第 155 行.
[ 2013-01-31T10:31:38+08:00 ] /thinkmao/Index.php/Order/put_order | NOTIC: [8] Undefined offset: 285 common.php 第 155 行.
[ 2013-01-31T10:31:38+08:00 ] /thinkmao/Index.php/Order/put_order | NOTIC: [8] Undefined offset: 286 common.php 第 155 行.
[ 2013-01-31T10:31:38+08:00 ] /thinkmao/Index.php/Order/put_order | NOTIC: [8] Undefined offset: 281 common.php 第 230 行.
[ 2013-01-31T10:31:38+08:00 ] /thinkmao/Index.php/Order/put_order | NOTIC: [8] Undefined offset: 282 common.php 第 230 行.
[ 2013-01-31T10:31:38+08:00 ] /thinkmao/Index.php/Order/put_order | NOTIC: [8] Undefined offset: 283 common.php 第 230 行.
[ 2013-01-31T10:31:38+08:00 ] /thinkmao/Index.php/Order/put_order | NOTIC: [8] Undefined offset: 284 common.php 第 230 行.
[ 2013-01-31T10:31:38+08:00 ] /thinkmao/Index.php/Order/put_order | NOTIC: [8] Undefined offset: 285 common.php 第 230 行.
[ 2013-01-31T10:31:38+08:00 ] /thinkmao/Index.php/Order/put_order | NOTIC: [8] Undefined offset: 286 common.php 第 230 行.
[ 2013-01-31T10:31:38+08:00 ] /thinkmao/Index.php/Order/put_order | SQL: SELECT * FROM `hd_goods_attr` WHERE id in ( 282, 284)  [ RunTime:0.000559s ]
[ 2013-01-31T10:34:38+08:00 ] /thinkmao/Index.php/Order/index | INFO: Tag[ route_check ] --START--
[ 2013-01-31T10:34:38+08:00 ] /thinkmao/Index.php/Order/index | INFO: Run CheckRoute Behavior [ RunTime:0.000156s ]
[ 2013-01-31T10:34:38+08:00 ] /thinkmao/Index.php/Order/index | INFO: Tag[ route_check ] --END-- [ RunTime:0.000381s ]
[ 2013-01-31T10:34:38+08:00 ] /thinkmao/Index.php/Order/index | INFO: Tag[ app_begin ] --START--
[ 2013-01-31T10:34:38+08:00 ] /thinkmao/Index.php/Order/index | INFO: Run ReadHtmlCache Behavior [ RunTime:0.000148s ]
[ 2013-01-31T10:34:38+08:00 ] /thinkmao/Index.php/Order/index | INFO: Tag[ app_begin ] --END-- [ RunTime:0.000228s ]
[ 2013-01-31T10:34:38+08:00 ] /thinkmao/Index.php/Order/index | SQL: SHOW COLUMNS FROM `hd_order` [ RunTime:0.000516s ]
[ 2013-01-31T10:34:38+08:00 ] /thinkmao/Index.php/Order/index | SQL: SELECT * FROM `hd_order` WHERE ( `uid` = '1' )  [ RunTime:0.000239s ]
[ 2013-01-31T10:34:38+08:00 ] /thinkmao/Index.php/Order/index | SQL: SHOW COLUMNS FROM `hd_goods` [ RunTime:0.000658s ]
[ 2013-01-31T10:34:38+08:00 ] /thinkmao/Index.php/Order/index | SQL: SHOW COLUMNS FROM `hd_goods_attr` [ RunTime:0.000424s ]
[ 2013-01-31T10:34:38+08:00 ] /thinkmao/Index.php/Order/index | SQL: SHOW COLUMNS FROM `hd_type_attr` [ RunTime:0.000390s ]
[ 2013-01-31T10:34:38+08:00 ] /thinkmao/Index.php/Order/index | SQL: SHOW COLUMNS FROM `hd_brand` [ RunTime:0.000336s ]
[ 2013-01-31T10:34:38+08:00 ] /thinkmao/Index.php/Order/index | SQL: SHOW COLUMNS FROM `hd_goods_intro` [ RunTime:0.000389s ]
[ 2013-01-31T10:34:38+08:00 ] /thinkmao/Index.php/Order/index | SQL: SHOW COLUMNS FROM `hd_goods_list` [ RunTime:0.000381s ]
[ 2013-01-31T10:34:38+08:00 ] /thinkmao/Index.php/Order/index | SQL: SELECT goods.sell_num AS sell_num,goods.id AS gid,goods.name AS gname,goods.unit AS unit,goods.number AS number,goods.price AS price,goods.pic AS pic,goods.click AS click,goods.recommend AS recommend,goods.hot AS hot,goods.time AS time,goods.cid AS cid,goods.bid AS bid,goods.tid AS tid,goods.mprice AS mprice,goods_attr.id AS attrid,goods_attr.value AS value,goods_attr.price AS attr_price,type_attr.id AS attr_id,type_attr.name AS attr_name,type_attr.type AS type,brand.name AS brand_name,brand.logo AS logo,brand.hot AS hot_brand,goods_intro.mini AS mini,goods_intro.medium AS medium,goods_intro.max AS max,goods_intro.intro AS intro,goods_intro.service AS service,goods_list.id AS in_id,goods_list.inventory AS inventory,goods_list.attr AS attr_com,goods_list.number AS in_number,goods_list.series AS series,goods_list.price AS in_price FROM hd_goods goods LEFT JOIN hd_goods_attr goods_attr ON goods_attr.gid =goods.id LEFT JOIN hd_type_attr type_attr ON goods_attr.aid = type_attr.id  JOIN hd_brand brand ON goods.bid = brand.id  JOIN hd_goods_intro goods_intro ON goods.id = goods_intro.gid  JOIN hd_goods_list goods_list ON goods.id = goods_list.gid WHERE ( goods.id = '16' )  [ RunTime:0.002258s ]
[ 2013-01-31T10:34:38+08:00 ] /thinkmao/Index.php/Order/index | NOTIC: [8] Undefined offset: 259 common.php 第 146 行.
[ 2013-01-31T10:34:38+08:00 ] /thinkmao/Index.php/Order/index | NOTIC: [8] Undefined offset: 260 common.php 第 146 行.
[ 2013-01-31T10:34:38+08:00 ] /thinkmao/Index.php/Order/index | NOTIC: [8] Undefined offset: 261 common.php 第 146 行.
[ 2013-01-31T10:34:38+08:00 ] /thinkmao/Index.php/Order/index | NOTIC: [8] Undefined offset: 262 common.php 第 146 行.
[ 2013-01-31T10:34:38+08:00 ] /thinkmao/Index.php/Order/index | NOTIC: [8] Undefined offset: 263 common.php 第 146 行.
[ 2013-01-31T10:34:38+08:00 ] /thinkmao/Index.php/Order/index | NOTIC: [8] Undefined offset: 264 common.php 第 146 行.
[ 2013-01-31T10:34:38+08:00 ] /thinkmao/Index.php/Order/index | NOTIC: [8] Undefined offset: 265 common.php 第 146 行.
[ 2013-01-31T10:34:38+08:00 ] /thinkmao/Index.php/Order/index | NOTIC: [8] Undefined offset: 266 common.php 第 146 行.
[ 2013-01-31T10:34:38+08:00 ] /thinkmao/Index.php/Order/index | NOTIC: [8] Undefined offset: 267 common.php 第 146 行.
[ 2013-01-31T10:34:38+08:00 ] /thinkmao/Index.php/Order/index | NOTIC: [8] Undefined offset: 268 common.php 第 146 行.
[ 2013-01-31T10:34:38+08:00 ] /thinkmao/Index.php/Order/index | NOTIC: [8] Undefined offset: 269 common.php 第 146 行.
[ 2013-01-31T10:34:38+08:00 ] /thinkmao/Index.php/Order/index | NOTIC: [8] Undefined offset: 270 common.php 第 146 行.
[ 2013-01-31T10:34:38+08:00 ] /thinkmao/Index.php/Order/index | NOTIC: [8] Undefined offset: 271 common.php 第 146 行.
[ 2013-01-31T10:34:38+08:00 ] /thinkmao/Index.php/Order/index | NOTIC: [8] Undefined offset: 272 common.php 第 146 行.
[ 2013-01-31T10:34:38+08:00 ] /thinkmao/Index.php/Order/index | NOTIC: [8] Undefined offset: 273 common.php 第 146 行.
[ 2013-01-31T10:34:38+08:00 ] /thinkmao/Index.php/Order/index | NOTIC: [8] Undefined offset: 274 common.php 第 146 行.
[ 2013-01-31T10:34:38+08:00 ] /thinkmao/Index.php/Order/index | NOTIC: [8] Undefined offset: 275 common.php 第 146 行.
[ 2013-01-31T10:34:38+08:00 ] /thinkmao/Index.php/Order/index | NOTIC: [8] Undefined offset: 276 common.php 第 146 行.
[ 2013-01-31T10:34:38+08:00 ] /thinkmao/Index.php/Order/index | NOTIC: [8] Undefined offset: 277 common.php 第 146 行.
[ 2013-01-31T10:34:38+08:00 ] /thinkmao/Index.php/Order/index | NOTIC: [8] Undefined offset: 278 common.php 第 146 行.
[ 2013-01-31T10:34:38+08:00 ] /thinkmao/Index.php/Order/index | NOTIC: [8] Undefined offset: 279 common.php 第 146 行.
[ 2013-01-31T10:34:38+08:00 ] /thinkmao/Index.php/Order/index | NOTIC: [8] Undefined offset: 280 common.php 第 146 行.
[ 2013-01-31T10:34:38+08:00 ] /thinkmao/Index.php/Order/index | NOTIC: [8] Undefined offset: 281 common.php 第 155 行.
[ 2013-01-31T10:34:38+08:00 ] /thinkmao/Index.php/Order/index | NOTIC: [8] Undefined offset: 282 common.php 第 155 行.
[ 2013-01-31T10:34:38+08:00 ] /thinkmao/Index.php/Order/index | NOTIC: [8] Undefined offset: 283 common.php 第 155 行.
[ 2013-01-31T10:34:38+08:00 ] /thinkmao/Index.php/Order/index | NOTIC: [8] Undefined offset: 284 common.php 第 155 行.
[ 2013-01-31T10:34:38+08:00 ] /thinkmao/Index.php/Order/index | NOTIC: [8] Undefined offset: 285 common.php 第 155 行.
[ 2013-01-31T10:34:38+08:00 ] /thinkmao/Index.php/Order/index | NOTIC: [8] Undefined offset: 286 common.php 第 155 行.
[ 2013-01-31T10:34:38+08:00 ] /thinkmao/Index.php/Order/index | NOTIC: [8] Undefined offset: 281 common.php 第 230 行.
[ 2013-01-31T10:34:38+08:00 ] /thinkmao/Index.php/Order/index | NOTIC: [8] Undefined offset: 282 common.php 第 230 行.
[ 2013-01-31T10:34:38+08:00 ] /thinkmao/Index.php/Order/index | NOTIC: [8] Undefined offset: 283 common.php 第 230 行.
[ 2013-01-31T10:34:38+08:00 ] /thinkmao/Index.php/Order/index | NOTIC: [8] Undefined offset: 284 common.php 第 230 行.
[ 2013-01-31T10:34:38+08:00 ] /thinkmao/Index.php/Order/index | NOTIC: [8] Undefined offset: 285 common.php 第 230 行.
[ 2013-01-31T10:34:38+08:00 ] /thinkmao/Index.php/Order/index | NOTIC: [8] Undefined offset: 286 common.php 第 230 行.
[ 2013-01-31T10:34:38+08:00 ] /thinkmao/Index.php/Order/index | SQL: SELECT * FROM `hd_goods_attr` WHERE id in ( 282, 284)  [ RunTime:0.000360s ]
[ 2013-01-31T10:34:38+08:00 ] /thinkmao/Index.php/Order/index | INFO: Tag[ view_template ] --START--
[ 2013-01-31T10:34:38+08:00 ] /thinkmao/Index.php/Order/index | INFO: Run LocationTemplate Behavior [ RunTime:0.000125s ]
[ 2013-01-31T10:34:38+08:00 ] /thinkmao/Index.php/Order/index | INFO: Tag[ view_template ] --END-- [ RunTime:0.000160s ]
[ 2013-01-31T10:34:38+08:00 ] /thinkmao/Index.php/Order/index | INFO: Tag[ view_parse ] --START--
[ 2013-01-31T10:34:38+08:00 ] /thinkmao/Index.php/Order/index | INFO: Run ParseTemplate Behavior [ RunTime:0.002386s ]
[ 2013-01-31T10:34:38+08:00 ] /thinkmao/Index.php/Order/index | INFO: Tag[ view_parse ] --END-- [ RunTime:0.002444s ]
[ 2013-01-31T10:34:38+08:00 ] /thinkmao/Index.php/Order/index | INFO: Tag[ view_filter ] --START--
[ 2013-01-31T10:34:38+08:00 ] /thinkmao/Index.php/Order/index | INFO: Run ContentReplace Behavior [ RunTime:0.000103s ]
[ 2013-01-31T10:34:38+08:00 ] /thinkmao/Index.php/Order/index | INFO: Run TokenBuild Behavior [ RunTime:0.000057s ]
[ 2013-01-31T10:34:38+08:00 ] /thinkmao/Index.php/Order/index | INFO: Run WriteHtmlCache Behavior [ RunTime:0.000030s ]
[ 2013-01-31T10:34:38+08:00 ] /thinkmao/Index.php/Order/index | INFO: Run ShowRuntime Behavior [ RunTime:0.000068s ]
[ 2013-01-31T10:34:38+08:00 ] /thinkmao/Index.php/Order/index | INFO: Tag[ view_filter ] --END-- [ RunTime:0.000339s ]
[ 2013-01-31T10:34:38+08:00 ] /thinkmao/Index.php/Order/index | INFO: Tag[ view_end ] --START--
[ 2013-01-31T10:34:38+08:00 ] /thinkmao/Index.php/Order/index | INFO: Run ShowPageTrace Behavior [ RunTime:0.000039s ]
[ 2013-01-31T10:34:38+08:00 ] /thinkmao/Index.php/Order/index | INFO: Tag[ view_end ] --END-- [ RunTime:0.000068s ]
[ 2013-01-31T10:34:38+08:00 ] /thinkmao/Index.php/Order/index | INFO: Tag[ view_template ] --START--
[ 2013-01-31T10:34:38+08:00 ] /thinkmao/Index.php/Order/index | INFO: Run LocationTemplate Behavior [ RunTime:0.000022s ]
[ 2013-01-31T10:34:38+08:00 ] /thinkmao/Index.php/Order/index | INFO: Tag[ view_template ] --END-- [ RunTime:-0.003001s ]
[ 2013-01-31T10:34:38+08:00 ] /thinkmao/Index.php/Order/index | INFO: Tag[ view_parse ] --START--
[ 2013-01-31T10:34:38+08:00 ] /thinkmao/Index.php/Order/index | NOTIC: [8] Undefined index: cid TagLibList.class.php 第 31 行.
[ 2013-01-31T10:34:38+08:00 ] /thinkmao/Index.php/Order/index | NOTIC: [8] Undefined index: cid TagLibList.class.php 第 31 行.
[ 2013-01-31T10:34:38+08:00 ] /thinkmao/Index.php/Order/index | NOTIC: [8] Undefined index: cid TagLibList.class.php 第 31 行.
[ 2013-01-31T10:34:38+08:00 ] /thinkmao/Index.php/Order/index | NOTIC: [8] Undefined index: cid TagLibList.class.php 第 31 行.
[ 2013-01-31T10:34:38+08:00 ] /thinkmao/Index.php/Order/index | INFO: Run ParseTemplate Behavior [ RunTime:0.009906s ]
[ 2013-01-31T10:34:38+08:00 ] /thinkmao/Index.php/Order/index | INFO: Tag[ view_parse ] --END-- [ RunTime:-0.000591s ]
[ 2013-01-31T10:34:38+08:00 ] /thinkmao/Index.php/Order/index | INFO: Tag[ view_filter ] --START--
[ 2013-01-31T10:34:38+08:00 ] /thinkmao/Index.php/Order/index | INFO: Run ContentReplace Behavior [ RunTime:0.000077s ]
[ 2013-01-31T10:34:38+08:00 ] /thinkmao/Index.php/Order/index | INFO: Run TokenBuild Behavior [ RunTime:0.000025s ]
[ 2013-01-31T10:34:38+08:00 ] /thinkmao/Index.php/Order/index | INFO: Run WriteHtmlCache Behavior [ RunTime:0.000006s ]
[ 2013-01-31T10:34:38+08:00 ] /thinkmao/Index.php/Order/index | INFO: Run ShowRuntime Behavior [ RunTime:0.000052s ]
[ 2013-01-31T10:34:38+08:00 ] /thinkmao/Index.php/Order/index | INFO: Tag[ view_filter ] --END-- [ RunTime:-0.010223s ]
[ 2013-01-31T10:34:38+08:00 ] /thinkmao/Index.php/Order/index | INFO: Tag[ view_end ] --START--
[ 2013-01-31T10:34:38+08:00 ] /thinkmao/Index.php/Order/index | INFO: Run ShowPageTrace Behavior [ RunTime:0.000018s ]
[ 2013-01-31T10:34:38+08:00 ] /thinkmao/Index.php/Order/index | INFO: Tag[ view_end ] --END-- [ RunTime:-0.010740s ]
[ 2013-01-31T10:34:38+08:00 ] /thinkmao/Index.php/Order/index | INFO: Tag[ view_template ] --START--
[ 2013-01-31T10:34:38+08:00 ] /thinkmao/Index.php/Order/index | INFO: Run LocationTemplate Behavior [ RunTime:0.000044s ]
[ 2013-01-31T10:34:38+08:00 ] /thinkmao/Index.php/Order/index | INFO: Tag[ view_template ] --END-- [ RunTime:-0.013798s ]
[ 2013-01-31T10:34:38+08:00 ] /thinkmao/Index.php/Order/index | INFO: Tag[ view_parse ] --START--
[ 2013-01-31T10:34:38+08:00 ] /thinkmao/Index.php/Order/index | INFO: Run ParseTemplate Behavior [ RunTime:0.002796s ]
[ 2013-01-31T10:34:38+08:00 ] /thinkmao/Index.php/Order/index | INFO: Tag[ view_parse ] --END-- [ RunTime:-0.011420s ]
[ 2013-01-31T10:34:38+08:00 ] /thinkmao/Index.php/Order/index | INFO: Tag[ view_filter ] --START--
[ 2013-01-31T10:34:38+08:00 ] /thinkmao/Index.php/Order/index | INFO: Run ContentReplace Behavior [ RunTime:0.000050s ]
[ 2013-01-31T10:34:38+08:00 ] /thinkmao/Index.php/Order/index | INFO: Run TokenBuild Behavior [ RunTime:0.000029s ]
[ 2013-01-31T10:34:38+08:00 ] /thinkmao/Index.php/Order/index | INFO: Run WriteHtmlCache Behavior [ RunTime:0.000007s ]
[ 2013-01-31T10:34:38+08:00 ] /thinkmao/Index.php/Order/index | INFO: Run ShowRuntime Behavior [ RunTime:0.000047s ]
[ 2013-01-31T10:34:38+08:00 ] /thinkmao/Index.php/Order/index | INFO: Tag[ view_filter ] --END-- [ RunTime:-0.013917s ]
[ 2013-01-31T10:34:38+08:00 ] /thinkmao/Index.php/Order/index | NOTIC: [2] Cannot modify header information - headers already sent by (output started at /var/www/html/thinkmao/ThinkPHP/Lib/Core/View.class.php:124) View.class.php 第 120 行.
[ 2013-01-31T10:34:38+08:00 ] /thinkmao/Index.php/Order/index | NOTIC: [2] Cannot modify header information - headers already sent by (output started at /var/www/html/thinkmao/ThinkPHP/Lib/Core/View.class.php:124) View.class.php 第 121 行.
[ 2013-01-31T10:34:38+08:00 ] /thinkmao/Index.php/Order/index | NOTIC: [2] Cannot modify header information - headers already sent by (output started at /var/www/html/thinkmao/ThinkPHP/Lib/Core/View.class.php:124) View.class.php 第 122 行.
[ 2013-01-31T10:34:38+08:00 ] /thinkmao/Index.php/Order/index | INFO: Tag[ view_end ] --START--
[ 2013-01-31T10:34:38+08:00 ] /thinkmao/Index.php/Order/index | INFO: Run ShowPageTrace Behavior [ RunTime:0.000014s ]
[ 2013-01-31T10:34:38+08:00 ] /thinkmao/Index.php/Order/index | INFO: Tag[ view_end ] --END-- [ RunTime:-0.014107s ]
[ 2013-01-31T10:34:39+08:00 ] /thinkmao/Index.php/Order/put_order | INFO: Tag[ route_check ] --START--
[ 2013-01-31T10:34:39+08:00 ] /thinkmao/Index.php/Order/put_order | INFO: Run CheckRoute Behavior [ RunTime:0.000065s ]
[ 2013-01-31T10:34:39+08:00 ] /thinkmao/Index.php/Order/put_order | INFO: Tag[ route_check ] --END-- [ RunTime:0.000174s ]
[ 2013-01-31T10:34:39+08:00 ] /thinkmao/Index.php/Order/put_order | INFO: Tag[ app_begin ] --START--
[ 2013-01-31T10:34:39+08:00 ] /thinkmao/Index.php/Order/put_order | INFO: Run ReadHtmlCache Behavior [ RunTime:0.000075s ]
[ 2013-01-31T10:34:39+08:00 ] /thinkmao/Index.php/Order/put_order | INFO: Tag[ app_begin ] --END-- [ RunTime:0.000104s ]
[ 2013-01-31T10:34:39+08:00 ] /thinkmao/Index.php/Order/put_order | SQL: SHOW COLUMNS FROM `hd_goods` [ RunTime:0.001510s ]
[ 2013-01-31T10:34:39+08:00 ] /thinkmao/Index.php/Order/put_order | SQL: SHOW COLUMNS FROM `hd_goods_attr` [ RunTime:0.000945s ]
[ 2013-01-31T10:34:39+08:00 ] /thinkmao/Index.php/Order/put_order | SQL: SHOW COLUMNS FROM `hd_type_attr` [ RunTime:0.000635s ]
[ 2013-01-31T10:34:39+08:00 ] /thinkmao/Index.php/Order/put_order | SQL: SHOW COLUMNS FROM `hd_brand` [ RunTime:0.000409s ]
[ 2013-01-31T10:34:39+08:00 ] /thinkmao/Index.php/Order/put_order | SQL: SHOW COLUMNS FROM `hd_goods_intro` [ RunTime:0.000388s ]
[ 2013-01-31T10:34:39+08:00 ] /thinkmao/Index.php/Order/put_order | SQL: SHOW COLUMNS FROM `hd_goods_list` [ RunTime:0.000447s ]
[ 2013-01-31T10:34:39+08:00 ] /thinkmao/Index.php/Order/put_order | SQL: SELECT goods.sell_num AS sell_num,goods.id AS gid,goods.name AS gname,goods.unit AS unit,goods.number AS number,goods.price AS price,goods.pic AS pic,goods.click AS click,goods.recommend AS recommend,goods.hot AS hot,goods.time AS time,goods.cid AS cid,goods.bid AS bid,goods.tid AS tid,goods.mprice AS mprice,goods_attr.id AS attrid,goods_attr.value AS value,goods_attr.price AS attr_price,type_attr.id AS attr_id,type_attr.name AS attr_name,type_attr.type AS type,brand.name AS brand_name,brand.logo AS logo,brand.hot AS hot_brand,goods_intro.mini AS mini,goods_intro.medium AS medium,goods_intro.max AS max,goods_intro.intro AS intro,goods_intro.service AS service,goods_list.id AS in_id,goods_list.inventory AS inventory,goods_list.attr AS attr_com,goods_list.number AS in_number,goods_list.series AS series,goods_list.price AS in_price FROM hd_goods goods LEFT JOIN hd_goods_attr goods_attr ON goods_attr.gid =goods.id LEFT JOIN hd_type_attr type_attr ON goods_attr.aid = type_attr.id  JOIN hd_brand brand ON goods.bid = brand.id  JOIN hd_goods_intro goods_intro ON goods.id = goods_intro.gid  JOIN hd_goods_list goods_list ON goods.id = goods_list.gid WHERE ( goods.id = '16' )  [ RunTime:0.000841s ]
[ 2013-01-31T10:34:39+08:00 ] /thinkmao/Index.php/Order/put_order | NOTIC: [8] Undefined offset: 259 common.php 第 146 行.
[ 2013-01-31T10:34:39+08:00 ] /thinkmao/Index.php/Order/put_order | NOTIC: [8] Undefined offset: 260 common.php 第 146 行.
[ 2013-01-31T10:34:39+08:00 ] /thinkmao/Index.php/Order/put_order | NOTIC: [8] Undefined offset: 261 common.php 第 146 行.
[ 2013-01-31T10:34:39+08:00 ] /thinkmao/Index.php/Order/put_order | NOTIC: [8] Undefined offset: 262 common.php 第 146 行.
[ 2013-01-31T10:34:39+08:00 ] /thinkmao/Index.php/Order/put_order | NOTIC: [8] Undefined offset: 263 common.php 第 146 行.
[ 2013-01-31T10:34:39+08:00 ] /thinkmao/Index.php/Order/put_order | NOTIC: [8] Undefined offset: 264 common.php 第 146 行.
[ 2013-01-31T10:34:39+08:00 ] /thinkmao/Index.php/Order/put_order | NOTIC: [8] Undefined offset: 265 common.php 第 146 行.
[ 2013-01-31T10:34:39+08:00 ] /thinkmao/Index.php/Order/put_order | NOTIC: [8] Undefined offset: 266 common.php 第 146 行.
[ 2013-01-31T10:34:39+08:00 ] /thinkmao/Index.php/Order/put_order | NOTIC: [8] Undefined offset: 267 common.php 第 146 行.
[ 2013-01-31T10:34:39+08:00 ] /thinkmao/Index.php/Order/put_order | NOTIC: [8] Undefined offset: 268 common.php 第 146 行.
[ 2013-01-31T10:34:39+08:00 ] /thinkmao/Index.php/Order/put_order | NOTIC: [8] Undefined offset: 269 common.php 第 146 行.
[ 2013-01-31T10:34:39+08:00 ] /thinkmao/Index.php/Order/put_order | NOTIC: [8] Undefined offset: 270 common.php 第 146 行.
[ 2013-01-31T10:34:39+08:00 ] /thinkmao/Index.php/Order/put_order | NOTIC: [8] Undefined offset: 271 common.php 第 146 行.
[ 2013-01-31T10:34:39+08:00 ] /thinkmao/Index.php/Order/put_order | NOTIC: [8] Undefined offset: 272 common.php 第 146 行.
[ 2013-01-31T10:34:39+08:00 ] /thinkmao/Index.php/Order/put_order | NOTIC: [8] Undefined offset: 273 common.php 第 146 行.
[ 2013-01-31T10:34:39+08:00 ] /thinkmao/Index.php/Order/put_order | NOTIC: [8] Undefined offset: 274 common.php 第 146 行.
[ 2013-01-31T10:34:39+08:00 ] /thinkmao/Index.php/Order/put_order | NOTIC: [8] Undefined offset: 275 common.php 第 146 行.
[ 2013-01-31T10:34:39+08:00 ] /thinkmao/Index.php/Order/put_order | NOTIC: [8] Undefined offset: 276 common.php 第 146 行.
[ 2013-01-31T10:34:39+08:00 ] /thinkmao/Index.php/Order/put_order | NOTIC: [8] Undefined offset: 277 common.php 第 146 行.
[ 2013-01-31T10:34:39+08:00 ] /thinkmao/Index.php/Order/put_order | NOTIC: [8] Undefined offset: 278 common.php 第 146 行.
[ 2013-01-31T10:34:39+08:00 ] /thinkmao/Index.php/Order/put_order | NOTIC: [8] Undefined offset: 279 common.php 第 146 行.
[ 2013-01-31T10:34:39+08:00 ] /thinkmao/Index.php/Order/put_order | NOTIC: [8] Undefined offset: 280 common.php 第 146 行.
[ 2013-01-31T10:34:39+08:00 ] /thinkmao/Index.php/Order/put_order | NOTIC: [8] Undefined offset: 281 common.php 第 155 行.
[ 2013-01-31T10:34:39+08:00 ] /thinkmao/Index.php/Order/put_order | NOTIC: [8] Undefined offset: 282 common.php 第 155 行.
[ 2013-01-31T10:34:39+08:00 ] /thinkmao/Index.php/Order/put_order | NOTIC: [8] Undefined offset: 283 common.php 第 155 行.
[ 2013-01-31T10:34:39+08:00 ] /thinkmao/Index.php/Order/put_order | NOTIC: [8] Undefined offset: 284 common.php 第 155 行.
[ 2013-01-31T10:34:39+08:00 ] /thinkmao/Index.php/Order/put_order | NOTIC: [8] Undefined offset: 285 common.php 第 155 行.
[ 2013-01-31T10:34:39+08:00 ] /thinkmao/Index.php/Order/put_order | NOTIC: [8] Undefined offset: 286 common.php 第 155 行.
[ 2013-01-31T10:34:39+08:00 ] /thinkmao/Index.php/Order/put_order | NOTIC: [8] Undefined offset: 281 common.php 第 230 行.
[ 2013-01-31T10:34:39+08:00 ] /thinkmao/Index.php/Order/put_order | NOTIC: [8] Undefined offset: 282 common.php 第 230 行.
[ 2013-01-31T10:34:39+08:00 ] /thinkmao/Index.php/Order/put_order | NOTIC: [8] Undefined offset: 283 common.php 第 230 行.
[ 2013-01-31T10:34:39+08:00 ] /thinkmao/Index.php/Order/put_order | NOTIC: [8] Undefined offset: 284 common.php 第 230 行.
[ 2013-01-31T10:34:39+08:00 ] /thinkmao/Index.php/Order/put_order | NOTIC: [8] Undefined offset: 285 common.php 第 230 行.
[ 2013-01-31T10:34:39+08:00 ] /thinkmao/Index.php/Order/put_order | NOTIC: [8] Undefined offset: 286 common.php 第 230 行.
[ 2013-01-31T10:34:39+08:00 ] /thinkmao/Index.php/Order/put_order | SQL: SELECT * FROM `hd_goods_attr` WHERE id in ( 282, 284)  [ RunTime:0.000299s ]
[ 2013-01-31T10:34:39+08:00 ] /thinkmao/Index.php/Order/put_order | SQL: SELECT goods.sell_num AS sell_num,goods.id AS gid,goods.name AS gname,goods.unit AS unit,goods.number AS number,goods.price AS price,goods.pic AS pic,goods.click AS click,goods.recommend AS recommend,goods.hot AS hot,goods.time AS time,goods.cid AS cid,goods.bid AS bid,goods.tid AS tid,goods.mprice AS mprice,goods_attr.id AS attrid,goods_attr.value AS value,goods_attr.price AS attr_price,type_attr.id AS attr_id,type_attr.name AS attr_name,type_attr.type AS type,brand.name AS brand_name,brand.logo AS logo,brand.hot AS hot_brand,goods_intro.mini AS mini,goods_intro.medium AS medium,goods_intro.max AS max,goods_intro.intro AS intro,goods_intro.service AS service,goods_list.id AS in_id,goods_list.inventory AS inventory,goods_list.attr AS attr_com,goods_list.number AS in_number,goods_list.series AS series,goods_list.price AS in_price FROM hd_goods goods LEFT JOIN hd_goods_attr goods_attr ON goods_attr.gid =goods.id LEFT JOIN hd_type_attr type_attr ON goods_attr.aid = type_attr.id  JOIN hd_brand brand ON goods.bid = brand.id  JOIN hd_goods_intro goods_intro ON goods.id = goods_intro.gid  JOIN hd_goods_list goods_list ON goods.id = goods_list.gid WHERE ( goods.id = '16' )  [ RunTime:0.000797s ]
[ 2013-01-31T10:34:39+08:00 ] /thinkmao/Index.php/Order/put_order | NOTIC: [8] Undefined offset: 259 common.php 第 146 行.
[ 2013-01-31T10:34:39+08:00 ] /thinkmao/Index.php/Order/put_order | NOTIC: [8] Undefined offset: 260 common.php 第 146 行.
[ 2013-01-31T10:34:39+08:00 ] /thinkmao/Index.php/Order/put_order | NOTIC: [8] Undefined offset: 261 common.php 第 146 行.
[ 2013-01-31T10:34:39+08:00 ] /thinkmao/Index.php/Order/put_order | NOTIC: [8] Undefined offset: 262 common.php 第 146 行.
[ 2013-01-31T10:34:39+08:00 ] /thinkmao/Index.php/Order/put_order | NOTIC: [8] Undefined offset: 263 common.php 第 146 行.
[ 2013-01-31T10:34:39+08:00 ] /thinkmao/Index.php/Order/put_order | NOTIC: [8] Undefined offset: 264 common.php 第 146 行.
[ 2013-01-31T10:34:39+08:00 ] /thinkmao/Index.php/Order/put_order | NOTIC: [8] Undefined offset: 265 common.php 第 146 行.
[ 2013-01-31T10:34:39+08:00 ] /thinkmao/Index.php/Order/put_order | NOTIC: [8] Undefined offset: 266 common.php 第 146 行.
[ 2013-01-31T10:34:39+08:00 ] /thinkmao/Index.php/Order/put_order | NOTIC: [8] Undefined offset: 267 common.php 第 146 行.
[ 2013-01-31T10:34:39+08:00 ] /thinkmao/Index.php/Order/put_order | NOTIC: [8] Undefined offset: 268 common.php 第 146 行.
[ 2013-01-31T10:34:39+08:00 ] /thinkmao/Index.php/Order/put_order | NOTIC: [8] Undefined offset: 269 common.php 第 146 行.
[ 2013-01-31T10:34:39+08:00 ] /thinkmao/Index.php/Order/put_order | NOTIC: [8] Undefined offset: 270 common.php 第 146 行.
[ 2013-01-31T10:34:39+08:00 ] /thinkmao/Index.php/Order/put_order | NOTIC: [8] Undefined offset: 271 common.php 第 146 行.
[ 2013-01-31T10:34:39+08:00 ] /thinkmao/Index.php/Order/put_order | NOTIC: [8] Undefined offset: 272 common.php 第 146 行.
[ 2013-01-31T10:34:39+08:00 ] /thinkmao/Index.php/Order/put_order | NOTIC: [8] Undefined offset: 273 common.php 第 146 行.
[ 2013-01-31T10:34:39+08:00 ] /thinkmao/Index.php/Order/put_order | NOTIC: [8] Undefined offset: 274 common.php 第 146 行.
[ 2013-01-31T10:34:39+08:00 ] /thinkmao/Index.php/Order/put_order | NOTIC: [8] Undefined offset: 275 common.php 第 146 行.
[ 2013-01-31T10:34:39+08:00 ] /thinkmao/Index.php/Order/put_order | NOTIC: [8] Undefined offset: 276 common.php 第 146 行.
[ 2013-01-31T10:34:39+08:00 ] /thinkmao/Index.php/Order/put_order | NOTIC: [8] Undefined offset: 277 common.php 第 146 行.
[ 2013-01-31T10:34:39+08:00 ] /thinkmao/Index.php/Order/put_order | NOTIC: [8] Undefined offset: 278 common.php 第 146 行.
[ 2013-01-31T10:34:39+08:00 ] /thinkmao/Index.php/Order/put_order | NOTIC: [8] Undefined offset: 279 common.php 第 146 行.
[ 2013-01-31T10:34:39+08:00 ] /thinkmao/Index.php/Order/put_order | NOTIC: [8] Undefined offset: 280 common.php 第 146 行.
[ 2013-01-31T10:34:39+08:00 ] /thinkmao/Index.php/Order/put_order | NOTIC: [8] Undefined offset: 281 common.php 第 155 行.
[ 2013-01-31T10:34:39+08:00 ] /thinkmao/Index.php/Order/put_order | NOTIC: [8] Undefined offset: 282 common.php 第 155 行.
[ 2013-01-31T10:34:39+08:00 ] /thinkmao/Index.php/Order/put_order | NOTIC: [8] Undefined offset: 283 common.php 第 155 行.
[ 2013-01-31T10:34:39+08:00 ] /thinkmao/Index.php/Order/put_order | NOTIC: [8] Undefined offset: 284 common.php 第 155 行.
[ 2013-01-31T10:34:39+08:00 ] /thinkmao/Index.php/Order/put_order | NOTIC: [8] Undefined offset: 285 common.php 第 155 行.
[ 2013-01-31T10:34:39+08:00 ] /thinkmao/Index.php/Order/put_order | NOTIC: [8] Undefined offset: 286 common.php 第 155 行.
[ 2013-01-31T10:34:39+08:00 ] /thinkmao/Index.php/Order/put_order | NOTIC: [8] Undefined offset: 281 common.php 第 230 行.
[ 2013-01-31T10:34:39+08:00 ] /thinkmao/Index.php/Order/put_order | NOTIC: [8] Undefined offset: 282 common.php 第 230 行.
[ 2013-01-31T10:34:39+08:00 ] /thinkmao/Index.php/Order/put_order | NOTIC: [8] Undefined offset: 283 common.php 第 230 行.
[ 2013-01-31T10:34:39+08:00 ] /thinkmao/Index.php/Order/put_order | NOTIC: [8] Undefined offset: 284 common.php 第 230 行.
[ 2013-01-31T10:34:39+08:00 ] /thinkmao/Index.php/Order/put_order | NOTIC: [8] Undefined offset: 285 common.php 第 230 行.
[ 2013-01-31T10:34:39+08:00 ] /thinkmao/Index.php/Order/put_order | NOTIC: [8] Undefined offset: 286 common.php 第 230 行.
[ 2013-01-31T10:34:39+08:00 ] /thinkmao/Index.php/Order/put_order | SQL: SELECT * FROM `hd_goods_attr` WHERE id in ( 282, 284)  [ RunTime:0.000646s ]
[ 2013-01-31T10:41:37+08:00 ] /thinkmao/Index.php/Order/index | INFO: Tag[ route_check ] --START--
[ 2013-01-31T10:41:37+08:00 ] /thinkmao/Index.php/Order/index | INFO: Run CheckRoute Behavior [ RunTime:0.000156s ]
[ 2013-01-31T10:41:37+08:00 ] /thinkmao/Index.php/Order/index | INFO: Tag[ route_check ] --END-- [ RunTime:0.000387s ]
[ 2013-01-31T10:41:37+08:00 ] /thinkmao/Index.php/Order/index | INFO: Tag[ app_begin ] --START--
[ 2013-01-31T10:41:37+08:00 ] /thinkmao/Index.php/Order/index | INFO: Run ReadHtmlCache Behavior [ RunTime:0.000344s ]
[ 2013-01-31T10:41:37+08:00 ] /thinkmao/Index.php/Order/index | INFO: Tag[ app_begin ] --END-- [ RunTime:0.000425s ]
[ 2013-01-31T10:41:37+08:00 ] /thinkmao/Index.php/Order/index | SQL: SHOW COLUMNS FROM `hd_order` [ RunTime:0.000580s ]
[ 2013-01-31T10:41:37+08:00 ] /thinkmao/Index.php/Order/index | SQL: SELECT * FROM `hd_order` WHERE ( `uid` = '1' )  [ RunTime:0.000237s ]
[ 2013-01-31T10:41:37+08:00 ] /thinkmao/Index.php/Order/index | SQL: SHOW COLUMNS FROM `hd_goods` [ RunTime:0.000693s ]
[ 2013-01-31T10:41:37+08:00 ] /thinkmao/Index.php/Order/index | SQL: SHOW COLUMNS FROM `hd_goods_attr` [ RunTime:0.000284s ]
[ 2013-01-31T10:41:37+08:00 ] /thinkmao/Index.php/Order/index | SQL: SHOW COLUMNS FROM `hd_type_attr` [ RunTime:0.000527s ]
[ 2013-01-31T10:41:37+08:00 ] /thinkmao/Index.php/Order/index | SQL: SHOW COLUMNS FROM `hd_brand` [ RunTime:0.000315s ]
[ 2013-01-31T10:41:37+08:00 ] /thinkmao/Index.php/Order/index | SQL: SHOW COLUMNS FROM `hd_goods_intro` [ RunTime:0.000311s ]
[ 2013-01-31T10:41:37+08:00 ] /thinkmao/Index.php/Order/index | SQL: SHOW COLUMNS FROM `hd_goods_list` [ RunTime:0.000288s ]
[ 2013-01-31T10:41:37+08:00 ] /thinkmao/Index.php/Order/index | SQL: SELECT goods.sell_num AS sell_num,goods.id AS gid,goods.name AS gname,goods.unit AS unit,goods.number AS number,goods.price AS price,goods.pic AS pic,goods.click AS click,goods.recommend AS recommend,goods.hot AS hot,goods.time AS time,goods.cid AS cid,goods.bid AS bid,goods.tid AS tid,goods.mprice AS mprice,goods_attr.id AS attrid,goods_attr.value AS value,goods_attr.price AS attr_price,type_attr.id AS attr_id,type_attr.name AS attr_name,type_attr.type AS type,brand.name AS brand_name,brand.logo AS logo,brand.hot AS hot_brand,goods_intro.mini AS mini,goods_intro.medium AS medium,goods_intro.max AS max,goods_intro.intro AS intro,goods_intro.service AS service,goods_list.id AS in_id,goods_list.inventory AS inventory,goods_list.attr AS attr_com,goods_list.number AS in_number,goods_list.series AS series,goods_list.price AS in_price FROM hd_goods goods LEFT JOIN hd_goods_attr goods_attr ON goods_attr.gid =goods.id LEFT JOIN hd_type_attr type_attr ON goods_attr.aid = type_attr.id  JOIN hd_brand brand ON goods.bid = brand.id  JOIN hd_goods_intro goods_intro ON goods.id = goods_intro.gid  JOIN hd_goods_list goods_list ON goods.id = goods_list.gid WHERE ( goods.id = '16' )  [ RunTime:0.000703s ]
[ 2013-01-31T10:41:37+08:00 ] /thinkmao/Index.php/Order/index | NOTIC: [8] Undefined offset: 259 common.php 第 146 行.
[ 2013-01-31T10:41:37+08:00 ] /thinkmao/Index.php/Order/index | NOTIC: [8] Undefined offset: 260 common.php 第 146 行.
[ 2013-01-31T10:41:37+08:00 ] /thinkmao/Index.php/Order/index | NOTIC: [8] Undefined offset: 261 common.php 第 146 行.
[ 2013-01-31T10:41:37+08:00 ] /thinkmao/Index.php/Order/index | NOTIC: [8] Undefined offset: 262 common.php 第 146 行.
[ 2013-01-31T10:41:37+08:00 ] /thinkmao/Index.php/Order/index | NOTIC: [8] Undefined offset: 263 common.php 第 146 行.
[ 2013-01-31T10:41:37+08:00 ] /thinkmao/Index.php/Order/index | NOTIC: [8] Undefined offset: 264 common.php 第 146 行.
[ 2013-01-31T10:41:37+08:00 ] /thinkmao/Index.php/Order/index | NOTIC: [8] Undefined offset: 265 common.php 第 146 行.
[ 2013-01-31T10:41:37+08:00 ] /thinkmao/Index.php/Order/index | NOTIC: [8] Undefined offset: 266 common.php 第 146 行.
[ 2013-01-31T10:41:37+08:00 ] /thinkmao/Index.php/Order/index | NOTIC: [8] Undefined offset: 267 common.php 第 146 行.
[ 2013-01-31T10:41:37+08:00 ] /thinkmao/Index.php/Order/index | NOTIC: [8] Undefined offset: 268 common.php 第 146 行.
[ 2013-01-31T10:41:37+08:00 ] /thinkmao/Index.php/Order/index | NOTIC: [8] Undefined offset: 269 common.php 第 146 行.
[ 2013-01-31T10:41:37+08:00 ] /thinkmao/Index.php/Order/index | NOTIC: [8] Undefined offset: 270 common.php 第 146 行.
[ 2013-01-31T10:41:37+08:00 ] /thinkmao/Index.php/Order/index | NOTIC: [8] Undefined offset: 271 common.php 第 146 行.
[ 2013-01-31T10:41:37+08:00 ] /thinkmao/Index.php/Order/index | NOTIC: [8] Undefined offset: 272 common.php 第 146 行.
[ 2013-01-31T10:41:37+08:00 ] /thinkmao/Index.php/Order/index | NOTIC: [8] Undefined offset: 273 common.php 第 146 行.
[ 2013-01-31T10:41:37+08:00 ] /thinkmao/Index.php/Order/index | NOTIC: [8] Undefined offset: 274 common.php 第 146 行.
[ 2013-01-31T10:41:37+08:00 ] /thinkmao/Index.php/Order/index | NOTIC: [8] Undefined offset: 275 common.php 第 146 行.
[ 2013-01-31T10:41:37+08:00 ] /thinkmao/Index.php/Order/index | NOTIC: [8] Undefined offset: 276 common.php 第 146 行.
[ 2013-01-31T10:41:37+08:00 ] /thinkmao/Index.php/Order/index | NOTIC: [8] Undefined offset: 277 common.php 第 146 行.
[ 2013-01-31T10:41:37+08:00 ] /thinkmao/Index.php/Order/index | NOTIC: [8] Undefined offset: 278 common.php 第 146 行.
[ 2013-01-31T10:41:37+08:00 ] /thinkmao/Index.php/Order/index | NOTIC: [8] Undefined offset: 279 common.php 第 146 行.
[ 2013-01-31T10:41:37+08:00 ] /thinkmao/Index.php/Order/index | NOTIC: [8] Undefined offset: 280 common.php 第 146 行.
[ 2013-01-31T10:41:37+08:00 ] /thinkmao/Index.php/Order/index | NOTIC: [8] Undefined offset: 281 common.php 第 155 行.
[ 2013-01-31T10:41:37+08:00 ] /thinkmao/Index.php/Order/index | NOTIC: [8] Undefined offset: 282 common.php 第 155 行.
[ 2013-01-31T10:41:37+08:00 ] /thinkmao/Index.php/Order/index | NOTIC: [8] Undefined offset: 283 common.php 第 155 行.
[ 2013-01-31T10:41:37+08:00 ] /thinkmao/Index.php/Order/index | NOTIC: [8] Undefined offset: 284 common.php 第 155 行.
[ 2013-01-31T10:41:37+08:00 ] /thinkmao/Index.php/Order/index | NOTIC: [8] Undefined offset: 285 common.php 第 155 行.
[ 2013-01-31T10:41:37+08:00 ] /thinkmao/Index.php/Order/index | NOTIC: [8] Undefined offset: 286 common.php 第 155 行.
[ 2013-01-31T10:41:37+08:00 ] /thinkmao/Index.php/Order/index | NOTIC: [8] Undefined offset: 281 common.php 第 230 行.
[ 2013-01-31T10:41:37+08:00 ] /thinkmao/Index.php/Order/index | NOTIC: [8] Undefined offset: 282 common.php 第 230 行.
[ 2013-01-31T10:41:37+08:00 ] /thinkmao/Index.php/Order/index | NOTIC: [8] Undefined offset: 283 common.php 第 230 行.
[ 2013-01-31T10:41:37+08:00 ] /thinkmao/Index.php/Order/index | NOTIC: [8] Undefined offset: 284 common.php 第 230 行.
[ 2013-01-31T10:41:37+08:00 ] /thinkmao/Index.php/Order/index | NOTIC: [8] Undefined offset: 285 common.php 第 230 行.
[ 2013-01-31T10:41:37+08:00 ] /thinkmao/Index.php/Order/index | NOTIC: [8] Undefined offset: 286 common.php 第 230 行.
[ 2013-01-31T10:41:37+08:00 ] /thinkmao/Index.php/Order/index | SQL: SELECT * FROM `hd_goods_attr` WHERE id in ( 282, 284)  [ RunTime:0.000320s ]
[ 2013-01-31T10:41:37+08:00 ] /thinkmao/Index.php/Order/index | INFO: Tag[ view_template ] --START--
[ 2013-01-31T10:41:37+08:00 ] /thinkmao/Index.php/Order/index | INFO: Run LocationTemplate Behavior [ RunTime:0.000119s ]
[ 2013-01-31T10:41:37+08:00 ] /thinkmao/Index.php/Order/index | INFO: Tag[ view_template ] --END-- [ RunTime:0.000191s ]
[ 2013-01-31T10:41:37+08:00 ] /thinkmao/Index.php/Order/index | INFO: Tag[ view_parse ] --START--
[ 2013-01-31T10:41:37+08:00 ] /thinkmao/Index.php/Order/index | INFO: Run ParseTemplate Behavior [ RunTime:0.002844s ]
[ 2013-01-31T10:41:37+08:00 ] /thinkmao/Index.php/Order/index | INFO: Tag[ view_parse ] --END-- [ RunTime:0.002923s ]
[ 2013-01-31T10:41:37+08:00 ] /thinkmao/Index.php/Order/index | INFO: Tag[ view_filter ] --START--
[ 2013-01-31T10:41:37+08:00 ] /thinkmao/Index.php/Order/index | INFO: Run ContentReplace Behavior [ RunTime:0.000108s ]
[ 2013-01-31T10:41:37+08:00 ] /thinkmao/Index.php/Order/index | INFO: Run TokenBuild Behavior [ RunTime:0.000066s ]
[ 2013-01-31T10:41:37+08:00 ] /thinkmao/Index.php/Order/index | INFO: Run WriteHtmlCache Behavior [ RunTime:0.000033s ]
[ 2013-01-31T10:41:37+08:00 ] /thinkmao/Index.php/Order/index | INFO: Run ShowRuntime Behavior [ RunTime:0.000080s ]
[ 2013-01-31T10:41:37+08:00 ] /thinkmao/Index.php/Order/index | INFO: Tag[ view_filter ] --END-- [ RunTime:0.000384s ]
[ 2013-01-31T10:41:37+08:00 ] /thinkmao/Index.php/Order/index | INFO: Tag[ view_end ] --START--
[ 2013-01-31T10:41:37+08:00 ] /thinkmao/Index.php/Order/index | INFO: Run ShowPageTrace Behavior [ RunTime:0.000045s ]
[ 2013-01-31T10:41:37+08:00 ] /thinkmao/Index.php/Order/index | INFO: Tag[ view_end ] --END-- [ RunTime:0.000077s ]
[ 2013-01-31T10:41:37+08:00 ] /thinkmao/Index.php/Order/index | INFO: Tag[ view_template ] --START--
[ 2013-01-31T10:41:37+08:00 ] /thinkmao/Index.php/Order/index | INFO: Run LocationTemplate Behavior [ RunTime:0.000031s ]
[ 2013-01-31T10:41:37+08:00 ] /thinkmao/Index.php/Order/index | INFO: Tag[ view_template ] --END-- [ RunTime:-0.003563s ]
[ 2013-01-31T10:41:37+08:00 ] /thinkmao/Index.php/Order/index | INFO: Tag[ view_parse ] --START--
[ 2013-01-31T10:41:37+08:00 ] /thinkmao/Index.php/Order/index | NOTIC: [8] Undefined index: cid TagLibList.class.php 第 31 行.
[ 2013-01-31T10:41:37+08:00 ] /thinkmao/Index.php/Order/index | NOTIC: [8] Undefined index: cid TagLibList.class.php 第 31 行.
[ 2013-01-31T10:41:37+08:00 ] /thinkmao/Index.php/Order/index | NOTIC: [8] Undefined index: cid TagLibList.class.php 第 31 行.
[ 2013-01-31T10:41:37+08:00 ] /thinkmao/Index.php/Order/index | NOTIC: [8] Undefined index: cid TagLibList.class.php 第 31 行.
[ 2013-01-31T10:41:37+08:00 ] /thinkmao/Index.php/Order/index | INFO: Run ParseTemplate Behavior [ RunTime:0.015965s ]
[ 2013-01-31T10:41:37+08:00 ] /thinkmao/Index.php/Order/index | INFO: Tag[ view_parse ] --END-- [ RunTime:-0.000695s ]
[ 2013-01-31T10:41:37+08:00 ] /thinkmao/Index.php/Order/index | INFO: Tag[ view_filter ] --START--
[ 2013-01-31T10:41:37+08:00 ] /thinkmao/Index.php/Order/index | INFO: Run ContentReplace Behavior [ RunTime:0.000086s ]
[ 2013-01-31T10:41:37+08:00 ] /thinkmao/Index.php/Order/index | INFO: Run TokenBuild Behavior [ RunTime:0.000029s ]
[ 2013-01-31T10:41:37+08:00 ] /thinkmao/Index.php/Order/index | INFO: Run WriteHtmlCache Behavior [ RunTime:0.000008s ]
[ 2013-01-31T10:41:37+08:00 ] /thinkmao/Index.php/Order/index | INFO: Run ShowRuntime Behavior [ RunTime:0.000069s ]
[ 2013-01-31T10:41:37+08:00 ] /thinkmao/Index.php/Order/index | INFO: Tag[ view_filter ] --END-- [ RunTime:-0.016351s ]
[ 2013-01-31T10:41:37+08:00 ] /thinkmao/Index.php/Order/index | INFO: Tag[ view_end ] --START--
[ 2013-01-31T10:41:37+08:00 ] /thinkmao/Index.php/Order/index | INFO: Run ShowPageTrace Behavior [ RunTime:0.000014s ]
[ 2013-01-31T10:41:37+08:00 ] /thinkmao/Index.php/Order/index | INFO: Tag[ view_end ] --END-- [ RunTime:-0.016670s ]
[ 2013-01-31T10:41:37+08:00 ] /thinkmao/Index.php/Order/index | INFO: Tag[ view_template ] --START--
[ 2013-01-31T10:41:37+08:00 ] /thinkmao/Index.php/Order/index | INFO: Run LocationTemplate Behavior [ RunTime:0.000036s ]
[ 2013-01-31T10:41:37+08:00 ] /thinkmao/Index.php/Order/index | INFO: Tag[ view_template ] --END-- [ RunTime:-0.020265s ]
[ 2013-01-31T10:41:37+08:00 ] /thinkmao/Index.php/Order/index | INFO: Tag[ view_parse ] --START--
[ 2013-01-31T10:41:37+08:00 ] /thinkmao/Index.php/Order/index | INFO: Run ParseTemplate Behavior [ RunTime:0.003098s ]
[ 2013-01-31T10:41:37+08:00 ] /thinkmao/Index.php/Order/index | INFO: Tag[ view_parse ] --END-- [ RunTime:-0.017395s ]
[ 2013-01-31T10:41:37+08:00 ] /thinkmao/Index.php/Order/index | INFO: Tag[ view_filter ] --START--
[ 2013-01-31T10:41:37+08:00 ] /thinkmao/Index.php/Order/index | INFO: Run ContentReplace Behavior [ RunTime:0.000063s ]
[ 2013-01-31T10:41:37+08:00 ] /thinkmao/Index.php/Order/index | INFO: Run TokenBuild Behavior [ RunTime:0.000030s ]
[ 2013-01-31T10:41:37+08:00 ] /thinkmao/Index.php/Order/index | INFO: Run WriteHtmlCache Behavior [ RunTime:0.000008s ]
[ 2013-01-31T10:41:37+08:00 ] /thinkmao/Index.php/Order/index | INFO: Run ShowRuntime Behavior [ RunTime:0.000048s ]
[ 2013-01-31T10:41:37+08:00 ] /thinkmao/Index.php/Order/index | INFO: Tag[ view_filter ] --END-- [ RunTime:-0.020169s ]
[ 2013-01-31T10:41:37+08:00 ] /thinkmao/Index.php/Order/index | NOTIC: [2] Cannot modify header information - headers already sent by (output started at /var/www/html/thinkmao/ThinkPHP/Lib/Core/View.class.php:124) View.class.php 第 120 行.
[ 2013-01-31T10:41:37+08:00 ] /thinkmao/Index.php/Order/index | NOTIC: [2] Cannot modify header information - headers already sent by (output started at /var/www/html/thinkmao/ThinkPHP/Lib/Core/View.class.php:124) View.class.php 第 121 行.
[ 2013-01-31T10:41:37+08:00 ] /thinkmao/Index.php/Order/index | NOTIC: [2] Cannot modify header information - headers already sent by (output started at /var/www/html/thinkmao/ThinkPHP/Lib/Core/View.class.php:124) View.class.php 第 122 行.
[ 2013-01-31T10:41:37+08:00 ] /thinkmao/Index.php/Order/index | INFO: Tag[ view_end ] --START--
[ 2013-01-31T10:41:37+08:00 ] /thinkmao/Index.php/Order/index | INFO: Run ShowPageTrace Behavior [ RunTime:0.000014s ]
[ 2013-01-31T10:41:37+08:00 ] /thinkmao/Index.php/Order/index | INFO: Tag[ view_end ] --END-- [ RunTime:-0.020364s ]
[ 2013-01-31T10:41:43+08:00 ] /thinkmao/Index.php/Order/put_order | INFO: Tag[ route_check ] --START--
[ 2013-01-31T10:41:43+08:00 ] /thinkmao/Index.php/Order/put_order | INFO: Run CheckRoute Behavior [ RunTime:0.000067s ]
[ 2013-01-31T10:41:43+08:00 ] /thinkmao/Index.php/Order/put_order | INFO: Tag[ route_check ] --END-- [ RunTime:0.000177s ]
[ 2013-01-31T10:41:43+08:00 ] /thinkmao/Index.php/Order/put_order | INFO: Tag[ app_begin ] --START--
[ 2013-01-31T10:41:43+08:00 ] /thinkmao/Index.php/Order/put_order | INFO: Run ReadHtmlCache Behavior [ RunTime:0.000056s ]
[ 2013-01-31T10:41:43+08:00 ] /thinkmao/Index.php/Order/put_order | INFO: Tag[ app_begin ] --END-- [ RunTime:0.000086s ]
[ 2013-01-31T10:41:43+08:00 ] /thinkmao/Index.php/Order/put_order | SQL: SHOW COLUMNS FROM `hd_goods` [ RunTime:0.000699s ]
[ 2013-01-31T10:41:43+08:00 ] /thinkmao/Index.php/Order/put_order | SQL: SHOW COLUMNS FROM `hd_goods_attr` [ RunTime:0.000430s ]
[ 2013-01-31T10:41:43+08:00 ] /thinkmao/Index.php/Order/put_order | SQL: SHOW COLUMNS FROM `hd_type_attr` [ RunTime:0.000365s ]
[ 2013-01-31T10:41:43+08:00 ] /thinkmao/Index.php/Order/put_order | SQL: SHOW COLUMNS FROM `hd_brand` [ RunTime:0.000336s ]
[ 2013-01-31T10:41:43+08:00 ] /thinkmao/Index.php/Order/put_order | SQL: SHOW COLUMNS FROM `hd_goods_intro` [ RunTime:0.000363s ]
[ 2013-01-31T10:41:43+08:00 ] /thinkmao/Index.php/Order/put_order | SQL: SHOW COLUMNS FROM `hd_goods_list` [ RunTime:0.000373s ]
[ 2013-01-31T10:41:43+08:00 ] /thinkmao/Index.php/Order/put_order | SQL: SELECT goods.sell_num AS sell_num,goods.id AS gid,goods.name AS gname,goods.unit AS unit,goods.number AS number,goods.price AS price,goods.pic AS pic,goods.click AS click,goods.recommend AS recommend,goods.hot AS hot,goods.time AS time,goods.cid AS cid,goods.bid AS bid,goods.tid AS tid,goods.mprice AS mprice,goods_attr.id AS attrid,goods_attr.value AS value,goods_attr.price AS attr_price,type_attr.id AS attr_id,type_attr.name AS attr_name,type_attr.type AS type,brand.name AS brand_name,brand.logo AS logo,brand.hot AS hot_brand,goods_intro.mini AS mini,goods_intro.medium AS medium,goods_intro.max AS max,goods_intro.intro AS intro,goods_intro.service AS service,goods_list.id AS in_id,goods_list.inventory AS inventory,goods_list.attr AS attr_com,goods_list.number AS in_number,goods_list.series AS series,goods_list.price AS in_price FROM hd_goods goods LEFT JOIN hd_goods_attr goods_attr ON goods_attr.gid =goods.id LEFT JOIN hd_type_attr type_attr ON goods_attr.aid = type_attr.id  JOIN hd_brand brand ON goods.bid = brand.id  JOIN hd_goods_intro goods_intro ON goods.id = goods_intro.gid  JOIN hd_goods_list goods_list ON goods.id = goods_list.gid WHERE ( goods.id = '16' )  [ RunTime:0.000863s ]
[ 2013-01-31T10:41:43+08:00 ] /thinkmao/Index.php/Order/put_order | NOTIC: [8] Undefined offset: 259 common.php 第 146 行.
[ 2013-01-31T10:41:43+08:00 ] /thinkmao/Index.php/Order/put_order | NOTIC: [8] Undefined offset: 260 common.php 第 146 行.
[ 2013-01-31T10:41:43+08:00 ] /thinkmao/Index.php/Order/put_order | NOTIC: [8] Undefined offset: 261 common.php 第 146 行.
[ 2013-01-31T10:41:43+08:00 ] /thinkmao/Index.php/Order/put_order | NOTIC: [8] Undefined offset: 262 common.php 第 146 行.
[ 2013-01-31T10:41:43+08:00 ] /thinkmao/Index.php/Order/put_order | NOTIC: [8] Undefined offset: 263 common.php 第 146 行.
[ 2013-01-31T10:41:43+08:00 ] /thinkmao/Index.php/Order/put_order | NOTIC: [8] Undefined offset: 264 common.php 第 146 行.
[ 2013-01-31T10:41:43+08:00 ] /thinkmao/Index.php/Order/put_order | NOTIC: [8] Undefined offset: 265 common.php 第 146 行.
[ 2013-01-31T10:41:43+08:00 ] /thinkmao/Index.php/Order/put_order | NOTIC: [8] Undefined offset: 266 common.php 第 146 行.
[ 2013-01-31T10:41:43+08:00 ] /thinkmao/Index.php/Order/put_order | NOTIC: [8] Undefined offset: 267 common.php 第 146 行.
[ 2013-01-31T10:41:43+08:00 ] /thinkmao/Index.php/Order/put_order | NOTIC: [8] Undefined offset: 268 common.php 第 146 行.
[ 2013-01-31T10:41:43+08:00 ] /thinkmao/Index.php/Order/put_order | NOTIC: [8] Undefined offset: 269 common.php 第 146 行.
[ 2013-01-31T10:41:43+08:00 ] /thinkmao/Index.php/Order/put_order | NOTIC: [8] Undefined offset: 270 common.php 第 146 行.
[ 2013-01-31T10:41:43+08:00 ] /thinkmao/Index.php/Order/put_order | NOTIC: [8] Undefined offset: 271 common.php 第 146 行.
[ 2013-01-31T10:41:43+08:00 ] /thinkmao/Index.php/Order/put_order | NOTIC: [8] Undefined offset: 272 common.php 第 146 行.
[ 2013-01-31T10:41:43+08:00 ] /thinkmao/Index.php/Order/put_order | NOTIC: [8] Undefined offset: 273 common.php 第 146 行.
[ 2013-01-31T10:41:43+08:00 ] /thinkmao/Index.php/Order/put_order | NOTIC: [8] Undefined offset: 274 common.php 第 146 行.
[ 2013-01-31T10:41:43+08:00 ] /thinkmao/Index.php/Order/put_order | NOTIC: [8] Undefined offset: 275 common.php 第 146 行.
[ 2013-01-31T10:41:43+08:00 ] /thinkmao/Index.php/Order/put_order | NOTIC: [8] Undefined offset: 276 common.php 第 146 行.
[ 2013-01-31T10:41:43+08:00 ] /thinkmao/Index.php/Order/put_order | NOTIC: [8] Undefined offset: 277 common.php 第 146 行.
[ 2013-01-31T10:41:43+08:00 ] /thinkmao/Index.php/Order/put_order | NOTIC: [8] Undefined offset: 278 common.php 第 146 行.
[ 2013-01-31T10:41:43+08:00 ] /thinkmao/Index.php/Order/put_order | NOTIC: [8] Undefined offset: 279 common.php 第 146 行.
[ 2013-01-31T10:41:43+08:00 ] /thinkmao/Index.php/Order/put_order | NOTIC: [8] Undefined offset: 280 common.php 第 146 行.
[ 2013-01-31T10:41:43+08:00 ] /thinkmao/Index.php/Order/put_order | NOTIC: [8] Undefined offset: 281 common.php 第 155 行.
[ 2013-01-31T10:41:43+08:00 ] /thinkmao/Index.php/Order/put_order | NOTIC: [8] Undefined offset: 282 common.php 第 155 行.
[ 2013-01-31T10:41:43+08:00 ] /thinkmao/Index.php/Order/put_order | NOTIC: [8] Undefined offset: 283 common.php 第 155 行.
[ 2013-01-31T10:41:43+08:00 ] /thinkmao/Index.php/Order/put_order | NOTIC: [8] Undefined offset: 284 common.php 第 155 行.
[ 2013-01-31T10:41:43+08:00 ] /thinkmao/Index.php/Order/put_order | NOTIC: [8] Undefined offset: 285 common.php 第 155 行.
[ 2013-01-31T10:41:43+08:00 ] /thinkmao/Index.php/Order/put_order | NOTIC: [8] Undefined offset: 286 common.php 第 155 行.
[ 2013-01-31T10:41:43+08:00 ] /thinkmao/Index.php/Order/put_order | NOTIC: [8] Undefined offset: 281 common.php 第 230 行.
[ 2013-01-31T10:41:43+08:00 ] /thinkmao/Index.php/Order/put_order | NOTIC: [8] Undefined offset: 282 common.php 第 230 行.
[ 2013-01-31T10:41:43+08:00 ] /thinkmao/Index.php/Order/put_order | NOTIC: [8] Undefined offset: 283 common.php 第 230 行.
[ 2013-01-31T10:41:43+08:00 ] /thinkmao/Index.php/Order/put_order | NOTIC: [8] Undefined offset: 284 common.php 第 230 行.
[ 2013-01-31T10:41:43+08:00 ] /thinkmao/Index.php/Order/put_order | NOTIC: [8] Undefined offset: 285 common.php 第 230 行.
[ 2013-01-31T10:41:43+08:00 ] /thinkmao/Index.php/Order/put_order | NOTIC: [8] Undefined offset: 286 common.php 第 230 行.
[ 2013-01-31T10:41:43+08:00 ] /thinkmao/Index.php/Order/put_order | SQL: SELECT * FROM `hd_goods_attr` WHERE id in ( 282, 284)  [ RunTime:0.000472s ]
[ 2013-01-31T10:41:43+08:00 ] /thinkmao/Index.php/Order/put_order | SQL: SELECT goods.sell_num AS sell_num,goods.id AS gid,goods.name AS gname,goods.unit AS unit,goods.number AS number,goods.price AS price,goods.pic AS pic,goods.click AS click,goods.recommend AS recommend,goods.hot AS hot,goods.time AS time,goods.cid AS cid,goods.bid AS bid,goods.tid AS tid,goods.mprice AS mprice,goods_attr.id AS attrid,goods_attr.value AS value,goods_attr.price AS attr_price,type_attr.id AS attr_id,type_attr.name AS attr_name,type_attr.type AS type,brand.name AS brand_name,brand.logo AS logo,brand.hot AS hot_brand,goods_intro.mini AS mini,goods_intro.medium AS medium,goods_intro.max AS max,goods_intro.intro AS intro,goods_intro.service AS service,goods_list.id AS in_id,goods_list.inventory AS inventory,goods_list.attr AS attr_com,goods_list.number AS in_number,goods_list.series AS series,goods_list.price AS in_price FROM hd_goods goods LEFT JOIN hd_goods_attr goods_attr ON goods_attr.gid =goods.id LEFT JOIN hd_type_attr type_attr ON goods_attr.aid = type_attr.id  JOIN hd_brand brand ON goods.bid = brand.id  JOIN hd_goods_intro goods_intro ON goods.id = goods_intro.gid  JOIN hd_goods_list goods_list ON goods.id = goods_list.gid WHERE ( goods.id = '16' )  [ RunTime:0.000915s ]
[ 2013-01-31T10:41:43+08:00 ] /thinkmao/Index.php/Order/put_order | NOTIC: [8] Undefined offset: 259 common.php 第 146 行.
[ 2013-01-31T10:41:43+08:00 ] /thinkmao/Index.php/Order/put_order | NOTIC: [8] Undefined offset: 260 common.php 第 146 行.
[ 2013-01-31T10:41:43+08:00 ] /thinkmao/Index.php/Order/put_order | NOTIC: [8] Undefined offset: 261 common.php 第 146 行.
[ 2013-01-31T10:41:43+08:00 ] /thinkmao/Index.php/Order/put_order | NOTIC: [8] Undefined offset: 262 common.php 第 146 行.
[ 2013-01-31T10:41:43+08:00 ] /thinkmao/Index.php/Order/put_order | NOTIC: [8] Undefined offset: 263 common.php 第 146 行.
[ 2013-01-31T10:41:43+08:00 ] /thinkmao/Index.php/Order/put_order | NOTIC: [8] Undefined offset: 264 common.php 第 146 行.
[ 2013-01-31T10:41:43+08:00 ] /thinkmao/Index.php/Order/put_order | NOTIC: [8] Undefined offset: 265 common.php 第 146 行.
[ 2013-01-31T10:41:43+08:00 ] /thinkmao/Index.php/Order/put_order | NOTIC: [8] Undefined offset: 266 common.php 第 146 行.
[ 2013-01-31T10:41:43+08:00 ] /thinkmao/Index.php/Order/put_order | NOTIC: [8] Undefined offset: 267 common.php 第 146 行.
[ 2013-01-31T10:41:43+08:00 ] /thinkmao/Index.php/Order/put_order | NOTIC: [8] Undefined offset: 268 common.php 第 146 行.
[ 2013-01-31T10:41:43+08:00 ] /thinkmao/Index.php/Order/put_order | NOTIC: [8] Undefined offset: 269 common.php 第 146 行.
[ 2013-01-31T10:41:43+08:00 ] /thinkmao/Index.php/Order/put_order | NOTIC: [8] Undefined offset: 270 common.php 第 146 行.
[ 2013-01-31T10:41:43+08:00 ] /thinkmao/Index.php/Order/put_order | NOTIC: [8] Undefined offset: 271 common.php 第 146 行.
[ 2013-01-31T10:41:43+08:00 ] /thinkmao/Index.php/Order/put_order | NOTIC: [8] Undefined offset: 272 common.php 第 146 行.
[ 2013-01-31T10:41:43+08:00 ] /thinkmao/Index.php/Order/put_order | NOTIC: [8] Undefined offset: 273 common.php 第 146 行.
[ 2013-01-31T10:41:43+08:00 ] /thinkmao/Index.php/Order/put_order | NOTIC: [8] Undefined offset: 274 common.php 第 146 行.
[ 2013-01-31T10:41:43+08:00 ] /thinkmao/Index.php/Order/put_order | NOTIC: [8] Undefined offset: 275 common.php 第 146 行.
[ 2013-01-31T10:41:43+08:00 ] /thinkmao/Index.php/Order/put_order | NOTIC: [8] Undefined offset: 276 common.php 第 146 行.
[ 2013-01-31T10:41:43+08:00 ] /thinkmao/Index.php/Order/put_order | NOTIC: [8] Undefined offset: 277 common.php 第 146 行.
[ 2013-01-31T10:41:43+08:00 ] /thinkmao/Index.php/Order/put_order | NOTIC: [8] Undefined offset: 278 common.php 第 146 行.
[ 2013-01-31T10:41:43+08:00 ] /thinkmao/Index.php/Order/put_order | NOTIC: [8] Undefined offset: 279 common.php 第 146 行.
[ 2013-01-31T10:41:43+08:00 ] /thinkmao/Index.php/Order/put_order | NOTIC: [8] Undefined offset: 280 common.php 第 146 行.
[ 2013-01-31T10:41:43+08:00 ] /thinkmao/Index.php/Order/put_order | NOTIC: [8] Undefined offset: 281 common.php 第 155 行.
[ 2013-01-31T10:41:43+08:00 ] /thinkmao/Index.php/Order/put_order | NOTIC: [8] Undefined offset: 282 common.php 第 155 行.
[ 2013-01-31T10:41:43+08:00 ] /thinkmao/Index.php/Order/put_order | NOTIC: [8] Undefined offset: 283 common.php 第 155 行.
[ 2013-01-31T10:41:43+08:00 ] /thinkmao/Index.php/Order/put_order | NOTIC: [8] Undefined offset: 284 common.php 第 155 行.
[ 2013-01-31T10:41:43+08:00 ] /thinkmao/Index.php/Order/put_order | NOTIC: [8] Undefined offset: 285 common.php 第 155 行.
[ 2013-01-31T10:41:43+08:00 ] /thinkmao/Index.php/Order/put_order | NOTIC: [8] Undefined offset: 286 common.php 第 155 行.
[ 2013-01-31T10:41:43+08:00 ] /thinkmao/Index.php/Order/put_order | NOTIC: [8] Undefined offset: 281 common.php 第 230 行.
[ 2013-01-31T10:41:43+08:00 ] /thinkmao/Index.php/Order/put_order | NOTIC: [8] Undefined offset: 282 common.php 第 230 行.
[ 2013-01-31T10:41:43+08:00 ] /thinkmao/Index.php/Order/put_order | NOTIC: [8] Undefined offset: 283 common.php 第 230 行.
[ 2013-01-31T10:41:43+08:00 ] /thinkmao/Index.php/Order/put_order | NOTIC: [8] Undefined offset: 284 common.php 第 230 行.
[ 2013-01-31T10:41:43+08:00 ] /thinkmao/Index.php/Order/put_order | NOTIC: [8] Undefined offset: 285 common.php 第 230 行.
[ 2013-01-31T10:41:43+08:00 ] /thinkmao/Index.php/Order/put_order | NOTIC: [8] Undefined offset: 286 common.php 第 230 行.
[ 2013-01-31T10:41:43+08:00 ] /thinkmao/Index.php/Order/put_order | SQL: SELECT * FROM `hd_goods_attr` WHERE id in ( 282, 284)  [ RunTime:0.000492s ]
[ 2013-01-31T10:41:43+08:00 ] /thinkmao/Index.php/Order/put_order | SQL: SHOW COLUMNS FROM `hd_order_list` [ RunTime:0.000956s ]
[ 2013-01-31T10:41:43+08:00 ] /thinkmao/Index.php/Order/put_order | SQL: INSERT INTO `hd_order_list` (`oid`,`quantity`,`subtotal`,`gid`) VALUES ('5',1,2279,'16') [ RunTime:0.000330s ]
[ 2013-01-31T10:41:44+08:00 ] /thinkmao/Index.php/Index/index | INFO: Tag[ route_check ] --START--
[ 2013-01-31T10:41:44+08:00 ] /thinkmao/Index.php/Index/index | INFO: Run CheckRoute Behavior [ RunTime:0.000067s ]
[ 2013-01-31T10:41:44+08:00 ] /thinkmao/Index.php/Index/index | INFO: Tag[ route_check ] --END-- [ RunTime:0.000182s ]
[ 2013-01-31T10:41:44+08:00 ] /thinkmao/Index.php/Index/index | INFO: Tag[ app_begin ] --START--
[ 2013-01-31T10:41:44+08:00 ] /thinkmao/Index.php/Index/index | INFO: Run ReadHtmlCache Behavior [ RunTime:0.000056s ]
[ 2013-01-31T10:41:44+08:00 ] /thinkmao/Index.php/Index/index | INFO: Tag[ app_begin ] --END-- [ RunTime:0.000086s ]
[ 2013-01-31T10:41:44+08:00 ] /thinkmao/Index.php/Index/index | INFO: Tag[ view_template ] --START--
[ 2013-01-31T10:41:44+08:00 ] /thinkmao/Index.php/Index/index | INFO: Run LocationTemplate Behavior [ RunTime:0.000054s ]
[ 2013-01-31T10:41:44+08:00 ] /thinkmao/Index.php/Index/index | INFO: Tag[ view_template ] --END-- [ RunTime:0.000085s ]
[ 2013-01-31T10:41:44+08:00 ] /thinkmao/Index.php/Index/index | INFO: Tag[ view_parse ] --START--
[ 2013-01-31T10:41:44+08:00 ] /thinkmao/Index.php/Index/index | INFO: Run ParseTemplate Behavior [ RunTime:0.002531s ]
[ 2013-01-31T10:41:44+08:00 ] /thinkmao/Index.php/Index/index | INFO: Tag[ view_parse ] --END-- [ RunTime:0.002589s ]
[ 2013-01-31T10:41:44+08:00 ] /thinkmao/Index.php/Index/index | INFO: Tag[ view_filter ] --START--
[ 2013-01-31T10:41:44+08:00 ] /thinkmao/Index.php/Index/index | INFO: Run ContentReplace Behavior [ RunTime:0.000088s ]
[ 2013-01-31T10:41:44+08:00 ] /thinkmao/Index.php/Index/index | INFO: Run TokenBuild Behavior [ RunTime:0.000056s ]
[ 2013-01-31T10:41:44+08:00 ] /thinkmao/Index.php/Index/index | INFO: Run WriteHtmlCache Behavior [ RunTime:0.000032s ]
[ 2013-01-31T10:41:44+08:00 ] /thinkmao/Index.php/Index/index | INFO: Run ShowRuntime Behavior [ RunTime:0.000069s ]
[ 2013-01-31T10:41:44+08:00 ] /thinkmao/Index.php/Index/index | INFO: Tag[ view_filter ] --END-- [ RunTime:0.000326s ]
[ 2013-01-31T10:41:44+08:00 ] /thinkmao/Index.php/Index/index | INFO: Tag[ view_end ] --START--
[ 2013-01-31T10:41:44+08:00 ] /thinkmao/Index.php/Index/index | INFO: Run ShowPageTrace Behavior [ RunTime:0.000038s ]
[ 2013-01-31T10:41:44+08:00 ] /thinkmao/Index.php/Index/index | INFO: Tag[ view_end ] --END-- [ RunTime:0.000066s ]
[ 2013-01-31T10:41:44+08:00 ] /thinkmao/Index.php/Index/index | INFO: Tag[ view_template ] --START--
[ 2013-01-31T10:41:44+08:00 ] /thinkmao/Index.php/Index/index | INFO: Run LocationTemplate Behavior [ RunTime:0.000025s ]
[ 2013-01-31T10:41:44+08:00 ] /thinkmao/Index.php/Index/index | INFO: Tag[ view_template ] --END-- [ RunTime:-0.003121s ]
[ 2013-01-31T10:41:44+08:00 ] /thinkmao/Index.php/Index/index | INFO: Tag[ view_parse ] --START--
[ 2013-01-31T10:41:44+08:00 ] /thinkmao/Index.php/Index/index | INFO: Run ParseTemplate Behavior [ RunTime:0.093702s ]
[ 2013-01-31T10:41:44+08:00 ] /thinkmao/Index.php/Index/index | INFO: Tag[ view_parse ] --END-- [ RunTime:-0.000579s ]
[ 2013-01-31T10:41:44+08:00 ] /thinkmao/Index.php/Index/index | INFO: Tag[ view_filter ] --START--
[ 2013-01-31T10:41:44+08:00 ] /thinkmao/Index.php/Index/index | INFO: Run ContentReplace Behavior [ RunTime:0.000669s ]
[ 2013-01-31T10:41:44+08:00 ] /thinkmao/Index.php/Index/index | INFO: Run TokenBuild Behavior [ RunTime:0.000036s ]
[ 2013-01-31T10:41:44+08:00 ] /thinkmao/Index.php/Index/index | INFO: Run WriteHtmlCache Behavior [ RunTime:0.000007s ]
[ 2013-01-31T10:41:44+08:00 ] /thinkmao/Index.php/Index/index | INFO: Run ShowRuntime Behavior [ RunTime:0.000254s ]
[ 2013-01-31T10:41:44+08:00 ] /thinkmao/Index.php/Index/index | INFO: Tag[ view_filter ] --END-- [ RunTime:-0.094063s ]
[ 2013-01-31T10:41:44+08:00 ] /thinkmao/Index.php/Index/index | INFO: Tag[ view_end ] --START--
[ 2013-01-31T10:41:44+08:00 ] /thinkmao/Index.php/Index/index | INFO: Run ShowPageTrace Behavior [ RunTime:0.000023s ]
[ 2013-01-31T10:41:44+08:00 ] /thinkmao/Index.php/Index/index | INFO: Tag[ view_end ] --END-- [ RunTime:-0.095359s ]
[ 2013-01-31T10:41:44+08:00 ] /thinkmao/Index.php/Index/index | INFO: Tag[ view_template ] --START--
[ 2013-01-31T10:41:44+08:00 ] /thinkmao/Index.php/Index/index | INFO: Run LocationTemplate Behavior [ RunTime:0.000068s ]
[ 2013-01-31T10:41:44+08:00 ] /thinkmao/Index.php/Index/index | INFO: Tag[ view_template ] --END-- [ RunTime:-0.098542s ]
[ 2013-01-31T10:41:44+08:00 ] /thinkmao/Index.php/Index/index | INFO: Tag[ view_parse ] --START--
[ 2013-01-31T10:41:44+08:00 ] /thinkmao/Index.php/Index/index | INFO: Run ParseTemplate Behavior [ RunTime:0.002274s ]
[ 2013-01-31T10:41:44+08:00 ] /thinkmao/Index.php/Index/index | INFO: Tag[ view_parse ] --END-- [ RunTime:-0.096043s ]
[ 2013-01-31T10:41:44+08:00 ] /thinkmao/Index.php/Index/index | INFO: Tag[ view_filter ] --START--
[ 2013-01-31T10:41:44+08:00 ] /thinkmao/Index.php/Index/index | INFO: Run ContentReplace Behavior [ RunTime:0.000050s ]
[ 2013-01-31T10:41:44+08:00 ] /thinkmao/Index.php/Index/index | INFO: Run TokenBuild Behavior [ RunTime:0.000029s ]
[ 2013-01-31T10:41:44+08:00 ] /thinkmao/Index.php/Index/index | INFO: Run WriteHtmlCache Behavior [ RunTime:0.000007s ]
[ 2013-01-31T10:41:44+08:00 ] /thinkmao/Index.php/Index/index | INFO: Run ShowRuntime Behavior [ RunTime:0.000046s ]
[ 2013-01-31T10:41:44+08:00 ] /thinkmao/Index.php/Index/index | INFO: Tag[ view_filter ] --END-- [ RunTime:-0.098038s ]
[ 2013-01-31T10:41:44+08:00 ] /thinkmao/Index.php/Index/index | NOTIC: [2] Cannot modify header information - headers already sent by (output started at /var/www/html/thinkmao/ThinkPHP/Lib/Core/View.class.php:124) View.class.php 第 120 行.
[ 2013-01-31T10:41:44+08:00 ] /thinkmao/Index.php/Index/index | NOTIC: [2] Cannot modify header information - headers already sent by (output started at /var/www/html/thinkmao/ThinkPHP/Lib/Core/View.class.php:124) View.class.php 第 121 行.
[ 2013-01-31T10:41:44+08:00 ] /thinkmao/Index.php/Index/index | NOTIC: [2] Cannot modify header information - headers already sent by (output started at /var/www/html/thinkmao/ThinkPHP/Lib/Core/View.class.php:124) View.class.php 第 122 行.
[ 2013-01-31T10:41:44+08:00 ] /thinkmao/Index.php/Index/index | INFO: Tag[ view_end ] --START--
[ 2013-01-31T10:41:44+08:00 ] /thinkmao/Index.php/Index/index | INFO: Run ShowPageTrace Behavior [ RunTime:0.000014s ]
[ 2013-01-31T10:41:44+08:00 ] /thinkmao/Index.php/Index/index | INFO: Tag[ view_end ] --END-- [ RunTime:-0.098236s ]
[ 2013-01-31T10:41:44+08:00 ] /thinkmao/Index.php/Index/index | INFO: Tag[ view_template ] --START--
[ 2013-01-31T10:41:44+08:00 ] /thinkmao/Index.php/Index/index | INFO: Run LocationTemplate Behavior [ RunTime:0.000027s ]
[ 2013-01-31T10:41:44+08:00 ] /thinkmao/Index.php/Index/index | INFO: Tag[ view_template ] --END-- [ RunTime:-0.101395s ]
[ 2013-01-31T10:41:44+08:00 ] /thinkmao/Index.php/Index/index | INFO: Tag[ view_parse ] --START--
[ 2013-01-31T10:41:44+08:00 ] /thinkmao/Index.php/Index/index | INFO: Run ParseTemplate Behavior [ RunTime:0.021504s ]
[ 2013-01-31T10:41:44+08:00 ] /thinkmao/Index.php/Index/index | INFO: Tag[ view_parse ] --END-- [ RunTime:-0.098854s ]
[ 2013-01-31T10:41:44+08:00 ] /thinkmao/Index.php/Index/index | INFO: Tag[ view_filter ] --START--
[ 2013-01-31T10:41:44+08:00 ] /thinkmao/Index.php/Index/index | INFO: Run ContentReplace Behavior [ RunTime:0.000181s ]
[ 2013-01-31T10:41:44+08:00 ] /thinkmao/Index.php/Index/index | INFO: Run TokenBuild Behavior [ RunTime:0.000030s ]
[ 2013-01-31T10:41:44+08:00 ] /thinkmao/Index.php/Index/index | INFO: Run WriteHtmlCache Behavior [ RunTime:0.000008s ]
[ 2013-01-31T10:41:44+08:00 ] /thinkmao/Index.php/Index/index | INFO: Run ShowRuntime Behavior [ RunTime:0.000070s ]
[ 2013-01-31T10:41:44+08:00 ] /thinkmao/Index.php/Index/index | INFO: Tag[ view_filter ] --END-- [ RunTime:-0.120119s ]
[ 2013-01-31T10:41:44+08:00 ] /thinkmao/Index.php/Index/index | NOTIC: [2] Cannot modify header information - headers already sent by (output started at /var/www/html/thinkmao/ThinkPHP/Lib/Core/View.class.php:124) View.class.php 第 120 行.
[ 2013-01-31T10:41:44+08:00 ] /thinkmao/Index.php/Index/index | NOTIC: [2] Cannot modify header information - headers already sent by (output started at /var/www/html/thinkmao/ThinkPHP/Lib/Core/View.class.php:124) View.class.php 第 121 行.
[ 2013-01-31T10:41:44+08:00 ] /thinkmao/Index.php/Index/index | NOTIC: [2] Cannot modify header information - headers already sent by (output started at /var/www/html/thinkmao/ThinkPHP/Lib/Core/View.class.php:124) View.class.php 第 122 行.
[ 2013-01-31T10:41:44+08:00 ] /thinkmao/Index.php/Index/index | INFO: Tag[ view_end ] --START--
[ 2013-01-31T10:41:44+08:00 ] /thinkmao/Index.php/Index/index | INFO: Run ShowPageTrace Behavior [ RunTime:0.000019s ]
[ 2013-01-31T10:41:44+08:00 ] /thinkmao/Index.php/Index/index | INFO: Tag[ view_end ] --END-- [ RunTime:-0.120749s ]
[ 2013-01-31T10:41:44+08:00 ] /thinkmao/Index.php/Index/index | INFO: Tag[ view_template ] --START--
[ 2013-01-31T10:41:44+08:00 ] /thinkmao/Index.php/Index/index | INFO: Run LocationTemplate Behavior [ RunTime:0.000044s ]
[ 2013-01-31T10:41:44+08:00 ] /thinkmao/Index.php/Index/index | INFO: Tag[ view_template ] --END-- [ RunTime:-0.123925s ]
[ 2013-01-31T10:41:44+08:00 ] /thinkmao/Index.php/Index/index | INFO: Tag[ view_parse ] --START--
[ 2013-01-31T10:41:44+08:00 ] /thinkmao/Index.php/Index/index | INFO: Run ParseTemplate Behavior [ RunTime:0.002817s ]
[ 2013-01-31T10:41:44+08:00 ] /thinkmao/Index.php/Index/index | INFO: Tag[ view_parse ] --END-- [ RunTime:-0.121399s ]
[ 2013-01-31T10:41:44+08:00 ] /thinkmao/Index.php/Index/index | INFO: Tag[ view_filter ] --START--
[ 2013-01-31T10:41:44+08:00 ] /thinkmao/Index.php/Index/index | INFO: Run ContentReplace Behavior [ RunTime:0.000052s ]
[ 2013-01-31T10:41:44+08:00 ] /thinkmao/Index.php/Index/index | INFO: Run TokenBuild Behavior [ RunTime:0.000029s ]
[ 2013-01-31T10:41:44+08:00 ] /thinkmao/Index.php/Index/index | INFO: Run WriteHtmlCache Behavior [ RunTime:0.000007s ]
[ 2013-01-31T10:41:44+08:00 ] /thinkmao/Index.php/Index/index | INFO: Run ShowRuntime Behavior [ RunTime:0.000047s ]
[ 2013-01-31T10:41:44+08:00 ] /thinkmao/Index.php/Index/index | INFO: Tag[ view_filter ] --END-- [ RunTime:-0.123938s ]
[ 2013-01-31T10:41:44+08:00 ] /thinkmao/Index.php/Index/index | NOTIC: [2] Cannot modify header information - headers already sent by (output started at /var/www/html/thinkmao/ThinkPHP/Lib/Core/View.class.php:124) View.class.php 第 120 行.
[ 2013-01-31T10:41:44+08:00 ] /thinkmao/Index.php/Index/index | NOTIC: [2] Cannot modify header information - headers already sent by (output started at /var/www/html/thinkmao/ThinkPHP/Lib/Core/View.class.php:124) View.class.php 第 121 行.
[ 2013-01-31T10:41:44+08:00 ] /thinkmao/Index.php/Index/index | NOTIC: [2] Cannot modify header information - headers already sent by (output started at /var/www/html/thinkmao/ThinkPHP/Lib/Core/View.class.php:124) View.class.php 第 122 行.
[ 2013-01-31T10:41:44+08:00 ] /thinkmao/Index.php/Index/index | INFO: Tag[ view_end ] --START--
[ 2013-01-31T10:41:44+08:00 ] /thinkmao/Index.php/Index/index | INFO: Run ShowPageTrace Behavior [ RunTime:0.000014s ]
[ 2013-01-31T10:41:44+08:00 ] /thinkmao/Index.php/Index/index | INFO: Tag[ view_end ] --END-- [ RunTime:-0.124134s ]
