[ 2013-02-02T20:38:19+08:00 ] /thinkmao/Index.php/Index/index | INFO: Tag[ route_check ] --START--
[ 2013-02-02T20:38:19+08:00 ] /thinkmao/Index.php/Index/index | INFO: Run CheckRoute Behavior [ RunTime:0.000171s ]
[ 2013-02-02T20:38:19+08:00 ] /thinkmao/Index.php/Index/index | INFO: Tag[ route_check ] --END-- [ RunTime:0.000479s ]
[ 2013-02-02T20:38:19+08:00 ] /thinkmao/Index.php/Index/index | INFO: Tag[ app_begin ] --START--
[ 2013-02-02T20:38:19+08:00 ] /thinkmao/Index.php/Index/index | INFO: Run ReadHtmlCache Behavior [ RunTime:0.000148s ]
[ 2013-02-02T20:38:19+08:00 ] /thinkmao/Index.php/Index/index | INFO: Tag[ app_begin ] --END-- [ RunTime:0.000230s ]
[ 2013-02-02T20:38:19+08:00 ] /thinkmao/Index.php/Index/index | INFO: Tag[ view_template ] --START--
[ 2013-02-02T20:38:19+08:00 ] /thinkmao/Index.php/Index/index | INFO: Run LocationTemplate Behavior [ RunTime:0.000134s ]
[ 2013-02-02T20:38:19+08:00 ] /thinkmao/Index.php/Index/index | INFO: Tag[ view_template ] --END-- [ RunTime:0.000225s ]
[ 2013-02-02T20:38:19+08:00 ] /thinkmao/Index.php/Index/index | INFO: Tag[ view_parse ] --START--
[ 2013-02-02T20:38:19+08:00 ] /thinkmao/Index.php/Index/index | INFO: Run ParseTemplate Behavior [ RunTime:0.007157s ]
[ 2013-02-02T20:38:19+08:00 ] /thinkmao/Index.php/Index/index | INFO: Tag[ view_parse ] --END-- [ RunTime:0.007284s ]
[ 2013-02-02T20:38:19+08:00 ] /thinkmao/Index.php/Index/index | INFO: Tag[ view_filter ] --START--
[ 2013-02-02T20:38:19+08:00 ] /thinkmao/Index.php/Index/index | INFO: Run ContentReplace Behavior [ RunTime:0.000222s ]
[ 2013-02-02T20:38:19+08:00 ] /thinkmao/Index.php/Index/index | INFO: Run TokenBuild Behavior [ RunTime:0.000146s ]
[ 2013-02-02T20:38:19+08:00 ] /thinkmao/Index.php/Index/index | INFO: Run WriteHtmlCache Behavior [ RunTime:0.000082s ]
[ 2013-02-02T20:38:19+08:00 ] /thinkmao/Index.php/Index/index | INFO: Run ShowRuntime Behavior [ RunTime:0.000790s ]
[ 2013-02-02T20:38:19+08:00 ] /thinkmao/Index.php/Index/index | INFO: Tag[ view_filter ] --END-- [ RunTime:0.001464s ]
[ 2013-02-02T20:38:19+08:00 ] /thinkmao/Index.php/Index/index | INFO: Tag[ view_end ] --START--
[ 2013-02-02T20:38:19+08:00 ] /thinkmao/Index.php/Index/index | INFO: Run ShowPageTrace Behavior [ RunTime:0.000034s ]
[ 2013-02-02T20:38:19+08:00 ] /thinkmao/Index.php/Index/index | INFO: Tag[ view_end ] --END-- [ RunTime:0.000058s ]
[ 2013-02-02T20:38:19+08:00 ] /thinkmao/Index.php/Index/index | INFO: Tag[ view_template ] --START--
[ 2013-02-02T20:38:19+08:00 ] /thinkmao/Index.php/Index/index | INFO: Run LocationTemplate Behavior [ RunTime:0.000024s ]
[ 2013-02-02T20:38:19+08:00 ] /thinkmao/Index.php/Index/index | INFO: Tag[ view_template ] --END-- [ RunTime:-0.009071s ]
[ 2013-02-02T20:38:19+08:00 ] /thinkmao/Index.php/Index/index | INFO: Tag[ view_parse ] --START--
[ 2013-02-02T20:38:20+08:00 ] /thinkmao/Index.php/Index/index | NOTIC: [8] Undefined variable: type TagLibList.class.php 第 432 行.
[ 2013-02-02T20:38:20+08:00 ] /thinkmao/Index.php/Index/index | NOTIC: [8] Undefined variable: type TagLibList.class.php 第 432 行.
[ 2013-02-02T20:38:20+08:00 ] /thinkmao/Index.php/Index/index | NOTIC: [8] Undefined variable: type TagLibList.class.php 第 432 行.
[ 2013-02-02T20:38:20+08:00 ] /thinkmao/Index.php/Index/index | NOTIC: [8] Undefined variable: type TagLibList.class.php 第 432 行.
[ 2013-02-02T20:38:20+08:00 ] /thinkmao/Index.php/Index/index | NOTIC: [8] Undefined variable: type TagLibList.class.php 第 432 行.
[ 2013-02-02T20:38:20+08:00 ] /thinkmao/Index.php/Index/index | SQL: SHOW COLUMNS FROM `hd_category` [ RunTime:0.000494s ]
[ 2013-02-02T20:38:20+08:00 ] /thinkmao/Index.php/Index/index | SQL: SELECT `id` FROM `hd_category` WHERE ( `pid` = 15 )  [ RunTime:0.000150s ]
[ 2013-02-02T20:38:20+08:00 ] /thinkmao/Index.php/Index/index | SQL: SELECT `id`,`name` FROM `hd_category` WHERE ( `pid` = '54' )  [ RunTime:0.000103s ]
[ 2013-02-02T20:38:20+08:00 ] /thinkmao/Index.php/Index/index | SQL: SELECT `id`,`name` FROM `hd_category` WHERE ( `pid` = '55' )  [ RunTime:0.000092s ]
[ 2013-02-02T20:38:20+08:00 ] /thinkmao/Index.php/Index/index | SQL: SELECT `id`,`name` FROM `hd_category` WHERE ( `pid` = '56' )  [ RunTime:0.000089s ]
[ 2013-02-02T20:38:20+08:00 ] /thinkmao/Index.php/Index/index | SQL: SELECT `id`,`name` FROM `hd_category` WHERE ( `pid` = '57' )  [ RunTime:0.000087s ]
[ 2013-02-02T20:38:20+08:00 ] /thinkmao/Index.php/Index/index | SQL: SELECT `id`,`name` FROM `hd_category` WHERE ( `pid` = '58' )  [ RunTime:0.000086s ]
[ 2013-02-02T20:38:20+08:00 ] /thinkmao/Index.php/Index/index | SQL: SHOW COLUMNS FROM `hd_brand` [ RunTime:0.000560s ]
[ 2013-02-02T20:38:20+08:00 ] /thinkmao/Index.php/Index/index | SQL: SELECT * FROM `hd_category` WHERE ( `pid` = 15 )  [ RunTime:0.000244s ]
[ 2013-02-02T20:38:20+08:00 ] /thinkmao/Index.php/Index/index | SQL: SELECT * FROM `hd_category` WHERE ( `pid` = '54' )  [ RunTime:0.000157s ]
[ 2013-02-02T20:38:20+08:00 ] /thinkmao/Index.php/Index/index | SQL: SELECT * FROM `hd_category` WHERE ( `pid` = '51' )  [ RunTime:0.000280s ]
[ 2013-02-02T20:38:20+08:00 ] /thinkmao/Index.php/Index/index | SQL: SELECT * FROM `hd_category` WHERE ( `pid` = '59' )  [ RunTime:0.000116s ]
[ 2013-02-02T20:38:20+08:00 ] /thinkmao/Index.php/Index/index | SQL: SELECT * FROM `hd_category` WHERE ( `pid` = '55' )  [ RunTime:0.000131s ]
[ 2013-02-02T20:38:20+08:00 ] /thinkmao/Index.php/Index/index | SQL: SELECT * FROM `hd_category` WHERE ( `pid` = '34' )  [ RunTime:0.000102s ]
[ 2013-02-02T20:38:20+08:00 ] /thinkmao/Index.php/Index/index | SQL: SELECT * FROM `hd_category` WHERE ( `pid` = '35' )  [ RunTime:0.000156s ]
[ 2013-02-02T20:38:20+08:00 ] /thinkmao/Index.php/Index/index | SQL: SELECT * FROM `hd_category` WHERE ( `pid` = '36' )  [ RunTime:0.000399s ]
[ 2013-02-02T20:38:20+08:00 ] /thinkmao/Index.php/Index/index | SQL: SELECT * FROM `hd_category` WHERE ( `pid` = '37' )  [ RunTime:0.000121s ]
[ 2013-02-02T20:38:20+08:00 ] /thinkmao/Index.php/Index/index | SQL: SELECT * FROM `hd_category` WHERE ( `pid` = '38' )  [ RunTime:0.000268s ]
[ 2013-02-02T20:38:20+08:00 ] /thinkmao/Index.php/Index/index | SQL: SELECT * FROM `hd_category` WHERE ( `pid` = '39' )  [ RunTime:0.000154s ]
[ 2013-02-02T20:38:20+08:00 ] /thinkmao/Index.php/Index/index | SQL: SELECT * FROM `hd_category` WHERE ( `pid` = '42' )  [ RunTime:0.000118s ]
[ 2013-02-02T20:38:20+08:00 ] /thinkmao/Index.php/Index/index | SQL: SELECT * FROM `hd_category` WHERE ( `pid` = '43' )  [ RunTime:0.000168s ]
[ 2013-02-02T20:38:20+08:00 ] /thinkmao/Index.php/Index/index | SQL: SELECT * FROM `hd_category` WHERE ( `pid` = '44' )  [ RunTime:0.000140s ]
[ 2013-02-02T20:38:20+08:00 ] /thinkmao/Index.php/Index/index | SQL: SELECT * FROM `hd_category` WHERE ( `pid` = '45' )  [ RunTime:0.000273s ]
[ 2013-02-02T20:38:20+08:00 ] /thinkmao/Index.php/Index/index | SQL: SELECT * FROM `hd_category` WHERE ( `pid` = '46' )  [ RunTime:0.000117s ]
[ 2013-02-02T20:38:20+08:00 ] /thinkmao/Index.php/Index/index | SQL: SELECT * FROM `hd_category` WHERE ( `pid` = '47' )  [ RunTime:0.000105s ]
[ 2013-02-02T20:38:20+08:00 ] /thinkmao/Index.php/Index/index | SQL: SELECT * FROM `hd_category` WHERE ( `pid` = '49' )  [ RunTime:0.000122s ]
[ 2013-02-02T20:38:20+08:00 ] /thinkmao/Index.php/Index/index | SQL: SELECT * FROM `hd_category` WHERE ( `pid` = '50' )  [ RunTime:0.000113s ]
[ 2013-02-02T20:38:20+08:00 ] /thinkmao/Index.php/Index/index | SQL: SELECT * FROM `hd_category` WHERE ( `pid` = '52' )  [ RunTime:0.000105s ]
[ 2013-02-02T20:38:20+08:00 ] /thinkmao/Index.php/Index/index | SQL: SELECT * FROM `hd_category` WHERE ( `pid` = '56' )  [ RunTime:0.000114s ]
[ 2013-02-02T20:38:20+08:00 ] /thinkmao/Index.php/Index/index | SQL: SELECT * FROM `hd_category` WHERE ( `pid` = '40' )  [ RunTime:0.000104s ]
[ 2013-02-02T20:38:20+08:00 ] /thinkmao/Index.php/Index/index | SQL: SELECT * FROM `hd_category` WHERE ( `pid` = '41' )  [ RunTime:0.000108s ]
[ 2013-02-02T20:38:20+08:00 ] /thinkmao/Index.php/Index/index | SQL: SELECT * FROM `hd_category` WHERE ( `pid` = '60' )  [ RunTime:0.000106s ]
[ 2013-02-02T20:38:20+08:00 ] /thinkmao/Index.php/Index/index | SQL: SELECT * FROM `hd_category` WHERE ( `pid` = '61' )  [ RunTime:0.000106s ]
[ 2013-02-02T20:38:20+08:00 ] /thinkmao/Index.php/Index/index | SQL: SELECT * FROM `hd_category` WHERE ( `pid` = '57' )  [ RunTime:0.000110s ]
[ 2013-02-02T20:38:20+08:00 ] /thinkmao/Index.php/Index/index | SQL: SELECT * FROM `hd_category` WHERE ( `pid` = '48' )  [ RunTime:0.000111s ]
[ 2013-02-02T20:38:20+08:00 ] /thinkmao/Index.php/Index/index | SQL: SELECT * FROM `hd_category` WHERE ( `pid` = '53' )  [ RunTime:0.000124s ]
[ 2013-02-02T20:38:20+08:00 ] /thinkmao/Index.php/Index/index | SQL: SELECT * FROM `hd_category` WHERE ( `pid` = '62' )  [ RunTime:0.000110s ]
[ 2013-02-02T20:38:20+08:00 ] /thinkmao/Index.php/Index/index | SQL: SELECT * FROM `hd_category` WHERE ( `pid` = '63' )  [ RunTime:0.000105s ]
[ 2013-02-02T20:38:20+08:00 ] /thinkmao/Index.php/Index/index | SQL: SELECT * FROM `hd_category` WHERE ( `pid` = '64' )  [ RunTime:0.000112s ]
[ 2013-02-02T20:38:20+08:00 ] /thinkmao/Index.php/Index/index | SQL: SELECT * FROM `hd_category` WHERE ( `pid` = '65' )  [ RunTime:0.000104s ]
[ 2013-02-02T20:38:20+08:00 ] /thinkmao/Index.php/Index/index | SQL: SELECT * FROM `hd_category` WHERE ( `pid` = '66' )  [ RunTime:0.000121s ]
[ 2013-02-02T20:38:20+08:00 ] /thinkmao/Index.php/Index/index | SQL: SELECT * FROM `hd_category` WHERE ( `pid` = '58' )  [ RunTime:0.000112s ]
[ 2013-02-02T20:38:20+08:00 ] /thinkmao/Index.php/Index/index | SQL: SELECT * FROM `hd_category` WHERE ( `pid` = '67' )  [ RunTime:0.000146s ]
[ 2013-02-02T20:38:20+08:00 ] /thinkmao/Index.php/Index/index | SQL: SELECT * FROM `hd_category` WHERE ( `pid` = '68' )  [ RunTime:0.000167s ]
[ 2013-02-02T20:38:20+08:00 ] /thinkmao/Index.php/Index/index | SQL: SELECT `id`,`cid` FROM `hd_brand`  [ RunTime:0.000221s ]
[ 2013-02-02T20:38:20+08:00 ] /thinkmao/Index.php/Index/index | SQL: SELECT * FROM `hd_brand` WHERE id in (16,17,18,19,20,21,22,23,26,27,28,29,30,31,32,57,63)  [ RunTime:0.000409s ]
[ 2013-02-02T20:38:20+08:00 ] /thinkmao/Index.php/Index/index | SQL: SELECT `id` FROM `hd_category` WHERE ( `pid` = 16 )  [ RunTime:0.000201s ]
[ 2013-02-02T20:38:20+08:00 ] /thinkmao/Index.php/Index/index | SQL: SELECT `id`,`name` FROM `hd_category` WHERE ( `pid` = '92' )  [ RunTime:0.000321s ]
[ 2013-02-02T20:38:20+08:00 ] /thinkmao/Index.php/Index/index | SQL: SELECT * FROM `hd_category` WHERE ( `pid` = 16 )  [ RunTime:0.000392s ]
[ 2013-02-02T20:38:20+08:00 ] /thinkmao/Index.php/Index/index | SQL: SELECT * FROM `hd_category` WHERE ( `pid` = '92' )  [ RunTime:0.000201s ]
[ 2013-02-02T20:38:20+08:00 ] /thinkmao/Index.php/Index/index | SQL: SELECT * FROM `hd_category` WHERE ( `pid` = '93' )  [ RunTime:0.000175s ]
[ 2013-02-02T20:38:20+08:00 ] /thinkmao/Index.php/Index/index | SQL: SELECT * FROM `hd_category` WHERE ( `pid` = '94' )  [ RunTime:0.000217s ]
[ 2013-02-02T20:38:20+08:00 ] /thinkmao/Index.php/Index/index | SQL: SELECT * FROM `hd_category` WHERE ( `pid` = '95' )  [ RunTime:0.000154s ]
[ 2013-02-02T20:38:20+08:00 ] /thinkmao/Index.php/Index/index | SQL: SELECT * FROM `hd_category` WHERE ( `pid` = '96' )  [ RunTime:0.000164s ]
[ 2013-02-02T20:38:20+08:00 ] /thinkmao/Index.php/Index/index | SQL: SELECT * FROM `hd_category` WHERE ( `pid` = '97' )  [ RunTime:0.000152s ]
[ 2013-02-02T20:38:20+08:00 ] /thinkmao/Index.php/Index/index | SQL: SELECT * FROM `hd_category` WHERE ( `pid` = '104' )  [ RunTime:0.000151s ]
[ 2013-02-02T20:38:20+08:00 ] /thinkmao/Index.php/Index/index | SQL: SELECT * FROM `hd_category` WHERE ( `pid` = '99' )  [ RunTime:0.000258s ]
[ 2013-02-02T20:38:20+08:00 ] /thinkmao/Index.php/Index/index | SQL: SELECT * FROM `hd_category` WHERE ( `pid` = '100' )  [ RunTime:0.000278s ]
[ 2013-02-02T20:38:20+08:00 ] /thinkmao/Index.php/Index/index | SQL: SELECT * FROM `hd_category` WHERE ( `pid` = '101' )  [ RunTime:0.000263s ]
[ 2013-02-02T20:38:20+08:00 ] /thinkmao/Index.php/Index/index | SQL: SELECT * FROM `hd_category` WHERE ( `pid` = '102' )  [ RunTime:0.000224s ]
[ 2013-02-02T20:38:20+08:00 ] /thinkmao/Index.php/Index/index | SQL: SELECT * FROM `hd_category` WHERE ( `pid` = '103' )  [ RunTime:0.000602s ]
[ 2013-02-02T20:38:20+08:00 ] /thinkmao/Index.php/Index/index | SQL: SELECT `id`,`cid` FROM `hd_brand`  [ RunTime:0.000294s ]
[ 2013-02-02T20:38:20+08:00 ] /thinkmao/Index.php/Index/index | SQL: SELECT * FROM `hd_brand` WHERE id in (16,17,18,19,20,21,22,23,24,25,26,27,28,29,30,31,32,34,35,57,63)  [ RunTime:0.000497s ]
[ 2013-02-02T20:38:20+08:00 ] /thinkmao/Index.php/Index/index | SQL: SELECT `id` FROM `hd_category` WHERE ( `pid` = 17 )  [ RunTime:0.000466s ]
[ 2013-02-02T20:38:20+08:00 ] /thinkmao/Index.php/Index/index | SQL: SELECT `id`,`name` FROM `hd_category` WHERE ( `pid` = '69' )  [ RunTime:0.000483s ]
[ 2013-02-02T20:38:20+08:00 ] /thinkmao/Index.php/Index/index | SQL: SELECT `id`,`name` FROM `hd_category` WHERE ( `pid` = '70' )  [ RunTime:0.000249s ]
[ 2013-02-02T20:38:20+08:00 ] /thinkmao/Index.php/Index/index | SQL: SELECT `id`,`name` FROM `hd_category` WHERE ( `pid` = '71' )  [ RunTime:0.000266s ]
[ 2013-02-02T20:38:20+08:00 ] /thinkmao/Index.php/Index/index | SQL: SELECT `id`,`name` FROM `hd_category` WHERE ( `pid` = '72' )  [ RunTime:0.000212s ]
[ 2013-02-02T20:38:20+08:00 ] /thinkmao/Index.php/Index/index | SQL: SELECT `id`,`name` FROM `hd_category` WHERE ( `pid` = '73' )  [ RunTime:0.000400s ]
[ 2013-02-02T20:38:20+08:00 ] /thinkmao/Index.php/Index/index | SQL: SELECT * FROM `hd_category` WHERE ( `pid` = 17 )  [ RunTime:0.000450s ]
[ 2013-02-02T20:38:20+08:00 ] /thinkmao/Index.php/Index/index | SQL: SELECT * FROM `hd_category` WHERE ( `pid` = '69' )  [ RunTime:0.000293s ]
[ 2013-02-02T20:38:20+08:00 ] /thinkmao/Index.php/Index/index | SQL: SELECT * FROM `hd_category` WHERE ( `pid` = '74' )  [ RunTime:0.000254s ]
[ 2013-02-02T20:38:20+08:00 ] /thinkmao/Index.php/Index/index | SQL: SELECT * FROM `hd_category` WHERE ( `pid` = '75' )  [ RunTime:0.000247s ]
[ 2013-02-02T20:38:20+08:00 ] /thinkmao/Index.php/Index/index | SQL: SELECT * FROM `hd_category` WHERE ( `pid` = '76' )  [ RunTime:0.000251s ]
[ 2013-02-02T20:38:20+08:00 ] /thinkmao/Index.php/Index/index | SQL: SELECT * FROM `hd_category` WHERE ( `pid` = '77' )  [ RunTime:0.000261s ]
[ 2013-02-02T20:38:20+08:00 ] /thinkmao/Index.php/Index/index | SQL: SELECT * FROM `hd_category` WHERE ( `pid` = '78' )  [ RunTime:0.000248s ]
[ 2013-02-02T20:38:20+08:00 ] /thinkmao/Index.php/Index/index | SQL: SELECT * FROM `hd_category` WHERE ( `pid` = '79' )  [ RunTime:0.000267s ]
[ 2013-02-02T20:38:20+08:00 ] /thinkmao/Index.php/Index/index | SQL: SELECT * FROM `hd_category` WHERE ( `pid` = '70' )  [ RunTime:0.000271s ]
[ 2013-02-02T20:38:20+08:00 ] /thinkmao/Index.php/Index/index | SQL: SELECT * FROM `hd_category` WHERE ( `pid` = '80' )  [ RunTime:0.000256s ]
[ 2013-02-02T20:38:20+08:00 ] /thinkmao/Index.php/Index/index | SQL: SELECT * FROM `hd_category` WHERE ( `pid` = '81' )  [ RunTime:0.000252s ]
[ 2013-02-02T20:38:20+08:00 ] /thinkmao/Index.php/Index/index | SQL: SELECT * FROM `hd_category` WHERE ( `pid` = '82' )  [ RunTime:0.000253s ]
[ 2013-02-02T20:38:20+08:00 ] /thinkmao/Index.php/Index/index | SQL: SELECT * FROM `hd_category` WHERE ( `pid` = '83' )  [ RunTime:0.000291s ]
[ 2013-02-02T20:38:20+08:00 ] /thinkmao/Index.php/Index/index | SQL: SELECT * FROM `hd_category` WHERE ( `pid` = '84' )  [ RunTime:0.000083s ]
[ 2013-02-02T20:38:20+08:00 ] /thinkmao/Index.php/Index/index | SQL: SELECT * FROM `hd_category` WHERE ( `pid` = '85' )  [ RunTime:0.000080s ]
[ 2013-02-02T20:38:20+08:00 ] /thinkmao/Index.php/Index/index | SQL: SELECT * FROM `hd_category` WHERE ( `pid` = '86' )  [ RunTime:0.000081s ]
[ 2013-02-02T20:38:20+08:00 ] /thinkmao/Index.php/Index/index | SQL: SELECT * FROM `hd_category` WHERE ( `pid` = '71' )  [ RunTime:0.000084s ]
[ 2013-02-02T20:38:20+08:00 ] /thinkmao/Index.php/Index/index | SQL: SELECT * FROM `hd_category` WHERE ( `pid` = '87' )  [ RunTime:0.000087s ]
[ 2013-02-02T20:38:20+08:00 ] /thinkmao/Index.php/Index/index | SQL: SELECT * FROM `hd_category` WHERE ( `pid` = '88' )  [ RunTime:0.000081s ]
[ 2013-02-02T20:38:20+08:00 ] /thinkmao/Index.php/Index/index | SQL: SELECT * FROM `hd_category` WHERE ( `pid` = '72' )  [ RunTime:0.000083s ]
[ 2013-02-02T20:38:20+08:00 ] /thinkmao/Index.php/Index/index | SQL: SELECT * FROM `hd_category` WHERE ( `pid` = '89' )  [ RunTime:0.000081s ]
[ 2013-02-02T20:38:20+08:00 ] /thinkmao/Index.php/Index/index | SQL: SELECT * FROM `hd_category` WHERE ( `pid` = '90' )  [ RunTime:0.000079s ]
[ 2013-02-02T20:38:20+08:00 ] /thinkmao/Index.php/Index/index | SQL: SELECT * FROM `hd_category` WHERE ( `pid` = '73' )  [ RunTime:0.000118s ]
[ 2013-02-02T20:38:20+08:00 ] /thinkmao/Index.php/Index/index | SQL: SELECT * FROM `hd_category` WHERE ( `pid` = '91' )  [ RunTime:0.000098s ]
[ 2013-02-02T20:38:20+08:00 ] /thinkmao/Index.php/Index/index | SQL: SELECT `id`,`cid` FROM `hd_brand`  [ RunTime:0.000133s ]
[ 2013-02-02T20:38:20+08:00 ] /thinkmao/Index.php/Index/index | SQL: SELECT * FROM `hd_brand` WHERE id in (16,17,18,19,20,21,22,23,24,25,26,27,28,29,30,31,32,33,34,35,36,37,38,39,40,41,42,43,57,63)  [ RunTime:0.000370s ]
[ 2013-02-02T20:38:20+08:00 ] /thinkmao/Index.php/Index/index | SQL: SELECT `id` FROM `hd_category` WHERE ( `pid` = 18 )  [ RunTime:0.000196s ]
[ 2013-02-02T20:38:20+08:00 ] /thinkmao/Index.php/Index/index | SQL: SELECT `id`,`name` FROM `hd_category` WHERE ( `pid` = '105' )  [ RunTime:0.000276s ]
[ 2013-02-02T20:38:20+08:00 ] /thinkmao/Index.php/Index/index | SQL: SELECT `id`,`name` FROM `hd_category` WHERE ( `pid` = '106' )  [ RunTime:0.000102s ]
[ 2013-02-02T20:38:20+08:00 ] /thinkmao/Index.php/Index/index | SQL: SELECT `id`,`name` FROM `hd_category` WHERE ( `pid` = '107' )  [ RunTime:0.000090s ]
[ 2013-02-02T20:38:20+08:00 ] /thinkmao/Index.php/Index/index | SQL: SELECT * FROM `hd_category` WHERE ( `pid` = 18 )  [ RunTime:0.000121s ]
[ 2013-02-02T20:38:20+08:00 ] /thinkmao/Index.php/Index/index | SQL: SELECT * FROM `hd_category` WHERE ( `pid` = '105' )  [ RunTime:0.000100s ]
[ 2013-02-02T20:38:20+08:00 ] /thinkmao/Index.php/Index/index | SQL: SELECT * FROM `hd_category` WHERE ( `pid` = '108' )  [ RunTime:0.000088s ]
[ 2013-02-02T20:38:20+08:00 ] /thinkmao/Index.php/Index/index | SQL: SELECT * FROM `hd_category` WHERE ( `pid` = '109' )  [ RunTime:0.000087s ]
[ 2013-02-02T20:38:20+08:00 ] /thinkmao/Index.php/Index/index | SQL: SELECT * FROM `hd_category` WHERE ( `pid` = '110' )  [ RunTime:0.000086s ]
[ 2013-02-02T20:38:20+08:00 ] /thinkmao/Index.php/Index/index | SQL: SELECT * FROM `hd_category` WHERE ( `pid` = '111' )  [ RunTime:0.000086s ]
[ 2013-02-02T20:38:20+08:00 ] /thinkmao/Index.php/Index/index | SQL: SELECT * FROM `hd_category` WHERE ( `pid` = '112' )  [ RunTime:0.000101s ]
[ 2013-02-02T20:38:20+08:00 ] /thinkmao/Index.php/Index/index | SQL: SELECT * FROM `hd_category` WHERE ( `pid` = '106' )  [ RunTime:0.000097s ]
[ 2013-02-02T20:38:20+08:00 ] /thinkmao/Index.php/Index/index | SQL: SELECT * FROM `hd_category` WHERE ( `pid` = '113' )  [ RunTime:0.000087s ]
[ 2013-02-02T20:38:20+08:00 ] /thinkmao/Index.php/Index/index | SQL: SELECT * FROM `hd_category` WHERE ( `pid` = '114' )  [ RunTime:0.000085s ]
[ 2013-02-02T20:38:20+08:00 ] /thinkmao/Index.php/Index/index | SQL: SELECT * FROM `hd_category` WHERE ( `pid` = '115' )  [ RunTime:0.000086s ]
[ 2013-02-02T20:38:20+08:00 ] /thinkmao/Index.php/Index/index | SQL: SELECT * FROM `hd_category` WHERE ( `pid` = '116' )  [ RunTime:0.000091s ]
[ 2013-02-02T20:38:20+08:00 ] /thinkmao/Index.php/Index/index | SQL: SELECT * FROM `hd_category` WHERE ( `pid` = '117' )  [ RunTime:0.000106s ]
[ 2013-02-02T20:38:20+08:00 ] /thinkmao/Index.php/Index/index | SQL: SELECT * FROM `hd_category` WHERE ( `pid` = '107' )  [ RunTime:0.000098s ]
[ 2013-02-02T20:38:20+08:00 ] /thinkmao/Index.php/Index/index | SQL: SELECT * FROM `hd_category` WHERE ( `pid` = '118' )  [ RunTime:0.000089s ]
[ 2013-02-02T20:38:20+08:00 ] /thinkmao/Index.php/Index/index | SQL: SELECT * FROM `hd_category` WHERE ( `pid` = '119' )  [ RunTime:0.000124s ]
[ 2013-02-02T20:38:20+08:00 ] /thinkmao/Index.php/Index/index | SQL: SELECT * FROM `hd_category` WHERE ( `pid` = '120' )  [ RunTime:0.000108s ]
[ 2013-02-02T20:38:20+08:00 ] /thinkmao/Index.php/Index/index | SQL: SELECT `id`,`cid` FROM `hd_brand`  [ RunTime:0.000159s ]
[ 2013-02-02T20:38:20+08:00 ] /thinkmao/Index.php/Index/index | SQL: SELECT * FROM `hd_brand` WHERE id in (16,17,18,19,20,21,22,23,24,25,26,27,28,29,30,31,32,33,34,35,36,37,38,39,40,41,42,43,44,45,46,47,48,49,51,57,63)  [ RunTime:0.000418s ]
[ 2013-02-02T20:38:20+08:00 ] /thinkmao/Index.php/Index/index | SQL: SELECT `id` FROM `hd_category` WHERE ( `pid` = 19 )  [ RunTime:0.000214s ]
[ 2013-02-02T20:38:20+08:00 ] /thinkmao/Index.php/Index/index | SQL: SELECT `id`,`name` FROM `hd_category` WHERE ( `pid` = '121' )  [ RunTime:0.000171s ]
[ 2013-02-02T20:38:20+08:00 ] /thinkmao/Index.php/Index/index | SQL: SELECT `id`,`name` FROM `hd_category` WHERE ( `pid` = '130' )  [ RunTime:0.000176s ]
[ 2013-02-02T20:38:20+08:00 ] /thinkmao/Index.php/Index/index | SQL: SELECT * FROM `hd_category` WHERE ( `pid` = 19 )  [ RunTime:0.000319s ]
[ 2013-02-02T20:38:20+08:00 ] /thinkmao/Index.php/Index/index | SQL: SELECT * FROM `hd_category` WHERE ( `pid` = '121' )  [ RunTime:0.000132s ]
[ 2013-02-02T20:38:20+08:00 ] /thinkmao/Index.php/Index/index | SQL: SELECT * FROM `hd_category` WHERE ( `pid` = '122' )  [ RunTime:0.000123s ]
[ 2013-02-02T20:38:20+08:00 ] /thinkmao/Index.php/Index/index | SQL: SELECT * FROM `hd_category` WHERE ( `pid` = '123' )  [ RunTime:0.000111s ]
[ 2013-02-02T20:38:20+08:00 ] /thinkmao/Index.php/Index/index | SQL: SELECT * FROM `hd_category` WHERE ( `pid` = '124' )  [ RunTime:0.000104s ]
[ 2013-02-02T20:38:20+08:00 ] /thinkmao/Index.php/Index/index | SQL: SELECT * FROM `hd_category` WHERE ( `pid` = '125' )  [ RunTime:0.000103s ]
[ 2013-02-02T20:38:20+08:00 ] /thinkmao/Index.php/Index/index | SQL: SELECT * FROM `hd_category` WHERE ( `pid` = '126' )  [ RunTime:0.000101s ]
[ 2013-02-02T20:38:20+08:00 ] /thinkmao/Index.php/Index/index | SQL: SELECT * FROM `hd_category` WHERE ( `pid` = '127' )  [ RunTime:0.000166s ]
[ 2013-02-02T20:38:20+08:00 ] /thinkmao/Index.php/Index/index | SQL: SELECT * FROM `hd_category` WHERE ( `pid` = '128' )  [ RunTime:0.000145s ]
[ 2013-02-02T20:38:20+08:00 ] /thinkmao/Index.php/Index/index | SQL: SELECT * FROM `hd_category` WHERE ( `pid` = '129' )  [ RunTime:0.000132s ]
[ 2013-02-02T20:38:20+08:00 ] /thinkmao/Index.php/Index/index | SQL: SELECT * FROM `hd_category` WHERE ( `pid` = '130' )  [ RunTime:0.000159s ]
[ 2013-02-02T20:38:20+08:00 ] /thinkmao/Index.php/Index/index | SQL: SELECT * FROM `hd_category` WHERE ( `pid` = '131' )  [ RunTime:0.000142s ]
[ 2013-02-02T20:38:20+08:00 ] /thinkmao/Index.php/Index/index | SQL: SELECT * FROM `hd_category` WHERE ( `pid` = '132' )  [ RunTime:0.000134s ]
[ 2013-02-02T20:38:20+08:00 ] /thinkmao/Index.php/Index/index | SQL: SELECT * FROM `hd_category` WHERE ( `pid` = '133' )  [ RunTime:0.000208s ]
[ 2013-02-02T20:38:20+08:00 ] /thinkmao/Index.php/Index/index | SQL: SELECT `id`,`cid` FROM `hd_brand`  [ RunTime:0.000188s ]
[ 2013-02-02T20:38:20+08:00 ] /thinkmao/Index.php/Index/index | SQL: SELECT * FROM `hd_brand` WHERE id in (16,17,18,19,20,21,22,23,24,25,26,27,28,29,30,31,32,33,34,35,36,37,38,39,40,41,42,43,44,45,46,47,48,49,50,51,52,53,54,55,56,57,58,59,60,62,63)  [ RunTime:0.001062s ]
[ 2013-02-02T20:38:20+08:00 ] /thinkmao/Index.php/Index/index | INFO: Run ParseTemplate Behavior [ RunTime:0.175404s ]
[ 2013-02-02T20:38:20+08:00 ] /thinkmao/Index.php/Index/index | INFO: Tag[ view_parse ] --END-- [ RunTime:-0.001774s ]
[ 2013-02-02T20:38:20+08:00 ] /thinkmao/Index.php/Index/index | INFO: Tag[ view_filter ] --START--
[ 2013-02-02T20:38:20+08:00 ] /thinkmao/Index.php/Index/index | INFO: Run ContentReplace Behavior [ RunTime:0.001559s ]
[ 2013-02-02T20:38:20+08:00 ] /thinkmao/Index.php/Index/index | INFO: Run TokenBuild Behavior [ RunTime:0.000090s ]
[ 2013-02-02T20:38:20+08:00 ] /thinkmao/Index.php/Index/index | INFO: Run WriteHtmlCache Behavior [ RunTime:0.000018s ]
[ 2013-02-02T20:38:20+08:00 ] /thinkmao/Index.php/Index/index | INFO: Run ShowRuntime Behavior [ RunTime:0.000653s ]
[ 2013-02-02T20:38:20+08:00 ] /thinkmao/Index.php/Index/index | INFO: Tag[ view_filter ] --END-- [ RunTime:-0.175913s ]
[ 2013-02-02T20:38:20+08:00 ] /thinkmao/Index.php/Index/index | INFO: Tag[ view_end ] --START--
[ 2013-02-02T20:38:20+08:00 ] /thinkmao/Index.php/Index/index | INFO: Run ShowPageTrace Behavior [ RunTime:0.000057s ]
[ 2013-02-02T20:38:20+08:00 ] /thinkmao/Index.php/Index/index | INFO: Tag[ view_end ] --END-- [ RunTime:-0.179046s ]
[ 2013-02-02T20:38:20+08:00 ] /thinkmao/Index.php/Index/index | INFO: Tag[ view_template ] --START--
[ 2013-02-02T20:38:20+08:00 ] /thinkmao/Index.php/Index/index | INFO: Run LocationTemplate Behavior [ RunTime:0.000099s ]
[ 2013-02-02T20:38:20+08:00 ] /thinkmao/Index.php/Index/index | INFO: Tag[ view_template ] --END-- [ RunTime:-0.188434s ]
[ 2013-02-02T20:38:20+08:00 ] /thinkmao/Index.php/Index/index | INFO: Tag[ view_parse ] --START--
[ 2013-02-02T20:38:20+08:00 ] /thinkmao/Index.php/Index/index | INFO: Run ParseTemplate Behavior [ RunTime:0.006160s ]
[ 2013-02-02T20:38:20+08:00 ] /thinkmao/Index.php/Index/index | INFO: Tag[ view_parse ] --END-- [ RunTime:-0.181325s ]
[ 2013-02-02T20:38:20+08:00 ] /thinkmao/Index.php/Index/index | INFO: Tag[ view_filter ] --START--
[ 2013-02-02T20:38:20+08:00 ] /thinkmao/Index.php/Index/index | INFO: Run ContentReplace Behavior [ RunTime:0.000158s ]
[ 2013-02-02T20:38:20+08:00 ] /thinkmao/Index.php/Index/index | INFO: Run TokenBuild Behavior [ RunTime:0.000078s ]
[ 2013-02-02T20:38:20+08:00 ] /thinkmao/Index.php/Index/index | INFO: Run WriteHtmlCache Behavior [ RunTime:0.000018s ]
[ 2013-02-02T20:38:20+08:00 ] /thinkmao/Index.php/Index/index | INFO: Run ShowRuntime Behavior [ RunTime:0.000129s ]
[ 2013-02-02T20:38:20+08:00 ] /thinkmao/Index.php/Index/index | INFO: Tag[ view_filter ] --END-- [ RunTime:-0.186134s ]
[ 2013-02-02T20:38:20+08:00 ] /thinkmao/Index.php/Index/index | NOTIC: [2] Cannot modify header information - headers already sent by (output started at /var/www/html/thinkmao/ThinkPHP/Lib/Core/View.class.php:124) View.class.php 第 120 行.
[ 2013-02-02T20:38:20+08:00 ] /thinkmao/Index.php/Index/index | NOTIC: [2] Cannot modify header information - headers already sent by (output started at /var/www/html/thinkmao/ThinkPHP/Lib/Core/View.class.php:124) View.class.php 第 121 行.
[ 2013-02-02T20:38:20+08:00 ] /thinkmao/Index.php/Index/index | NOTIC: [2] Cannot modify header information - headers already sent by (output started at /var/www/html/thinkmao/ThinkPHP/Lib/Core/View.class.php:124) View.class.php 第 122 行.
[ 2013-02-02T20:38:20+08:00 ] /thinkmao/Index.php/Index/index | INFO: Tag[ view_end ] --START--
[ 2013-02-02T20:38:20+08:00 ] /thinkmao/Index.php/Index/index | INFO: Run ShowPageTrace Behavior [ RunTime:0.000037s ]
[ 2013-02-02T20:38:20+08:00 ] /thinkmao/Index.php/Index/index | INFO: Tag[ view_end ] --END-- [ RunTime:-0.186845s ]
[ 2013-02-02T20:38:20+08:00 ] /thinkmao/Index.php/Index/index | INFO: Tag[ view_template ] --START--
[ 2013-02-02T20:38:20+08:00 ] /thinkmao/Index.php/Index/index | INFO: Run LocationTemplate Behavior [ RunTime:0.000070s ]
[ 2013-02-02T20:38:20+08:00 ] /thinkmao/Index.php/Index/index | INFO: Tag[ view_template ] --END-- [ RunTime:-0.196087s ]
[ 2013-02-02T20:38:20+08:00 ] /thinkmao/Index.php/Index/index | INFO: Tag[ view_parse ] --START--
[ 2013-02-02T20:38:20+08:00 ] /thinkmao/Index.php/Index/index | INFO: Run ParseTemplate Behavior [ RunTime:0.025459s ]
[ 2013-02-02T20:38:20+08:00 ] /thinkmao/Index.php/Index/index | INFO: Tag[ view_parse ] --END-- [ RunTime:-0.188954s ]
[ 2013-02-02T20:38:20+08:00 ] /thinkmao/Index.php/Index/index | INFO: Tag[ view_filter ] --START--
[ 2013-02-02T20:38:20+08:00 ] /thinkmao/Index.php/Index/index | INFO: Run ContentReplace Behavior [ RunTime:0.000211s ]
[ 2013-02-02T20:38:20+08:00 ] /thinkmao/Index.php/Index/index | INFO: Run TokenBuild Behavior [ RunTime:0.000031s ]
[ 2013-02-02T20:38:20+08:00 ] /thinkmao/Index.php/Index/index | INFO: Run WriteHtmlCache Behavior [ RunTime:0.000007s ]
[ 2013-02-02T20:38:20+08:00 ] /thinkmao/Index.php/Index/index | INFO: Run ShowRuntime Behavior [ RunTime:0.000072s ]
[ 2013-02-02T20:38:20+08:00 ] /thinkmao/Index.php/Index/index | INFO: Tag[ view_filter ] --END-- [ RunTime:-0.213194s ]
[ 2013-02-02T20:38:20+08:00 ] /thinkmao/Index.php/Index/index | NOTIC: [2] Cannot modify header information - headers already sent by (output started at /var/www/html/thinkmao/ThinkPHP/Lib/Core/View.class.php:124) View.class.php 第 120 行.
[ 2013-02-02T20:38:20+08:00 ] /thinkmao/Index.php/Index/index | NOTIC: [2] Cannot modify header information - headers already sent by (output started at /var/www/html/thinkmao/ThinkPHP/Lib/Core/View.class.php:124) View.class.php 第 121 行.
[ 2013-02-02T20:38:20+08:00 ] /thinkmao/Index.php/Index/index | NOTIC: [2] Cannot modify header information - headers already sent by (output started at /var/www/html/thinkmao/ThinkPHP/Lib/Core/View.class.php:124) View.class.php 第 122 行.
[ 2013-02-02T20:38:20+08:00 ] /thinkmao/Index.php/Index/index | INFO: Tag[ view_end ] --START--
[ 2013-02-02T20:38:20+08:00 ] /thinkmao/Index.php/Index/index | INFO: Run ShowPageTrace Behavior [ RunTime:0.000013s ]
[ 2013-02-02T20:38:20+08:00 ] /thinkmao/Index.php/Index/index | INFO: Tag[ view_end ] --END-- [ RunTime:-0.213681s ]
[ 2013-02-02T20:38:20+08:00 ] /thinkmao/Index.php/Index/index | INFO: Tag[ view_template ] --START--
[ 2013-02-02T20:38:20+08:00 ] /thinkmao/Index.php/Index/index | INFO: Run LocationTemplate Behavior [ RunTime:0.000040s ]
[ 2013-02-02T20:38:20+08:00 ] /thinkmao/Index.php/Index/index | INFO: Tag[ view_template ] --END-- [ RunTime:-0.222789s ]
[ 2013-02-02T20:38:20+08:00 ] /thinkmao/Index.php/Index/index | INFO: Tag[ view_parse ] --START--
[ 2013-02-02T20:38:20+08:00 ] /thinkmao/Index.php/Index/index | INFO: Run ParseTemplate Behavior [ RunTime:0.006014s ]
[ 2013-02-02T20:38:20+08:00 ] /thinkmao/Index.php/Index/index | INFO: Tag[ view_parse ] --END-- [ RunTime:-0.215510s ]
[ 2013-02-02T20:38:20+08:00 ] /thinkmao/Index.php/Index/index | INFO: Tag[ view_filter ] --START--
[ 2013-02-02T20:38:20+08:00 ] /thinkmao/Index.php/Index/index | INFO: Run ContentReplace Behavior [ RunTime:0.000071s ]
[ 2013-02-02T20:38:20+08:00 ] /thinkmao/Index.php/Index/index | INFO: Run TokenBuild Behavior [ RunTime:0.000030s ]
[ 2013-02-02T20:38:20+08:00 ] /thinkmao/Index.php/Index/index | INFO: Run WriteHtmlCache Behavior [ RunTime:0.000008s ]
[ 2013-02-02T20:38:20+08:00 ] /thinkmao/Index.php/Index/index | INFO: Run ShowRuntime Behavior [ RunTime:0.000071s ]
[ 2013-02-02T20:38:20+08:00 ] /thinkmao/Index.php/Index/index | INFO: Tag[ view_filter ] --END-- [ RunTime:-0.220098s ]
[ 2013-02-02T20:38:20+08:00 ] /thinkmao/Index.php/Index/index | NOTIC: [2] Cannot modify header information - headers already sent by (output started at /var/www/html/thinkmao/ThinkPHP/Lib/Core/View.class.php:124) View.class.php 第 120 行.
[ 2013-02-02T20:38:20+08:00 ] /thinkmao/Index.php/Index/index | NOTIC: [2] Cannot modify header information - headers already sent by (output started at /var/www/html/thinkmao/ThinkPHP/Lib/Core/View.class.php:124) View.class.php 第 121 行.
[ 2013-02-02T20:38:20+08:00 ] /thinkmao/Index.php/Index/index | NOTIC: [2] Cannot modify header information - headers already sent by (output started at /var/www/html/thinkmao/ThinkPHP/Lib/Core/View.class.php:124) View.class.php 第 122 行.
[ 2013-02-02T20:38:20+08:00 ] /thinkmao/Index.php/Index/index | INFO: Tag[ view_end ] --START--
[ 2013-02-02T20:38:20+08:00 ] /thinkmao/Index.php/Index/index | INFO: Run ShowPageTrace Behavior [ RunTime:0.000015s ]
[ 2013-02-02T20:38:20+08:00 ] /thinkmao/Index.php/Index/index | INFO: Tag[ view_end ] --END-- [ RunTime:-0.220337s ]
